========== Gate Set Summary ==========
cx: 256
h: 60
t: 120
tdg: 90
x: 30
======================================
Simulation
Program:           programs\ADDER32.qasm
Machine:           G2x2
Model:             MUSS_Params
Program Qubits:    32
Ions/Region(arg):  12
Effective Cap:     12
Mapper:            SABRE
Reorder:           Naive
SerialTrap:        1
SerialComm:        1
SerialAll:         1
GateType:          FM
SwapType:          PaperSwapDirect
Scheduler Family:  MUSS
Scheduler Version: V6
Analyzer Mode:     PAPER
Arch Scale:        SMALL
Strict Repro:      False
Large.Env.K:       None
Large.Env.T:       None
Large.Env.MaxQCCD: 32
Large.Env.OptZone: 1
Large.Env.SWAP:    False
#Traps=4 #Junctions=2 #Segments=5
TrapCapacity(default)=12
Parse object map:
{0: [2, 1], 1: [2, 0], 3: [1, 2], 5: [0, 2], 7: [1, 2], 10: [0, 2], 11: [0, 1], 16: [0, 1], 17: [4, 3], 18: [4, 2], 20: [3, 4], 22: [2, 4], 24: [3, 4], 27: [2, 4], 28: [2, 3], 33: [2, 3], 34: [6, 5], 35: [6, 4], 37: [5, 6], 39: [4, 6], 41: [5, 6], 44: [4, 6], 45: [4, 5], 50: [4, 5], 51: [8, 7], 52: [8, 6], 54: [7, 8], 56: [6, 8], 58: [7, 8], 61: [6, 8], 62: [6, 7], 67: [6, 7], 68: [10, 9], 69: [10, 8], 71: [9, 10], 73: [8, 10], 75: [9, 10], 78: [8, 10], 79: [8, 9], 84: [8, 9], 85: [12, 11], 86: [12, 10], 88: [11, 12], 90: [10, 12], 92: [11, 12], 95: [10, 12], 96: [10, 11], 101: [10, 11], 102: [14, 13], 103: [14, 12], 105: [13, 14], 107: [12, 14], 109: [13, 14], 112: [12, 14], 113: [12, 13], 118: [12, 13], 119: [16, 15], 120: [16, 14], 122: [15, 16], 124: [14, 16], 126: [15, 16], 129: [14, 16], 130: [14, 15], 135: [14, 15], 136: [18, 17], 137: [18, 16], 139: [17, 18], 141: [16, 18], 143: [17, 18], 146: [16, 18], 147: [16, 17], 152: [16, 17], 153: [20, 19], 154: [20, 18], 156: [19, 20], 158: [18, 20], 160: [19, 20], 163: [18, 20], 164: [18, 19], 169: [18, 19], 170: [22, 21], 171: [22, 20], 173: [21, 22], 175: [20, 22], 177: [21, 22], 180: [20, 22], 181: [20, 21], 186: [20, 21], 187: [24, 23], 188: [24, 22], 190: [23, 24], 192: [22, 24], 194: [23, 24], 197: [22, 24], 198: [22, 23], 203: [22, 23], 204: [26, 25], 205: [26, 24], 207: [25, 26], 209: [24, 26], 211: [25, 26], 214: [24, 26], 215: [24, 25], 220: [24, 25], 221: [28, 27], 222: [28, 26], 224: [27, 28], 226: [26, 28], 228: [27, 28], 231: [26, 28], 232: [26, 27], 237: [26, 27], 238: [30, 29], 239: [30, 28], 241: [29, 30], 243: [28, 30], 245: [29, 30], 248: [28, 30], 249: [28, 29], 254: [28, 29], 255: [30, 31], 257: [28, 29], 259: [29, 30], 261: [28, 30], 263: [29, 30], 266: [28, 30], 267: [28, 29], 272: [28, 29], 274: [30, 28], 275: [30, 29], 277: [26, 27], 279: [27, 28], 281: [26, 28], 283: [27, 28], 286: [26, 28], 287: [26, 27], 292: [26, 27], 294: [28, 26], 295: [28, 27], 297: [24, 25], 299: [25, 26], 301: [24, 26], 303: [25, 26], 306: [24, 26], 307: [24, 25], 312: [24, 25], 314: [26, 24], 315: [26, 25], 317: [22, 23], 319: [23, 24], 321: [22, 24], 323: [23, 24], 326: [22, 24], 327: [22, 23], 332: [22, 23], 334: [24, 22], 335: [24, 23], 337: [20, 21], 339: [21, 22], 341: [20, 22], 343: [21, 22], 346: [20, 22], 347: [20, 21], 352: [20, 21], 354: [22, 20], 355: [22, 21], 357: [18, 19], 359: [19, 20], 361: [18, 20], 363: [19, 20], 366: [18, 20], 367: [18, 19], 372: [18, 19], 374: [20, 18], 375: [20, 19], 377: [16, 17], 379: [17, 18], 381: [16, 18], 383: [17, 18], 386: [16, 18], 387: [16, 17], 392: [16, 17], 394: [18, 16], 395: [18, 17], 397: [14, 15], 399: [15, 16], 401: [14, 16], 403: [15, 16], 406: [14, 16], 407: [14, 15], 412: [14, 15], 414: [16, 14], 415: [16, 15], 417: [12, 13], 419: [13, 14], 421: [12, 14], 423: [13, 14], 426: [12, 14], 427: [12, 13], 432: [12, 13], 434: [14, 12], 435: [14, 13], 437: [10, 11], 439: [11, 12], 441: [10, 12], 443: [11, 12], 446: [10, 12], 447: [10, 11], 452: [10, 11], 454: [12, 10], 455: [12, 11], 457: [8, 9], 459: [9, 10], 461: [8, 10], 463: [9, 10], 466: [8, 10], 467: [8, 9], 472: [8, 9], 474: [10, 8], 475: [10, 9], 477: [6, 7], 479: [7, 8], 481: [6, 8], 483: [7, 8], 486: [6, 8], 487: [6, 7], 492: [6, 7], 494: [8, 6], 495: [8, 7], 497: [4, 5], 499: [5, 6], 501: [4, 6], 503: [5, 6], 506: [4, 6], 507: [4, 5], 512: [4, 5], 514: [6, 4], 515: [6, 5], 517: [2, 3], 519: [3, 4], 521: [2, 4], 523: [3, 4], 526: [2, 4], 527: [2, 3], 532: [2, 3], 534: [4, 2], 535: [4, 3], 537: [0, 1], 539: [1, 2], 541: [0, 2], 543: [1, 2], 546: [0, 2], 547: [0, 1], 552: [0, 1], 554: [2, 0], 555: [2, 1]}
Parse object graph:
DiGraph with 556 nodes and 780 edges
Using QubitMapSABRE2 mapper (matches muss_schedule6 improved version)
Raw mapping:
{'layout': {0: 0, 1: 0, 2: 0, 3: 0, 4: 0, 5: 0, 6: 0, 7: 0, 8: 0, 9: 0, 10: 0, 11: 0, 12: 1, 13: 1, 14: 1, 15: 1, 16: 1, 17: 1, 18: 1, 19: 1, 20: 1, 21: 1, 22: 1, 23: 2, 24: 2, 25: 2, 26: 2, 27: 2, 28: 2, 29: 2, 30: 2, 31: 2}, 'trap_to_qubits': {0: [0, 1, 2, 3, 4, 5, 6, 7, 10, 11, 8, 9], 1: [13, 14, 15, 16, 17, 18, 19, 20, 21, 12, 22], 2: [23, 24, 25, 26, 27, 28, 29, 30, 31], 3: []}}
Initial layout policy: mapping_bundle(layout + trap_to_qubits_from_mapper)
Note: reorder_choice='Naive' is ignored because mapper already provides ordered trap layout
Use mapper-provided ordered trap layout for mapper 'SABRE'
Initial qubit layout:
{0: [0, 1, 2, 3, 4, 5, 6, 7, 10, 11, 8, 9], 1: [13, 14, 15, 16, 17, 18, 19, 20, 21, 12, 22], 2: [23, 24, 25, 26, 27, 28, 29, 30, 31], 3: []}
Using MUSS Scheduler (V6) with SABRE Mapping
Using muss_schedule6.py new_vision
Scheduler object construction time: 0.001796s
Scheduler run time: 0.106193s
Analyzer shuttle mode: aggregate (detected shuttle_id annotations)
Using legacy analyzer.py
Analyzer parameter wiring: alpha_bg=0.0, T1=600000000.0, k_heating=0.001, epsilon_2q=3.90625e-05, strict_paper_mainline=True
Analyzer mode: paper
Program Finish Time: 22718 us
OPCOUNTS Gate: 556 Split: 71 Move: 135 Merge: 71

Two-qubit gate chain statistics
Mean: 11.0 Max: 12.0
Fidelity: 0.20254106639178948

Shuttle count summary
  logical_shuttle_count      = 71   # High-level shuttle count aggregated by shuttle_id
  physical_shuttle_leg_count = 71   # Paper-facing count: each complete trap-to-trap split+move+merge leg
  split_count                = 71
  merge_count                = 71
  move_count                 = 135
[DBG SUMMARY] gates=556  gate_mult=0.284629  avg_gate_nbar=0.0000
[DBG SUMMARY] logical_shuttles=71  shuttle_mult=0.711596  min_shuttle=0.9949
[DBG SUMMARY] worst_B: Trap 0 -> 1.000000 (heat_state=0.000000, alpha_bg=0.0, move_bg_fraction=0.0, model=exp, strict_paper_mainline=True)
Analyzer time: 0.002295s

========== ANALYSIS RESULT ==========
{'fidelity': 0.20254106639178948, 'total_shuttle': 71, 'logical_shuttle_count': 71, 'physical_shuttle_leg_count': 71, 'split_count': 71, 'merge_count': 71, 'move_count': 135, 'time': 22718}

========== SHUTTLE TRACE ==========
[SHUTTLE 0] ion=11  T0 -> T1  route=T0->J0->J1->T1
    - SPLIT  (80 -> 200)  ion 11: T0 -> Seg0 (swap_cnt=1, swap_hops=2, ion_hops=0, i1=11, i2=9)
    - MOVE   (200 -> 214)  ion 11: Seg0 -> Seg4 via J0
    - MOVE   (214 -> 228)  ion 11: Seg4 -> Seg2 via J1
    - MERGE  (228 -> 308)  ion 11: Seg2 -> T1
[SHUTTLE 1] ion=12  T1 -> T0  route=T1->J1->J0->T0
    - SPLIT  (1160 -> 1280)  ion 12: T1 -> Seg2 (swap_cnt=1, swap_hops=2, ion_hops=0, i1=12, i2=11)
    - MOVE   (1280 -> 1294)  ion 12: Seg2 -> Seg4 via J1
    - MOVE   (1294 -> 1308)  ion 12: Seg4 -> Seg0 via J0
    - MERGE  (1308 -> 1388)  ion 12: Seg0 -> T0
[SHUTTLE 2] ion=12  T0 -> T1  route=T0->J0->J1->T1
    - SPLIT  (1428 -> 1508)  ion 12: T0 -> Seg0 (swap_cnt=0, swap_hops=0, ion_hops=0, i1=0, i2=0)
    - MOVE   (1508 -> 1522)  ion 12: Seg0 -> Seg4 via J0
    - MOVE   (1522 -> 1536)  ion 12: Seg4 -> Seg2 via J1
    - MERGE  (1536 -> 1616)  ion 12: Seg2 -> T1
[SHUTTLE 3] ion=12  T1 -> T0  route=T1->J1->J0->T0
    - SPLIT  (1656 -> 1736)  ion 12: T1 -> Seg2 (swap_cnt=0, swap_hops=0, ion_hops=0, i1=0, i2=0)
    - MOVE   (1736 -> 1750)  ion 12: Seg2 -> Seg4 via J1
    - MOVE   (1750 -> 1764)  ion 12: Seg4 -> Seg0 via J0
    - MERGE  (1764 -> 1844)  ion 12: Seg0 -> T0
[SHUTTLE 4] ion=12  T0 -> T1  route=T0->J0->J1->T1
    - SPLIT  (1884 -> 1964)  ion 12: T0 -> Seg0 (swap_cnt=0, swap_hops=0, ion_hops=0, i1=0, i2=0)
    - MOVE   (1964 -> 1978)  ion 12: Seg0 -> Seg4 via J0
    - MOVE   (1978 -> 1992)  ion 12: Seg4 -> Seg2 via J1
    - MERGE  (1992 -> 2072)  ion 12: Seg2 -> T1
[SHUTTLE 5] ion=12  T1 -> T0  route=T1->J1->J0->T0
    - SPLIT  (2112 -> 2192)  ion 12: T1 -> Seg2 (swap_cnt=0, swap_hops=0, ion_hops=0, i1=0, i2=0)
    - MOVE   (2192 -> 2206)  ion 12: Seg2 -> Seg4 via J1
    - MOVE   (2206 -> 2220)  ion 12: Seg4 -> Seg0 via J0
    - MERGE  (2220 -> 2300)  ion 12: Seg0 -> T0
[SHUTTLE 6] ion=10  T0 -> T1  route=T0->J0->J1->T1
    - SPLIT  (2340 -> 2460)  ion 10: T0 -> Seg0 (swap_cnt=1, swap_hops=3, ion_hops=0, i1=10, i2=12)
    - MOVE   (2460 -> 2474)  ion 10: Seg0 -> Seg4 via J0
    - MOVE   (2474 -> 2488)  ion 10: Seg4 -> Seg2 via J1
    - MERGE  (2488 -> 2568)  ion 10: Seg2 -> T1
[SHUTTLE 7] ion=14  T1 -> T0  route=T1->J1->J0->T0
    - SPLIT  (2688 -> 2808)  ion 14: T1 -> Seg2 (swap_cnt=1, swap_hops=10, ion_hops=0, i1=14, i2=10)
    - MOVE   (2808 -> 2822)  ion 14: Seg2 -> Seg4 via J1
    - MOVE   (2822 -> 2836)  ion 14: Seg4 -> Seg0 via J0
    - MERGE  (2836 -> 2916)  ion 14: Seg0 -> T0
[SHUTTLE 8] ion=14  T0 -> T1  route=T0->J0->J1->T1
    - SPLIT  (2956 -> 3036)  ion 14: T0 -> Seg0 (swap_cnt=0, swap_hops=0, ion_hops=0, i1=0, i2=0)
    - MOVE   (3036 -> 3050)  ion 14: Seg0 -> Seg4 via J0
    - MOVE   (3050 -> 3064)  ion 14: Seg4 -> Seg2 via J1
    - MERGE  (3064 -> 3144)  ion 14: Seg2 -> T1
[SHUTTLE 9] ion=14  T1 -> T0  route=T1->J1->J0->T0
    - SPLIT  (3184 -> 3264)  ion 14: T1 -> Seg2 (swap_cnt=0, swap_hops=0, ion_hops=0, i1=0, i2=0)
    - MOVE   (3264 -> 3278)  ion 14: Seg2 -> Seg4 via J1
    - MOVE   (3278 -> 3292)  ion 14: Seg4 -> Seg0 via J0
    - MERGE  (3292 -> 3372)  ion 14: Seg0 -> T0
[SHUTTLE 10] ion=14  T0 -> T1  route=T0->J0->J1->T1
    - SPLIT  (3412 -> 3492)  ion 14: T0 -> Seg0 (swap_cnt=0, swap_hops=0, ion_hops=0, i1=0, i2=0)
    - MOVE   (3492 -> 3506)  ion 14: Seg0 -> Seg4 via J0
    - MOVE   (3506 -> 3520)  ion 14: Seg4 -> Seg2 via J1
    - MERGE  (3520 -> 3600)  ion 14: Seg2 -> T1
[SHUTTLE 11] ion=14  T1 -> T0  route=T1->J1->J0->T0
    - SPLIT  (3640 -> 3720)  ion 14: T1 -> Seg2 (swap_cnt=0, swap_hops=0, ion_hops=0, i1=0, i2=0)
    - MOVE   (3720 -> 3734)  ion 14: Seg2 -> Seg4 via J1
    - MOVE   (3734 -> 3748)  ion 14: Seg4 -> Seg0 via J0
    - MERGE  (3748 -> 3828)  ion 14: Seg0 -> T0
[SHUTTLE 12] ion=12  T0 -> T1  route=T0->J0->J1->T1
    - SPLIT  (3868 -> 3988)  ion 12: T0 -> Seg0 (swap_cnt=1, swap_hops=1, ion_hops=0, i1=12, i2=14)
    - MOVE   (3988 -> 4002)  ion 12: Seg0 -> Seg4 via J0
    - MOVE   (4002 -> 4016)  ion 12: Seg4 -> Seg2 via J1
    - MERGE  (4016 -> 4096)  ion 12: Seg2 -> T1
[SHUTTLE 13] ion=16  T1 -> T0  route=T1->J1->J0->T0
    - SPLIT  (4216 -> 4336)  ion 16: T1 -> Seg2 (swap_cnt=1, swap_hops=9, ion_hops=0, i1=16, i2=12)
    - MOVE   (4336 -> 4350)  ion 16: Seg2 -> Seg4 via J1
    - MOVE   (4350 -> 4364)  ion 16: Seg4 -> Seg0 via J0
    - MERGE  (4364 -> 4444)  ion 16: Seg0 -> T0
[SHUTTLE 14] ion=16  T0 -> T1  route=T0->J0->J1->T1
    - SPLIT  (4484 -> 4564)  ion 16: T0 -> Seg0 (swap_cnt=0, swap_hops=0, ion_hops=0, i1=0, i2=0)
    - MOVE   (4564 -> 4578)  ion 16: Seg0 -> Seg4 via J0
    - MOVE   (4578 -> 4592)  ion 16: Seg4 -> Seg2 via J1
    - MERGE  (4592 -> 4672)  ion 16: Seg2 -> T1
[SHUTTLE 15] ion=16  T1 -> T0  route=T1->J1->J0->T0
    - SPLIT  (4712 -> 4792)  ion 16: T1 -> Seg2 (swap_cnt=0, swap_hops=0, ion_hops=0, i1=0, i2=0)
    - MOVE   (4792 -> 4806)  ion 16: Seg2 -> Seg4 via J1
    - MOVE   (4806 -> 4820)  ion 16: Seg4 -> Seg0 via J0
    - MERGE  (4820 -> 4900)  ion 16: Seg0 -> T0
[SHUTTLE 16] ion=16  T0 -> T1  route=T0->J0->J1->T1
    - SPLIT  (4940 -> 5020)  ion 16: T0 -> Seg0 (swap_cnt=0, swap_hops=0, ion_hops=0, i1=0, i2=0)
    - MOVE   (5020 -> 5034)  ion 16: Seg0 -> Seg4 via J0
    - MOVE   (5034 -> 5048)  ion 16: Seg4 -> Seg2 via J1
    - MERGE  (5048 -> 5128)  ion 16: Seg2 -> T1
[SHUTTLE 17] ion=16  T1 -> T0  route=T1->J1->J0->T0
    - SPLIT  (5168 -> 5248)  ion 16: T1 -> Seg2 (swap_cnt=0, swap_hops=0, ion_hops=0, i1=0, i2=0)
    - MOVE   (5248 -> 5262)  ion 16: Seg2 -> Seg4 via J1
    - MOVE   (5262 -> 5276)  ion 16: Seg4 -> Seg0 via J0
    - MERGE  (5276 -> 5356)  ion 16: Seg0 -> T0
[SHUTTLE 18] ion=14  T0 -> T1  route=T0->J0->J1->T1
    - SPLIT  (5396 -> 5516)  ion 14: T0 -> Seg0 (swap_cnt=1, swap_hops=1, ion_hops=0, i1=14, i2=16)
    - MOVE   (5516 -> 5530)  ion 14: Seg0 -> Seg4 via J0
    - MOVE   (5530 -> 5544)  ion 14: Seg4 -> Seg2 via J1
    - MERGE  (5544 -> 5624)  ion 14: Seg2 -> T1
[SHUTTLE 19] ion=18  T1 -> T0  route=T1->J1->J0->T0
    - SPLIT  (5744 -> 5864)  ion 18: T1 -> Seg2 (swap_cnt=1, swap_hops=8, ion_hops=0, i1=18, i2=14)
    - MOVE   (5864 -> 5878)  ion 18: Seg2 -> Seg4 via J1
    - MOVE   (5878 -> 5892)  ion 18: Seg4 -> Seg0 via J0
    - MERGE  (5892 -> 5972)  ion 18: Seg0 -> T0
[SHUTTLE 20] ion=18  T0 -> T1  route=T0->J0->J1->T1
    - SPLIT  (6012 -> 6092)  ion 18: T0 -> Seg0 (swap_cnt=0, swap_hops=0, ion_hops=0, i1=0, i2=0)
    - MOVE   (6092 -> 6106)  ion 18: Seg0 -> Seg4 via J0
    - MOVE   (6106 -> 6120)  ion 18: Seg4 -> Seg2 via J1
    - MERGE  (6120 -> 6200)  ion 18: Seg2 -> T1
[SHUTTLE 21] ion=18  T1 -> T0  route=T1->J1->J0->T0
    - SPLIT  (6240 -> 6320)  ion 18: T1 -> Seg2 (swap_cnt=0, swap_hops=0, ion_hops=0, i1=0, i2=0)
    - MOVE   (6320 -> 6334)  ion 18: Seg2 -> Seg4 via J1
    - MOVE   (6334 -> 6348)  ion 18: Seg4 -> Seg0 via J0
    - MERGE  (6348 -> 6428)  ion 18: Seg0 -> T0
[SHUTTLE 22] ion=18  T0 -> T1  route=T0->J0->J1->T1
    - SPLIT  (6468 -> 6548)  ion 18: T0 -> Seg0 (swap_cnt=0, swap_hops=0, ion_hops=0, i1=0, i2=0)
    - MOVE   (6548 -> 6562)  ion 18: Seg0 -> Seg4 via J0
    - MOVE   (6562 -> 6576)  ion 18: Seg4 -> Seg2 via J1
    - MERGE  (6576 -> 6656)  ion 18: Seg2 -> T1
[SHUTTLE 23] ion=18  T1 -> T0  route=T1->J1->J0->T0
    - SPLIT  (6696 -> 6776)  ion 18: T1 -> Seg2 (swap_cnt=0, swap_hops=0, ion_hops=0, i1=0, i2=0)
    - MOVE   (6776 -> 6790)  ion 18: Seg2 -> Seg4 via J1
    - MOVE   (6790 -> 6804)  ion 18: Seg4 -> Seg0 via J0
    - MERGE  (6804 -> 6884)  ion 18: Seg0 -> T0
[SHUTTLE 24] ion=16  T0 -> T1  route=T0->J0->J1->T1
    - SPLIT  (6924 -> 7044)  ion 16: T0 -> Seg0 (swap_cnt=1, swap_hops=1, ion_hops=0, i1=16, i2=18)
    - MOVE   (7044 -> 7058)  ion 16: Seg0 -> Seg4 via J0
    - MOVE   (7058 -> 7072)  ion 16: Seg4 -> Seg2 via J1
    - MERGE  (7072 -> 7152)  ion 16: Seg2 -> T1
[SHUTTLE 25] ion=20  T1 -> T0  route=T1->J1->J0->T0
    - SPLIT  (7272 -> 7392)  ion 20: T1 -> Seg2 (swap_cnt=1, swap_hops=7, ion_hops=0, i1=20, i2=16)
    - MOVE   (7392 -> 7406)  ion 20: Seg2 -> Seg4 via J1
    - MOVE   (7406 -> 7420)  ion 20: Seg4 -> Seg0 via J0
    - MERGE  (7420 -> 7500)  ion 20: Seg0 -> T0
[SHUTTLE 26] ion=20  T0 -> T1  route=T0->J0->J1->T1
    - SPLIT  (7540 -> 7620)  ion 20: T0 -> Seg0 (swap_cnt=0, swap_hops=0, ion_hops=0, i1=0, i2=0)
    - MOVE   (7620 -> 7634)  ion 20: Seg0 -> Seg4 via J0
    - MOVE   (7634 -> 7648)  ion 20: Seg4 -> Seg2 via J1
    - MERGE  (7648 -> 7728)  ion 20: Seg2 -> T1
[SHUTTLE 27] ion=20  T1 -> T0  route=T1->J1->J0->T0
    - SPLIT  (7768 -> 7848)  ion 20: T1 -> Seg2 (swap_cnt=0, swap_hops=0, ion_hops=0, i1=0, i2=0)
    - MOVE   (7848 -> 7862)  ion 20: Seg2 -> Seg4 via J1
    - MOVE   (7862 -> 7876)  ion 20: Seg4 -> Seg0 via J0
    - MERGE  (7876 -> 7956)  ion 20: Seg0 -> T0
[SHUTTLE 28] ion=20  T0 -> T1  route=T0->J0->J1->T1
    - SPLIT  (7996 -> 8076)  ion 20: T0 -> Seg0 (swap_cnt=0, swap_hops=0, ion_hops=0, i1=0, i2=0)
    - MOVE   (8076 -> 8090)  ion 20: Seg0 -> Seg4 via J0
    - MOVE   (8090 -> 8104)  ion 20: Seg4 -> Seg2 via J1
    - MERGE  (8104 -> 8184)  ion 20: Seg2 -> T1
[SHUTTLE 29] ion=20  T1 -> T0  route=T1->J1->J0->T0
    - SPLIT  (8224 -> 8304)  ion 20: T1 -> Seg2 (swap_cnt=0, swap_hops=0, ion_hops=0, i1=0, i2=0)
    - MOVE   (8304 -> 8318)  ion 20: Seg2 -> Seg4 via J1
    - MOVE   (8318 -> 8332)  ion 20: Seg4 -> Seg0 via J0
    - MERGE  (8332 -> 8412)  ion 20: Seg0 -> T0
[SHUTTLE 30] ion=18  T0 -> T1  route=T0->J0->J1->T1
    - SPLIT  (8452 -> 8572)  ion 18: T0 -> Seg0 (swap_cnt=1, swap_hops=1, ion_hops=0, i1=18, i2=20)
    - MOVE   (8572 -> 8586)  ion 18: Seg0 -> Seg4 via J0
    - MOVE   (8586 -> 8600)  ion 18: Seg4 -> Seg2 via J1
    - MERGE  (8600 -> 8680)  ion 18: Seg2 -> T1
[SHUTTLE 31] ion=22  T1 -> T0  route=T1->J1->J0->T0
    - SPLIT  (8800 -> 8920)  ion 22: T1 -> Seg2 (swap_cnt=1, swap_hops=6, ion_hops=0, i1=22, i2=18)
    - MOVE   (8920 -> 8934)  ion 22: Seg2 -> Seg4 via J1
    - MOVE   (8934 -> 8948)  ion 22: Seg4 -> Seg0 via J0
    - MERGE  (8948 -> 9028)  ion 22: Seg0 -> T0
[SHUTTLE 32] ion=22  T0 -> T1  route=T0->J0->J1->T1
    - SPLIT  (9068 -> 9148)  ion 22: T0 -> Seg0 (swap_cnt=0, swap_hops=0, ion_hops=0, i1=0, i2=0)
    - MOVE   (9148 -> 9162)  ion 22: Seg0 -> Seg4 via J0
    - MOVE   (9162 -> 9176)  ion 22: Seg4 -> Seg2 via J1
    - MERGE  (9176 -> 9256)  ion 22: Seg2 -> T1
[SHUTTLE 33] ion=22  T1 -> T0  route=T1->J1->J0->T0
    - SPLIT  (9296 -> 9376)  ion 22: T1 -> Seg2 (swap_cnt=0, swap_hops=0, ion_hops=0, i1=0, i2=0)
    - MOVE   (9376 -> 9390)  ion 22: Seg2 -> Seg4 via J1
    - MOVE   (9390 -> 9404)  ion 22: Seg4 -> Seg0 via J0
    - MERGE  (9404 -> 9484)  ion 22: Seg0 -> T0
[SHUTTLE 34] ion=22  T0 -> T1  route=T0->J0->J1->T1
    - SPLIT  (9524 -> 9604)  ion 22: T0 -> Seg0 (swap_cnt=0, swap_hops=0, ion_hops=0, i1=0, i2=0)
    - MOVE   (9604 -> 9618)  ion 22: Seg0 -> Seg4 via J0
    - MOVE   (9618 -> 9632)  ion 22: Seg4 -> Seg2 via J1
    - MERGE  (9632 -> 9712)  ion 22: Seg2 -> T1
[SHUTTLE 35] ion=22  T1 -> T0  route=T1->J1->J0->T0
    - SPLIT  (9752 -> 9832)  ion 22: T1 -> Seg2 (swap_cnt=0, swap_hops=0, ion_hops=0, i1=0, i2=0)
    - MOVE   (9832 -> 9846)  ion 22: Seg2 -> Seg4 via J1
    - MOVE   (9846 -> 9860)  ion 22: Seg4 -> Seg0 via J0
    - MERGE  (9860 -> 9940)  ion 22: Seg0 -> T0
[SHUTTLE 36] ion=20  T0 -> T1  route=T0->J0->J1->T1
    - SPLIT  (9980 -> 10100)  ion 20: T0 -> Seg0 (swap_cnt=1, swap_hops=1, ion_hops=0, i1=20, i2=22)
    - MOVE   (10100 -> 10114)  ion 20: Seg0 -> Seg4 via J0
    - MOVE   (10114 -> 10128)  ion 20: Seg4 -> Seg2 via J1
    - MERGE  (10128 -> 10208)  ion 20: Seg2 -> T1
[SHUTTLE 37] ion=24  T2 -> T0  route=T2->J1->J0->T0
    - SPLIT  (10328 -> 10448)  ion 24: T2 -> Seg3 (swap_cnt=1, swap_hops=1, ion_hops=0, i1=24, i2=23)
    - MOVE   (10448 -> 10462)  ion 24: Seg3 -> Seg4 via J1
    - MOVE   (10462 -> 10476)  ion 24: Seg4 -> Seg0 via J0
    - MERGE  (10476 -> 10556)  ion 24: Seg0 -> T0
[SHUTTLE 38] ion=24  T0 -> T2  route=T0->J0->J1->T2
    - SPLIT  (10596 -> 10676)  ion 24: T0 -> Seg0 (swap_cnt=0, swap_hops=0, ion_hops=0, i1=0, i2=0)
    - MOVE   (10676 -> 10690)  ion 24: Seg0 -> Seg4 via J0
    - MOVE   (10690 -> 10704)  ion 24: Seg4 -> Seg3 via J1
    - MERGE  (10704 -> 10784)  ion 24: Seg3 -> T2
[SHUTTLE 39] ion=24  T2 -> T0  route=T2->J1->J0->T0
    - SPLIT  (10824 -> 10904)  ion 24: T2 -> Seg3 (swap_cnt=0, swap_hops=0, ion_hops=0, i1=0, i2=0)
    - MOVE   (10904 -> 10918)  ion 24: Seg3 -> Seg4 via J1
    - MOVE   (10918 -> 10932)  ion 24: Seg4 -> Seg0 via J0
    - MERGE  (10932 -> 11012)  ion 24: Seg0 -> T0
[SHUTTLE 40] ion=24  T0 -> T2  route=T0->J0->J1->T2
    - SPLIT  (11052 -> 11132)  ion 24: T0 -> Seg0 (swap_cnt=0, swap_hops=0, ion_hops=0, i1=0, i2=0)
    - MOVE   (11132 -> 11146)  ion 24: Seg0 -> Seg4 via J0
    - MOVE   (11146 -> 11160)  ion 24: Seg4 -> Seg3 via J1
    - MERGE  (11160 -> 11240)  ion 24: Seg3 -> T2
[SHUTTLE 41] ion=24  T2 -> T0  route=T2->J1->J0->T0
    - SPLIT  (11280 -> 11360)  ion 24: T2 -> Seg3 (swap_cnt=0, swap_hops=0, ion_hops=0, i1=0, i2=0)
    - MOVE   (11360 -> 11374)  ion 24: Seg3 -> Seg4 via J1
    - MOVE   (11374 -> 11388)  ion 24: Seg4 -> Seg0 via J0
    - MERGE  (11388 -> 11468)  ion 24: Seg0 -> T0
[SHUTTLE 42] ion=22  T0 -> T2  route=T0->J0->J1->T2
    - SPLIT  (11508 -> 11628)  ion 22: T0 -> Seg0 (swap_cnt=1, swap_hops=1, ion_hops=0, i1=22, i2=24)
    - MOVE   (11628 -> 11642)  ion 22: Seg0 -> Seg4 via J0
    - MOVE   (11642 -> 11656)  ion 22: Seg4 -> Seg3 via J1
    - MERGE  (11656 -> 11736)  ion 22: Seg3 -> T2
[SHUTTLE 43] ion=26  T2 -> T0  route=T2->J1->J0->T0
    - SPLIT  (11856 -> 11976)  ion 26: T2 -> Seg3 (swap_cnt=1, swap_hops=3, ion_hops=0, i1=26, i2=22)
    - MOVE   (11976 -> 11990)  ion 26: Seg3 -> Seg4 via J1
    - MOVE   (11990 -> 12004)  ion 26: Seg4 -> Seg0 via J0
    - MERGE  (12004 -> 12084)  ion 26: Seg0 -> T0
[SHUTTLE 44] ion=26  T0 -> T2  route=T0->J0->J1->T2
    - SPLIT  (12124 -> 12204)  ion 26: T0 -> Seg0 (swap_cnt=0, swap_hops=0, ion_hops=0, i1=0, i2=0)
    - MOVE   (12204 -> 12218)  ion 26: Seg0 -> Seg4 via J0
    - MOVE   (12218 -> 12232)  ion 26: Seg4 -> Seg3 via J1
    - MERGE  (12232 -> 12312)  ion 26: Seg3 -> T2
[SHUTTLE 45] ion=26  T2 -> T0  route=T2->J1->J0->T0
    - SPLIT  (12352 -> 12432)  ion 26: T2 -> Seg3 (swap_cnt=0, swap_hops=0, ion_hops=0, i1=0, i2=0)
    - MOVE   (12432 -> 12446)  ion 26: Seg3 -> Seg4 via J1
    - MOVE   (12446 -> 12460)  ion 26: Seg4 -> Seg0 via J0
    - MERGE  (12460 -> 12540)  ion 26: Seg0 -> T0
[SHUTTLE 46] ion=26  T0 -> T2  route=T0->J0->J1->T2
    - SPLIT  (12580 -> 12660)  ion 26: T0 -> Seg0 (swap_cnt=0, swap_hops=0, ion_hops=0, i1=0, i2=0)
    - MOVE   (12660 -> 12674)  ion 26: Seg0 -> Seg4 via J0
    - MOVE   (12674 -> 12688)  ion 26: Seg4 -> Seg3 via J1
    - MERGE  (12688 -> 12768)  ion 26: Seg3 -> T2
[SHUTTLE 47] ion=26  T2 -> T0  route=T2->J1->J0->T0
    - SPLIT  (12808 -> 12888)  ion 26: T2 -> Seg3 (swap_cnt=0, swap_hops=0, ion_hops=0, i1=0, i2=0)
    - MOVE   (12888 -> 12902)  ion 26: Seg3 -> Seg4 via J1
    - MOVE   (12902 -> 12916)  ion 26: Seg4 -> Seg0 via J0
    - MERGE  (12916 -> 12996)  ion 26: Seg0 -> T0
[SHUTTLE 48] ion=24  T0 -> T2  route=T0->J0->J1->T2
    - SPLIT  (13036 -> 13156)  ion 24: T0 -> Seg0 (swap_cnt=1, swap_hops=1, ion_hops=0, i1=24, i2=26)
    - MOVE   (13156 -> 13170)  ion 24: Seg0 -> Seg4 via J0
    - MOVE   (13170 -> 13184)  ion 24: Seg4 -> Seg3 via J1
    - MERGE  (13184 -> 13264)  ion 24: Seg3 -> T2
[SHUTTLE 49] ion=28  T2 -> T0  route=T2->J1->J0->T0
    - SPLIT  (13384 -> 13504)  ion 28: T2 -> Seg3 (swap_cnt=1, swap_hops=5, ion_hops=0, i1=28, i2=24)
    - MOVE   (13504 -> 13518)  ion 28: Seg3 -> Seg4 via J1
    - MOVE   (13518 -> 13532)  ion 28: Seg4 -> Seg0 via J0
    - MERGE  (13532 -> 13612)  ion 28: Seg0 -> T0
[SHUTTLE 50] ion=28  T0 -> T2  route=T0->J0->J1->T2
    - SPLIT  (13652 -> 13732)  ion 28: T0 -> Seg0 (swap_cnt=0, swap_hops=0, ion_hops=0, i1=0, i2=0)
    - MOVE   (13732 -> 13746)  ion 28: Seg0 -> Seg4 via J0
    - MOVE   (13746 -> 13760)  ion 28: Seg4 -> Seg3 via J1
    - MERGE  (13760 -> 13840)  ion 28: Seg3 -> T2
[SHUTTLE 51] ion=28  T2 -> T0  route=T2->J1->J0->T0
    - SPLIT  (13880 -> 13960)  ion 28: T2 -> Seg3 (swap_cnt=0, swap_hops=0, ion_hops=0, i1=0, i2=0)
    - MOVE   (13960 -> 13974)  ion 28: Seg3 -> Seg4 via J1
    - MOVE   (13974 -> 13988)  ion 28: Seg4 -> Seg0 via J0
    - MERGE  (13988 -> 14068)  ion 28: Seg0 -> T0
[SHUTTLE 52] ion=28  T0 -> T2  route=T0->J0->J1->T2
    - SPLIT  (14108 -> 14188)  ion 28: T0 -> Seg0 (swap_cnt=0, swap_hops=0, ion_hops=0, i1=0, i2=0)
    - MOVE   (14188 -> 14202)  ion 28: Seg0 -> Seg4 via J0
    - MOVE   (14202 -> 14216)  ion 28: Seg4 -> Seg3 via J1
    - MERGE  (14216 -> 14296)  ion 28: Seg3 -> T2
[SHUTTLE 53] ion=28  T2 -> T0  route=T2->J1->J0->T0
    - SPLIT  (14336 -> 14416)  ion 28: T2 -> Seg3 (swap_cnt=0, swap_hops=0, ion_hops=0, i1=0, i2=0)
    - MOVE   (14416 -> 14430)  ion 28: Seg3 -> Seg4 via J1
    - MOVE   (14430 -> 14444)  ion 28: Seg4 -> Seg0 via J0
    - MERGE  (14444 -> 14524)  ion 28: Seg0 -> T0
[SHUTTLE 54] ion=26  T0 -> T2  route=T0->J0->J1->T2
    - SPLIT  (14564 -> 14684)  ion 26: T0 -> Seg0 (swap_cnt=1, swap_hops=1, ion_hops=0, i1=26, i2=28)
    - MOVE   (14684 -> 14698)  ion 26: Seg0 -> Seg4 via J0
    - MOVE   (14698 -> 14712)  ion 26: Seg4 -> Seg3 via J1
    - MERGE  (14712 -> 14792)  ion 26: Seg3 -> T2
[SHUTTLE 55] ion=30  T2 -> T0  route=T2->J1->J0->T0
    - SPLIT  (14912 -> 15032)  ion 30: T2 -> Seg3 (swap_cnt=1, swap_hops=7, ion_hops=0, i1=30, i2=26)
    - MOVE   (15032 -> 15046)  ion 30: Seg3 -> Seg4 via J1
    - MOVE   (15046 -> 15060)  ion 30: Seg4 -> Seg0 via J0
    - MERGE  (15060 -> 15140)  ion 30: Seg0 -> T0
[SHUTTLE 56] ion=30  T0 -> T2  route=T0->J0->J1->T2
    - SPLIT  (15180 -> 15260)  ion 30: T0 -> Seg0 (swap_cnt=0, swap_hops=0, ion_hops=0, i1=0, i2=0)
    - MOVE   (15260 -> 15274)  ion 30: Seg0 -> Seg4 via J0
    - MOVE   (15274 -> 15288)  ion 30: Seg4 -> Seg3 via J1
    - MERGE  (15288 -> 15368)  ion 30: Seg3 -> T2
[SHUTTLE 57] ion=30  T2 -> T0  route=T2->J1->J0->T0
    - SPLIT  (15408 -> 15488)  ion 30: T2 -> Seg3 (swap_cnt=0, swap_hops=0, ion_hops=0, i1=0, i2=0)
    - MOVE   (15488 -> 15502)  ion 30: Seg3 -> Seg4 via J1
    - MOVE   (15502 -> 15516)  ion 30: Seg4 -> Seg0 via J0
    - MERGE  (15516 -> 15596)  ion 30: Seg0 -> T0
[SHUTTLE 58] ion=30  T0 -> T2  route=T0->J0->J1->T2
    - SPLIT  (15636 -> 15716)  ion 30: T0 -> Seg0 (swap_cnt=0, swap_hops=0, ion_hops=0, i1=0, i2=0)
    - MOVE   (15716 -> 15730)  ion 30: Seg0 -> Seg4 via J0
    - MOVE   (15730 -> 15744)  ion 30: Seg4 -> Seg3 via J1
    - MERGE  (15744 -> 15824)  ion 30: Seg3 -> T2
[SHUTTLE 59] ion=30  T2 -> T0  route=T2->J1->J0->T0
    - SPLIT  (15864 -> 15944)  ion 30: T2 -> Seg3 (swap_cnt=0, swap_hops=0, ion_hops=0, i1=0, i2=0)
    - MOVE   (15944 -> 15958)  ion 30: Seg3 -> Seg4 via J1
    - MOVE   (15958 -> 15972)  ion 30: Seg4 -> Seg0 via J0
    - MERGE  (15972 -> 16052)  ion 30: Seg0 -> T0
[SHUTTLE 60] ion=28  T0 -> T2  route=T0->J0->J1->T2
    - SPLIT  (16092 -> 16212)  ion 28: T0 -> Seg0 (swap_cnt=1, swap_hops=1, ion_hops=0, i1=28, i2=30)
    - MOVE   (16212 -> 16226)  ion 28: Seg0 -> Seg4 via J0
    - MOVE   (16226 -> 16240)  ion 28: Seg4 -> Seg3 via J1
    - MERGE  (16240 -> 16320)  ion 28: Seg3 -> T2
[SHUTTLE 61] ion=31  T2 -> T0  route=T2->J1->J0->T0
    - SPLIT  (16440 -> 16560)  ion 31: T2 -> Seg3 (swap_cnt=1, swap_hops=8, ion_hops=0, i1=31, i2=28)
    - MOVE   (16560 -> 16574)  ion 31: Seg3 -> Seg4 via J1
    - MOVE   (16574 -> 16588)  ion 31: Seg4 -> Seg0 via J0
    - MERGE  (16588 -> 16668)  ion 31: Seg0 -> T0
[SHUTTLE 62] ion=30  T0 -> T2  route=T0->J0->J1->T2
    - SPLIT  (16708 -> 16828)  ion 30: T0 -> Seg0 (swap_cnt=1, swap_hops=1, ion_hops=0, i1=30, i2=31)
    - MOVE   (16828 -> 16842)  ion 30: Seg0 -> Seg4 via J0
    - MOVE   (16842 -> 16856)  ion 30: Seg4 -> Seg3 via J1
    - MERGE  (16856 -> 16936)  ion 30: Seg3 -> T2
[SHUTTLE 63] ion=21  T1 -> T2  route=T1->J1->T2
    - SPLIT  (18096 -> 18216)  ion 21: T1 -> Seg2 (swap_cnt=1, swap_hops=7, ion_hops=0, i1=21, i2=20)
    - MOVE   (18216 -> 18230)  ion 21: Seg2 -> Seg3 via J1
    - MERGE  (18230 -> 18310)  ion 21: Seg3 -> T2
[SHUTTLE 64] ion=22  T2 -> T1  route=T2->J1->T1
    - SPLIT  (18350 -> 18470)  ion 22: T2 -> Seg3 (swap_cnt=1, swap_hops=5, ion_hops=0, i1=22, i2=21)
    - MOVE   (18470 -> 18484)  ion 22: Seg3 -> Seg2 via J1
    - MERGE  (18484 -> 18564)  ion 22: Seg2 -> T1
[SHUTTLE 65] ion=22  T1 -> T2  route=T1->J1->T2
    - SPLIT  (18604 -> 18684)  ion 22: T1 -> Seg2 (swap_cnt=0, swap_hops=0, ion_hops=0, i1=0, i2=0)
    - MOVE   (18684 -> 18698)  ion 22: Seg2 -> Seg3 via J1
    - MERGE  (18698 -> 18778)  ion 22: Seg3 -> T2
[SHUTTLE 66] ion=22  T2 -> T1  route=T2->J1->T1
    - SPLIT  (18818 -> 18898)  ion 22: T2 -> Seg3 (swap_cnt=0, swap_hops=0, ion_hops=0, i1=0, i2=0)
    - MOVE   (18898 -> 18912)  ion 22: Seg3 -> Seg2 via J1
    - MERGE  (18912 -> 18992)  ion 22: Seg2 -> T1
[SHUTTLE 67] ion=20  T1 -> T2  route=T1->J1->T2
    - SPLIT  (19032 -> 19152)  ion 20: T1 -> Seg2 (swap_cnt=1, swap_hops=1, ion_hops=0, i1=20, i2=22)
    - MOVE   (19152 -> 19166)  ion 20: Seg2 -> Seg3 via J1
    - MERGE  (19166 -> 19246)  ion 20: Seg3 -> T2
[SHUTTLE 68] ion=20  T2 -> T1  route=T2->J1->T1
    - SPLIT  (19326 -> 19406)  ion 20: T2 -> Seg3 (swap_cnt=0, swap_hops=0, ion_hops=0, i1=0, i2=0)
    - MOVE   (19406 -> 19420)  ion 20: Seg3 -> Seg2 via J1
    - MERGE  (19420 -> 19500)  ion 20: Seg2 -> T1
[SHUTTLE 69] ion=22  T1 -> T2  route=T1->J1->T2
    - SPLIT  (19540 -> 19660)  ion 22: T1 -> Seg2 (swap_cnt=1, swap_hops=1, ion_hops=0, i1=22, i2=20)
    - MOVE   (19660 -> 19674)  ion 22: Seg2 -> Seg3 via J1
    - MERGE  (19674 -> 19754)  ion 22: Seg3 -> T2
[SHUTTLE 70] ion=10  T1 -> T0  route=T1->J1->J0->T0
    - SPLIT  (20980 -> 21100)  ion 10: T1 -> Seg2 (swap_cnt=1, swap_hops=5, ion_hops=0, i1=10, i2=20)
    - MOVE   (21100 -> 21114)  ion 10: Seg2 -> Seg4 via J1
    - MOVE   (21114 -> 21128)  ion 10: Seg4 -> Seg0 via J0
    - MERGE  (21128 -> 21208)  ion 10: Seg0 -> T0
SplitSWAP: 28
SchedulerFiredShuttle: 71
ReportedTotalShuttle: 71
----------------
SUMMARY|program=programs\ADDER32|machine=G2x2|version=V6|mapper=SABRE2|scale=SMALL|total_shuttle=71|execution_time_us=22718|fidelity=0.20254106639178948|trap_capacity=12|lookahead_k=None|swap_threshold=None|num_optical_zones=1|max_qubits_per_qccd=32|enable_swap_insert=0|num_modules=0|remote_gate_count=None|compile_time_s=0.110284|logical_shuttle_count=71|physical_shuttle_leg_count=71|split_count=71|merge_count=71|move_count=135
