========== Gate Set Summary ==========
cx: 256
h: 60
t: 120
tdg: 90
x: 30
======================================
Simulation
Program:           programs\ADDER32.qasm
Machine:           G2x3
Model:             MUSS_Params
Program Qubits:    32
Ions/Region(arg):  8
Effective Cap:     8
Mapper:            SABRE
Reorder:           Naive
SerialTrap:        1
SerialComm:        1
SerialAll:         1
GateType:          FM
SwapType:          PaperSwapDirect
Scheduler Family:  MUSS
Scheduler Version: V6
Analyzer Mode:     PAPER
Arch Scale:        SMALL
Strict Repro:      False
Large.Env.K:       None
Large.Env.T:       None
Large.Env.MaxQCCD: 32
Large.Env.OptZone: 1
Large.Env.SWAP:    False
#Traps=6 #Junctions=3 #Segments=8
TrapCapacity(default)=8
Parse object map:
{0: [2, 1], 1: [2, 0], 3: [1, 2], 5: [0, 2], 7: [1, 2], 10: [0, 2], 11: [0, 1], 16: [0, 1], 17: [4, 3], 18: [4, 2], 20: [3, 4], 22: [2, 4], 24: [3, 4], 27: [2, 4], 28: [2, 3], 33: [2, 3], 34: [6, 5], 35: [6, 4], 37: [5, 6], 39: [4, 6], 41: [5, 6], 44: [4, 6], 45: [4, 5], 50: [4, 5], 51: [8, 7], 52: [8, 6], 54: [7, 8], 56: [6, 8], 58: [7, 8], 61: [6, 8], 62: [6, 7], 67: [6, 7], 68: [10, 9], 69: [10, 8], 71: [9, 10], 73: [8, 10], 75: [9, 10], 78: [8, 10], 79: [8, 9], 84: [8, 9], 85: [12, 11], 86: [12, 10], 88: [11, 12], 90: [10, 12], 92: [11, 12], 95: [10, 12], 96: [10, 11], 101: [10, 11], 102: [14, 13], 103: [14, 12], 105: [13, 14], 107: [12, 14], 109: [13, 14], 112: [12, 14], 113: [12, 13], 118: [12, 13], 119: [16, 15], 120: [16, 14], 122: [15, 16], 124: [14, 16], 126: [15, 16], 129: [14, 16], 130: [14, 15], 135: [14, 15], 136: [18, 17], 137: [18, 16], 139: [17, 18], 141: [16, 18], 143: [17, 18], 146: [16, 18], 147: [16, 17], 152: [16, 17], 153: [20, 19], 154: [20, 18], 156: [19, 20], 158: [18, 20], 160: [19, 20], 163: [18, 20], 164: [18, 19], 169: [18, 19], 170: [22, 21], 171: [22, 20], 173: [21, 22], 175: [20, 22], 177: [21, 22], 180: [20, 22], 181: [20, 21], 186: [20, 21], 187: [24, 23], 188: [24, 22], 190: [23, 24], 192: [22, 24], 194: [23, 24], 197: [22, 24], 198: [22, 23], 203: [22, 23], 204: [26, 25], 205: [26, 24], 207: [25, 26], 209: [24, 26], 211: [25, 26], 214: [24, 26], 215: [24, 25], 220: [24, 25], 221: [28, 27], 222: [28, 26], 224: [27, 28], 226: [26, 28], 228: [27, 28], 231: [26, 28], 232: [26, 27], 237: [26, 27], 238: [30, 29], 239: [30, 28], 241: [29, 30], 243: [28, 30], 245: [29, 30], 248: [28, 30], 249: [28, 29], 254: [28, 29], 255: [30, 31], 257: [28, 29], 259: [29, 30], 261: [28, 30], 263: [29, 30], 266: [28, 30], 267: [28, 29], 272: [28, 29], 274: [30, 28], 275: [30, 29], 277: [26, 27], 279: [27, 28], 281: [26, 28], 283: [27, 28], 286: [26, 28], 287: [26, 27], 292: [26, 27], 294: [28, 26], 295: [28, 27], 297: [24, 25], 299: [25, 26], 301: [24, 26], 303: [25, 26], 306: [24, 26], 307: [24, 25], 312: [24, 25], 314: [26, 24], 315: [26, 25], 317: [22, 23], 319: [23, 24], 321: [22, 24], 323: [23, 24], 326: [22, 24], 327: [22, 23], 332: [22, 23], 334: [24, 22], 335: [24, 23], 337: [20, 21], 339: [21, 22], 341: [20, 22], 343: [21, 22], 346: [20, 22], 347: [20, 21], 352: [20, 21], 354: [22, 20], 355: [22, 21], 357: [18, 19], 359: [19, 20], 361: [18, 20], 363: [19, 20], 366: [18, 20], 367: [18, 19], 372: [18, 19], 374: [20, 18], 375: [20, 19], 377: [16, 17], 379: [17, 18], 381: [16, 18], 383: [17, 18], 386: [16, 18], 387: [16, 17], 392: [16, 17], 394: [18, 16], 395: [18, 17], 397: [14, 15], 399: [15, 16], 401: [14, 16], 403: [15, 16], 406: [14, 16], 407: [14, 15], 412: [14, 15], 414: [16, 14], 415: [16, 15], 417: [12, 13], 419: [13, 14], 421: [12, 14], 423: [13, 14], 426: [12, 14], 427: [12, 13], 432: [12, 13], 434: [14, 12], 435: [14, 13], 437: [10, 11], 439: [11, 12], 441: [10, 12], 443: [11, 12], 446: [10, 12], 447: [10, 11], 452: [10, 11], 454: [12, 10], 455: [12, 11], 457: [8, 9], 459: [9, 10], 461: [8, 10], 463: [9, 10], 466: [8, 10], 467: [8, 9], 472: [8, 9], 474: [10, 8], 475: [10, 9], 477: [6, 7], 479: [7, 8], 481: [6, 8], 483: [7, 8], 486: [6, 8], 487: [6, 7], 492: [6, 7], 494: [8, 6], 495: [8, 7], 497: [4, 5], 499: [5, 6], 501: [4, 6], 503: [5, 6], 506: [4, 6], 507: [4, 5], 512: [4, 5], 514: [6, 4], 515: [6, 5], 517: [2, 3], 519: [3, 4], 521: [2, 4], 523: [3, 4], 526: [2, 4], 527: [2, 3], 532: [2, 3], 534: [4, 2], 535: [4, 3], 537: [0, 1], 539: [1, 2], 541: [0, 2], 543: [1, 2], 546: [0, 2], 547: [0, 1], 552: [0, 1], 554: [2, 0], 555: [2, 1]}
Parse object graph:
DiGraph with 556 nodes and 780 edges
Using QubitMapSABRE2 mapper (matches muss_schedule6 improved version)
Raw mapping:
{'layout': {0: 0, 1: 0, 2: 0, 3: 0, 4: 0, 5: 0, 6: 0, 7: 1, 8: 1, 9: 1, 10: 1, 11: 1, 12: 1, 13: 1, 14: 1, 15: 2, 16: 2, 17: 2, 18: 2, 19: 2, 20: 2, 21: 2, 22: 2, 23: 3, 24: 3, 25: 3, 26: 3, 27: 3, 28: 3, 29: 3, 30: 3, 31: 0}, 'trap_to_qubits': {0: [0, 1, 2, 3, 4, 5, 31, 6], 1: [7, 8, 9, 10, 11, 12, 13, 14], 2: [15, 16, 17, 18, 19, 20, 21, 22], 3: [23, 24, 25, 26, 27, 28, 29, 30], 4: [], 5: []}}
Initial layout policy: mapping_bundle(layout + trap_to_qubits_from_mapper)
Note: reorder_choice='Naive' is ignored because mapper already provides ordered trap layout
Use mapper-provided ordered trap layout for mapper 'SABRE'
Initial qubit layout:
{0: [0, 1, 2, 3, 4, 5, 31, 6], 1: [7, 8, 9, 10, 11, 12, 13, 14], 2: [15, 16, 17, 18, 19, 20, 21, 22], 3: [23, 24, 25, 26, 27, 28, 29, 30], 4: [], 5: []}
Using MUSS Scheduler (V6) with SABRE Mapping
Using muss_schedule6.py new_vision
Scheduler object construction time: 0.001353s
Scheduler run time: 0.162641s
Analyzer shuttle mode: aggregate (detected shuttle_id annotations)
Using legacy analyzer.py
Analyzer parameter wiring: alpha_bg=0.0, T1=600000000.0, k_heating=0.001, epsilon_2q=3.90625e-05, strict_paper_mainline=True
Analyzer mode: paper
Program Finish Time: 27850 us
OPCOUNTS Gate: 556 Split: 97 Move: 177 Merge: 97

Two-qubit gate chain statistics
Mean: 6.79296875 Max: 8.0
Fidelity: 0.3709796196556576

Shuttle count summary
  logical_shuttle_count      = 97   # High-level shuttle count aggregated by shuttle_id
  physical_shuttle_leg_count = 97   # Paper-facing count: each complete trap-to-trap split+move+merge leg
  split_count                = 97
  merge_count                = 97
  move_count                 = 177
[DBG SUMMARY] gates=556  gate_mult=0.584157  avg_gate_nbar=0.0000
[DBG SUMMARY] logical_shuttles=97  shuttle_mult=0.635068  min_shuttle=0.9935
[DBG SUMMARY] worst_B: Trap 0 -> 1.000000 (heat_state=0.000000, alpha_bg=0.0, move_bg_fraction=0.0, model=exp, strict_paper_mainline=True)
Analyzer time: 0.003424s

========== ANALYSIS RESULT ==========
{'fidelity': 0.3709796196556576, 'total_shuttle': 97, 'logical_shuttle_count': 97, 'physical_shuttle_leg_count': 97, 'split_count': 97, 'merge_count': 97, 'move_count': 177, 'time': 27850}

========== SHUTTLE TRACE ==========
[SHUTTLE 0] ion=8  T1 -> T4  route=T1->J1->T4
    - SPLIT  (760 -> 880)  ion 8: T1 -> Seg1 (swap_cnt=1, swap_hops=6, ion_hops=0, i1=8, i2=14)
    - MOVE   (880 -> 894)  ion 8: Seg1 -> Seg4 via J1
    - MERGE  (894 -> 974)  ion 8: Seg4 -> T4
[SHUTTLE 1] ion=6  T0 -> T4  route=T0->J0->J1->T4
    - SPLIT  (974 -> 1054)  ion 6: T0 -> Seg0 (swap_cnt=0, swap_hops=0, ion_hops=0, i1=0, i2=0)
    - MOVE   (1054 -> 1068)  ion 6: Seg0 -> Seg6 via J0
    - MOVE   (1068 -> 1082)  ion 6: Seg6 -> Seg4 via J1
    - MERGE  (1082 -> 1162)  ion 6: Seg4 -> T4
[SHUTTLE 2] ion=8  T4 -> T1  route=T4->J1->T1
    - SPLIT  (1202 -> 1322)  ion 8: T4 -> Seg4 (swap_cnt=1, swap_hops=1, ion_hops=0, i1=8, i2=6)
    - MOVE   (1322 -> 1336)  ion 8: Seg4 -> Seg1 via J1
    - MERGE  (1336 -> 1416)  ion 8: Seg1 -> T1
[SHUTTLE 3] ion=8  T1 -> T4  route=T1->J1->T4
    - SPLIT  (1456 -> 1536)  ion 8: T1 -> Seg1 (swap_cnt=0, swap_hops=0, ion_hops=0, i1=0, i2=0)
    - MOVE   (1536 -> 1550)  ion 8: Seg1 -> Seg4 via J1
    - MERGE  (1550 -> 1630)  ion 8: Seg4 -> T4
[SHUTTLE 4] ion=8  T4 -> T1  route=T4->J1->T1
    - SPLIT  (1670 -> 1750)  ion 8: T4 -> Seg4 (swap_cnt=0, swap_hops=0, ion_hops=0, i1=0, i2=0)
    - MOVE   (1750 -> 1764)  ion 8: Seg4 -> Seg1 via J1
    - MERGE  (1764 -> 1844)  ion 8: Seg1 -> T1
[SHUTTLE 5] ion=8  T1 -> T4  route=T1->J1->T4
    - SPLIT  (1884 -> 1964)  ion 8: T1 -> Seg1 (swap_cnt=0, swap_hops=0, ion_hops=0, i1=0, i2=0)
    - MOVE   (1964 -> 1978)  ion 8: Seg1 -> Seg4 via J1
    - MERGE  (1978 -> 2058)  ion 8: Seg4 -> T4
[SHUTTLE 6] ion=6  T4 -> T1  route=T4->J1->T1
    - SPLIT  (2098 -> 2218)  ion 6: T4 -> Seg4 (swap_cnt=1, swap_hops=1, ion_hops=0, i1=6, i2=8)
    - MOVE   (2218 -> 2232)  ion 6: Seg4 -> Seg1 via J1
    - MERGE  (2232 -> 2312)  ion 6: Seg1 -> T1
[SHUTTLE 7] ion=10  T1 -> T4  route=T1->J1->T4
    - SPLIT  (2432 -> 2552)  ion 10: T1 -> Seg1 (swap_cnt=1, swap_hops=5, ion_hops=0, i1=10, i2=6)
    - MOVE   (2552 -> 2566)  ion 10: Seg1 -> Seg4 via J1
    - MERGE  (2566 -> 2646)  ion 10: Seg4 -> T4
[SHUTTLE 8] ion=10  T4 -> T1  route=T4->J1->T1
    - SPLIT  (2686 -> 2766)  ion 10: T4 -> Seg4 (swap_cnt=0, swap_hops=0, ion_hops=0, i1=0, i2=0)
    - MOVE   (2766 -> 2780)  ion 10: Seg4 -> Seg1 via J1
    - MERGE  (2780 -> 2860)  ion 10: Seg1 -> T1
[SHUTTLE 9] ion=10  T1 -> T4  route=T1->J1->T4
    - SPLIT  (2900 -> 2980)  ion 10: T1 -> Seg1 (swap_cnt=0, swap_hops=0, ion_hops=0, i1=0, i2=0)
    - MOVE   (2980 -> 2994)  ion 10: Seg1 -> Seg4 via J1
    - MERGE  (2994 -> 3074)  ion 10: Seg4 -> T4
[SHUTTLE 10] ion=10  T4 -> T1  route=T4->J1->T1
    - SPLIT  (3114 -> 3194)  ion 10: T4 -> Seg4 (swap_cnt=0, swap_hops=0, ion_hops=0, i1=0, i2=0)
    - MOVE   (3194 -> 3208)  ion 10: Seg4 -> Seg1 via J1
    - MERGE  (3208 -> 3288)  ion 10: Seg1 -> T1
[SHUTTLE 11] ion=10  T1 -> T4  route=T1->J1->T4
    - SPLIT  (3328 -> 3408)  ion 10: T1 -> Seg1 (swap_cnt=0, swap_hops=0, ion_hops=0, i1=0, i2=0)
    - MOVE   (3408 -> 3422)  ion 10: Seg1 -> Seg4 via J1
    - MERGE  (3422 -> 3502)  ion 10: Seg4 -> T4
[SHUTTLE 12] ion=8  T4 -> T1  route=T4->J1->T1
    - SPLIT  (3542 -> 3662)  ion 8: T4 -> Seg4 (swap_cnt=1, swap_hops=1, ion_hops=0, i1=8, i2=10)
    - MOVE   (3662 -> 3676)  ion 8: Seg4 -> Seg1 via J1
    - MERGE  (3676 -> 3756)  ion 8: Seg1 -> T1
[SHUTTLE 13] ion=12  T1 -> T4  route=T1->J1->T4
    - SPLIT  (3876 -> 3996)  ion 12: T1 -> Seg1 (swap_cnt=1, swap_hops=4, ion_hops=0, i1=12, i2=8)
    - MOVE   (3996 -> 4010)  ion 12: Seg1 -> Seg4 via J1
    - MERGE  (4010 -> 4090)  ion 12: Seg4 -> T4
[SHUTTLE 14] ion=12  T4 -> T1  route=T4->J1->T1
    - SPLIT  (4130 -> 4210)  ion 12: T4 -> Seg4 (swap_cnt=0, swap_hops=0, ion_hops=0, i1=0, i2=0)
    - MOVE   (4210 -> 4224)  ion 12: Seg4 -> Seg1 via J1
    - MERGE  (4224 -> 4304)  ion 12: Seg1 -> T1
[SHUTTLE 15] ion=12  T1 -> T4  route=T1->J1->T4
    - SPLIT  (4344 -> 4424)  ion 12: T1 -> Seg1 (swap_cnt=0, swap_hops=0, ion_hops=0, i1=0, i2=0)
    - MOVE   (4424 -> 4438)  ion 12: Seg1 -> Seg4 via J1
    - MERGE  (4438 -> 4518)  ion 12: Seg4 -> T4
[SHUTTLE 16] ion=12  T4 -> T1  route=T4->J1->T1
    - SPLIT  (4558 -> 4638)  ion 12: T4 -> Seg4 (swap_cnt=0, swap_hops=0, ion_hops=0, i1=0, i2=0)
    - MOVE   (4638 -> 4652)  ion 12: Seg4 -> Seg1 via J1
    - MERGE  (4652 -> 4732)  ion 12: Seg1 -> T1
[SHUTTLE 17] ion=12  T1 -> T4  route=T1->J1->T4
    - SPLIT  (4772 -> 4852)  ion 12: T1 -> Seg1 (swap_cnt=0, swap_hops=0, ion_hops=0, i1=0, i2=0)
    - MOVE   (4852 -> 4866)  ion 12: Seg1 -> Seg4 via J1
    - MERGE  (4866 -> 4946)  ion 12: Seg4 -> T4
[SHUTTLE 18] ion=10  T4 -> T1  route=T4->J1->T1
    - SPLIT  (4986 -> 5106)  ion 10: T4 -> Seg4 (swap_cnt=1, swap_hops=1, ion_hops=0, i1=10, i2=12)
    - MOVE   (5106 -> 5120)  ion 10: Seg4 -> Seg1 via J1
    - MERGE  (5120 -> 5200)  ion 10: Seg1 -> T1
[SHUTTLE 19] ion=14  T1 -> T4  route=T1->J1->T4
    - SPLIT  (5320 -> 5440)  ion 14: T1 -> Seg1 (swap_cnt=1, swap_hops=3, ion_hops=0, i1=14, i2=10)
    - MOVE   (5440 -> 5454)  ion 14: Seg1 -> Seg4 via J1
    - MERGE  (5454 -> 5534)  ion 14: Seg4 -> T4
[SHUTTLE 20] ion=14  T4 -> T1  route=T4->J1->T1
    - SPLIT  (5574 -> 5654)  ion 14: T4 -> Seg4 (swap_cnt=0, swap_hops=0, ion_hops=0, i1=0, i2=0)
    - MOVE   (5654 -> 5668)  ion 14: Seg4 -> Seg1 via J1
    - MERGE  (5668 -> 5748)  ion 14: Seg1 -> T1
[SHUTTLE 21] ion=14  T1 -> T4  route=T1->J1->T4
    - SPLIT  (5788 -> 5868)  ion 14: T1 -> Seg1 (swap_cnt=0, swap_hops=0, ion_hops=0, i1=0, i2=0)
    - MOVE   (5868 -> 5882)  ion 14: Seg1 -> Seg4 via J1
    - MERGE  (5882 -> 5962)  ion 14: Seg4 -> T4
[SHUTTLE 22] ion=14  T4 -> T1  route=T4->J1->T1
    - SPLIT  (6002 -> 6082)  ion 14: T4 -> Seg4 (swap_cnt=0, swap_hops=0, ion_hops=0, i1=0, i2=0)
    - MOVE   (6082 -> 6096)  ion 14: Seg4 -> Seg1 via J1
    - MERGE  (6096 -> 6176)  ion 14: Seg1 -> T1
[SHUTTLE 23] ion=14  T1 -> T4  route=T1->J1->T4
    - SPLIT  (6216 -> 6296)  ion 14: T1 -> Seg1 (swap_cnt=0, swap_hops=0, ion_hops=0, i1=0, i2=0)
    - MOVE   (6296 -> 6310)  ion 14: Seg1 -> Seg4 via J1
    - MERGE  (6310 -> 6390)  ion 14: Seg4 -> T4
[SHUTTLE 24] ion=12  T4 -> T1  route=T4->J1->T1
    - SPLIT  (6430 -> 6550)  ion 12: T4 -> Seg4 (swap_cnt=1, swap_hops=1, ion_hops=0, i1=12, i2=14)
    - MOVE   (6550 -> 6564)  ion 12: Seg4 -> Seg1 via J1
    - MERGE  (6564 -> 6644)  ion 12: Seg1 -> T1
[SHUTTLE 25] ion=16  T2 -> T4  route=T2->J2->J1->T4
    - SPLIT  (6764 -> 6884)  ion 16: T2 -> Seg2 (swap_cnt=1, swap_hops=6, ion_hops=0, i1=16, i2=22)
    - MOVE   (6884 -> 6898)  ion 16: Seg2 -> Seg7 via J2
    - MOVE   (6898 -> 6912)  ion 16: Seg7 -> Seg4 via J1
    - MERGE  (6912 -> 6992)  ion 16: Seg4 -> T4
[SHUTTLE 26] ion=16  T4 -> T2  route=T4->J1->J2->T2
    - SPLIT  (7032 -> 7112)  ion 16: T4 -> Seg4 (swap_cnt=0, swap_hops=0, ion_hops=0, i1=0, i2=0)
    - MOVE   (7112 -> 7126)  ion 16: Seg4 -> Seg7 via J1
    - MOVE   (7126 -> 7140)  ion 16: Seg7 -> Seg2 via J2
    - MERGE  (7140 -> 7220)  ion 16: Seg2 -> T2
[SHUTTLE 27] ion=16  T2 -> T4  route=T2->J2->J1->T4
    - SPLIT  (7260 -> 7340)  ion 16: T2 -> Seg2 (swap_cnt=0, swap_hops=0, ion_hops=0, i1=0, i2=0)
    - MOVE   (7340 -> 7354)  ion 16: Seg2 -> Seg7 via J2
    - MOVE   (7354 -> 7368)  ion 16: Seg7 -> Seg4 via J1
    - MERGE  (7368 -> 7448)  ion 16: Seg4 -> T4
[SHUTTLE 28] ion=16  T4 -> T2  route=T4->J1->J2->T2
    - SPLIT  (7488 -> 7568)  ion 16: T4 -> Seg4 (swap_cnt=0, swap_hops=0, ion_hops=0, i1=0, i2=0)
    - MOVE   (7568 -> 7582)  ion 16: Seg4 -> Seg7 via J1
    - MOVE   (7582 -> 7596)  ion 16: Seg7 -> Seg2 via J2
    - MERGE  (7596 -> 7676)  ion 16: Seg2 -> T2
[SHUTTLE 29] ion=16  T2 -> T4  route=T2->J2->J1->T4
    - SPLIT  (7716 -> 7796)  ion 16: T2 -> Seg2 (swap_cnt=0, swap_hops=0, ion_hops=0, i1=0, i2=0)
    - MOVE   (7796 -> 7810)  ion 16: Seg2 -> Seg7 via J2
    - MOVE   (7810 -> 7824)  ion 16: Seg7 -> Seg4 via J1
    - MERGE  (7824 -> 7904)  ion 16: Seg4 -> T4
[SHUTTLE 30] ion=14  T4 -> T2  route=T4->J1->J2->T2
    - SPLIT  (7944 -> 8064)  ion 14: T4 -> Seg4 (swap_cnt=1, swap_hops=1, ion_hops=0, i1=14, i2=16)
    - MOVE   (8064 -> 8078)  ion 14: Seg4 -> Seg7 via J1
    - MOVE   (8078 -> 8092)  ion 14: Seg7 -> Seg2 via J2
    - MERGE  (8092 -> 8172)  ion 14: Seg2 -> T2
[SHUTTLE 31] ion=18  T2 -> T4  route=T2->J2->J1->T4
    - SPLIT  (8292 -> 8412)  ion 18: T2 -> Seg2 (swap_cnt=1, swap_hops=5, ion_hops=0, i1=18, i2=14)
    - MOVE   (8412 -> 8426)  ion 18: Seg2 -> Seg7 via J2
    - MOVE   (8426 -> 8440)  ion 18: Seg7 -> Seg4 via J1
    - MERGE  (8440 -> 8520)  ion 18: Seg4 -> T4
[SHUTTLE 32] ion=18  T4 -> T2  route=T4->J1->J2->T2
    - SPLIT  (8560 -> 8640)  ion 18: T4 -> Seg4 (swap_cnt=0, swap_hops=0, ion_hops=0, i1=0, i2=0)
    - MOVE   (8640 -> 8654)  ion 18: Seg4 -> Seg7 via J1
    - MOVE   (8654 -> 8668)  ion 18: Seg7 -> Seg2 via J2
    - MERGE  (8668 -> 8748)  ion 18: Seg2 -> T2
[SHUTTLE 33] ion=18  T2 -> T4  route=T2->J2->J1->T4
    - SPLIT  (8788 -> 8868)  ion 18: T2 -> Seg2 (swap_cnt=0, swap_hops=0, ion_hops=0, i1=0, i2=0)
    - MOVE   (8868 -> 8882)  ion 18: Seg2 -> Seg7 via J2
    - MOVE   (8882 -> 8896)  ion 18: Seg7 -> Seg4 via J1
    - MERGE  (8896 -> 8976)  ion 18: Seg4 -> T4
[SHUTTLE 34] ion=18  T4 -> T2  route=T4->J1->J2->T2
    - SPLIT  (9016 -> 9096)  ion 18: T4 -> Seg4 (swap_cnt=0, swap_hops=0, ion_hops=0, i1=0, i2=0)
    - MOVE   (9096 -> 9110)  ion 18: Seg4 -> Seg7 via J1
    - MOVE   (9110 -> 9124)  ion 18: Seg7 -> Seg2 via J2
    - MERGE  (9124 -> 9204)  ion 18: Seg2 -> T2
[SHUTTLE 35] ion=18  T2 -> T4  route=T2->J2->J1->T4
    - SPLIT  (9244 -> 9324)  ion 18: T2 -> Seg2 (swap_cnt=0, swap_hops=0, ion_hops=0, i1=0, i2=0)
    - MOVE   (9324 -> 9338)  ion 18: Seg2 -> Seg7 via J2
    - MOVE   (9338 -> 9352)  ion 18: Seg7 -> Seg4 via J1
    - MERGE  (9352 -> 9432)  ion 18: Seg4 -> T4
[SHUTTLE 36] ion=16  T4 -> T2  route=T4->J1->J2->T2
    - SPLIT  (9472 -> 9592)  ion 16: T4 -> Seg4 (swap_cnt=1, swap_hops=1, ion_hops=0, i1=16, i2=18)
    - MOVE   (9592 -> 9606)  ion 16: Seg4 -> Seg7 via J1
    - MOVE   (9606 -> 9620)  ion 16: Seg7 -> Seg2 via J2
    - MERGE  (9620 -> 9700)  ion 16: Seg2 -> T2
[SHUTTLE 37] ion=20  T2 -> T4  route=T2->J2->J1->T4
    - SPLIT  (9820 -> 9940)  ion 20: T2 -> Seg2 (swap_cnt=1, swap_hops=4, ion_hops=0, i1=20, i2=16)
    - MOVE   (9940 -> 9954)  ion 20: Seg2 -> Seg7 via J2
    - MOVE   (9954 -> 9968)  ion 20: Seg7 -> Seg4 via J1
    - MERGE  (9968 -> 10048)  ion 20: Seg4 -> T4
[SHUTTLE 38] ion=20  T4 -> T2  route=T4->J1->J2->T2
    - SPLIT  (10088 -> 10168)  ion 20: T4 -> Seg4 (swap_cnt=0, swap_hops=0, ion_hops=0, i1=0, i2=0)
    - MOVE   (10168 -> 10182)  ion 20: Seg4 -> Seg7 via J1
    - MOVE   (10182 -> 10196)  ion 20: Seg7 -> Seg2 via J2
    - MERGE  (10196 -> 10276)  ion 20: Seg2 -> T2
[SHUTTLE 39] ion=20  T2 -> T4  route=T2->J2->J1->T4
    - SPLIT  (10316 -> 10396)  ion 20: T2 -> Seg2 (swap_cnt=0, swap_hops=0, ion_hops=0, i1=0, i2=0)
    - MOVE   (10396 -> 10410)  ion 20: Seg2 -> Seg7 via J2
    - MOVE   (10410 -> 10424)  ion 20: Seg7 -> Seg4 via J1
    - MERGE  (10424 -> 10504)  ion 20: Seg4 -> T4
[SHUTTLE 40] ion=20  T4 -> T2  route=T4->J1->J2->T2
    - SPLIT  (10544 -> 10624)  ion 20: T4 -> Seg4 (swap_cnt=0, swap_hops=0, ion_hops=0, i1=0, i2=0)
    - MOVE   (10624 -> 10638)  ion 20: Seg4 -> Seg7 via J1
    - MOVE   (10638 -> 10652)  ion 20: Seg7 -> Seg2 via J2
    - MERGE  (10652 -> 10732)  ion 20: Seg2 -> T2
[SHUTTLE 41] ion=20  T2 -> T4  route=T2->J2->J1->T4
    - SPLIT  (10772 -> 10852)  ion 20: T2 -> Seg2 (swap_cnt=0, swap_hops=0, ion_hops=0, i1=0, i2=0)
    - MOVE   (10852 -> 10866)  ion 20: Seg2 -> Seg7 via J2
    - MOVE   (10866 -> 10880)  ion 20: Seg7 -> Seg4 via J1
    - MERGE  (10880 -> 10960)  ion 20: Seg4 -> T4
[SHUTTLE 42] ion=18  T4 -> T2  route=T4->J1->J2->T2
    - SPLIT  (11000 -> 11120)  ion 18: T4 -> Seg4 (swap_cnt=1, swap_hops=1, ion_hops=0, i1=18, i2=20)
    - MOVE   (11120 -> 11134)  ion 18: Seg4 -> Seg7 via J1
    - MOVE   (11134 -> 11148)  ion 18: Seg7 -> Seg2 via J2
    - MERGE  (11148 -> 11228)  ion 18: Seg2 -> T2
[SHUTTLE 43] ion=22  T2 -> T4  route=T2->J2->J1->T4
    - SPLIT  (11348 -> 11468)  ion 22: T2 -> Seg2 (swap_cnt=1, swap_hops=3, ion_hops=0, i1=22, i2=18)
    - MOVE   (11468 -> 11482)  ion 22: Seg2 -> Seg7 via J2
    - MOVE   (11482 -> 11496)  ion 22: Seg7 -> Seg4 via J1
    - MERGE  (11496 -> 11576)  ion 22: Seg4 -> T4
[SHUTTLE 44] ion=22  T4 -> T2  route=T4->J1->J2->T2
    - SPLIT  (11616 -> 11696)  ion 22: T4 -> Seg4 (swap_cnt=0, swap_hops=0, ion_hops=0, i1=0, i2=0)
    - MOVE   (11696 -> 11710)  ion 22: Seg4 -> Seg7 via J1
    - MOVE   (11710 -> 11724)  ion 22: Seg7 -> Seg2 via J2
    - MERGE  (11724 -> 11804)  ion 22: Seg2 -> T2
[SHUTTLE 45] ion=22  T2 -> T4  route=T2->J2->J1->T4
    - SPLIT  (11844 -> 11924)  ion 22: T2 -> Seg2 (swap_cnt=0, swap_hops=0, ion_hops=0, i1=0, i2=0)
    - MOVE   (11924 -> 11938)  ion 22: Seg2 -> Seg7 via J2
    - MOVE   (11938 -> 11952)  ion 22: Seg7 -> Seg4 via J1
    - MERGE  (11952 -> 12032)  ion 22: Seg4 -> T4
[SHUTTLE 46] ion=22  T4 -> T2  route=T4->J1->J2->T2
    - SPLIT  (12072 -> 12152)  ion 22: T4 -> Seg4 (swap_cnt=0, swap_hops=0, ion_hops=0, i1=0, i2=0)
    - MOVE   (12152 -> 12166)  ion 22: Seg4 -> Seg7 via J1
    - MOVE   (12166 -> 12180)  ion 22: Seg7 -> Seg2 via J2
    - MERGE  (12180 -> 12260)  ion 22: Seg2 -> T2
[SHUTTLE 47] ion=22  T2 -> T4  route=T2->J2->J1->T4
    - SPLIT  (12300 -> 12380)  ion 22: T2 -> Seg2 (swap_cnt=0, swap_hops=0, ion_hops=0, i1=0, i2=0)
    - MOVE   (12380 -> 12394)  ion 22: Seg2 -> Seg7 via J2
    - MOVE   (12394 -> 12408)  ion 22: Seg7 -> Seg4 via J1
    - MERGE  (12408 -> 12488)  ion 22: Seg4 -> T4
[SHUTTLE 48] ion=20  T4 -> T2  route=T4->J1->J2->T2
    - SPLIT  (12528 -> 12648)  ion 20: T4 -> Seg4 (swap_cnt=1, swap_hops=1, ion_hops=0, i1=20, i2=22)
    - MOVE   (12648 -> 12662)  ion 20: Seg4 -> Seg7 via J1
    - MOVE   (12662 -> 12676)  ion 20: Seg7 -> Seg2 via J2
    - MERGE  (12676 -> 12756)  ion 20: Seg2 -> T2
[SHUTTLE 49] ion=24  T3 -> T4  route=T3->J0->J1->T4
    - SPLIT  (12876 -> 12996)  ion 24: T3 -> Seg3 (swap_cnt=1, swap_hops=1, ion_hops=0, i1=24, i2=23)
    - MOVE   (12996 -> 13010)  ion 24: Seg3 -> Seg6 via J0
    - MOVE   (13010 -> 13024)  ion 24: Seg6 -> Seg4 via J1
    - MERGE  (13024 -> 13104)  ion 24: Seg4 -> T4
[SHUTTLE 50] ion=24  T4 -> T3  route=T4->J1->J0->T3
    - SPLIT  (13144 -> 13224)  ion 24: T4 -> Seg4 (swap_cnt=0, swap_hops=0, ion_hops=0, i1=0, i2=0)
    - MOVE   (13224 -> 13238)  ion 24: Seg4 -> Seg6 via J1
    - MOVE   (13238 -> 13252)  ion 24: Seg6 -> Seg3 via J0
    - MERGE  (13252 -> 13332)  ion 24: Seg3 -> T3
[SHUTTLE 51] ion=24  T3 -> T4  route=T3->J0->J1->T4
    - SPLIT  (13372 -> 13452)  ion 24: T3 -> Seg3 (swap_cnt=0, swap_hops=0, ion_hops=0, i1=0, i2=0)
    - MOVE   (13452 -> 13466)  ion 24: Seg3 -> Seg6 via J0
    - MOVE   (13466 -> 13480)  ion 24: Seg6 -> Seg4 via J1
    - MERGE  (13480 -> 13560)  ion 24: Seg4 -> T4
[SHUTTLE 52] ion=24  T4 -> T3  route=T4->J1->J0->T3
    - SPLIT  (13600 -> 13680)  ion 24: T4 -> Seg4 (swap_cnt=0, swap_hops=0, ion_hops=0, i1=0, i2=0)
    - MOVE   (13680 -> 13694)  ion 24: Seg4 -> Seg6 via J1
    - MOVE   (13694 -> 13708)  ion 24: Seg6 -> Seg3 via J0
    - MERGE  (13708 -> 13788)  ion 24: Seg3 -> T3
[SHUTTLE 53] ion=24  T3 -> T4  route=T3->J0->J1->T4
    - SPLIT  (13828 -> 13908)  ion 24: T3 -> Seg3 (swap_cnt=0, swap_hops=0, ion_hops=0, i1=0, i2=0)
    - MOVE   (13908 -> 13922)  ion 24: Seg3 -> Seg6 via J0
    - MOVE   (13922 -> 13936)  ion 24: Seg6 -> Seg4 via J1
    - MERGE  (13936 -> 14016)  ion 24: Seg4 -> T4
[SHUTTLE 54] ion=22  T4 -> T3  route=T4->J1->J0->T3
    - SPLIT  (14056 -> 14176)  ion 22: T4 -> Seg4 (swap_cnt=1, swap_hops=1, ion_hops=0, i1=22, i2=24)
    - MOVE   (14176 -> 14190)  ion 22: Seg4 -> Seg6 via J1
    - MOVE   (14190 -> 14204)  ion 22: Seg6 -> Seg3 via J0
    - MERGE  (14204 -> 14284)  ion 22: Seg3 -> T3
[SHUTTLE 55] ion=26  T3 -> T4  route=T3->J0->J1->T4
    - SPLIT  (14404 -> 14524)  ion 26: T3 -> Seg3 (swap_cnt=1, swap_hops=3, ion_hops=0, i1=26, i2=22)
    - MOVE   (14524 -> 14538)  ion 26: Seg3 -> Seg6 via J0
    - MOVE   (14538 -> 14552)  ion 26: Seg6 -> Seg4 via J1
    - MERGE  (14552 -> 14632)  ion 26: Seg4 -> T4
[SHUTTLE 56] ion=26  T4 -> T3  route=T4->J1->J0->T3
    - SPLIT  (14672 -> 14752)  ion 26: T4 -> Seg4 (swap_cnt=0, swap_hops=0, ion_hops=0, i1=0, i2=0)
    - MOVE   (14752 -> 14766)  ion 26: Seg4 -> Seg6 via J1
    - MOVE   (14766 -> 14780)  ion 26: Seg6 -> Seg3 via J0
    - MERGE  (14780 -> 14860)  ion 26: Seg3 -> T3
[SHUTTLE 57] ion=26  T3 -> T4  route=T3->J0->J1->T4
    - SPLIT  (14900 -> 14980)  ion 26: T3 -> Seg3 (swap_cnt=0, swap_hops=0, ion_hops=0, i1=0, i2=0)
    - MOVE   (14980 -> 14994)  ion 26: Seg3 -> Seg6 via J0
    - MOVE   (14994 -> 15008)  ion 26: Seg6 -> Seg4 via J1
    - MERGE  (15008 -> 15088)  ion 26: Seg4 -> T4
[SHUTTLE 58] ion=26  T4 -> T3  route=T4->J1->J0->T3
    - SPLIT  (15128 -> 15208)  ion 26: T4 -> Seg4 (swap_cnt=0, swap_hops=0, ion_hops=0, i1=0, i2=0)
    - MOVE   (15208 -> 15222)  ion 26: Seg4 -> Seg6 via J1
    - MOVE   (15222 -> 15236)  ion 26: Seg6 -> Seg3 via J0
    - MERGE  (15236 -> 15316)  ion 26: Seg3 -> T3
[SHUTTLE 59] ion=26  T3 -> T4  route=T3->J0->J1->T4
    - SPLIT  (15356 -> 15436)  ion 26: T3 -> Seg3 (swap_cnt=0, swap_hops=0, ion_hops=0, i1=0, i2=0)
    - MOVE   (15436 -> 15450)  ion 26: Seg3 -> Seg6 via J0
    - MOVE   (15450 -> 15464)  ion 26: Seg6 -> Seg4 via J1
    - MERGE  (15464 -> 15544)  ion 26: Seg4 -> T4
[SHUTTLE 60] ion=24  T4 -> T3  route=T4->J1->J0->T3
    - SPLIT  (15584 -> 15704)  ion 24: T4 -> Seg4 (swap_cnt=1, swap_hops=1, ion_hops=0, i1=24, i2=26)
    - MOVE   (15704 -> 15718)  ion 24: Seg4 -> Seg6 via J1
    - MOVE   (15718 -> 15732)  ion 24: Seg6 -> Seg3 via J0
    - MERGE  (15732 -> 15812)  ion 24: Seg3 -> T3
[SHUTTLE 61] ion=28  T3 -> T4  route=T3->J0->J1->T4
    - SPLIT  (15932 -> 16052)  ion 28: T3 -> Seg3 (swap_cnt=1, swap_hops=5, ion_hops=0, i1=28, i2=24)
    - MOVE   (16052 -> 16066)  ion 28: Seg3 -> Seg6 via J0
    - MOVE   (16066 -> 16080)  ion 28: Seg6 -> Seg4 via J1
    - MERGE  (16080 -> 16160)  ion 28: Seg4 -> T4
[SHUTTLE 62] ion=28  T4 -> T3  route=T4->J1->J0->T3
    - SPLIT  (16200 -> 16280)  ion 28: T4 -> Seg4 (swap_cnt=0, swap_hops=0, ion_hops=0, i1=0, i2=0)
    - MOVE   (16280 -> 16294)  ion 28: Seg4 -> Seg6 via J1
    - MOVE   (16294 -> 16308)  ion 28: Seg6 -> Seg3 via J0
    - MERGE  (16308 -> 16388)  ion 28: Seg3 -> T3
[SHUTTLE 63] ion=28  T3 -> T4  route=T3->J0->J1->T4
    - SPLIT  (16428 -> 16508)  ion 28: T3 -> Seg3 (swap_cnt=0, swap_hops=0, ion_hops=0, i1=0, i2=0)
    - MOVE   (16508 -> 16522)  ion 28: Seg3 -> Seg6 via J0
    - MOVE   (16522 -> 16536)  ion 28: Seg6 -> Seg4 via J1
    - MERGE  (16536 -> 16616)  ion 28: Seg4 -> T4
[SHUTTLE 64] ion=28  T4 -> T3  route=T4->J1->J0->T3
    - SPLIT  (16656 -> 16736)  ion 28: T4 -> Seg4 (swap_cnt=0, swap_hops=0, ion_hops=0, i1=0, i2=0)
    - MOVE   (16736 -> 16750)  ion 28: Seg4 -> Seg6 via J1
    - MOVE   (16750 -> 16764)  ion 28: Seg6 -> Seg3 via J0
    - MERGE  (16764 -> 16844)  ion 28: Seg3 -> T3
[SHUTTLE 65] ion=28  T3 -> T4  route=T3->J0->J1->T4
    - SPLIT  (16884 -> 16964)  ion 28: T3 -> Seg3 (swap_cnt=0, swap_hops=0, ion_hops=0, i1=0, i2=0)
    - MOVE   (16964 -> 16978)  ion 28: Seg3 -> Seg6 via J0
    - MOVE   (16978 -> 16992)  ion 28: Seg6 -> Seg4 via J1
    - MERGE  (16992 -> 17072)  ion 28: Seg4 -> T4
[SHUTTLE 66] ion=26  T4 -> T3  route=T4->J1->J0->T3
    - SPLIT  (17112 -> 17232)  ion 26: T4 -> Seg4 (swap_cnt=1, swap_hops=1, ion_hops=0, i1=26, i2=28)
    - MOVE   (17232 -> 17246)  ion 26: Seg4 -> Seg6 via J1
    - MOVE   (17246 -> 17260)  ion 26: Seg6 -> Seg3 via J0
    - MERGE  (17260 -> 17340)  ion 26: Seg3 -> T3
[SHUTTLE 67] ion=30  T3 -> T4  route=T3->J0->J1->T4
    - SPLIT  (17460 -> 17580)  ion 30: T3 -> Seg3 (swap_cnt=1, swap_hops=7, ion_hops=0, i1=30, i2=26)
    - MOVE   (17580 -> 17594)  ion 30: Seg3 -> Seg6 via J0
    - MOVE   (17594 -> 17608)  ion 30: Seg6 -> Seg4 via J1
    - MERGE  (17608 -> 17688)  ion 30: Seg4 -> T4
[SHUTTLE 68] ion=30  T4 -> T3  route=T4->J1->J0->T3
    - SPLIT  (17728 -> 17808)  ion 30: T4 -> Seg4 (swap_cnt=0, swap_hops=0, ion_hops=0, i1=0, i2=0)
    - MOVE   (17808 -> 17822)  ion 30: Seg4 -> Seg6 via J1
    - MOVE   (17822 -> 17836)  ion 30: Seg6 -> Seg3 via J0
    - MERGE  (17836 -> 17916)  ion 30: Seg3 -> T3
[SHUTTLE 69] ion=30  T3 -> T4  route=T3->J0->J1->T4
    - SPLIT  (17956 -> 18036)  ion 30: T3 -> Seg3 (swap_cnt=0, swap_hops=0, ion_hops=0, i1=0, i2=0)
    - MOVE   (18036 -> 18050)  ion 30: Seg3 -> Seg6 via J0
    - MOVE   (18050 -> 18064)  ion 30: Seg6 -> Seg4 via J1
    - MERGE  (18064 -> 18144)  ion 30: Seg4 -> T4
[SHUTTLE 70] ion=30  T4 -> T3  route=T4->J1->J0->T3
    - SPLIT  (18184 -> 18264)  ion 30: T4 -> Seg4 (swap_cnt=0, swap_hops=0, ion_hops=0, i1=0, i2=0)
    - MOVE   (18264 -> 18278)  ion 30: Seg4 -> Seg6 via J1
    - MOVE   (18278 -> 18292)  ion 30: Seg6 -> Seg3 via J0
    - MERGE  (18292 -> 18372)  ion 30: Seg3 -> T3
[SHUTTLE 71] ion=30  T3 -> T4  route=T3->J0->J1->T4
    - SPLIT  (18412 -> 18492)  ion 30: T3 -> Seg3 (swap_cnt=0, swap_hops=0, ion_hops=0, i1=0, i2=0)
    - MOVE   (18492 -> 18506)  ion 30: Seg3 -> Seg6 via J0
    - MOVE   (18506 -> 18520)  ion 30: Seg6 -> Seg4 via J1
    - MERGE  (18520 -> 18600)  ion 30: Seg4 -> T4
[SHUTTLE 72] ion=28  T4 -> T3  route=T4->J1->J0->T3
    - SPLIT  (18640 -> 18760)  ion 28: T4 -> Seg4 (swap_cnt=1, swap_hops=1, ion_hops=0, i1=28, i2=30)
    - MOVE   (18760 -> 18774)  ion 28: Seg4 -> Seg6 via J1
    - MOVE   (18774 -> 18788)  ion 28: Seg6 -> Seg3 via J0
    - MERGE  (18788 -> 18868)  ion 28: Seg3 -> T3
[SHUTTLE 73] ion=30  T4 -> T0  route=T4->J1->J0->T0
    - SPLIT  (18988 -> 19068)  ion 30: T4 -> Seg4 (swap_cnt=0, swap_hops=0, ion_hops=0, i1=0, i2=0)
    - MOVE   (19068 -> 19082)  ion 30: Seg4 -> Seg6 via J1
    - MOVE   (19082 -> 19096)  ion 30: Seg6 -> Seg0 via J0
    - MERGE  (19096 -> 19176)  ion 30: Seg0 -> T0
[SHUTTLE 74] ion=29  T3 -> T4  route=T3->J0->J1->T4
    - SPLIT  (19216 -> 19336)  ion 29: T3 -> Seg3 (swap_cnt=1, swap_hops=7, ion_hops=0, i1=29, i2=28)
    - MOVE   (19336 -> 19350)  ion 29: Seg3 -> Seg6 via J0
    - MOVE   (19350 -> 19364)  ion 29: Seg6 -> Seg4 via J1
    - MERGE  (19364 -> 19444)  ion 29: Seg4 -> T4
[SHUTTLE 75] ion=30  T0 -> T4  route=T0->J0->J1->T4
    - SPLIT  (19444 -> 19524)  ion 30: T0 -> Seg0 (swap_cnt=0, swap_hops=0, ion_hops=0, i1=0, i2=0)
    - MOVE   (19524 -> 19538)  ion 30: Seg0 -> Seg6 via J0
    - MOVE   (19538 -> 19552)  ion 30: Seg6 -> Seg4 via J1
    - MERGE  (19552 -> 19632)  ion 30: Seg4 -> T4
[SHUTTLE 76] ion=30  T4 -> T3  route=T4->J1->J0->T3
    - SPLIT  (19672 -> 19752)  ion 30: T4 -> Seg4 (swap_cnt=0, swap_hops=0, ion_hops=0, i1=0, i2=0)
    - MOVE   (19752 -> 19766)  ion 30: Seg4 -> Seg6 via J1
    - MOVE   (19766 -> 19780)  ion 30: Seg6 -> Seg3 via J0
    - MERGE  (19780 -> 19860)  ion 30: Seg3 -> T3
[SHUTTLE 77] ion=30  T3 -> T4  route=T3->J0->J1->T4
    - SPLIT  (19900 -> 19980)  ion 30: T3 -> Seg3 (swap_cnt=0, swap_hops=0, ion_hops=0, i1=0, i2=0)
    - MOVE   (19980 -> 19994)  ion 30: Seg3 -> Seg6 via J0
    - MOVE   (19994 -> 20008)  ion 30: Seg6 -> Seg4 via J1
    - MERGE  (20008 -> 20088)  ion 30: Seg4 -> T4
[SHUTTLE 78] ion=30  T4 -> T3  route=T4->J1->J0->T3
    - SPLIT  (20128 -> 20208)  ion 30: T4 -> Seg4 (swap_cnt=0, swap_hops=0, ion_hops=0, i1=0, i2=0)
    - MOVE   (20208 -> 20222)  ion 30: Seg4 -> Seg6 via J1
    - MOVE   (20222 -> 20236)  ion 30: Seg6 -> Seg3 via J0
    - MERGE  (20236 -> 20316)  ion 30: Seg3 -> T3
[SHUTTLE 79] ion=28  T3 -> T4  route=T3->J0->J1->T4
    - SPLIT  (20356 -> 20476)  ion 28: T3 -> Seg3 (swap_cnt=1, swap_hops=1, ion_hops=0, i1=28, i2=30)
    - MOVE   (20476 -> 20490)  ion 28: Seg3 -> Seg6 via J0
    - MOVE   (20490 -> 20504)  ion 28: Seg6 -> Seg4 via J1
    - MERGE  (20504 -> 20584)  ion 28: Seg4 -> T4
[SHUTTLE 80] ion=28  T4 -> T3  route=T4->J1->J0->T3
    - SPLIT  (20664 -> 20744)  ion 28: T4 -> Seg4 (swap_cnt=0, swap_hops=0, ion_hops=0, i1=0, i2=0)
    - MOVE   (20744 -> 20758)  ion 28: Seg4 -> Seg6 via J1
    - MOVE   (20758 -> 20772)  ion 28: Seg6 -> Seg3 via J0
    - MERGE  (20772 -> 20852)  ion 28: Seg3 -> T3
[SHUTTLE 81] ion=30  T3 -> T4  route=T3->J0->J1->T4
    - SPLIT  (20892 -> 21012)  ion 30: T3 -> Seg3 (swap_cnt=1, swap_hops=1, ion_hops=0, i1=30, i2=28)
    - MOVE   (21012 -> 21026)  ion 30: Seg3 -> Seg6 via J0
    - MOVE   (21026 -> 21040)  ion 30: Seg6 -> Seg4 via J1
    - MERGE  (21040 -> 21120)  ion 30: Seg4 -> T4
[SHUTTLE 82] ion=21  T2 -> T3  route=T2->J2->J1->J0->T3
    - SPLIT  (21772 -> 21892)  ion 21: T2 -> Seg2 (swap_cnt=1, swap_hops=4, ion_hops=0, i1=21, i2=20)
    - MOVE   (21892 -> 21906)  ion 21: Seg2 -> Seg7 via J2
    - MOVE   (21906 -> 21920)  ion 21: Seg7 -> Seg6 via J1
    - MOVE   (21920 -> 21934)  ion 21: Seg6 -> Seg3 via J0
    - MERGE  (21934 -> 22014)  ion 21: Seg3 -> T3
[SHUTTLE 83] ion=22  T3 -> T2  route=T3->J0->J1->J2->T2
    - SPLIT  (22054 -> 22174)  ion 22: T3 -> Seg3 (swap_cnt=1, swap_hops=4, ion_hops=0, i1=22, i2=21)
    - MOVE   (22174 -> 22188)  ion 22: Seg3 -> Seg6 via J0
    - MOVE   (22188 -> 22202)  ion 22: Seg6 -> Seg7 via J1
    - MOVE   (22202 -> 22216)  ion 22: Seg7 -> Seg2 via J2
    - MERGE  (22216 -> 22296)  ion 22: Seg2 -> T2
[SHUTTLE 84] ion=22  T2 -> T3  route=T2->J2->J1->J0->T3
    - SPLIT  (22336 -> 22416)  ion 22: T2 -> Seg2 (swap_cnt=0, swap_hops=0, ion_hops=0, i1=0, i2=0)
    - MOVE   (22416 -> 22430)  ion 22: Seg2 -> Seg7 via J2
    - MOVE   (22430 -> 22444)  ion 22: Seg7 -> Seg6 via J1
    - MOVE   (22444 -> 22458)  ion 22: Seg6 -> Seg3 via J0
    - MERGE  (22458 -> 22538)  ion 22: Seg3 -> T3
[SHUTTLE 85] ion=22  T3 -> T2  route=T3->J0->J1->J2->T2
    - SPLIT  (22578 -> 22658)  ion 22: T3 -> Seg3 (swap_cnt=0, swap_hops=0, ion_hops=0, i1=0, i2=0)
    - MOVE   (22658 -> 22672)  ion 22: Seg3 -> Seg6 via J0
    - MOVE   (22672 -> 22686)  ion 22: Seg6 -> Seg7 via J1
    - MOVE   (22686 -> 22700)  ion 22: Seg7 -> Seg2 via J2
    - MERGE  (22700 -> 22780)  ion 22: Seg2 -> T2
[SHUTTLE 86] ion=20  T2 -> T3  route=T2->J2->J1->J0->T3
    - SPLIT  (22820 -> 22940)  ion 20: T2 -> Seg2 (swap_cnt=1, swap_hops=1, ion_hops=0, i1=20, i2=22)
    - MOVE   (22940 -> 22954)  ion 20: Seg2 -> Seg7 via J2
    - MOVE   (22954 -> 22968)  ion 20: Seg7 -> Seg6 via J1
    - MOVE   (22968 -> 22982)  ion 20: Seg6 -> Seg3 via J0
    - MERGE  (22982 -> 23062)  ion 20: Seg3 -> T3
[SHUTTLE 87] ion=20  T3 -> T2  route=T3->J0->J1->J2->T2
    - SPLIT  (23142 -> 23222)  ion 20: T3 -> Seg3 (swap_cnt=0, swap_hops=0, ion_hops=0, i1=0, i2=0)
    - MOVE   (23222 -> 23236)  ion 20: Seg3 -> Seg6 via J0
    - MOVE   (23236 -> 23250)  ion 20: Seg6 -> Seg7 via J1
    - MOVE   (23250 -> 23264)  ion 20: Seg7 -> Seg2 via J2
    - MERGE  (23264 -> 23344)  ion 20: Seg2 -> T2
[SHUTTLE 88] ion=22  T2 -> T3  route=T2->J2->J1->J0->T3
    - SPLIT  (23384 -> 23504)  ion 22: T2 -> Seg2 (swap_cnt=1, swap_hops=1, ion_hops=0, i1=22, i2=20)
    - MOVE   (23504 -> 23518)  ion 22: Seg2 -> Seg7 via J2
    - MOVE   (23518 -> 23532)  ion 22: Seg7 -> Seg6 via J1
    - MOVE   (23532 -> 23546)  ion 22: Seg6 -> Seg3 via J0
    - MERGE  (23546 -> 23626)  ion 22: Seg3 -> T3
[SHUTTLE 89] ion=13  T1 -> T2  route=T1->J1->J2->T2
    - SPLIT  (24264 -> 24384)  ion 13: T1 -> Seg1 (swap_cnt=1, swap_hops=4, ion_hops=0, i1=13, i2=12)
    - MOVE   (24384 -> 24398)  ion 13: Seg1 -> Seg7 via J1
    - MOVE   (24398 -> 24412)  ion 13: Seg7 -> Seg2 via J2
    - MERGE  (24412 -> 24492)  ion 13: Seg2 -> T2
[SHUTTLE 90] ion=14  T2 -> T1  route=T2->J2->J1->T1
    - SPLIT  (24532 -> 24652)  ion 14: T2 -> Seg2 (swap_cnt=1, swap_hops=4, ion_hops=0, i1=14, i2=13)
    - MOVE   (24652 -> 24666)  ion 14: Seg2 -> Seg7 via J2
    - MOVE   (24666 -> 24680)  ion 14: Seg7 -> Seg1 via J1
    - MERGE  (24680 -> 24760)  ion 14: Seg1 -> T1
[SHUTTLE 91] ion=14  T1 -> T2  route=T1->J1->J2->T2
    - SPLIT  (24800 -> 24880)  ion 14: T1 -> Seg1 (swap_cnt=0, swap_hops=0, ion_hops=0, i1=0, i2=0)
    - MOVE   (24880 -> 24894)  ion 14: Seg1 -> Seg7 via J1
    - MOVE   (24894 -> 24908)  ion 14: Seg7 -> Seg2 via J2
    - MERGE  (24908 -> 24988)  ion 14: Seg2 -> T2
[SHUTTLE 92] ion=14  T2 -> T1  route=T2->J2->J1->T1
    - SPLIT  (25028 -> 25108)  ion 14: T2 -> Seg2 (swap_cnt=0, swap_hops=0, ion_hops=0, i1=0, i2=0)
    - MOVE   (25108 -> 25122)  ion 14: Seg2 -> Seg7 via J2
    - MOVE   (25122 -> 25136)  ion 14: Seg7 -> Seg1 via J1
    - MERGE  (25136 -> 25216)  ion 14: Seg1 -> T1
[SHUTTLE 93] ion=12  T1 -> T2  route=T1->J1->J2->T2
    - SPLIT  (25256 -> 25376)  ion 12: T1 -> Seg1 (swap_cnt=1, swap_hops=1, ion_hops=0, i1=12, i2=14)
    - MOVE   (25376 -> 25390)  ion 12: Seg1 -> Seg7 via J1
    - MOVE   (25390 -> 25404)  ion 12: Seg7 -> Seg2 via J2
    - MERGE  (25404 -> 25484)  ion 12: Seg2 -> T2
[SHUTTLE 94] ion=12  T2 -> T1  route=T2->J2->J1->T1
    - SPLIT  (25564 -> 25644)  ion 12: T2 -> Seg2 (swap_cnt=0, swap_hops=0, ion_hops=0, i1=0, i2=0)
    - MOVE   (25644 -> 25658)  ion 12: Seg2 -> Seg7 via J2
    - MOVE   (25658 -> 25672)  ion 12: Seg7 -> Seg1 via J1
    - MERGE  (25672 -> 25752)  ion 12: Seg1 -> T1
[SHUTTLE 95] ion=14  T1 -> T2  route=T1->J1->J2->T2
    - SPLIT  (25792 -> 25912)  ion 14: T1 -> Seg1 (swap_cnt=1, swap_hops=1, ion_hops=0, i1=14, i2=12)
    - MOVE   (25912 -> 25926)  ion 14: Seg1 -> Seg7 via J1
    - MOVE   (25926 -> 25940)  ion 14: Seg7 -> Seg2 via J2
    - MERGE  (25940 -> 26020)  ion 14: Seg2 -> T2
[SHUTTLE 96] ion=6  T1 -> T0  route=T1->J1->J0->T0
    - SPLIT  (26672 -> 26792)  ion 6: T1 -> Seg1 (swap_cnt=1, swap_hops=3, ion_hops=0, i1=6, i2=12)
    - MOVE   (26792 -> 26806)  ion 6: Seg1 -> Seg6 via J1
    - MOVE   (26806 -> 26820)  ion 6: Seg6 -> Seg0 via J0
    - MERGE  (26820 -> 26900)  ion 6: Seg0 -> T0
SplitSWAP: 37
SchedulerFiredShuttle: 97
ReportedTotalShuttle: 97
----------------
SUMMARY|program=programs\ADDER32|machine=G2x3|version=V6|mapper=SABRE2|scale=SMALL|total_shuttle=97|execution_time_us=27850|fidelity=0.3709796196556576|trap_capacity=8|lookahead_k=None|swap_threshold=None|num_optical_zones=1|max_qubits_per_qccd=32|enable_swap_insert=0|num_modules=0|remote_gate_count=None|compile_time_s=0.167418|logical_shuttle_count=97|physical_shuttle_leg_count=97|split_count=97|merge_count=97|move_count=177
