Simulation
Program:           programs\ADDER32.qasm
Machine:           G2x3
Model:             MUSS_Params
Ions/Region:       8
Mapper:            SABRE
Reorder:           Naive
SerialTrap:        1
SerialComm:        1
SerialAll:         1
GateType:          FM
SwapType:          PaperSwapDirect
Scheduler Family:  MUSS
Scheduler Version: V2
Analyzer Mode:     PAPER
Arch Scale:        SMALL
========== Gate Set Summary ==========
cx: 256
h: 60
t: 120
tdg: 90
x: 30
======================================
Parse object map:
{0: [2, 1], 1: [2, 0], 3: [1, 2], 5: [0, 2], 7: [1, 2], 10: [0, 2], 11: [0, 1], 16: [0, 1], 17: [4, 3], 18: [4, 2], 20: [3, 4], 22: [2, 4], 24: [3, 4], 27: [2, 4], 28: [2, 3], 33: [2, 3], 34: [6, 5], 35: [6, 4], 37: [5, 6], 39: [4, 6], 41: [5, 6], 44: [4, 6], 45: [4, 5], 50: [4, 5], 51: [8, 7], 52: [8, 6], 54: [7, 8], 56: [6, 8], 58: [7, 8], 61: [6, 8], 62: [6, 7], 67: [6, 7], 68: [10, 9], 69: [10, 8], 71: [9, 10], 73: [8, 10], 75: [9, 10], 78: [8, 10], 79: [8, 9], 84: [8, 9], 85: [12, 11], 86: [12, 10], 88: [11, 12], 90: [10, 12], 92: [11, 12], 95: [10, 12], 96: [10, 11], 101: [10, 11], 102: [14, 13], 103: [14, 12], 105: [13, 14], 107: [12, 14], 109: [13, 14], 112: [12, 14], 113: [12, 13], 118: [12, 13], 119: [16, 15], 120: [16, 14], 122: [15, 16], 124: [14, 16], 126: [15, 16], 129: [14, 16], 130: [14, 15], 135: [14, 15], 136: [18, 17], 137: [18, 16], 139: [17, 18], 141: [16, 18], 143: [17, 18], 146: [16, 18], 147: [16, 17], 152: [16, 17], 153: [20, 19], 154: [20, 18], 156: [19, 20], 158: [18, 20], 160: [19, 20], 163: [18, 20], 164: [18, 19], 169: [18, 19], 170: [22, 21], 171: [22, 20], 173: [21, 22], 175: [20, 22], 177: [21, 22], 180: [20, 22], 181: [20, 21], 186: [20, 21], 187: [24, 23], 188: [24, 22], 190: [23, 24], 192: [22, 24], 194: [23, 24], 197: [22, 24], 198: [22, 23], 203: [22, 23], 204: [26, 25], 205: [26, 24], 207: [25, 26], 209: [24, 26], 211: [25, 26], 214: [24, 26], 215: [24, 25], 220: [24, 25], 221: [28, 27], 222: [28, 26], 224: [27, 28], 226: [26, 28], 228: [27, 28], 231: [26, 28], 232: [26, 27], 237: [26, 27], 238: [30, 29], 239: [30, 28], 241: [29, 30], 243: [28, 30], 245: [29, 30], 248: [28, 30], 249: [28, 29], 254: [28, 29], 255: [30, 31], 257: [28, 29], 259: [29, 30], 261: [28, 30], 263: [29, 30], 266: [28, 30], 267: [28, 29], 272: [28, 29], 274: [30, 28], 275: [30, 29], 277: [26, 27], 279: [27, 28], 281: [26, 28], 283: [27, 28], 286: [26, 28], 287: [26, 27], 292: [26, 27], 294: [28, 26], 295: [28, 27], 297: [24, 25], 299: [25, 26], 301: [24, 26], 303: [25, 26], 306: [24, 26], 307: [24, 25], 312: [24, 25], 314: [26, 24], 315: [26, 25], 317: [22, 23], 319: [23, 24], 321: [22, 24], 323: [23, 24], 326: [22, 24], 327: [22, 23], 332: [22, 23], 334: [24, 22], 335: [24, 23], 337: [20, 21], 339: [21, 22], 341: [20, 22], 343: [21, 22], 346: [20, 22], 347: [20, 21], 352: [20, 21], 354: [22, 20], 355: [22, 21], 357: [18, 19], 359: [19, 20], 361: [18, 20], 363: [19, 20], 366: [18, 20], 367: [18, 19], 372: [18, 19], 374: [20, 18], 375: [20, 19], 377: [16, 17], 379: [17, 18], 381: [16, 18], 383: [17, 18], 386: [16, 18], 387: [16, 17], 392: [16, 17], 394: [18, 16], 395: [18, 17], 397: [14, 15], 399: [15, 16], 401: [14, 16], 403: [15, 16], 406: [14, 16], 407: [14, 15], 412: [14, 15], 414: [16, 14], 415: [16, 15], 417: [12, 13], 419: [13, 14], 421: [12, 14], 423: [13, 14], 426: [12, 14], 427: [12, 13], 432: [12, 13], 434: [14, 12], 435: [14, 13], 437: [10, 11], 439: [11, 12], 441: [10, 12], 443: [11, 12], 446: [10, 12], 447: [10, 11], 452: [10, 11], 454: [12, 10], 455: [12, 11], 457: [8, 9], 459: [9, 10], 461: [8, 10], 463: [9, 10], 466: [8, 10], 467: [8, 9], 472: [8, 9], 474: [10, 8], 475: [10, 9], 477: [6, 7], 479: [7, 8], 481: [6, 8], 483: [7, 8], 486: [6, 8], 487: [6, 7], 492: [6, 7], 494: [8, 6], 495: [8, 7], 497: [4, 5], 499: [5, 6], 501: [4, 6], 503: [5, 6], 506: [4, 6], 507: [4, 5], 512: [4, 5], 514: [6, 4], 515: [6, 5], 517: [2, 3], 519: [3, 4], 521: [2, 4], 523: [3, 4], 526: [2, 4], 527: [2, 3], 532: [2, 3], 534: [4, 2], 535: [4, 3], 537: [0, 1], 539: [1, 2], 541: [0, 2], 543: [1, 2], 546: [0, 2], 547: [0, 1], 552: [0, 1], 554: [2, 0], 555: [2, 1]}
Parse object graph:
DiGraph with 556 nodes and 780 edges
Using QubitMapSABRE2 mapper (matches muss_schedule2 paper version)
Raw mapping:
{0: 0, 1: 0, 2: 0, 3: 0, 4: 0, 5: 0, 6: 0, 7: 1, 8: 1, 9: 1, 10: 1, 11: 1, 12: 1, 13: 1, 14: 1, 15: 2, 16: 2, 17: 2, 18: 2, 19: 2, 20: 2, 21: 2, 22: 2, 23: 3, 24: 3, 25: 3, 26: 3, 27: 3, 28: 3, 29: 3, 30: 3, 31: 0}
Initial layout policy: mapping_only + canonicalize_to_trap_layout
Note: reorder_choice='Naive' is ignored for mapper 'SABRE'
Skip qubit ordering for mapper 'SABRE'
Initial qubit layout:
{0: [0, 1, 2, 3, 4, 5, 6, 31], 1: [7, 8, 9, 10, 11, 12, 13, 14], 2: [15, 16, 17, 18, 19, 20, 21, 22], 3: [23, 24, 25, 26, 27, 28, 29, 30], 4: [], 5: []}
Using MUSS Scheduler (V2) with SABRE Mapping
Using muss_schedule2.py paper-faithful fixed version
Analyzer shuttle mode: aggregate (detected shuttle_id annotations)
Analyzer parameter wiring: alpha_bg=0.0001, T1=600000000.0, k_heating=0.001, epsilon_2q=3.90625e-05, strict_paper_mainline=False
Analyzer mode: paper
Program Finish Time: 4244 us
OPCOUNTS Gate: 556 Split: 12 Move: 23 Merge: 12

Two-qubit gate chain statistics
Mean: 7.75 Max: 8.0
Fidelity: 0.46391668690539684

Shuttle count summary
  logical_shuttle_count      = 9   # High-level shuttle count aggregated by shuttle_id
  physical_shuttle_leg_count = 12   # Paper-facing count: each complete trap-to-trap split+move+merge leg
  split_count                = 12
  merge_count                = 12
  move_count                 = 23
[DBG SUMMARY] gates=556  gate_mult=0.480383  avg_gate_nbar=1.9434
[DBG SUMMARY] logical_shuttles=9  shuttle_mult=0.965723  min_shuttle=0.9949
[DBG SUMMARY] worst_B: Trap 4 -> 0.999040 (heat_state=9.600000, alpha_bg=0.0001, move_bg_fraction=0.0, model=exp, strict_paper_mainline=False)

========== ANALYSIS RESULT ==========
{'fidelity': 0.46391668690539684, 'total_shuttle': 12, 'logical_shuttle_count': 9, 'physical_shuttle_leg_count': 12, 'split_count': 12, 'merge_count': 12, 'move_count': 23, 'time': 4244}

========== SHUTTLE TRACE ==========
[SHUTTLE 0] ion=31  T0 -> T4  route=T0->J0->J1->T4
    - SPLIT  (1360 -> 1440)  ion 31: T0 -> Seg0 (swap_cnt=0, swap_hops=0, ion_hops=0, i1=0, i2=0)
    - MOVE   (1440 -> 1454)  ion 31: Seg0 -> Seg6 via J0
    - MOVE   (1454 -> 1468)  ion 31: Seg6 -> Seg4 via J1
    - MERGE  (1468 -> 1548)  ion 31: Seg4 -> T4
[SHUTTLE 1] ion=8  T1 -> T4  route=T1->J1->T4
    - SPLIT  (1548 -> 1668)  ion 8: T1 -> Seg1 (swap_cnt=1, swap_hops=6, ion_hops=0, i1=8, i2=14)
    - MOVE   (1668 -> 1682)  ion 8: Seg1 -> Seg4 via J1
    - MERGE  (1682 -> 1762)  ion 8: Seg4 -> T4
[SHUTTLE 2] ion=15  T2 -> T4  route=T2->J2->J1->T4
    - SPLIT  (1762 -> 1882)  ion 15: T2 -> Seg2 (swap_cnt=1, swap_hops=7, ion_hops=0, i1=15, i2=22)
    - MOVE   (1882 -> 1896)  ion 15: Seg2 -> Seg7 via J2
    - MOVE   (1896 -> 1910)  ion 15: Seg7 -> Seg4 via J1
    - MERGE  (1910 -> 1990)  ion 15: Seg4 -> T4
[SHUTTLE 3] ion=23  T3 -> T4  route=T3->J0->J1->T4
    - SPLIT  (1990 -> 2070)  ion 23: T3 -> Seg3 (swap_cnt=0, swap_hops=0, ion_hops=0, i1=0, i2=0)
    - MOVE   (2070 -> 2084)  ion 23: Seg3 -> Seg6 via J0
    - MOVE   (2084 -> 2098)  ion 23: Seg6 -> Seg4 via J1
    - MERGE  (2098 -> 2178)  ion 23: Seg4 -> T4
[SHUTTLE 4] ion=7  T1 -> T0  route=T1->J1->J0->T0
    - SPLIT  (2178 -> 2298)  ion 7: T1 -> Seg1 (swap_cnt=1, swap_hops=6, ion_hops=0, i1=7, i2=14)
    - MOVE   (2298 -> 2312)  ion 7: Seg1 -> Seg6 via J1
    - MOVE   (2312 -> 2326)  ion 7: Seg6 -> Seg0 via J0
    - MERGE  (2326 -> 2406)  ion 7: Seg0 -> T0
[SHUTTLE 5] ion=15  T4 -> T1  route=T4->J1->T1
    - SPLIT  (2406 -> 2526)  ion 15: T4 -> Seg4 (swap_cnt=1, swap_hops=1, ion_hops=0, i1=15, i2=23)
    - MOVE   (2526 -> 2540)  ion 15: Seg4 -> Seg1 via J1
    - MERGE  (2540 -> 2620)  ion 15: Seg1 -> T1
[SHUTTLE 6] ion=23  T4 -> T2  route=T4->J1->J2->T2
    - SPLIT  (2620 -> 2700)  ion 23: T4 -> Seg4 (swap_cnt=0, swap_hops=0, ion_hops=0, i1=0, i2=0)
    - MOVE   (2700 -> 2714)  ion 23: Seg4 -> Seg7 via J1
    - MOVE   (2714 -> 2728)  ion 23: Seg7 -> Seg2 via J2
    - MERGE  (2728 -> 2808)  ion 23: Seg2 -> T2
[SHUTTLE 7] ion=31  T4 -> T3  route=T4->J1->J0->T3
    - SPLIT  (2808 -> 2928)  ion 31: T4 -> Seg4 (swap_cnt=1, swap_hops=1, ion_hops=0, i1=31, i2=8)
    - MOVE   (2928 -> 2942)  ion 31: Seg4 -> Seg6 via J1
    - MOVE   (2942 -> 2956)  ion 31: Seg6 -> Seg3 via J0
    - MERGE  (2956 -> 3036)  ion 31: Seg3 -> T3
[SHUTTLE 8] ion=6  T0 -> T4  route=T0->J0->J1->T4
    - SPLIT  (3036 -> 3156)  ion 6: T0 -> Seg0 (swap_cnt=1, swap_hops=1, ion_hops=0, i1=6, i2=7)
    - MOVE   (3156 -> 3170)  ion 6: Seg0 -> Seg6 via J0
    - MOVE   (3170 -> 3184)  ion 6: Seg6 -> Seg4 via J1
    - MERGE  (3184 -> 3264)  ion 6: Seg4 -> T4
[SHUTTLE 9] ion=16  T2 -> T1  route=T2->J2->J1->T1
    - SPLIT  (3264 -> 3384)  ion 16: T2 -> Seg2 (swap_cnt=1, swap_hops=7, ion_hops=0, i1=16, i2=23)
    - MOVE   (3384 -> 3398)  ion 16: Seg2 -> Seg7 via J2
    - MOVE   (3398 -> 3412)  ion 16: Seg7 -> Seg1 via J1
    - MERGE  (3412 -> 3492)  ion 16: Seg1 -> T1
[SHUTTLE 10] ion=24  T3 -> T2  route=T3->J0->J1->J2->T2
    - SPLIT  (3492 -> 3612)  ion 24: T3 -> Seg3 (swap_cnt=1, swap_hops=1, ion_hops=0, i1=24, i2=31)
    - MOVE   (3612 -> 3626)  ion 24: Seg3 -> Seg6 via J0
    - MOVE   (3626 -> 3640)  ion 24: Seg6 -> Seg7 via J1
    - MOVE   (3640 -> 3654)  ion 24: Seg7 -> Seg2 via J2
    - MERGE  (3654 -> 3734)  ion 24: Seg2 -> T2
[SHUTTLE 11] ion=7  T0 -> T4  route=T0->J0->J1->T4
    - SPLIT  (3734 -> 3814)  ion 7: T0 -> Seg0 (swap_cnt=0, swap_hops=0, ion_hops=0, i1=0, i2=0)
    - MOVE   (3814 -> 3828)  ion 7: Seg0 -> Seg6 via J0
    - MOVE   (3828 -> 3842)  ion 7: Seg6 -> Seg4 via J1
    - MERGE  (3842 -> 3922)  ion 7: Seg4 -> T4
SplitSWAP: 8
SchedulerFiredShuttle: 12
ReportedTotalShuttle: 12
----------------
