========== Gate Set Summary ==========
cx: 256
h: 60
t: 120
tdg: 90
x: 30
======================================
Simulation
Program:           programs\ADDER32.qasm
Machine:           G2x2
Model:             MUSS_Params
Program Qubits:    32
Ions/Region(arg):  12
Effective Cap:     12
Mapper:            SABRE
Reorder:           Naive
SerialTrap:        1
SerialComm:        1
SerialAll:         1
GateType:          FM
SwapType:          PaperSwapDirect
Scheduler Family:  MUSS
Scheduler Version: V2
Analyzer Mode:     PAPER
Arch Scale:        SMALL
Strict Repro:      False
Large.Env.K:       None
Large.Env.T:       None
Large.Env.MaxQCCD: 32
Large.Env.OptZone: 1
Large.Env.SWAP:    False
#Traps=4 #Junctions=2 #Segments=5
TrapCapacity(default)=12
Parse object map:
{0: [2, 1], 1: [2, 0], 3: [1, 2], 5: [0, 2], 7: [1, 2], 10: [0, 2], 11: [0, 1], 16: [0, 1], 17: [4, 3], 18: [4, 2], 20: [3, 4], 22: [2, 4], 24: [3, 4], 27: [2, 4], 28: [2, 3], 33: [2, 3], 34: [6, 5], 35: [6, 4], 37: [5, 6], 39: [4, 6], 41: [5, 6], 44: [4, 6], 45: [4, 5], 50: [4, 5], 51: [8, 7], 52: [8, 6], 54: [7, 8], 56: [6, 8], 58: [7, 8], 61: [6, 8], 62: [6, 7], 67: [6, 7], 68: [10, 9], 69: [10, 8], 71: [9, 10], 73: [8, 10], 75: [9, 10], 78: [8, 10], 79: [8, 9], 84: [8, 9], 85: [12, 11], 86: [12, 10], 88: [11, 12], 90: [10, 12], 92: [11, 12], 95: [10, 12], 96: [10, 11], 101: [10, 11], 102: [14, 13], 103: [14, 12], 105: [13, 14], 107: [12, 14], 109: [13, 14], 112: [12, 14], 113: [12, 13], 118: [12, 13], 119: [16, 15], 120: [16, 14], 122: [15, 16], 124: [14, 16], 126: [15, 16], 129: [14, 16], 130: [14, 15], 135: [14, 15], 136: [18, 17], 137: [18, 16], 139: [17, 18], 141: [16, 18], 143: [17, 18], 146: [16, 18], 147: [16, 17], 152: [16, 17], 153: [20, 19], 154: [20, 18], 156: [19, 20], 158: [18, 20], 160: [19, 20], 163: [18, 20], 164: [18, 19], 169: [18, 19], 170: [22, 21], 171: [22, 20], 173: [21, 22], 175: [20, 22], 177: [21, 22], 180: [20, 22], 181: [20, 21], 186: [20, 21], 187: [24, 23], 188: [24, 22], 190: [23, 24], 192: [22, 24], 194: [23, 24], 197: [22, 24], 198: [22, 23], 203: [22, 23], 204: [26, 25], 205: [26, 24], 207: [25, 26], 209: [24, 26], 211: [25, 26], 214: [24, 26], 215: [24, 25], 220: [24, 25], 221: [28, 27], 222: [28, 26], 224: [27, 28], 226: [26, 28], 228: [27, 28], 231: [26, 28], 232: [26, 27], 237: [26, 27], 238: [30, 29], 239: [30, 28], 241: [29, 30], 243: [28, 30], 245: [29, 30], 248: [28, 30], 249: [28, 29], 254: [28, 29], 255: [30, 31], 257: [28, 29], 259: [29, 30], 261: [28, 30], 263: [29, 30], 266: [28, 30], 267: [28, 29], 272: [28, 29], 274: [30, 28], 275: [30, 29], 277: [26, 27], 279: [27, 28], 281: [26, 28], 283: [27, 28], 286: [26, 28], 287: [26, 27], 292: [26, 27], 294: [28, 26], 295: [28, 27], 297: [24, 25], 299: [25, 26], 301: [24, 26], 303: [25, 26], 306: [24, 26], 307: [24, 25], 312: [24, 25], 314: [26, 24], 315: [26, 25], 317: [22, 23], 319: [23, 24], 321: [22, 24], 323: [23, 24], 326: [22, 24], 327: [22, 23], 332: [22, 23], 334: [24, 22], 335: [24, 23], 337: [20, 21], 339: [21, 22], 341: [20, 22], 343: [21, 22], 346: [20, 22], 347: [20, 21], 352: [20, 21], 354: [22, 20], 355: [22, 21], 357: [18, 19], 359: [19, 20], 361: [18, 20], 363: [19, 20], 366: [18, 20], 367: [18, 19], 372: [18, 19], 374: [20, 18], 375: [20, 19], 377: [16, 17], 379: [17, 18], 381: [16, 18], 383: [17, 18], 386: [16, 18], 387: [16, 17], 392: [16, 17], 394: [18, 16], 395: [18, 17], 397: [14, 15], 399: [15, 16], 401: [14, 16], 403: [15, 16], 406: [14, 16], 407: [14, 15], 412: [14, 15], 414: [16, 14], 415: [16, 15], 417: [12, 13], 419: [13, 14], 421: [12, 14], 423: [13, 14], 426: [12, 14], 427: [12, 13], 432: [12, 13], 434: [14, 12], 435: [14, 13], 437: [10, 11], 439: [11, 12], 441: [10, 12], 443: [11, 12], 446: [10, 12], 447: [10, 11], 452: [10, 11], 454: [12, 10], 455: [12, 11], 457: [8, 9], 459: [9, 10], 461: [8, 10], 463: [9, 10], 466: [8, 10], 467: [8, 9], 472: [8, 9], 474: [10, 8], 475: [10, 9], 477: [6, 7], 479: [7, 8], 481: [6, 8], 483: [7, 8], 486: [6, 8], 487: [6, 7], 492: [6, 7], 494: [8, 6], 495: [8, 7], 497: [4, 5], 499: [5, 6], 501: [4, 6], 503: [5, 6], 506: [4, 6], 507: [4, 5], 512: [4, 5], 514: [6, 4], 515: [6, 5], 517: [2, 3], 519: [3, 4], 521: [2, 4], 523: [3, 4], 526: [2, 4], 527: [2, 3], 532: [2, 3], 534: [4, 2], 535: [4, 3], 537: [0, 1], 539: [1, 2], 541: [0, 2], 543: [1, 2], 546: [0, 2], 547: [0, 1], 552: [0, 1], 554: [2, 0], 555: [2, 1]}
Parse object graph:
DiGraph with 556 nodes and 780 edges
Using QubitMapSABRE2 mapper (matches muss_schedule2 paper version)
Raw mapping:
{'layout': {0: 0, 1: 0, 2: 0, 3: 0, 4: 0, 5: 0, 6: 0, 7: 0, 8: 0, 9: 0, 10: 0, 11: 0, 12: 1, 13: 1, 14: 1, 15: 1, 16: 1, 17: 1, 18: 1, 19: 1, 20: 1, 21: 1, 22: 1, 23: 2, 24: 2, 25: 2, 26: 2, 27: 2, 28: 2, 29: 2, 30: 2, 31: 2}, 'trap_to_qubits': {0: [0, 1, 2, 3, 4, 5, 6, 7, 10, 11, 8, 9], 1: [13, 14, 15, 16, 17, 18, 19, 20, 21, 12, 22], 2: [23, 24, 25, 26, 27, 28, 29, 30, 31], 3: []}}
Initial layout policy: mapping_bundle(layout + trap_to_qubits_from_mapper)
Note: reorder_choice='Naive' is ignored because mapper already provides ordered trap layout
Use mapper-provided ordered trap layout for mapper 'SABRE'
Initial qubit layout:
{0: [0, 1, 2, 3, 4, 5, 6, 7, 10, 11, 8, 9], 1: [13, 14, 15, 16, 17, 18, 19, 20, 21, 12, 22], 2: [23, 24, 25, 26, 27, 28, 29, 30, 31], 3: []}
Using MUSS Scheduler (V2) with SABRE Mapping
Using muss_schedule2.py paper-faithful fixed version
Scheduler object construction time: 0.000914s
Scheduler run time: 0.384533s
Analyzer shuttle mode: aggregate (detected shuttle_id annotations)
Using legacy analyzer.py
Analyzer parameter wiring: alpha_bg=0.0, T1=600000000.0, k_heating=0.001, epsilon_2q=3.90625e-05, strict_paper_mainline=True
Analyzer mode: paper
Program Finish Time: 3636 us
OPCOUNTS Gate: 556 Split: 5 Move: 9 Merge: 5

Two-qubit gate chain statistics
Mean: 10.91015625 Max: 12.0
Fidelity: 0.2853571170236835

Shuttle count summary
  logical_shuttle_count      = 4   # High-level shuttle count aggregated by shuttle_id
  physical_shuttle_leg_count = 5   # Paper-facing count: each complete trap-to-trap split+move+merge leg
  split_count                = 5
  merge_count                = 5
  move_count                 = 9
[DBG SUMMARY] gates=556  gate_mult=0.290465  avg_gate_nbar=0.0000
[DBG SUMMARY] logical_shuttles=4  shuttle_mult=0.982415  min_shuttle=0.9949
[DBG SUMMARY] worst_B: Trap 0 -> 1.000000 (heat_state=0.000000, alpha_bg=0.0, move_bg_fraction=0.0, model=exp, strict_paper_mainline=True)
Analyzer time: 0.001562s

========== ANALYSIS RESULT ==========
{'fidelity': 0.2853571170236835, 'total_shuttle': 5, 'logical_shuttle_count': 4, 'physical_shuttle_leg_count': 5, 'split_count': 5, 'merge_count': 5, 'move_count': 9, 'time': 3636}

========== SHUTTLE TRACE ==========
[SHUTTLE 0] ion=11  T0 -> T1  route=T0->J0->J1->T1
    - SPLIT  (1920 -> 2040)  ion 11: T0 -> Seg0 (swap_cnt=1, swap_hops=2, ion_hops=0, i1=11, i2=9)
    - MOVE   (2040 -> 2054)  ion 11: Seg0 -> Seg4 via J0
    - MOVE   (2054 -> 2068)  ion 11: Seg4 -> Seg2 via J1
    - MERGE  (2068 -> 2148)  ion 11: Seg2 -> T1
[SHUTTLE 1] ion=22  T1 -> T2  route=T1->J1->T2
    - SPLIT  (2348 -> 2468)  ion 22: T1 -> Seg2 (swap_cnt=1, swap_hops=1, ion_hops=0, i1=22, i2=11)
    - MOVE   (2468 -> 2482)  ion 22: Seg2 -> Seg3 via J1
    - MERGE  (2482 -> 2562)  ion 22: Seg3 -> T2
[SHUTTLE 2] ion=12  T1 -> T0  route=T1->J1->J0->T0
    - SPLIT  (2562 -> 2682)  ion 12: T1 -> Seg2 (swap_cnt=1, swap_hops=1, ion_hops=0, i1=12, i2=11)
    - MOVE   (2682 -> 2696)  ion 12: Seg2 -> Seg4 via J1
    - MOVE   (2696 -> 2710)  ion 12: Seg4 -> Seg0 via J0
    - MERGE  (2710 -> 2790)  ion 12: Seg0 -> T0
[SHUTTLE 3] ion=12  T0 -> T1  route=T0->J0->J1->T1
    - SPLIT  (3030 -> 3110)  ion 12: T0 -> Seg0 (swap_cnt=0, swap_hops=0, ion_hops=0, i1=0, i2=0)
    - MOVE   (3110 -> 3124)  ion 12: Seg0 -> Seg4 via J0
    - MOVE   (3124 -> 3138)  ion 12: Seg4 -> Seg2 via J1
    - MERGE  (3138 -> 3218)  ion 12: Seg2 -> T1
[SHUTTLE 4] ion=11  T1 -> T0  route=T1->J1->J0->T0
    - SPLIT  (3258 -> 3378)  ion 11: T1 -> Seg2 (swap_cnt=1, swap_hops=1, ion_hops=0, i1=11, i2=12)
    - MOVE   (3378 -> 3392)  ion 11: Seg2 -> Seg4 via J1
    - MOVE   (3392 -> 3406)  ion 11: Seg4 -> Seg0 via J0
    - MERGE  (3406 -> 3486)  ion 11: Seg0 -> T0
SplitSWAP: 4
SchedulerFiredShuttle: 5
ReportedTotalShuttle: 5
----------------
SUMMARY|program=programs\ADDER32|machine=G2x2|version=V2|mapper=SABRE2|scale=SMALL|total_shuttle=5|execution_time_us=3636|fidelity=0.2853571170236835|trap_capacity=12|lookahead_k=None|swap_threshold=None|num_optical_zones=1|max_qubits_per_qccd=32|enable_swap_insert=0|num_modules=0|remote_gate_count=None|compile_time_s=0.387009|logical_shuttle_count=4|physical_shuttle_leg_count=5|split_count=5|merge_count=5|move_count=9
