Simulation
Program: ./programs/BV32.qasm
Machine: G2x2
Model: MUSS_Params
Ions: 12
Mapper: PO
Reorder: Naive
SerialTrap: 1
SerialComm: 0
SerialAll: 0
Gatetype: FM
Swaptype: GateSwap
qbit 31 dep gates: 0
qbit 1: 0 qbit 2: 31 dep gates: 1
qbit 1: 0 qbit 2: 31 dep gates: 32
qbit 1: 1 qbit 2: 31 dep gates: 2
qbit 1: 1 qbit 2: 31 dep gates: 33
qbit 1: 2 qbit 2: 31 dep gates: 3
qbit 1: 2 qbit 2: 31 dep gates: 34
qbit 1: 3 qbit 2: 31 dep gates: 4
qbit 1: 3 qbit 2: 31 dep gates: 35
qbit 1: 4 qbit 2: 31 dep gates: 5
qbit 1: 4 qbit 2: 31 dep gates: 36
qbit 1: 5 qbit 2: 31 dep gates: 6
qbit 1: 5 qbit 2: 31 dep gates: 37
qbit 1: 6 qbit 2: 31 dep gates: 7
qbit 1: 6 qbit 2: 31 dep gates: 38
qbit 1: 7 qbit 2: 31 dep gates: 8
qbit 1: 7 qbit 2: 31 dep gates: 39
qbit 1: 8 qbit 2: 31 dep gates: 9
qbit 1: 8 qbit 2: 31 dep gates: 40
qbit 1: 9 qbit 2: 31 dep gates: 10
qbit 1: 9 qbit 2: 31 dep gates: 41
qbit 1: 10 qbit 2: 31 dep gates: 11
qbit 1: 10 qbit 2: 31 dep gates: 42
qbit 1: 11 qbit 2: 31 dep gates: 12
qbit 1: 11 qbit 2: 31 dep gates: 43
qbit 1: 12 qbit 2: 31 dep gates: 13
qbit 1: 12 qbit 2: 31 dep gates: 44
qbit 1: 13 qbit 2: 31 dep gates: 14
qbit 1: 13 qbit 2: 31 dep gates: 45
qbit 1: 14 qbit 2: 31 dep gates: 15
qbit 1: 14 qbit 2: 31 dep gates: 46
qbit 1: 15 qbit 2: 31 dep gates: 16
qbit 1: 15 qbit 2: 31 dep gates: 47
qbit 1: 16 qbit 2: 31 dep gates: 17
qbit 1: 16 qbit 2: 31 dep gates: 48
qbit 1: 17 qbit 2: 31 dep gates: 18
qbit 1: 17 qbit 2: 31 dep gates: 49
qbit 1: 18 qbit 2: 31 dep gates: 19
qbit 1: 18 qbit 2: 31 dep gates: 50
qbit 1: 19 qbit 2: 31 dep gates: 20
qbit 1: 19 qbit 2: 31 dep gates: 51
qbit 1: 20 qbit 2: 31 dep gates: 21
qbit 1: 20 qbit 2: 31 dep gates: 52
qbit 1: 21 qbit 2: 31 dep gates: 22
qbit 1: 21 qbit 2: 31 dep gates: 53
qbit 1: 22 qbit 2: 31 dep gates: 23
qbit 1: 22 qbit 2: 31 dep gates: 54
qbit 1: 23 qbit 2: 31 dep gates: 24
qbit 1: 23 qbit 2: 31 dep gates: 55
qbit 1: 24 qbit 2: 31 dep gates: 25
qbit 1: 24 qbit 2: 31 dep gates: 56
qbit 1: 25 qbit 2: 31 dep gates: 26
qbit 1: 25 qbit 2: 31 dep gates: 57
qbit 1: 26 qbit 2: 31 dep gates: 27
qbit 1: 26 qbit 2: 31 dep gates: 58
qbit 1: 27 qbit 2: 31 dep gates: 28
qbit 1: 27 qbit 2: 31 dep gates: 59
qbit 1: 28 qbit 2: 31 dep gates: 29
qbit 1: 28 qbit 2: 31 dep gates: 60
qbit 1: 29 qbit 2: 31 dep gates: 30
qbit 1: 29 qbit 2: 31 dep gates: 61
qbit 1: 30 qbit 2: 31 dep gates: 31
qbit 1: 30 qbit 2: 31 dep gates: 62
qbit 0 dep gates: 33
qbit 1 dep gates: 34
qbit 2 dep gates: 35
qbit 3 dep gates: 36
qbit 4 dep gates: 37
qbit 5 dep gates: 38
qbit 6 dep gates: 39
qbit 7 dep gates: 40
qbit 8 dep gates: 41
qbit 9 dep gates: 42
qbit 10 dep gates: 43
qbit 11 dep gates: 44
qbit 12 dep gates: 45
qbit 13 dep gates: 46
qbit 14 dep gates: 47
qbit 15 dep gates: 48
qbit 16 dep gates: 49
qbit 17 dep gates: 50
qbit 18 dep gates: 51
qbit 19 dep gates: 52
qbit 20 dep gates: 53
qbit 21 dep gates: 54
qbit 22 dep gates: 55
qbit 23 dep gates: 56
qbit 24 dep gates: 57
qbit 25 dep gates: 58
qbit 26 dep gates: 59
qbit 27 dep gates: 60
qbit 28 dep gates: 61
qbit 29 dep gates: 62
qbit 30 dep gates: 63
qbit 31 dep gates: 63
parse object map:
{33: [0, 31], 34: [1, 31], 35: [2, 31], 36: [3, 31], 37: [4, 31], 38: [5, 31], 39: [6, 31], 40: [7, 31], 41: [8, 31], 42: [9, 31], 43: [10, 31], 44: [11, 31], 45: [12, 31], 46: [13, 31], 47: [14, 31], 48: [15, 31], 49: [16, 31], 50: [17, 31], 51: [18, 31], 52: [19, 31], 53: [20, 31], 54: [21, 31], 55: [22, 31], 56: [23, 31], 57: [24, 31], 58: [25, 31], 59: [26, 31], 60: [27, 31], 61: [28, 31], 62: [29, 31], 63: [30, 31]}
parse object graph:
DiGraph with 96 nodes and 95 edges
{0: [0, 31, 1, 2, 3, 4, 5, 6, 7, 8, 9, 10], 1: [11, 12, 13, 14, 15, 16, 17, 18, 19, 20, 21, 22], 2: [23, 24, 25, 26, 27, 28, 29, 30], 3: []}
Program Finish Time: 2025 us
OPCOUNTS Gate: 96 Split: 3 Move: 5 Merge: 3
Fidelity: 0.7937825736466758
Total System Heating (quanta): 153
----------------
