========== Gate Set Summary ==========
cx: 32
h: 66
x: 1
======================================
Simulation
Program:           programs\BV32.qasm
Machine:           G2x3
Model:             MUSS_Params
Program Qubits:    33
Ions/Region(arg):  8
Effective Cap:     8
Mapper:            PO
Reorder:           Naive
SerialTrap:        1
SerialComm:        1
SerialAll:         1
GateType:          FM
SwapType:          PaperSwapDirect
Scheduler Family:  EJF
Scheduler Version: 
Analyzer Mode:     PAPER
Arch Scale:        SMALL
Strict Repro:      False
Large.Env.K:       None
Large.Env.T:       None
Large.Env.MaxQCCD: 32
Large.Env.OptZone: 1
Large.Env.SWAP:    False
#Traps=6 #Junctions=3 #Segments=8
TrapCapacity(default)=8
Parse object map:
{34: [0, 32], 35: [1, 32], 36: [2, 32], 37: [3, 32], 38: [4, 32], 39: [5, 32], 40: [6, 32], 41: [7, 32], 42: [8, 32], 43: [9, 32], 44: [10, 32], 45: [11, 32], 46: [12, 32], 47: [13, 32], 48: [14, 32], 49: [15, 32], 50: [16, 32], 51: [17, 32], 52: [18, 32], 53: [19, 32], 54: [20, 32], 55: [21, 32], 56: [22, 32], 57: [23, 32], 58: [24, 32], 59: [25, 32], 60: [26, 32], 61: [27, 32], 62: [28, 32], 63: [29, 32], 64: [30, 32], 65: [31, 32]}
Parse object graph:
DiGraph with 99 nodes and 98 edges
Raw mapping:
{0: 0, 32: 0, 1: 0, 2: 0, 3: 0, 4: 0, 5: 0, 6: 0, 7: 1, 8: 1, 9: 1, 10: 1, 11: 1, 12: 1, 13: 1, 14: 1, 15: 2, 16: 2, 17: 2, 18: 2, 19: 2, 20: 2, 21: 2, 22: 2, 23: 3, 24: 3, 25: 3, 26: 3, 27: 3, 28: 3, 29: 3, 30: 3, 31: 4}
Initial layout policy: mapping + qubit_ordering(Naive)
Apply qubit ordering for mapper 'PO' with mode 'Naive'
Initial qubit layout:
{0: [0, 32, 1, 2, 3, 4, 5, 6], 1: [7, 8, 9, 10, 11, 12, 13, 14], 2: [15, 16, 17, 18, 19, 20, 21, 22], 3: [23, 24, 25, 26, 27, 28, 29, 30], 4: [31], 5: []}
Using EJF Scheduler () with PO Mapping
Fallback to EJF scheduler
Scheduler object construction time: 0.000025s
Did not find: type
Traceback (most recent call last):
  File "D:\A-zhangguangyu\The_first_project\MUSS\QCCDSim\run.py", line 977, in <module>
    scheduler.run()
    ~~~~~~~~~~~~~^^
  File "D:\A-zhangguangyu\The_first_project\MUSS\QCCDSim\src\schedule\ejf.py", line 193, in run
    self.schedule_gate(gate, gate_ready_clock)
    ~~~~~~~~~~~~~~~~~~^^^^^^^^^^^^^^^^^^^^^^^^
  File "D:\A-zhangguangyu\The_first_project\MUSS\QCCDSim\src\schedule\ejf.py", line 145, in schedule_gate
    ion1_ready_time, ion1_trap = self.ion_ready_info(ion1)
                                 ~~~~~~~~~~~~~~~~~~~^^^^^^
  File "D:\A-zhangguangyu\The_first_project\MUSS\QCCDSim\src\schedule\ejf.py", line 78, in ion_ready_info
    assert did_not_find == False
           ^^^^^^^^^^^^^^^^^^^^^
AssertionError
