========== Gate Set Summary ==========
cx: 31
h: 1
======================================
Simulation
Program:           programs\GHZ32.qasm
Machine:           G2x3
Model:             MUSS_Params
Program Qubits:    32
Ions/Region(arg):  8
Effective Cap:     8
Mapper:            SABRE
Reorder:           Naive
SerialTrap:        1
SerialComm:        1
SerialAll:         1
GateType:          FM
SwapType:          PaperSwapDirect
Scheduler Family:  MUSS
Scheduler Version: V6
Analyzer Mode:     PAPER
Arch Scale:        SMALL
Strict Repro:      False
Large.Env.K:       None
Large.Env.T:       None
Large.Env.MaxQCCD: 32
Large.Env.OptZone: 1
Large.Env.SWAP:    False
#Traps=6 #Junctions=3 #Segments=8
TrapCapacity(default)=8
Parse object map:
{1: [0, 1], 2: [1, 2], 3: [2, 3], 4: [3, 4], 5: [4, 5], 6: [5, 6], 7: [6, 7], 8: [7, 8], 9: [8, 9], 10: [9, 10], 11: [10, 11], 12: [11, 12], 13: [12, 13], 14: [13, 14], 15: [14, 15], 16: [15, 16], 17: [16, 17], 18: [17, 18], 19: [18, 19], 20: [19, 20], 21: [20, 21], 22: [21, 22], 23: [22, 23], 24: [23, 24], 25: [24, 25], 26: [25, 26], 27: [26, 27], 28: [27, 28], 29: [28, 29], 30: [29, 30], 31: [30, 31]}
Parse object graph:
DiGraph with 32 nodes and 31 edges
Using QubitMapSABRE2 mapper (matches muss_schedule6 improved version)
Raw mapping:
{'layout': {0: 0, 1: 0, 2: 0, 3: 0, 4: 0, 5: 0, 6: 0, 7: 0, 8: 1, 9: 2, 10: 2, 11: 2, 12: 2, 13: 2, 14: 2, 15: 1, 16: 1, 17: 3, 18: 3, 19: 3, 20: 3, 21: 3, 22: 3, 23: 3, 24: 2, 25: 1, 26: 1, 27: 1, 28: 1, 29: 1, 30: 2, 31: 3}, 'trap_to_qubits': {0: [7, 6, 5, 4, 3, 2, 1, 0], 1: [25, 26, 27, 28, 29, 15, 16, 8], 2: [24, 30, 14, 13, 12, 11, 10, 9], 3: [17, 18, 19, 20, 22, 23, 21, 31], 4: [], 5: []}}
Initial layout policy: mapping_bundle(layout + trap_to_qubits_from_mapper)
Note: reorder_choice='Naive' is ignored because mapper already provides ordered trap layout
Use mapper-provided ordered trap layout for mapper 'SABRE'
Initial qubit layout:
{0: [7, 6, 5, 4, 3, 2, 1, 0], 1: [25, 26, 27, 28, 29, 15, 16, 8], 2: [24, 30, 14, 13, 12, 11, 10, 9], 3: [17, 18, 19, 20, 22, 23, 21, 31], 4: [], 5: []}
Using MUSS Scheduler (V6) with SABRE Mapping
Using muss_schedule6.py new_vision
Scheduler object construction time: 0.000164s
Scheduler run time: 0.007380s
Analyzer shuttle mode: aggregate (detected shuttle_id annotations)
Using legacy analyzer.py
Analyzer parameter wiring: alpha_bg=0.0, T1=600000000.0, k_heating=0.001, epsilon_2q=3.90625e-05, strict_paper_mainline=True
Analyzer mode: paper
Program Finish Time: 3816 us
OPCOUNTS Gate: 32 Split: 12 Move: 24 Merge: 12

Two-qubit gate chain statistics
Mean: 7.516129032258065 Max: 8.0
Fidelity: 0.8767967625053765

Shuttle count summary
  logical_shuttle_count      = 12   # High-level shuttle count aggregated by shuttle_id
  physical_shuttle_leg_count = 12   # Paper-facing count: each complete trap-to-trap split+move+merge leg
  split_count                = 12
  merge_count                = 12
  move_count                 = 24
[DBG SUMMARY] gates=32  gate_mult=0.931163  avg_gate_nbar=0.0000
[DBG SUMMARY] logical_shuttles=12  shuttle_mult=0.941615  min_shuttle=0.9935
[DBG SUMMARY] worst_B: Trap 0 -> 1.000000 (heat_state=0.000000, alpha_bg=0.0, move_bg_fraction=0.0, model=exp, strict_paper_mainline=True)
Analyzer time: 0.000552s

========== ANALYSIS RESULT ==========
{'fidelity': 0.8767967625053765, 'total_shuttle': 12, 'logical_shuttle_count': 12, 'physical_shuttle_leg_count': 12, 'split_count': 12, 'merge_count': 12, 'move_count': 24, 'time': 3816}

========== SHUTTLE TRACE ==========
[SHUTTLE 0] ion=8  T1 -> T4  route=T1->J1->T4
    - SPLIT  (280 -> 360)  ion 8: T1 -> Seg1 (swap_cnt=0, swap_hops=0, ion_hops=0, i1=0, i2=0)
    - MOVE   (360 -> 374)  ion 8: Seg1 -> Seg4 via J1
    - MERGE  (374 -> 454)  ion 8: Seg4 -> T4
[SHUTTLE 1] ion=7  T0 -> T4  route=T0->J0->J1->T4
    - SPLIT  (454 -> 574)  ion 7: T0 -> Seg0 (swap_cnt=1, swap_hops=7, ion_hops=0, i1=7, i2=0)
    - MOVE   (574 -> 588)  ion 7: Seg0 -> Seg6 via J0
    - MOVE   (588 -> 602)  ion 7: Seg6 -> Seg4 via J1
    - MERGE  (602 -> 682)  ion 7: Seg4 -> T4
[SHUTTLE 2] ion=9  T2 -> T4  route=T2->J2->J1->T4
    - SPLIT  (722 -> 802)  ion 9: T2 -> Seg2 (swap_cnt=0, swap_hops=0, ion_hops=0, i1=0, i2=0)
    - MOVE   (802 -> 816)  ion 9: Seg2 -> Seg7 via J2
    - MOVE   (816 -> 830)  ion 9: Seg7 -> Seg4 via J1
    - MERGE  (830 -> 910)  ion 9: Seg4 -> T4
[SHUTTLE 3] ion=9  T4 -> T2  route=T4->J1->J2->T2
    - SPLIT  (950 -> 1030)  ion 9: T4 -> Seg4 (swap_cnt=0, swap_hops=0, ion_hops=0, i1=0, i2=0)
    - MOVE   (1030 -> 1044)  ion 9: Seg4 -> Seg7 via J1
    - MOVE   (1044 -> 1058)  ion 9: Seg7 -> Seg2 via J2
    - MERGE  (1058 -> 1138)  ion 9: Seg2 -> T2
[SHUTTLE 4] ion=14  T2 -> T1  route=T2->J2->J1->T1
    - SPLIT  (1338 -> 1458)  ion 14: T2 -> Seg2 (swap_cnt=1, swap_hops=5, ion_hops=0, i1=14, i2=9)
    - MOVE   (1458 -> 1472)  ion 14: Seg2 -> Seg7 via J2
    - MOVE   (1472 -> 1486)  ion 14: Seg7 -> Seg1 via J1
    - MERGE  (1486 -> 1566)  ion 14: Seg1 -> T1
[SHUTTLE 5] ion=17  T3 -> T4  route=T3->J0->J1->T4
    - SPLIT  (1646 -> 1726)  ion 17: T3 -> Seg3 (swap_cnt=0, swap_hops=0, ion_hops=0, i1=0, i2=0)
    - MOVE   (1726 -> 1740)  ion 17: Seg3 -> Seg6 via J0
    - MOVE   (1740 -> 1754)  ion 17: Seg6 -> Seg4 via J1
    - MERGE  (1754 -> 1834)  ion 17: Seg4 -> T4
[SHUTTLE 6] ion=16  T1 -> T4  route=T1->J1->T4
    - SPLIT  (1834 -> 1954)  ion 16: T1 -> Seg1 (swap_cnt=1, swap_hops=1, ion_hops=0, i1=16, i2=14)
    - MOVE   (1954 -> 1968)  ion 16: Seg1 -> Seg4 via J1
    - MERGE  (1968 -> 2048)  ion 16: Seg4 -> T4
[SHUTTLE 7] ion=17  T4 -> T3  route=T4->J1->J0->T3
    - SPLIT  (2088 -> 2208)  ion 17: T4 -> Seg4 (swap_cnt=1, swap_hops=1, ion_hops=0, i1=17, i2=16)
    - MOVE   (2208 -> 2222)  ion 17: Seg4 -> Seg6 via J1
    - MOVE   (2222 -> 2236)  ion 17: Seg6 -> Seg3 via J0
    - MERGE  (2236 -> 2316)  ion 17: Seg3 -> T3
[SHUTTLE 8] ion=23  T3 -> T2  route=T3->J0->J1->J2->T2
    - SPLIT  (2556 -> 2676)  ion 23: T3 -> Seg3 (swap_cnt=1, swap_hops=5, ion_hops=0, i1=23, i2=17)
    - MOVE   (2676 -> 2690)  ion 23: Seg3 -> Seg6 via J0
    - MOVE   (2690 -> 2704)  ion 23: Seg6 -> Seg7 via J1
    - MOVE   (2704 -> 2718)  ion 23: Seg7 -> Seg2 via J2
    - MERGE  (2718 -> 2798)  ion 23: Seg2 -> T2
[SHUTTLE 9] ion=24  T2 -> T1  route=T2->J2->J1->T1
    - SPLIT  (2838 -> 2958)  ion 24: T2 -> Seg2 (swap_cnt=1, swap_hops=7, ion_hops=0, i1=24, i2=23)
    - MOVE   (2958 -> 2972)  ion 24: Seg2 -> Seg7 via J2
    - MOVE   (2972 -> 2986)  ion 24: Seg7 -> Seg1 via J1
    - MERGE  (2986 -> 3066)  ion 24: Seg1 -> T1
[SHUTTLE 10] ion=29  T1 -> T2  route=T1->J1->J2->T2
    - SPLIT  (3266 -> 3386)  ion 29: T1 -> Seg1 (swap_cnt=1, swap_hops=3, ion_hops=0, i1=29, i2=24)
    - MOVE   (3386 -> 3400)  ion 29: Seg1 -> Seg7 via J1
    - MOVE   (3400 -> 3414)  ion 29: Seg7 -> Seg2 via J2
    - MERGE  (3414 -> 3494)  ion 29: Seg2 -> T2
[SHUTTLE 11] ion=30  T2 -> T3  route=T2->J2->J1->J0->T3
    - SPLIT  (3534 -> 3654)  ion 30: T2 -> Seg2 (swap_cnt=1, swap_hops=7, ion_hops=0, i1=30, i2=29)
    - MOVE   (3654 -> 3668)  ion 30: Seg2 -> Seg7 via J2
    - MOVE   (3668 -> 3682)  ion 30: Seg7 -> Seg6 via J1
    - MOVE   (3682 -> 3696)  ion 30: Seg6 -> Seg3 via J0
    - MERGE  (3696 -> 3776)  ion 30: Seg3 -> T3
SplitSWAP: 8
SchedulerFiredShuttle: 12
ReportedTotalShuttle: 12
----------------
SUMMARY|program=programs\GHZ32|machine=G2x3|version=V6|mapper=SABRE2|scale=SMALL|total_shuttle=12|execution_time_us=3816|fidelity=0.8767967625053765|trap_capacity=8|lookahead_k=None|swap_threshold=None|num_optical_zones=1|max_qubits_per_qccd=32|enable_swap_insert=0|num_modules=0|remote_gate_count=None|compile_time_s=0.008096|logical_shuttle_count=12|physical_shuttle_leg_count=12|split_count=12|merge_count=12|move_count=24
