========== Gate Set Summary ==========
cx: 31
h: 1
======================================
Simulation
Program:           programs\GHZ32.qasm
Machine:           G2x2
Model:             MUSS_Params
Program Qubits:    32
Ions/Region(arg):  12
Effective Cap:     12
Mapper:            SABRE
Reorder:           Naive
SerialTrap:        1
SerialComm:        1
SerialAll:         1
GateType:          FM
SwapType:          PaperSwapDirect
Scheduler Family:  MUSS
Scheduler Version: V2
Analyzer Mode:     PAPER
Arch Scale:        SMALL
Strict Repro:      False
Large.Env.K:       None
Large.Env.T:       None
Large.Env.MaxQCCD: 32
Large.Env.OptZone: 1
Large.Env.SWAP:    False
#Traps=4 #Junctions=2 #Segments=5
TrapCapacity(default)=12
Parse object map:
{1: [0, 1], 2: [1, 2], 3: [2, 3], 4: [3, 4], 5: [4, 5], 6: [5, 6], 7: [6, 7], 8: [7, 8], 9: [8, 9], 10: [9, 10], 11: [10, 11], 12: [11, 12], 13: [12, 13], 14: [13, 14], 15: [14, 15], 16: [15, 16], 17: [16, 17], 18: [17, 18], 19: [18, 19], 20: [19, 20], 21: [20, 21], 22: [21, 22], 23: [22, 23], 24: [23, 24], 25: [24, 25], 26: [25, 26], 27: [26, 27], 28: [27, 28], 29: [28, 29], 30: [29, 30], 31: [30, 31]}
Parse object graph:
DiGraph with 32 nodes and 31 edges
Using QubitMapSABRE2 mapper (matches muss_schedule2 paper version)
Raw mapping:
{'layout': {0: 1, 1: 1, 2: 1, 3: 1, 4: 1, 5: 1, 6: 1, 7: 1, 8: 1, 9: 1, 10: 1, 11: 1, 12: 0, 13: 0, 14: 0, 15: 0, 16: 0, 17: 0, 18: 0, 19: 0, 20: 0, 21: 0, 22: 0, 23: 2, 24: 2, 25: 2, 26: 2, 27: 2, 28: 2, 29: 2, 30: 2, 31: 2}, 'trap_to_qubits': {0: [12, 13, 14, 15, 16, 17, 18, 19, 20, 21, 22], 1: [1, 2, 3, 4, 5, 6, 7, 8, 9, 10, 11, 0], 2: [23, 24, 25, 26, 27, 28, 29, 30, 31], 3: []}}
Initial layout policy: mapping_bundle(layout + trap_to_qubits_from_mapper)
Note: reorder_choice='Naive' is ignored because mapper already provides ordered trap layout
Use mapper-provided ordered trap layout for mapper 'SABRE'
Initial qubit layout:
{0: [12, 13, 14, 15, 16, 17, 18, 19, 20, 21, 22], 1: [1, 2, 3, 4, 5, 6, 7, 8, 9, 10, 11, 0], 2: [23, 24, 25, 26, 27, 28, 29, 30, 31], 3: []}
Using MUSS Scheduler (V2) with SABRE Mapping
Using muss_schedule2.py paper-faithful fixed version
Scheduler object construction time: 0.000133s
Scheduler run time: 0.002133s
Analyzer shuttle mode: aggregate (detected shuttle_id annotations)
Using legacy analyzer.py
Analyzer parameter wiring: alpha_bg=0.0, T1=600000000.0, k_heating=0.001, epsilon_2q=3.90625e-05, strict_paper_mainline=True
Analyzer mode: paper
Program Finish Time: 1696 us
OPCOUNTS Gate: 32 Split: 2 Move: 4 Merge: 2

Two-qubit gate chain statistics
Mean: 11.419354838709678 Max: 12.0
Fidelity: 0.8439590376601769

Shuttle count summary
  logical_shuttle_count      = 2   # High-level shuttle count aggregated by shuttle_id
  physical_shuttle_leg_count = 2   # Paper-facing count: each complete trap-to-trap split+move+merge leg
  split_count                = 2
  merge_count                = 2
  move_count                 = 4
[DBG SUMMARY] gates=32  gate_mult=0.852634  avg_gate_nbar=0.0000
[DBG SUMMARY] logical_shuttles=2  shuttle_mult=0.989825  min_shuttle=0.9949
[DBG SUMMARY] worst_B: Trap 0 -> 1.000000 (heat_state=0.000000, alpha_bg=0.0, move_bg_fraction=0.0, model=exp, strict_paper_mainline=True)
Analyzer time: 0.000384s

========== ANALYSIS RESULT ==========
{'fidelity': 0.8439590376601769, 'total_shuttle': 2, 'logical_shuttle_count': 2, 'physical_shuttle_leg_count': 2, 'split_count': 2, 'merge_count': 2, 'move_count': 4, 'time': 1696}

========== SHUTTLE TRACE ==========
[SHUTTLE 0] ion=11  T1 -> T0  route=T1->J1->J0->T0
    - SPLIT  (440 -> 560)  ion 11: T1 -> Seg2 (swap_cnt=1, swap_hops=1, ion_hops=0, i1=11, i2=0)
    - MOVE   (560 -> 574)  ion 11: Seg2 -> Seg4 via J1
    - MOVE   (574 -> 588)  ion 11: Seg4 -> Seg0 via J0
    - MERGE  (588 -> 668)  ion 11: Seg0 -> T0
[SHUTTLE 1] ion=22  T0 -> T2  route=T0->J0->J1->T2
    - SPLIT  (1108 -> 1228)  ion 22: T0 -> Seg0 (swap_cnt=1, swap_hops=1, ion_hops=0, i1=22, i2=11)
    - MOVE   (1228 -> 1242)  ion 22: Seg0 -> Seg4 via J0
    - MOVE   (1242 -> 1256)  ion 22: Seg4 -> Seg3 via J1
    - MERGE  (1256 -> 1336)  ion 22: Seg3 -> T2
SplitSWAP: 2
SchedulerFiredShuttle: 2
ReportedTotalShuttle: 2
----------------
SUMMARY|program=programs\GHZ32|machine=G2x2|version=V2|mapper=SABRE2|scale=SMALL|total_shuttle=2|execution_time_us=1696|fidelity=0.8439590376601769|trap_capacity=12|lookahead_k=None|swap_threshold=None|num_optical_zones=1|max_qubits_per_qccd=32|enable_swap_insert=0|num_modules=0|remote_gate_count=None|compile_time_s=0.002650|logical_shuttle_count=2|physical_shuttle_leg_count=2|split_count=2|merge_count=2|move_count=4
