Simulation
Program:           programs\GHZ32.qasm
Machine:           G2x3
Model:             MUSS_Params
Ions/Region:       8
Mapper:            SABRE
Reorder:           Naive
SerialTrap:        1
SerialComm:        1
SerialAll:         1
GateType:          FM
SwapType:          PaperSwapDirect
Scheduler Family:  MUSS
Scheduler Version: V2
Analyzer Mode:     PAPER
Arch Scale:        SMALL
========== Gate Set Summary ==========
cx: 31
h: 1
======================================
Parse object map:
{1: [0, 1], 2: [1, 2], 3: [2, 3], 4: [3, 4], 5: [4, 5], 6: [5, 6], 7: [6, 7], 8: [7, 8], 9: [8, 9], 10: [9, 10], 11: [10, 11], 12: [11, 12], 13: [12, 13], 14: [13, 14], 15: [14, 15], 16: [15, 16], 17: [16, 17], 18: [17, 18], 19: [18, 19], 20: [19, 20], 21: [20, 21], 22: [21, 22], 23: [22, 23], 24: [23, 24], 25: [24, 25], 26: [25, 26], 27: [26, 27], 28: [27, 28], 29: [28, 29], 30: [29, 30], 31: [30, 31]}
Parse object graph:
DiGraph with 32 nodes and 31 edges
Using QubitMapSABRE2 mapper (matches muss_schedule2 paper version)
Raw mapping:
{0: 0, 1: 0, 2: 0, 3: 0, 4: 0, 5: 0, 6: 0, 7: 0, 8: 1, 9: 2, 10: 2, 11: 2, 12: 2, 13: 2, 14: 2, 15: 1, 16: 1, 17: 3, 18: 3, 19: 3, 20: 3, 21: 3, 22: 3, 23: 3, 24: 2, 25: 1, 26: 1, 27: 1, 28: 1, 29: 1, 30: 2, 31: 3}
Initial layout policy: mapping_only + canonicalize_to_trap_layout
Note: reorder_choice='Naive' is ignored for mapper 'SABRE'
Skip qubit ordering for mapper 'SABRE'
Initial qubit layout:
{0: [0, 1, 2, 3, 4, 5, 6, 7], 1: [8, 15, 16, 25, 26, 27, 28, 29], 2: [9, 10, 11, 12, 13, 14, 24, 30], 3: [17, 18, 19, 20, 21, 22, 23, 31], 4: [], 5: []}
Using MUSS Scheduler (V2) with SABRE Mapping
Using muss_schedule2.py paper-faithful fixed version
Analyzer shuttle mode: aggregate (detected shuttle_id annotations)
Analyzer parameter wiring: alpha_bg=0.0001, T1=600000000.0, k_heating=0.001, epsilon_2q=3.90625e-05, strict_paper_mainline=False
Analyzer mode: paper
Program Finish Time: 4284 us
OPCOUNTS Gate: 32 Split: 14 Move: 26 Merge: 14

Two-qubit gate chain statistics
Mean: 7.516129032258065 Max: 8.0
Fidelity: 0.8628712142113655

Shuttle count summary
  logical_shuttle_count      = 14   # High-level shuttle count aggregated by shuttle_id
  physical_shuttle_leg_count = 14   # Paper-facing count: each complete trap-to-trap split+move+merge leg
  split_count                = 14
  merge_count                = 14
  move_count                 = 26
[DBG SUMMARY] gates=32  gate_mult=0.92347  avg_gate_nbar=4.3189
[DBG SUMMARY] logical_shuttles=14  shuttle_mult=0.934379  min_shuttle=0.9935
[DBG SUMMARY] worst_B: Trap 4 -> 0.999040 (heat_state=9.600000, alpha_bg=0.0001, move_bg_fraction=0.0, model=exp, strict_paper_mainline=False)

========== ANALYSIS RESULT ==========
{'fidelity': 0.8628712142113655, 'total_shuttle': 14, 'logical_shuttle_count': 14, 'physical_shuttle_leg_count': 14, 'split_count': 14, 'merge_count': 14, 'move_count': 26, 'time': 4284}

========== SHUTTLE TRACE ==========
[SHUTTLE 0] ion=0  T0 -> T4  route=T0->J0->J1->T4
    - SPLIT  (280 -> 400)  ion 0: T0 -> Seg0 (swap_cnt=1, swap_hops=7, ion_hops=0, i1=0, i2=7)
    - MOVE   (400 -> 414)  ion 0: Seg0 -> Seg6 via J0
    - MOVE   (414 -> 428)  ion 0: Seg6 -> Seg4 via J1
    - MERGE  (428 -> 508)  ion 0: Seg4 -> T4
[SHUTTLE 1] ion=15  T1 -> T4  route=T1->J1->T4
    - SPLIT  (508 -> 628)  ion 15: T1 -> Seg1 (swap_cnt=1, swap_hops=6, ion_hops=0, i1=15, i2=29)
    - MOVE   (628 -> 642)  ion 15: Seg1 -> Seg4 via J1
    - MERGE  (642 -> 722)  ion 15: Seg4 -> T4
[SHUTTLE 2] ion=9  T2 -> T4  route=T2->J2->J1->T4
    - SPLIT  (722 -> 842)  ion 9: T2 -> Seg2 (swap_cnt=1, swap_hops=7, ion_hops=0, i1=9, i2=30)
    - MOVE   (842 -> 856)  ion 9: Seg2 -> Seg7 via J2
    - MOVE   (856 -> 870)  ion 9: Seg7 -> Seg4 via J1
    - MERGE  (870 -> 950)  ion 9: Seg4 -> T4
[SHUTTLE 3] ion=17  T3 -> T4  route=T3->J0->J1->T4
    - SPLIT  (950 -> 1030)  ion 17: T3 -> Seg3 (swap_cnt=0, swap_hops=0, ion_hops=0, i1=0, i2=0)
    - MOVE   (1030 -> 1044)  ion 17: Seg3 -> Seg6 via J0
    - MOVE   (1044 -> 1058)  ion 17: Seg6 -> Seg4 via J1
    - MERGE  (1058 -> 1138)  ion 17: Seg4 -> T4
[SHUTTLE 4] ion=7  T0 -> T1  route=T0->J0->J1->T1
    - SPLIT  (1138 -> 1218)  ion 7: T0 -> Seg0 (swap_cnt=0, swap_hops=0, ion_hops=0, i1=0, i2=0)
    - MOVE   (1218 -> 1232)  ion 7: Seg0 -> Seg6 via J0
    - MOVE   (1232 -> 1246)  ion 7: Seg6 -> Seg1 via J1
    - MERGE  (1246 -> 1326)  ion 7: Seg1 -> T1
[SHUTTLE 5] ion=8  T1 -> T4  route=T1->J1->T4
    - SPLIT  (1366 -> 1486)  ion 8: T1 -> Seg1 (swap_cnt=1, swap_hops=7, ion_hops=0, i1=8, i2=7)
    - MOVE   (1486 -> 1500)  ion 8: Seg1 -> Seg4 via J1
    - MERGE  (1500 -> 1580)  ion 8: Seg4 -> T4
[SHUTTLE 6] ion=9  T4 -> T2  route=T4->J1->J2->T2
    - SPLIT  (1620 -> 1740)  ion 9: T4 -> Seg4 (swap_cnt=1, swap_hops=2, ion_hops=0, i1=9, i2=8)
    - MOVE   (1740 -> 1754)  ion 9: Seg4 -> Seg7 via J1
    - MOVE   (1754 -> 1768)  ion 9: Seg7 -> Seg2 via J2
    - MERGE  (1768 -> 1848)  ion 9: Seg2 -> T2
[SHUTTLE 7] ion=14  T2 -> T4  route=T2->J2->J1->T4
    - SPLIT  (2048 -> 2168)  ion 14: T2 -> Seg2 (swap_cnt=1, swap_hops=3, ion_hops=0, i1=14, i2=9)
    - MOVE   (2168 -> 2182)  ion 14: Seg2 -> Seg7 via J2
    - MOVE   (2182 -> 2196)  ion 14: Seg7 -> Seg4 via J1
    - MERGE  (2196 -> 2276)  ion 14: Seg4 -> T4
[SHUTTLE 8] ion=16  T1 -> T4  route=T1->J1->T4
    - SPLIT  (2316 -> 2436)  ion 16: T1 -> Seg1 (swap_cnt=1, swap_hops=6, ion_hops=0, i1=16, i2=7)
    - MOVE   (2436 -> 2450)  ion 16: Seg1 -> Seg4 via J1
    - MERGE  (2450 -> 2530)  ion 16: Seg4 -> T4
[SHUTTLE 9] ion=17  T4 -> T3  route=T4->J1->J0->T3
    - SPLIT  (2610 -> 2730)  ion 17: T4 -> Seg4 (swap_cnt=1, swap_hops=3, ion_hops=0, i1=17, i2=16)
    - MOVE   (2730 -> 2744)  ion 17: Seg4 -> Seg6 via J1
    - MOVE   (2744 -> 2758)  ion 17: Seg6 -> Seg3 via J0
    - MERGE  (2758 -> 2838)  ion 17: Seg3 -> T3
[SHUTTLE 10] ion=23  T3 -> T2  route=T3->J0->J1->J2->T2
    - SPLIT  (3078 -> 3198)  ion 23: T3 -> Seg3 (swap_cnt=1, swap_hops=6, ion_hops=0, i1=23, i2=17)
    - MOVE   (3198 -> 3212)  ion 23: Seg3 -> Seg6 via J0
    - MOVE   (3212 -> 3226)  ion 23: Seg6 -> Seg7 via J1
    - MOVE   (3226 -> 3240)  ion 23: Seg7 -> Seg2 via J2
    - MERGE  (3240 -> 3320)  ion 23: Seg2 -> T2
[SHUTTLE 11] ion=24  T2 -> T1  route=T2->J2->J1->T1
    - SPLIT  (3360 -> 3480)  ion 24: T2 -> Seg2 (swap_cnt=1, swap_hops=3, ion_hops=0, i1=24, i2=23)
    - MOVE   (3480 -> 3494)  ion 24: Seg2 -> Seg7 via J2
    - MOVE   (3494 -> 3508)  ion 24: Seg7 -> Seg1 via J1
    - MERGE  (3508 -> 3588)  ion 24: Seg1 -> T1
[SHUTTLE 12] ion=30  T2 -> T1  route=T2->J2->J1->T1
    - SPLIT  (3788 -> 3908)  ion 30: T2 -> Seg2 (swap_cnt=1, swap_hops=2, ion_hops=0, i1=30, i2=23)
    - MOVE   (3908 -> 3922)  ion 30: Seg2 -> Seg7 via J2
    - MOVE   (3922 -> 3936)  ion 30: Seg7 -> Seg1 via J1
    - MERGE  (3936 -> 4016)  ion 30: Seg1 -> T1
[SHUTTLE 13] ion=30  T1 -> T3  route=T1->J1->J0->T3
    - SPLIT  (4056 -> 4136)  ion 30: T1 -> Seg1 (swap_cnt=0, swap_hops=0, ion_hops=0, i1=0, i2=0)
    - MOVE   (4136 -> 4150)  ion 30: Seg1 -> Seg6 via J1
    - MOVE   (4150 -> 4164)  ion 30: Seg6 -> Seg3 via J0
    - MERGE  (4164 -> 4244)  ion 30: Seg3 -> T3
SplitSWAP: 11
SchedulerFiredShuttle: 14
ReportedTotalShuttle: 14
----------------
