========== Gate Set Summary ==========
cx: 128
h: 32
rx: 64
rz: 64
======================================
Simulation
Program:           programs\QAOA32.qasm
Machine:           G2x3
Model:             MUSS_Params
Program Qubits:    32
Ions/Region(arg):  8
Effective Cap:     8
Mapper:            SABRE
Reorder:           Naive
SerialTrap:        1
SerialComm:        1
SerialAll:         1
GateType:          FM
SwapType:          PaperSwapDirect
Scheduler Family:  MUSS
Scheduler Version: V6
Analyzer Mode:     PAPER
Arch Scale:        SMALL
Strict Repro:      False
Large.Env.K:       None
Large.Env.T:       None
Large.Env.MaxQCCD: 32
Large.Env.OptZone: 1
Large.Env.SWAP:    False
#Traps=6 #Junctions=3 #Segments=8
TrapCapacity(default)=8
Parse object map:
{32: [0, 1], 34: [0, 1], 35: [2, 3], 37: [2, 3], 38: [4, 5], 40: [4, 5], 41: [6, 7], 43: [6, 7], 44: [8, 9], 46: [8, 9], 47: [10, 11], 49: [10, 11], 50: [12, 13], 52: [12, 13], 53: [14, 15], 55: [14, 15], 56: [16, 17], 58: [16, 17], 59: [18, 19], 61: [18, 19], 62: [20, 21], 64: [20, 21], 65: [22, 23], 67: [22, 23], 68: [24, 25], 70: [24, 25], 71: [26, 27], 73: [26, 27], 74: [28, 29], 76: [28, 29], 77: [30, 31], 79: [30, 31], 80: [1, 2], 82: [1, 2], 83: [3, 4], 85: [3, 4], 86: [5, 6], 88: [5, 6], 89: [7, 8], 91: [7, 8], 92: [9, 10], 94: [9, 10], 95: [11, 12], 97: [11, 12], 98: [13, 14], 100: [13, 14], 101: [15, 16], 103: [15, 16], 104: [17, 18], 106: [17, 18], 107: [19, 20], 109: [19, 20], 110: [21, 22], 112: [21, 22], 113: [23, 24], 115: [23, 24], 116: [25, 26], 118: [25, 26], 119: [27, 28], 121: [27, 28], 122: [29, 30], 124: [29, 30], 125: [31, 0], 127: [31, 0], 160: [0, 1], 162: [0, 1], 163: [2, 3], 165: [2, 3], 166: [4, 5], 168: [4, 5], 169: [6, 7], 171: [6, 7], 172: [8, 9], 174: [8, 9], 175: [10, 11], 177: [10, 11], 178: [12, 13], 180: [12, 13], 181: [14, 15], 183: [14, 15], 184: [16, 17], 186: [16, 17], 187: [18, 19], 189: [18, 19], 190: [20, 21], 192: [20, 21], 193: [22, 23], 195: [22, 23], 196: [24, 25], 198: [24, 25], 199: [26, 27], 201: [26, 27], 202: [28, 29], 204: [28, 29], 205: [30, 31], 207: [30, 31], 208: [1, 2], 210: [1, 2], 211: [3, 4], 213: [3, 4], 214: [5, 6], 216: [5, 6], 217: [7, 8], 219: [7, 8], 220: [9, 10], 222: [9, 10], 223: [11, 12], 225: [11, 12], 226: [13, 14], 228: [13, 14], 229: [15, 16], 231: [15, 16], 232: [17, 18], 234: [17, 18], 235: [19, 20], 237: [19, 20], 238: [21, 22], 240: [21, 22], 241: [23, 24], 243: [23, 24], 244: [25, 26], 246: [25, 26], 247: [27, 28], 249: [27, 28], 250: [29, 30], 252: [29, 30], 253: [31, 0], 255: [31, 0]}
Parse object graph:
DiGraph with 288 nodes and 384 edges
Using QubitMapSABRE2 mapper (matches muss_schedule6 improved version)
Raw mapping:
{'layout': {0: 3, 1: 3, 2: 0, 3: 0, 4: 0, 5: 0, 6: 0, 7: 0, 8: 1, 9: 1, 10: 1, 11: 1, 12: 1, 13: 1, 14: 2, 15: 2, 16: 2, 17: 2, 18: 2, 19: 2, 20: 2, 21: 2, 22: 1, 23: 1, 24: 0, 25: 0, 26: 3, 27: 3, 28: 3, 29: 3, 30: 3, 31: 3}, 'trap_to_qubits': {0: [2, 3, 4, 5, 6, 24, 25, 7], 1: [8, 9, 10, 11, 12, 13, 23, 22], 2: [15, 16, 17, 18, 19, 20, 21, 14], 3: [0, 26, 27, 28, 29, 30, 31, 1], 4: [], 5: []}}
Initial layout policy: mapping_bundle(layout + trap_to_qubits_from_mapper)
Note: reorder_choice='Naive' is ignored because mapper already provides ordered trap layout
Use mapper-provided ordered trap layout for mapper 'SABRE'
Initial qubit layout:
{0: [2, 3, 4, 5, 6, 24, 25, 7], 1: [8, 9, 10, 11, 12, 13, 23, 22], 2: [15, 16, 17, 18, 19, 20, 21, 14], 3: [0, 26, 27, 28, 29, 30, 31, 1], 4: [], 5: []}
Using MUSS Scheduler (V6) with SABRE Mapping
Using muss_schedule6.py new_vision
Scheduler object construction time: 0.000856s
Scheduler run time: 0.044144s
Analyzer shuttle mode: aggregate (detected shuttle_id annotations)
Using legacy analyzer.py
Analyzer parameter wiring: alpha_bg=0.0, T1=600000000.0, k_heating=0.001, epsilon_2q=3.90625e-05, strict_paper_mainline=True
Analyzer mode: paper
Program Finish Time: 5771 us
OPCOUNTS Gate: 288 Split: 21 Move: 39 Merge: 21

Two-qubit gate chain statistics
Mean: 7.65625 Max: 8.0
Fidelity: 0.6572436263793641

Shuttle count summary
  logical_shuttle_count      = 21   # High-level shuttle count aggregated by shuttle_id
  physical_shuttle_leg_count = 21   # Paper-facing count: each complete trap-to-trap split+move+merge leg
  split_count                = 21
  merge_count                = 21
  move_count                 = 39
[DBG SUMMARY] gates=288  gate_mult=0.728448  avg_gate_nbar=0.0000
[DBG SUMMARY] logical_shuttles=21  shuttle_mult=0.902252  min_shuttle=0.9949
[DBG SUMMARY] worst_B: Trap 0 -> 1.000000 (heat_state=0.000000, alpha_bg=0.0, move_bg_fraction=0.0, model=exp, strict_paper_mainline=True)
Analyzer time: 0.001247s

========== ANALYSIS RESULT ==========
{'fidelity': 0.6572436263793641, 'total_shuttle': 21, 'logical_shuttle_count': 21, 'physical_shuttle_leg_count': 21, 'split_count': 21, 'merge_count': 21, 'move_count': 39, 'time': 5771}

========== SHUTTLE TRACE ==========
[SHUTTLE 0] ion=1  T3 -> T4  route=T3->J0->J1->T4
    - SPLIT  (120 -> 240)  ion 1: T3 -> Seg3 (swap_cnt=1, swap_hops=7, ion_hops=0, i1=1, i2=0)
    - MOVE   (240 -> 254)  ion 1: Seg3 -> Seg6 via J0
    - MOVE   (254 -> 268)  ion 1: Seg6 -> Seg4 via J1
    - MERGE  (268 -> 348)  ion 1: Seg4 -> T4
[SHUTTLE 1] ion=2  T0 -> T4  route=T0->J0->J1->T4
    - SPLIT  (348 -> 468)  ion 2: T0 -> Seg0 (swap_cnt=1, swap_hops=7, ion_hops=0, i1=2, i2=7)
    - MOVE   (468 -> 482)  ion 2: Seg0 -> Seg6 via J0
    - MOVE   (482 -> 496)  ion 2: Seg6 -> Seg4 via J1
    - MERGE  (496 -> 576)  ion 2: Seg4 -> T4
[SHUTTLE 2] ion=8  T1 -> T0  route=T1->J1->J0->T0
    - SPLIT  (616 -> 736)  ion 8: T1 -> Seg1 (swap_cnt=1, swap_hops=7, ion_hops=0, i1=8, i2=22)
    - MOVE   (736 -> 750)  ion 8: Seg1 -> Seg6 via J1
    - MOVE   (750 -> 764)  ion 8: Seg6 -> Seg0 via J0
    - MERGE  (764 -> 844)  ion 8: Seg0 -> T0
[SHUTTLE 3] ion=14  T2 -> T1  route=T2->J2->J1->T1
    - SPLIT  (884 -> 964)  ion 14: T2 -> Seg2 (swap_cnt=0, swap_hops=0, ion_hops=0, i1=0, i2=0)
    - MOVE   (964 -> 978)  ion 14: Seg2 -> Seg7 via J2
    - MOVE   (978 -> 992)  ion 14: Seg7 -> Seg1 via J1
    - MERGE  (992 -> 1072)  ion 14: Seg1 -> T1
[SHUTTLE 4] ion=22  T1 -> T2  route=T1->J1->J2->T2
    - SPLIT  (1112 -> 1232)  ion 22: T1 -> Seg1 (swap_cnt=1, swap_hops=1, ion_hops=0, i1=22, i2=14)
    - MOVE   (1232 -> 1246)  ion 22: Seg1 -> Seg7 via J1
    - MOVE   (1246 -> 1260)  ion 22: Seg7 -> Seg2 via J2
    - MERGE  (1260 -> 1340)  ion 22: Seg2 -> T2
[SHUTTLE 5] ion=24  T0 -> T1  route=T0->J0->J1->T1
    - SPLIT  (1380 -> 1500)  ion 24: T0 -> Seg0 (swap_cnt=1, swap_hops=3, ion_hops=0, i1=24, i2=8)
    - MOVE   (1500 -> 1514)  ion 24: Seg0 -> Seg6 via J0
    - MOVE   (1514 -> 1528)  ion 24: Seg6 -> Seg1 via J1
    - MERGE  (1528 -> 1608)  ion 24: Seg1 -> T1
[SHUTTLE 6] ion=26  T3 -> T0  route=T3->J0->T0
    - SPLIT  (1648 -> 1768)  ion 26: T3 -> Seg3 (swap_cnt=1, swap_hops=1, ion_hops=0, i1=26, i2=0)
    - MOVE   (1768 -> 1782)  ion 26: Seg3 -> Seg0 via J0
    - MERGE  (1782 -> 1862)  ion 26: Seg0 -> T0
[SHUTTLE 7] ion=1  T4 -> T3  route=T4->J1->J0->T3
    - SPLIT  (1942 -> 2062)  ion 1: T4 -> Seg4 (swap_cnt=1, swap_hops=1, ion_hops=0, i1=1, i2=2)
    - MOVE   (2062 -> 2076)  ion 1: Seg4 -> Seg6 via J1
    - MOVE   (2076 -> 2090)  ion 1: Seg6 -> Seg3 via J0
    - MERGE  (2090 -> 2170)  ion 1: Seg3 -> T3
[SHUTTLE 8] ion=3  T0 -> T4  route=T0->J0->J1->T4
    - SPLIT  (2210 -> 2330)  ion 3: T0 -> Seg0 (swap_cnt=1, swap_hops=7, ion_hops=0, i1=3, i2=26)
    - MOVE   (2330 -> 2344)  ion 3: Seg0 -> Seg6 via J0
    - MOVE   (2344 -> 2358)  ion 3: Seg6 -> Seg4 via J1
    - MERGE  (2358 -> 2438)  ion 3: Seg4 -> T4
[SHUTTLE 9] ion=9  T1 -> T0  route=T1->J1->J0->T0
    - SPLIT  (2478 -> 2598)  ion 9: T1 -> Seg1 (swap_cnt=1, swap_hops=7, ion_hops=0, i1=9, i2=24)
    - MOVE   (2598 -> 2612)  ion 9: Seg1 -> Seg6 via J1
    - MOVE   (2612 -> 2626)  ion 9: Seg6 -> Seg0 via J0
    - MERGE  (2626 -> 2706)  ion 9: Seg0 -> T0
[SHUTTLE 10] ion=15  T2 -> T1  route=T2->J2->J1->T1
    - SPLIT  (2746 -> 2866)  ion 15: T2 -> Seg2 (swap_cnt=1, swap_hops=7, ion_hops=0, i1=15, i2=22)
    - MOVE   (2866 -> 2880)  ion 15: Seg2 -> Seg7 via J2
    - MOVE   (2880 -> 2894)  ion 15: Seg7 -> Seg1 via J1
    - MERGE  (2894 -> 2974)  ion 15: Seg1 -> T1
[SHUTTLE 11] ion=23  T1 -> T2  route=T1->J1->J2->T2
    - SPLIT  (3014 -> 3134)  ion 23: T1 -> Seg1 (swap_cnt=1, swap_hops=3, ion_hops=0, i1=23, i2=15)
    - MOVE   (3134 -> 3148)  ion 23: Seg1 -> Seg7 via J1
    - MOVE   (3148 -> 3162)  ion 23: Seg7 -> Seg2 via J2
    - MERGE  (3162 -> 3242)  ion 23: Seg2 -> T2
[SHUTTLE 12] ion=25  T0 -> T1  route=T0->J0->J1->T1
    - SPLIT  (3282 -> 3402)  ion 25: T0 -> Seg0 (swap_cnt=1, swap_hops=4, ion_hops=0, i1=25, i2=9)
    - MOVE   (3402 -> 3416)  ion 25: Seg0 -> Seg6 via J0
    - MOVE   (3416 -> 3430)  ion 25: Seg6 -> Seg1 via J1
    - MERGE  (3430 -> 3510)  ion 25: Seg1 -> T1
[SHUTTLE 13] ion=27  T3 -> T0  route=T3->J0->T0
    - SPLIT  (3550 -> 3670)  ion 27: T3 -> Seg3 (swap_cnt=1, swap_hops=2, ion_hops=0, i1=27, i2=1)
    - MOVE   (3670 -> 3684)  ion 27: Seg3 -> Seg0 via J0
    - MERGE  (3684 -> 3764)  ion 27: Seg0 -> T0
[SHUTTLE 14] ion=4  T0 -> T4  route=T0->J0->J1->T4
    - SPLIT  (3844 -> 3964)  ion 4: T0 -> Seg0 (swap_cnt=1, swap_hops=7, ion_hops=0, i1=4, i2=27)
    - MOVE   (3964 -> 3978)  ion 4: Seg0 -> Seg6 via J0
    - MOVE   (3978 -> 3992)  ion 4: Seg6 -> Seg4 via J1
    - MERGE  (3992 -> 4072)  ion 4: Seg4 -> T4
[SHUTTLE 15] ion=2  T4 -> T3  route=T4->J1->J0->T3
    - SPLIT  (4112 -> 4232)  ion 2: T4 -> Seg4 (swap_cnt=1, swap_hops=2, ion_hops=0, i1=2, i2=4)
    - MOVE   (4232 -> 4246)  ion 2: Seg4 -> Seg6 via J1
    - MOVE   (4246 -> 4260)  ion 2: Seg6 -> Seg3 via J0
    - MERGE  (4260 -> 4340)  ion 2: Seg3 -> T3
[SHUTTLE 16] ion=10  T1 -> T0  route=T1->J1->J0->T0
    - SPLIT  (4380 -> 4500)  ion 10: T1 -> Seg1 (swap_cnt=1, swap_hops=7, ion_hops=0, i1=10, i2=25)
    - MOVE   (4500 -> 4514)  ion 10: Seg1 -> Seg6 via J1
    - MOVE   (4514 -> 4528)  ion 10: Seg6 -> Seg0 via J0
    - MERGE  (4528 -> 4608)  ion 10: Seg0 -> T0
[SHUTTLE 17] ion=16  T2 -> T1  route=T2->J2->J1->T1
    - SPLIT  (4648 -> 4768)  ion 16: T2 -> Seg2 (swap_cnt=1, swap_hops=7, ion_hops=0, i1=16, i2=23)
    - MOVE   (4768 -> 4782)  ion 16: Seg2 -> Seg7 via J2
    - MOVE   (4782 -> 4796)  ion 16: Seg7 -> Seg1 via J1
    - MERGE  (4796 -> 4876)  ion 16: Seg1 -> T1
[SHUTTLE 18] ion=24  T1 -> T2  route=T1->J1->J2->T2
    - SPLIT  (4916 -> 5036)  ion 24: T1 -> Seg1 (swap_cnt=1, swap_hops=3, ion_hops=0, i1=24, i2=16)
    - MOVE   (5036 -> 5050)  ion 24: Seg1 -> Seg7 via J1
    - MOVE   (5050 -> 5064)  ion 24: Seg7 -> Seg2 via J2
    - MERGE  (5064 -> 5144)  ion 24: Seg2 -> T2
[SHUTTLE 19] ion=26  T0 -> T1  route=T0->J0->J1->T1
    - SPLIT  (5184 -> 5304)  ion 26: T0 -> Seg0 (swap_cnt=1, swap_hops=3, ion_hops=0, i1=26, i2=10)
    - MOVE   (5304 -> 5318)  ion 26: Seg0 -> Seg6 via J0
    - MOVE   (5318 -> 5332)  ion 26: Seg6 -> Seg1 via J1
    - MERGE  (5332 -> 5412)  ion 26: Seg1 -> T1
[SHUTTLE 20] ion=28  T3 -> T0  route=T3->J0->T0
    - SPLIT  (5452 -> 5572)  ion 28: T3 -> Seg3 (swap_cnt=1, swap_hops=3, ion_hops=0, i1=28, i2=2)
    - MOVE   (5572 -> 5586)  ion 28: Seg3 -> Seg0 via J0
    - MERGE  (5586 -> 5666)  ion 28: Seg0 -> T0
SplitSWAP: 20
SchedulerFiredShuttle: 21
ReportedTotalShuttle: 21
----------------
SUMMARY|program=programs\QAOA32|machine=G2x3|version=V6|mapper=SABRE2|scale=SMALL|total_shuttle=21|execution_time_us=5771|fidelity=0.6572436263793641|trap_capacity=8|lookahead_k=None|swap_threshold=None|num_optical_zones=1|max_qubits_per_qccd=32|enable_swap_insert=0|num_modules=0|remote_gate_count=None|compile_time_s=0.046246|logical_shuttle_count=21|physical_shuttle_leg_count=21|split_count=21|merge_count=21|move_count=39
