Simulation
Program:           programs\qft32_swap.qasm
Machine:           G2x2
Model:             MUSS_Params
Ions/Region:       12
Mapper:            SABRE
Reorder:           Naive
SerialTrap:        1
SerialComm:        1
SerialAll:         1
GateType:          FM
SwapType:          PaperSwapDirect
Scheduler Family:  MUSS
Scheduler Version: V6
Analyzer Mode:     PAPER
Arch Scale:        SMALL
========== Gate Set Summary ==========
barrier: 1
cx: 1040
h: 32
measure: 32
rz: 1488
======================================
Parse object map:
{2: [1, 0], 4: [1, 0], 8: [2, 0], 10: [2, 0], 13: [2, 1], 15: [2, 1], 19: [3, 0], 21: [3, 0], 24: [3, 1], 26: [3, 1], 29: [3, 2], 31: [3, 2], 35: [4, 0], 37: [4, 0], 40: [4, 1], 42: [4, 1], 45: [4, 2], 47: [4, 2], 50: [4, 3], 52: [4, 3], 56: [5, 0], 58: [5, 0], 61: [5, 1], 63: [5, 1], 66: [5, 2], 68: [5, 2], 71: [5, 3], 73: [5, 3], 76: [5, 4], 78: [5, 4], 82: [6, 0], 84: [6, 0], 87: [6, 1], 89: [6, 1], 92: [6, 2], 94: [6, 2], 97: [6, 3], 99: [6, 3], 102: [6, 4], 104: [6, 4], 107: [6, 5], 109: [6, 5], 113: [7, 0], 115: [7, 0], 118: [7, 1], 120: [7, 1], 123: [7, 2], 125: [7, 2], 128: [7, 3], 130: [7, 3], 133: [7, 4], 135: [7, 4], 138: [7, 5], 140: [7, 5], 143: [7, 6], 145: [7, 6], 149: [8, 0], 151: [8, 0], 154: [8, 1], 156: [8, 1], 159: [8, 2], 161: [8, 2], 164: [8, 3], 166: [8, 3], 169: [8, 4], 171: [8, 4], 174: [8, 5], 176: [8, 5], 179: [8, 6], 181: [8, 6], 184: [8, 7], 186: [8, 7], 190: [9, 0], 192: [9, 0], 195: [9, 1], 197: [9, 1], 200: [9, 2], 202: [9, 2], 205: [9, 3], 207: [9, 3], 210: [9, 4], 212: [9, 4], 215: [9, 5], 217: [9, 5], 220: [9, 6], 222: [9, 6], 225: [9, 7], 227: [9, 7], 230: [9, 8], 232: [9, 8], 236: [10, 0], 238: [10, 0], 241: [10, 1], 243: [10, 1], 246: [10, 2], 248: [10, 2], 251: [10, 3], 253: [10, 3], 256: [10, 4], 258: [10, 4], 261: [10, 5], 263: [10, 5], 266: [10, 6], 268: [10, 6], 271: [10, 7], 273: [10, 7], 276: [10, 8], 278: [10, 8], 281: [10, 9], 283: [10, 9], 287: [11, 0], 289: [11, 0], 292: [11, 1], 294: [11, 1], 297: [11, 2], 299: [11, 2], 302: [11, 3], 304: [11, 3], 307: [11, 4], 309: [11, 4], 312: [11, 5], 314: [11, 5], 317: [11, 6], 319: [11, 6], 322: [11, 7], 324: [11, 7], 327: [11, 8], 329: [11, 8], 332: [11, 9], 334: [11, 9], 337: [11, 10], 339: [11, 10], 343: [12, 0], 345: [12, 0], 348: [12, 1], 350: [12, 1], 353: [12, 2], 355: [12, 2], 358: [12, 3], 360: [12, 3], 363: [12, 4], 365: [12, 4], 368: [12, 5], 370: [12, 5], 373: [12, 6], 375: [12, 6], 378: [12, 7], 380: [12, 7], 383: [12, 8], 385: [12, 8], 388: [12, 9], 390: [12, 9], 393: [12, 10], 395: [12, 10], 398: [12, 11], 400: [12, 11], 404: [13, 0], 406: [13, 0], 409: [13, 1], 411: [13, 1], 414: [13, 2], 416: [13, 2], 419: [13, 3], 421: [13, 3], 424: [13, 4], 426: [13, 4], 429: [13, 5], 431: [13, 5], 434: [13, 6], 436: [13, 6], 439: [13, 7], 441: [13, 7], 444: [13, 8], 446: [13, 8], 449: [13, 9], 451: [13, 9], 454: [13, 10], 456: [13, 10], 459: [13, 11], 461: [13, 11], 464: [13, 12], 466: [13, 12], 470: [14, 0], 472: [14, 0], 475: [14, 1], 477: [14, 1], 480: [14, 2], 482: [14, 2], 485: [14, 3], 487: [14, 3], 490: [14, 4], 492: [14, 4], 495: [14, 5], 497: [14, 5], 500: [14, 6], 502: [14, 6], 505: [14, 7], 507: [14, 7], 510: [14, 8], 512: [14, 8], 515: [14, 9], 517: [14, 9], 520: [14, 10], 522: [14, 10], 525: [14, 11], 527: [14, 11], 530: [14, 12], 532: [14, 12], 535: [14, 13], 537: [14, 13], 541: [15, 0], 543: [15, 0], 546: [15, 1], 548: [15, 1], 551: [15, 2], 553: [15, 2], 556: [15, 3], 558: [15, 3], 561: [15, 4], 563: [15, 4], 566: [15, 5], 568: [15, 5], 571: [15, 6], 573: [15, 6], 576: [15, 7], 578: [15, 7], 581: [15, 8], 583: [15, 8], 586: [15, 9], 588: [15, 9], 591: [15, 10], 593: [15, 10], 596: [15, 11], 598: [15, 11], 601: [15, 12], 603: [15, 12], 606: [15, 13], 608: [15, 13], 611: [15, 14], 613: [15, 14], 617: [16, 0], 619: [16, 0], 622: [16, 1], 624: [16, 1], 627: [16, 2], 629: [16, 2], 632: [16, 3], 634: [16, 3], 637: [16, 4], 639: [16, 4], 642: [16, 5], 644: [16, 5], 647: [16, 6], 649: [16, 6], 652: [16, 7], 654: [16, 7], 657: [16, 8], 659: [16, 8], 662: [16, 9], 664: [16, 9], 667: [16, 10], 669: [16, 10], 672: [16, 11], 674: [16, 11], 677: [16, 12], 679: [16, 12], 682: [16, 13], 684: [16, 13], 687: [16, 14], 689: [16, 14], 692: [16, 15], 694: [16, 15], 698: [17, 0], 700: [17, 0], 703: [17, 1], 705: [17, 1], 708: [17, 2], 710: [17, 2], 713: [17, 3], 715: [17, 3], 718: [17, 4], 720: [17, 4], 723: [17, 5], 725: [17, 5], 728: [17, 6], 730: [17, 6], 733: [17, 7], 735: [17, 7], 738: [17, 8], 740: [17, 8], 743: [17, 9], 745: [17, 9], 748: [17, 10], 750: [17, 10], 753: [17, 11], 755: [17, 11], 758: [17, 12], 760: [17, 12], 763: [17, 13], 765: [17, 13], 768: [17, 14], 770: [17, 14], 773: [17, 15], 775: [17, 15], 778: [17, 16], 780: [17, 16], 784: [18, 0], 786: [18, 0], 789: [18, 1], 791: [18, 1], 794: [18, 2], 796: [18, 2], 799: [18, 3], 801: [18, 3], 804: [18, 4], 806: [18, 4], 809: [18, 5], 811: [18, 5], 814: [18, 6], 816: [18, 6], 819: [18, 7], 821: [18, 7], 824: [18, 8], 826: [18, 8], 829: [18, 9], 831: [18, 9], 834: [18, 10], 836: [18, 10], 839: [18, 11], 841: [18, 11], 844: [18, 12], 846: [18, 12], 849: [18, 13], 851: [18, 13], 854: [18, 14], 856: [18, 14], 859: [18, 15], 861: [18, 15], 864: [18, 16], 866: [18, 16], 869: [18, 17], 871: [18, 17], 875: [19, 0], 877: [19, 0], 880: [19, 1], 882: [19, 1], 885: [19, 2], 887: [19, 2], 890: [19, 3], 892: [19, 3], 895: [19, 4], 897: [19, 4], 900: [19, 5], 902: [19, 5], 905: [19, 6], 907: [19, 6], 910: [19, 7], 912: [19, 7], 915: [19, 8], 917: [19, 8], 920: [19, 9], 922: [19, 9], 925: [19, 10], 927: [19, 10], 930: [19, 11], 932: [19, 11], 935: [19, 12], 937: [19, 12], 940: [19, 13], 942: [19, 13], 945: [19, 14], 947: [19, 14], 950: [19, 15], 952: [19, 15], 955: [19, 16], 957: [19, 16], 960: [19, 17], 962: [19, 17], 965: [19, 18], 967: [19, 18], 971: [20, 0], 973: [20, 0], 976: [20, 1], 978: [20, 1], 981: [20, 2], 983: [20, 2], 986: [20, 3], 988: [20, 3], 991: [20, 4], 993: [20, 4], 996: [20, 5], 998: [20, 5], 1001: [20, 6], 1003: [20, 6], 1006: [20, 7], 1008: [20, 7], 1011: [20, 8], 1013: [20, 8], 1016: [20, 9], 1018: [20, 9], 1021: [20, 10], 1023: [20, 10], 1026: [20, 11], 1028: [20, 11], 1031: [20, 12], 1033: [20, 12], 1036: [20, 13], 1038: [20, 13], 1041: [20, 14], 1043: [20, 14], 1046: [20, 15], 1048: [20, 15], 1051: [20, 16], 1053: [20, 16], 1056: [20, 17], 1058: [20, 17], 1061: [20, 18], 1063: [20, 18], 1066: [20, 19], 1068: [20, 19], 1072: [21, 0], 1074: [21, 0], 1077: [21, 1], 1079: [21, 1], 1082: [21, 2], 1084: [21, 2], 1087: [21, 3], 1089: [21, 3], 1092: [21, 4], 1094: [21, 4], 1097: [21, 5], 1099: [21, 5], 1102: [21, 6], 1104: [21, 6], 1107: [21, 7], 1109: [21, 7], 1112: [21, 8], 1114: [21, 8], 1117: [21, 9], 1119: [21, 9], 1122: [21, 10], 1124: [21, 10], 1127: [21, 11], 1129: [21, 11], 1132: [21, 12], 1134: [21, 12], 1137: [21, 13], 1139: [21, 13], 1142: [21, 14], 1144: [21, 14], 1147: [21, 15], 1149: [21, 15], 1152: [21, 16], 1154: [21, 16], 1157: [21, 17], 1159: [21, 17], 1162: [21, 18], 1164: [21, 18], 1167: [21, 19], 1169: [21, 19], 1172: [21, 20], 1174: [21, 20], 1178: [22, 0], 1180: [22, 0], 1183: [22, 1], 1185: [22, 1], 1188: [22, 2], 1190: [22, 2], 1193: [22, 3], 1195: [22, 3], 1198: [22, 4], 1200: [22, 4], 1203: [22, 5], 1205: [22, 5], 1208: [22, 6], 1210: [22, 6], 1213: [22, 7], 1215: [22, 7], 1218: [22, 8], 1220: [22, 8], 1223: [22, 9], 1225: [22, 9], 1228: [22, 10], 1230: [22, 10], 1233: [22, 11], 1235: [22, 11], 1238: [22, 12], 1240: [22, 12], 1243: [22, 13], 1245: [22, 13], 1248: [22, 14], 1250: [22, 14], 1253: [22, 15], 1255: [22, 15], 1258: [22, 16], 1260: [22, 16], 1263: [22, 17], 1265: [22, 17], 1268: [22, 18], 1270: [22, 18], 1273: [22, 19], 1275: [22, 19], 1278: [22, 20], 1280: [22, 20], 1283: [22, 21], 1285: [22, 21], 1289: [23, 0], 1291: [23, 0], 1294: [23, 1], 1296: [23, 1], 1299: [23, 2], 1301: [23, 2], 1304: [23, 3], 1306: [23, 3], 1309: [23, 4], 1311: [23, 4], 1314: [23, 5], 1316: [23, 5], 1319: [23, 6], 1321: [23, 6], 1324: [23, 7], 1326: [23, 7], 1329: [23, 8], 1331: [23, 8], 1334: [23, 9], 1336: [23, 9], 1339: [23, 10], 1341: [23, 10], 1344: [23, 11], 1346: [23, 11], 1349: [23, 12], 1351: [23, 12], 1354: [23, 13], 1356: [23, 13], 1359: [23, 14], 1361: [23, 14], 1364: [23, 15], 1366: [23, 15], 1369: [23, 16], 1371: [23, 16], 1374: [23, 17], 1376: [23, 17], 1379: [23, 18], 1381: [23, 18], 1384: [23, 19], 1386: [23, 19], 1389: [23, 20], 1391: [23, 20], 1394: [23, 21], 1396: [23, 21], 1399: [23, 22], 1401: [23, 22], 1405: [24, 0], 1407: [24, 0], 1410: [24, 1], 1412: [24, 1], 1415: [24, 2], 1417: [24, 2], 1420: [24, 3], 1422: [24, 3], 1425: [24, 4], 1427: [24, 4], 1430: [24, 5], 1432: [24, 5], 1435: [24, 6], 1437: [24, 6], 1440: [24, 7], 1442: [24, 7], 1445: [24, 8], 1447: [24, 8], 1450: [24, 9], 1452: [24, 9], 1455: [24, 10], 1457: [24, 10], 1460: [24, 11], 1462: [24, 11], 1465: [24, 12], 1467: [24, 12], 1470: [24, 13], 1472: [24, 13], 1475: [24, 14], 1477: [24, 14], 1480: [24, 15], 1482: [24, 15], 1485: [24, 16], 1487: [24, 16], 1490: [24, 17], 1492: [24, 17], 1495: [24, 18], 1497: [24, 18], 1500: [24, 19], 1502: [24, 19], 1505: [24, 20], 1507: [24, 20], 1510: [24, 21], 1512: [24, 21], 1515: [24, 22], 1517: [24, 22], 1520: [24, 23], 1522: [24, 23], 1526: [25, 0], 1528: [25, 0], 1531: [25, 1], 1533: [25, 1], 1536: [25, 2], 1538: [25, 2], 1541: [25, 3], 1543: [25, 3], 1546: [25, 4], 1548: [25, 4], 1551: [25, 5], 1553: [25, 5], 1556: [25, 6], 1558: [25, 6], 1561: [25, 7], 1563: [25, 7], 1566: [25, 8], 1568: [25, 8], 1571: [25, 9], 1573: [25, 9], 1576: [25, 10], 1578: [25, 10], 1581: [25, 11], 1583: [25, 11], 1586: [25, 12], 1588: [25, 12], 1591: [25, 13], 1593: [25, 13], 1596: [25, 14], 1598: [25, 14], 1601: [25, 15], 1603: [25, 15], 1606: [25, 16], 1608: [25, 16], 1611: [25, 17], 1613: [25, 17], 1616: [25, 18], 1618: [25, 18], 1621: [25, 19], 1623: [25, 19], 1626: [25, 20], 1628: [25, 20], 1631: [25, 21], 1633: [25, 21], 1636: [25, 22], 1638: [25, 22], 1641: [25, 23], 1643: [25, 23], 1646: [25, 24], 1648: [25, 24], 1652: [26, 0], 1654: [26, 0], 1657: [26, 1], 1659: [26, 1], 1662: [26, 2], 1664: [26, 2], 1667: [26, 3], 1669: [26, 3], 1672: [26, 4], 1674: [26, 4], 1677: [26, 5], 1679: [26, 5], 1682: [26, 6], 1684: [26, 6], 1687: [26, 7], 1689: [26, 7], 1692: [26, 8], 1694: [26, 8], 1697: [26, 9], 1699: [26, 9], 1702: [26, 10], 1704: [26, 10], 1707: [26, 11], 1709: [26, 11], 1712: [26, 12], 1714: [26, 12], 1717: [26, 13], 1719: [26, 13], 1722: [26, 14], 1724: [26, 14], 1727: [26, 15], 1729: [26, 15], 1732: [26, 16], 1734: [26, 16], 1737: [26, 17], 1739: [26, 17], 1742: [26, 18], 1744: [26, 18], 1747: [26, 19], 1749: [26, 19], 1752: [26, 20], 1754: [26, 20], 1757: [26, 21], 1759: [26, 21], 1762: [26, 22], 1764: [26, 22], 1767: [26, 23], 1769: [26, 23], 1772: [26, 24], 1774: [26, 24], 1777: [26, 25], 1779: [26, 25], 1783: [27, 0], 1785: [27, 0], 1788: [27, 1], 1790: [27, 1], 1793: [27, 2], 1795: [27, 2], 1798: [27, 3], 1800: [27, 3], 1803: [27, 4], 1805: [27, 4], 1808: [27, 5], 1810: [27, 5], 1813: [27, 6], 1815: [27, 6], 1818: [27, 7], 1820: [27, 7], 1823: [27, 8], 1825: [27, 8], 1828: [27, 9], 1830: [27, 9], 1833: [27, 10], 1835: [27, 10], 1838: [27, 11], 1840: [27, 11], 1843: [27, 12], 1845: [27, 12], 1848: [27, 13], 1850: [27, 13], 1853: [27, 14], 1855: [27, 14], 1858: [27, 15], 1860: [27, 15], 1863: [27, 16], 1865: [27, 16], 1868: [27, 17], 1870: [27, 17], 1873: [27, 18], 1875: [27, 18], 1878: [27, 19], 1880: [27, 19], 1883: [27, 20], 1885: [27, 20], 1888: [27, 21], 1890: [27, 21], 1893: [27, 22], 1895: [27, 22], 1898: [27, 23], 1900: [27, 23], 1903: [27, 24], 1905: [27, 24], 1908: [27, 25], 1910: [27, 25], 1913: [27, 26], 1915: [27, 26], 1919: [28, 0], 1921: [28, 0], 1924: [28, 1], 1926: [28, 1], 1929: [28, 2], 1931: [28, 2], 1934: [28, 3], 1936: [28, 3], 1939: [28, 4], 1941: [28, 4], 1944: [28, 5], 1946: [28, 5], 1949: [28, 6], 1951: [28, 6], 1954: [28, 7], 1956: [28, 7], 1959: [28, 8], 1961: [28, 8], 1964: [28, 9], 1966: [28, 9], 1969: [28, 10], 1971: [28, 10], 1974: [28, 11], 1976: [28, 11], 1979: [28, 12], 1981: [28, 12], 1984: [28, 13], 1986: [28, 13], 1989: [28, 14], 1991: [28, 14], 1994: [28, 15], 1996: [28, 15], 1999: [28, 16], 2001: [28, 16], 2004: [28, 17], 2006: [28, 17], 2009: [28, 18], 2011: [28, 18], 2014: [28, 19], 2016: [28, 19], 2019: [28, 20], 2021: [28, 20], 2024: [28, 21], 2026: [28, 21], 2029: [28, 22], 2031: [28, 22], 2034: [28, 23], 2036: [28, 23], 2039: [28, 24], 2041: [28, 24], 2044: [28, 25], 2046: [28, 25], 2049: [28, 26], 2051: [28, 26], 2054: [28, 27], 2056: [28, 27], 2060: [29, 0], 2062: [29, 0], 2065: [29, 1], 2067: [29, 1], 2070: [29, 2], 2072: [29, 2], 2075: [29, 3], 2077: [29, 3], 2080: [29, 4], 2082: [29, 4], 2085: [29, 5], 2087: [29, 5], 2090: [29, 6], 2092: [29, 6], 2095: [29, 7], 2097: [29, 7], 2100: [29, 8], 2102: [29, 8], 2105: [29, 9], 2107: [29, 9], 2110: [29, 10], 2112: [29, 10], 2115: [29, 11], 2117: [29, 11], 2120: [29, 12], 2122: [29, 12], 2125: [29, 13], 2127: [29, 13], 2130: [29, 14], 2132: [29, 14], 2135: [29, 15], 2137: [29, 15], 2140: [29, 16], 2142: [29, 16], 2145: [29, 17], 2147: [29, 17], 2150: [29, 18], 2152: [29, 18], 2155: [29, 19], 2157: [29, 19], 2160: [29, 20], 2162: [29, 20], 2165: [29, 21], 2167: [29, 21], 2170: [29, 22], 2172: [29, 22], 2175: [29, 23], 2177: [29, 23], 2180: [29, 24], 2182: [29, 24], 2185: [29, 25], 2187: [29, 25], 2190: [29, 26], 2192: [29, 26], 2195: [29, 27], 2197: [29, 27], 2200: [29, 28], 2202: [29, 28], 2206: [30, 0], 2208: [30, 0], 2211: [30, 1], 2213: [30, 1], 2216: [30, 2], 2218: [30, 2], 2221: [30, 3], 2223: [30, 3], 2226: [30, 4], 2228: [30, 4], 2231: [30, 5], 2233: [30, 5], 2236: [30, 6], 2238: [30, 6], 2241: [30, 7], 2243: [30, 7], 2246: [30, 8], 2248: [30, 8], 2251: [30, 9], 2253: [30, 9], 2256: [30, 10], 2258: [30, 10], 2261: [30, 11], 2263: [30, 11], 2266: [30, 12], 2268: [30, 12], 2271: [30, 13], 2273: [30, 13], 2276: [30, 14], 2278: [30, 14], 2281: [30, 15], 2283: [30, 15], 2286: [30, 16], 2288: [30, 16], 2291: [30, 17], 2293: [30, 17], 2296: [30, 18], 2298: [30, 18], 2301: [30, 19], 2303: [30, 19], 2306: [30, 20], 2308: [30, 20], 2311: [30, 21], 2313: [30, 21], 2316: [30, 22], 2318: [30, 22], 2321: [30, 23], 2323: [30, 23], 2326: [30, 24], 2328: [30, 24], 2331: [30, 25], 2333: [30, 25], 2336: [30, 26], 2338: [30, 26], 2341: [30, 27], 2343: [30, 27], 2346: [30, 28], 2348: [30, 28], 2351: [30, 29], 2353: [30, 29], 2357: [31, 0], 2359: [31, 0], 2362: [31, 1], 2364: [31, 1], 2367: [31, 2], 2369: [31, 2], 2372: [31, 3], 2374: [31, 3], 2377: [31, 4], 2379: [31, 4], 2382: [31, 5], 2384: [31, 5], 2387: [31, 6], 2389: [31, 6], 2392: [31, 7], 2394: [31, 7], 2397: [31, 8], 2399: [31, 8], 2402: [31, 9], 2404: [31, 9], 2407: [31, 10], 2409: [31, 10], 2412: [31, 11], 2414: [31, 11], 2417: [31, 12], 2419: [31, 12], 2422: [31, 13], 2424: [31, 13], 2427: [31, 14], 2429: [31, 14], 2432: [31, 15], 2434: [31, 15], 2437: [31, 16], 2439: [31, 16], 2442: [31, 17], 2444: [31, 17], 2447: [31, 18], 2449: [31, 18], 2452: [31, 19], 2454: [31, 19], 2457: [31, 20], 2459: [31, 20], 2462: [31, 21], 2464: [31, 21], 2467: [31, 22], 2469: [31, 22], 2472: [31, 23], 2474: [31, 23], 2477: [31, 24], 2479: [31, 24], 2482: [31, 25], 2484: [31, 25], 2487: [31, 26], 2489: [31, 26], 2492: [31, 27], 2494: [31, 27], 2497: [31, 28], 2499: [31, 28], 2502: [31, 29], 2504: [31, 29], 2507: [31, 30], 2509: [31, 30], 2512: [0, 31], 2513: [31, 0], 2514: [0, 31], 2515: [1, 30], 2516: [30, 1], 2517: [1, 30], 2518: [2, 29], 2519: [29, 2], 2520: [2, 29], 2521: [3, 28], 2522: [28, 3], 2523: [3, 28], 2524: [4, 27], 2525: [27, 4], 2526: [4, 27], 2527: [5, 26], 2528: [26, 5], 2529: [5, 26], 2530: [6, 25], 2531: [25, 6], 2532: [6, 25], 2533: [7, 24], 2534: [24, 7], 2535: [7, 24], 2536: [8, 23], 2537: [23, 8], 2538: [8, 23], 2539: [9, 22], 2540: [22, 9], 2541: [9, 22], 2542: [10, 21], 2543: [21, 10], 2544: [10, 21], 2545: [11, 20], 2546: [20, 11], 2547: [11, 20], 2548: [12, 19], 2549: [19, 12], 2550: [12, 19], 2551: [13, 18], 2552: [18, 13], 2553: [13, 18], 2554: [14, 17], 2555: [17, 14], 2556: [14, 17], 2557: [15, 16], 2558: [16, 15], 2559: [15, 16]}
Parse object graph:
DiGraph with 2592 nodes and 4048 edges
Using QubitMapSABRE2 mapper (matches muss_schedule6 improved version)
Raw mapping:
{'layout': {0: 2, 1: 0, 2: 0, 3: 2, 4: 2, 5: 1, 6: 0, 7: 0, 8: 2, 9: 1, 10: 0, 11: 0, 12: 2, 13: 1, 14: 1, 15: 1, 16: 1, 17: 1, 18: 1, 19: 0, 20: 0, 21: 0, 22: 1, 23: 0, 24: 2, 25: 2, 26: 1, 27: 1, 28: 1, 29: 0, 30: 2, 31: 2}, 'trap_to_qubits': {0: [6, 7, 10, 11, 19, 23, 29, 20, 21, 1, 2], 1: [5, 9, 13, 14, 15, 16, 17, 26, 27, 28, 22, 18], 2: [0, 4, 8, 3, 12, 24, 30, 31, 25], 3: []}}
Initial layout policy: mapping_bundle(layout + trap_to_qubits_from_mapper)
Note: reorder_choice='Naive' is ignored because mapper already provides ordered trap layout
Use mapper-provided ordered trap layout for mapper 'SABRE'
Initial qubit layout:
{0: [6, 7, 10, 11, 19, 23, 29, 20, 21, 1, 2], 1: [5, 9, 13, 14, 15, 16, 17, 26, 27, 28, 22, 18], 2: [0, 4, 8, 3, 12, 24, 30, 31, 25], 3: []}
Using MUSS Scheduler (V6) with SABRE Mapping
Using muss_schedule6.py new_vision
Analyzer shuttle mode: aggregate (detected shuttle_id annotations)
Analyzer parameter wiring: alpha_bg=0.0, T1=600000000.0, k_heating=0.001, epsilon_2q=3.90625e-05, strict_paper_mainline=True
Analyzer mode: paper
Program Finish Time: 50320 us
OPCOUNTS Gate: 2592 Split: 173 Move: 280 Merge: 173

Two-qubit gate chain statistics
Mean: 11.245192307692308 Max: 12.0
Fidelity: 0.002165230926141844

Shuttle count summary
  logical_shuttle_count      = 173   # High-level shuttle count aggregated by shuttle_id
  physical_shuttle_leg_count = 173   # Paper-facing count: each complete trap-to-trap split+move+merge leg
  split_count                = 173
  merge_count                = 173
  move_count                 = 280
[DBG SUMMARY] gates=2592  gate_mult=0.00477376  avg_gate_nbar=0.0000
[DBG SUMMARY] logical_shuttles=173  shuttle_mult=0.453569  min_shuttle=0.9949
[DBG SUMMARY] worst_B: Trap 0 -> 1.000000 (heat_state=0.000000, alpha_bg=0.0, move_bg_fraction=0.0, model=exp, strict_paper_mainline=True)

========== ANALYSIS RESULT ==========
{'fidelity': 0.002165230926141844, 'total_shuttle': 173, 'logical_shuttle_count': 173, 'physical_shuttle_leg_count': 173, 'split_count': 173, 'merge_count': 173, 'move_count': 280, 'time': 50320}

========== SHUTTLE TRACE ==========
[SHUTTLE 0] ion=0  T2 -> T0  route=T2->J1->J0->T0
    - SPLIT  (0 -> 80)  ion 0: T2 -> Seg3 (swap_cnt=0, swap_hops=0, ion_hops=0, i1=0, i2=0)
    - MOVE   (80 -> 94)  ion 0: Seg3 -> Seg4 via J1
    - MOVE   (94 -> 108)  ion 0: Seg4 -> Seg0 via J0
    - MERGE  (108 -> 188)  ion 0: Seg0 -> T0
[SHUTTLE 1] ion=0  T0 -> T2  route=T0->J0->J1->T2
    - SPLIT  (388 -> 468)  ion 0: T0 -> Seg0 (swap_cnt=0, swap_hops=0, ion_hops=0, i1=0, i2=0)
    - MOVE   (468 -> 482)  ion 0: Seg0 -> Seg4 via J0
    - MOVE   (482 -> 496)  ion 0: Seg4 -> Seg3 via J1
    - MERGE  (496 -> 576)  ion 0: Seg3 -> T2
[SHUTTLE 2] ion=3  T2 -> T0  route=T2->J1->J0->T0
    - SPLIT  (736 -> 856)  ion 3: T2 -> Seg3 (swap_cnt=1, swap_hops=3, ion_hops=0, i1=3, i2=0)
    - MOVE   (856 -> 870)  ion 3: Seg3 -> Seg4 via J1
    - MOVE   (870 -> 884)  ion 3: Seg4 -> Seg0 via J0
    - MERGE  (884 -> 964)  ion 3: Seg0 -> T0
[SHUTTLE 3] ion=5  T1 -> T2  route=T1->J1->T2
    - SPLIT  (1044 -> 1164)  ion 5: T1 -> Seg2 (swap_cnt=1, swap_hops=11, ion_hops=0, i1=5, i2=18)
    - MOVE   (1164 -> 1178)  ion 5: Seg2 -> Seg3 via J1
    - MERGE  (1178 -> 1258)  ion 5: Seg3 -> T2
[SHUTTLE 4] ion=1  T0 -> T2  route=T0->J0->J1->T2
    - SPLIT  (1338 -> 1458)  ion 1: T0 -> Seg0 (swap_cnt=1, swap_hops=2, ion_hops=0, i1=1, i2=3)
    - MOVE   (1458 -> 1472)  ion 1: Seg0 -> Seg4 via J0
    - MOVE   (1472 -> 1486)  ion 1: Seg4 -> Seg3 via J1
    - MERGE  (1486 -> 1566)  ion 1: Seg3 -> T2
[SHUTTLE 5] ion=0  T2 -> T0  route=T2->J1->J0->T0
    - SPLIT  (1646 -> 1766)  ion 0: T2 -> Seg3 (swap_cnt=1, swap_hops=2, ion_hops=0, i1=0, i2=1)
    - MOVE   (1766 -> 1780)  ion 0: Seg3 -> Seg4 via J1
    - MOVE   (1780 -> 1794)  ion 0: Seg4 -> Seg0 via J0
    - MERGE  (1794 -> 1874)  ion 0: Seg0 -> T0
[SHUTTLE 6] ion=2  T0 -> T2  route=T0->J0->J1->T2
    - SPLIT  (1954 -> 2074)  ion 2: T0 -> Seg0 (swap_cnt=1, swap_hops=2, ion_hops=0, i1=2, i2=0)
    - MOVE   (2074 -> 2088)  ion 2: Seg0 -> Seg4 via J0
    - MOVE   (2088 -> 2102)  ion 2: Seg4 -> Seg3 via J1
    - MERGE  (2102 -> 2182)  ion 2: Seg3 -> T2
[SHUTTLE 7] ion=1  T2 -> T0  route=T2->J1->J0->T0
    - SPLIT  (2262 -> 2382)  ion 1: T2 -> Seg3 (swap_cnt=1, swap_hops=1, ion_hops=0, i1=1, i2=2)
    - MOVE   (2382 -> 2396)  ion 1: Seg3 -> Seg4 via J1
    - MOVE   (2396 -> 2410)  ion 1: Seg4 -> Seg0 via J0
    - MERGE  (2410 -> 2490)  ion 1: Seg0 -> T0
[SHUTTLE 8] ion=3  T0 -> T2  route=T0->J0->J1->T2
    - SPLIT  (2570 -> 2690)  ion 3: T0 -> Seg0 (swap_cnt=1, swap_hops=2, ion_hops=0, i1=3, i2=1)
    - MOVE   (2690 -> 2704)  ion 3: Seg0 -> Seg4 via J0
    - MOVE   (2704 -> 2718)  ion 3: Seg4 -> Seg3 via J1
    - MERGE  (2718 -> 2798)  ion 3: Seg3 -> T2
[SHUTTLE 9] ion=8  T2 -> T0  route=T2->J1->J0->T0
    - SPLIT  (2838 -> 2958)  ion 8: T2 -> Seg3 (swap_cnt=1, swap_hops=4, ion_hops=0, i1=8, i2=3)
    - MOVE   (2958 -> 2972)  ion 8: Seg3 -> Seg4 via J1
    - MOVE   (2972 -> 2986)  ion 8: Seg4 -> Seg0 via J0
    - MERGE  (2986 -> 3066)  ion 8: Seg0 -> T0
[SHUTTLE 10] ion=6  T0 -> T2  route=T0->J0->J1->T2
    - SPLIT  (3146 -> 3266)  ion 6: T0 -> Seg0 (swap_cnt=1, swap_hops=11, ion_hops=0, i1=6, i2=8)
    - MOVE   (3266 -> 3280)  ion 6: Seg0 -> Seg4 via J0
    - MOVE   (3280 -> 3294)  ion 6: Seg4 -> Seg3 via J1
    - MERGE  (3294 -> 3374)  ion 6: Seg3 -> T2
[SHUTTLE 11] ion=9  T1 -> T0  route=T1->J1->J0->T0
    - SPLIT  (3454 -> 3574)  ion 9: T1 -> Seg2 (swap_cnt=1, swap_hops=10, ion_hops=0, i1=9, i2=18)
    - MOVE   (3574 -> 3588)  ion 9: Seg2 -> Seg4 via J1
    - MOVE   (3588 -> 3602)  ion 9: Seg4 -> Seg0 via J0
    - MERGE  (3602 -> 3682)  ion 9: Seg0 -> T0
[SHUTTLE 12] ion=7  T0 -> T2  route=T0->J0->J1->T2
    - SPLIT  (3762 -> 3882)  ion 7: T0 -> Seg0 (swap_cnt=1, swap_hops=11, ion_hops=0, i1=7, i2=9)
    - MOVE   (3882 -> 3896)  ion 7: Seg0 -> Seg4 via J0
    - MOVE   (3896 -> 3910)  ion 7: Seg4 -> Seg3 via J1
    - MERGE  (3910 -> 3990)  ion 7: Seg3 -> T2
[SHUTTLE 13] ion=2  T2 -> T0  route=T2->J1->J0->T0
    - SPLIT  (4110 -> 4230)  ion 2: T2 -> Seg3 (swap_cnt=1, swap_hops=3, ion_hops=0, i1=2, i2=7)
    - MOVE   (4230 -> 4244)  ion 2: Seg3 -> Seg4 via J1
    - MOVE   (4244 -> 4258)  ion 2: Seg4 -> Seg0 via J0
    - MERGE  (4258 -> 4338)  ion 2: Seg0 -> T0
[SHUTTLE 14] ion=0  T0 -> T2  route=T0->J0->J1->T2
    - SPLIT  (4458 -> 4578)  ion 0: T0 -> Seg0 (swap_cnt=1, swap_hops=4, ion_hops=0, i1=0, i2=2)
    - MOVE   (4578 -> 4592)  ion 0: Seg0 -> Seg4 via J0
    - MOVE   (4592 -> 4606)  ion 0: Seg4 -> Seg3 via J1
    - MERGE  (4606 -> 4686)  ion 0: Seg3 -> T2
[SHUTTLE 15] ion=3  T2 -> T0  route=T2->J1->J0->T0
    - SPLIT  (4726 -> 4846)  ion 3: T2 -> Seg3 (swap_cnt=1, swap_hops=3, ion_hops=0, i1=3, i2=0)
    - MOVE   (4846 -> 4860)  ion 3: Seg3 -> Seg4 via J1
    - MOVE   (4860 -> 4874)  ion 3: Seg4 -> Seg0 via J0
    - MERGE  (4874 -> 4954)  ion 3: Seg0 -> T0
[SHUTTLE 16] ion=0  T2 -> T1  route=T2->J1->T1
    - SPLIT  (5074 -> 5154)  ion 0: T2 -> Seg3 (swap_cnt=0, swap_hops=0, ion_hops=0, i1=0, i2=0)
    - MOVE   (5154 -> 5168)  ion 0: Seg3 -> Seg2 via J1
    - MERGE  (5168 -> 5248)  ion 0: Seg2 -> T1
[SHUTTLE 17] ion=1  T0 -> T2  route=T0->J0->J1->T2
    - SPLIT  (5288 -> 5408)  ion 1: T0 -> Seg0 (swap_cnt=1, swap_hops=4, ion_hops=0, i1=1, i2=3)
    - MOVE   (5408 -> 5422)  ion 1: Seg0 -> Seg4 via J0
    - MOVE   (5422 -> 5436)  ion 1: Seg4 -> Seg3 via J1
    - MERGE  (5436 -> 5516)  ion 1: Seg3 -> T2
[SHUTTLE 18] ion=4  T2 -> T0  route=T2->J1->J0->T0
    - SPLIT  (5556 -> 5676)  ion 4: T2 -> Seg3 (swap_cnt=1, swap_hops=4, ion_hops=0, i1=4, i2=1)
    - MOVE   (5676 -> 5690)  ion 4: Seg3 -> Seg4 via J1
    - MOVE   (5690 -> 5704)  ion 4: Seg4 -> Seg0 via J0
    - MERGE  (5704 -> 5784)  ion 4: Seg0 -> T0
[SHUTTLE 19] ion=1  T2 -> T1  route=T2->J1->T1
    - SPLIT  (5904 -> 5984)  ion 1: T2 -> Seg3 (swap_cnt=0, swap_hops=0, ion_hops=0, i1=0, i2=0)
    - MOVE   (5984 -> 5998)  ion 1: Seg3 -> Seg2 via J1
    - MERGE  (5998 -> 6078)  ion 1: Seg2 -> T1
[SHUTTLE 20] ion=2  T0 -> T2  route=T0->J0->J1->T2
    - SPLIT  (6118 -> 6238)  ion 2: T0 -> Seg0 (swap_cnt=1, swap_hops=2, ion_hops=0, i1=2, i2=4)
    - MOVE   (6238 -> 6252)  ion 2: Seg0 -> Seg4 via J0
    - MOVE   (6252 -> 6266)  ion 2: Seg4 -> Seg3 via J1
    - MERGE  (6266 -> 6346)  ion 2: Seg3 -> T2
[SHUTTLE 21] ion=5  T2 -> T0  route=T2->J1->J0->T0
    - SPLIT  (6386 -> 6506)  ion 5: T2 -> Seg3 (swap_cnt=1, swap_hops=3, ion_hops=0, i1=5, i2=2)
    - MOVE   (6506 -> 6520)  ion 5: Seg3 -> Seg4 via J1
    - MOVE   (6520 -> 6534)  ion 5: Seg4 -> Seg0 via J0
    - MERGE  (6534 -> 6614)  ion 5: Seg0 -> T0
[SHUTTLE 22] ion=13  T1 -> T2  route=T1->J1->T2
    - SPLIT  (6734 -> 6854)  ion 13: T1 -> Seg2 (swap_cnt=1, swap_hops=11, ion_hops=0, i1=13, i2=1)
    - MOVE   (6854 -> 6868)  ion 13: Seg2 -> Seg3 via J1
    - MERGE  (6868 -> 6948)  ion 13: Seg3 -> T2
[SHUTTLE 23] ion=3  T0 -> T2  route=T0->J0->J1->T2
    - SPLIT  (6988 -> 7108)  ion 3: T0 -> Seg0 (swap_cnt=1, swap_hops=2, ion_hops=0, i1=3, i2=5)
    - MOVE   (7108 -> 7122)  ion 3: Seg0 -> Seg4 via J0
    - MOVE   (7122 -> 7136)  ion 3: Seg4 -> Seg3 via J1
    - MERGE  (7136 -> 7216)  ion 3: Seg3 -> T2
[SHUTTLE 24] ion=6  T2 -> T0  route=T2->J1->J0->T0
    - SPLIT  (7256 -> 7376)  ion 6: T2 -> Seg3 (swap_cnt=1, swap_hops=4, ion_hops=0, i1=6, i2=3)
    - MOVE   (7376 -> 7390)  ion 6: Seg3 -> Seg4 via J1
    - MOVE   (7390 -> 7404)  ion 6: Seg4 -> Seg0 via J0
    - MERGE  (7404 -> 7484)  ion 6: Seg0 -> T0
[SHUTTLE 25] ion=2  T2 -> T1  route=T2->J1->T1
    - SPLIT  (7604 -> 7724)  ion 2: T2 -> Seg3 (swap_cnt=1, swap_hops=2, ion_hops=0, i1=2, i2=3)
    - MOVE   (7724 -> 7738)  ion 2: Seg3 -> Seg2 via J1
    - MERGE  (7738 -> 7818)  ion 2: Seg2 -> T1
[SHUTTLE 26] ion=4  T0 -> T2  route=T0->J0->J1->T2
    - SPLIT  (7858 -> 7978)  ion 4: T0 -> Seg0 (swap_cnt=1, swap_hops=2, ion_hops=0, i1=4, i2=6)
    - MOVE   (7978 -> 7992)  ion 4: Seg0 -> Seg4 via J0
    - MOVE   (7992 -> 8006)  ion 4: Seg4 -> Seg3 via J1
    - MERGE  (8006 -> 8086)  ion 4: Seg3 -> T2
[SHUTTLE 27] ion=7  T2 -> T0  route=T2->J1->J0->T0
    - SPLIT  (8126 -> 8246)  ion 7: T2 -> Seg3 (swap_cnt=1, swap_hops=3, ion_hops=0, i1=7, i2=4)
    - MOVE   (8246 -> 8260)  ion 7: Seg3 -> Seg4 via J1
    - MOVE   (8260 -> 8274)  ion 7: Seg4 -> Seg0 via J0
    - MERGE  (8274 -> 8354)  ion 7: Seg0 -> T0
[SHUTTLE 28] ion=14  T1 -> T2  route=T1->J1->T2
    - SPLIT  (8474 -> 8594)  ion 14: T1 -> Seg2 (swap_cnt=1, swap_hops=11, ion_hops=0, i1=14, i2=2)
    - MOVE   (8594 -> 8608)  ion 14: Seg2 -> Seg3 via J1
    - MERGE  (8608 -> 8688)  ion 14: Seg3 -> T2
[SHUTTLE 29] ion=5  T0 -> T2  route=T0->J0->J1->T2
    - SPLIT  (8728 -> 8848)  ion 5: T0 -> Seg0 (swap_cnt=1, swap_hops=2, ion_hops=0, i1=5, i2=7)
    - MOVE   (8848 -> 8862)  ion 5: Seg0 -> Seg4 via J0
    - MOVE   (8862 -> 8876)  ion 5: Seg4 -> Seg3 via J1
    - MERGE  (8876 -> 8956)  ion 5: Seg3 -> T2
[SHUTTLE 30] ion=0  T1 -> T0  route=T1->J1->J0->T0
    - SPLIT  (8996 -> 9116)  ion 0: T1 -> Seg2 (swap_cnt=1, swap_hops=2, ion_hops=0, i1=0, i2=2)
    - MOVE   (9116 -> 9130)  ion 0: Seg2 -> Seg4 via J1
    - MOVE   (9130 -> 9144)  ion 0: Seg4 -> Seg0 via J0
    - MERGE  (9144 -> 9224)  ion 0: Seg0 -> T0
[SHUTTLE 31] ion=3  T2 -> T1  route=T2->J1->T1
    - SPLIT  (9344 -> 9464)  ion 3: T2 -> Seg3 (swap_cnt=1, swap_hops=3, ion_hops=0, i1=3, i2=5)
    - MOVE   (9464 -> 9478)  ion 3: Seg3 -> Seg2 via J1
    - MERGE  (9478 -> 9558)  ion 3: Seg2 -> T1
[SHUTTLE 32] ion=6  T0 -> T2  route=T0->J0->J1->T2
    - SPLIT  (9598 -> 9718)  ion 6: T0 -> Seg0 (swap_cnt=1, swap_hops=2, ion_hops=0, i1=6, i2=0)
    - MOVE   (9718 -> 9732)  ion 6: Seg0 -> Seg4 via J0
    - MOVE   (9732 -> 9746)  ion 6: Seg4 -> Seg3 via J1
    - MERGE  (9746 -> 9826)  ion 6: Seg3 -> T2
[SHUTTLE 33] ion=1  T1 -> T0  route=T1->J1->J0->T0
    - SPLIT  (9866 -> 9986)  ion 1: T1 -> Seg2 (swap_cnt=1, swap_hops=2, ion_hops=0, i1=1, i2=3)
    - MOVE   (9986 -> 10000)  ion 1: Seg2 -> Seg4 via J1
    - MOVE   (10000 -> 10014)  ion 1: Seg4 -> Seg0 via J0
    - MERGE  (10014 -> 10094)  ion 1: Seg0 -> T0
[SHUTTLE 34] ion=4  T2 -> T1  route=T2->J1->T1
    - SPLIT  (10214 -> 10334)  ion 4: T2 -> Seg3 (swap_cnt=1, swap_hops=3, ion_hops=0, i1=4, i2=6)
    - MOVE   (10334 -> 10348)  ion 4: Seg3 -> Seg2 via J1
    - MERGE  (10348 -> 10428)  ion 4: Seg2 -> T1
[SHUTTLE 35] ion=7  T0 -> T2  route=T0->J0->J1->T2
    - SPLIT  (10468 -> 10588)  ion 7: T0 -> Seg0 (swap_cnt=1, swap_hops=2, ion_hops=0, i1=7, i2=1)
    - MOVE   (10588 -> 10602)  ion 7: Seg0 -> Seg4 via J0
    - MOVE   (10602 -> 10616)  ion 7: Seg4 -> Seg3 via J1
    - MERGE  (10616 -> 10696)  ion 7: Seg3 -> T2
[SHUTTLE 36] ion=22  T1 -> T0  route=T1->J1->J0->T0
    - SPLIT  (10776 -> 10896)  ion 22: T1 -> Seg2 (swap_cnt=1, swap_hops=4, ion_hops=0, i1=22, i2=4)
    - MOVE   (10896 -> 10910)  ion 22: Seg2 -> Seg4 via J1
    - MOVE   (10910 -> 10924)  ion 22: Seg4 -> Seg0 via J0
    - MERGE  (10924 -> 11004)  ion 22: Seg0 -> T0
[SHUTTLE 37] ion=19  T0 -> T1  route=T0->J0->J1->T1
    - SPLIT  (11044 -> 11164)  ion 19: T0 -> Seg0 (swap_cnt=1, swap_hops=9, ion_hops=0, i1=19, i2=22)
    - MOVE   (11164 -> 11178)  ion 19: Seg0 -> Seg4 via J0
    - MOVE   (11178 -> 11192)  ion 19: Seg4 -> Seg2 via J1
    - MERGE  (11192 -> 11272)  ion 19: Seg2 -> T1
[SHUTTLE 38] ion=5  T2 -> T1  route=T2->J1->T1
    - SPLIT  (11352 -> 11472)  ion 5: T2 -> Seg3 (swap_cnt=1, swap_hops=2, ion_hops=0, i1=5, i2=7)
    - MOVE   (11472 -> 11486)  ion 5: Seg3 -> Seg2 via J1
    - MERGE  (11486 -> 11566)  ion 5: Seg2 -> T1
[SHUTTLE 39] ion=12  T2 -> T0  route=T2->J1->J0->T0
    - SPLIT  (11606 -> 11726)  ion 12: T2 -> Seg3 (swap_cnt=1, swap_hops=4, ion_hops=0, i1=12, i2=7)
    - MOVE   (11726 -> 11740)  ion 12: Seg3 -> Seg4 via J1
    - MOVE   (11740 -> 11754)  ion 12: Seg4 -> Seg0 via J0
    - MERGE  (11754 -> 11834)  ion 12: Seg0 -> T0
[SHUTTLE 40] ion=20  T0 -> T2  route=T0->J0->J1->T2
    - SPLIT  (11914 -> 12034)  ion 20: T0 -> Seg0 (swap_cnt=1, swap_hops=7, ion_hops=0, i1=20, i2=12)
    - MOVE   (12034 -> 12048)  ion 20: Seg0 -> Seg4 via J0
    - MOVE   (12048 -> 12062)  ion 20: Seg4 -> Seg3 via J1
    - MERGE  (12062 -> 12142)  ion 20: Seg3 -> T2
[SHUTTLE 41] ion=2  T1 -> T2  route=T1->J1->T2
    - SPLIT  (12142 -> 12262)  ion 2: T1 -> Seg2 (swap_cnt=1, swap_hops=4, ion_hops=0, i1=2, i2=5)
    - MOVE   (12262 -> 12276)  ion 2: Seg2 -> Seg3 via J1
    - MERGE  (12276 -> 12356)  ion 2: Seg3 -> T2
[SHUTTLE 42] ion=6  T2 -> T1  route=T2->J1->T1
    - SPLIT  (12436 -> 12556)  ion 6: T2 -> Seg3 (swap_cnt=1, swap_hops=3, ion_hops=0, i1=6, i2=2)
    - MOVE   (12556 -> 12570)  ion 6: Seg3 -> Seg2 via J1
    - MERGE  (12570 -> 12650)  ion 6: Seg2 -> T1
[SHUTTLE 43] ion=13  T2 -> T0  route=T2->J1->J0->T0
    - SPLIT  (12690 -> 12810)  ion 13: T2 -> Seg3 (swap_cnt=1, swap_hops=4, ion_hops=0, i1=13, i2=2)
    - MOVE   (12810 -> 12824)  ion 13: Seg3 -> Seg4 via J1
    - MOVE   (12824 -> 12838)  ion 13: Seg4 -> Seg0 via J0
    - MERGE  (12838 -> 12918)  ion 13: Seg0 -> T0
[SHUTTLE 44] ion=0  T0 -> T2  route=T0->J0->J1->T2
    - SPLIT  (12958 -> 13078)  ion 0: T0 -> Seg0 (swap_cnt=1, swap_hops=4, ion_hops=0, i1=0, i2=13)
    - MOVE   (13078 -> 13092)  ion 0: Seg0 -> Seg4 via J0
    - MOVE   (13092 -> 13106)  ion 0: Seg4 -> Seg3 via J1
    - MERGE  (13106 -> 13186)  ion 0: Seg3 -> T2
[SHUTTLE 45] ion=2  T2 -> T0  route=T2->J1->J0->T0
    - SPLIT  (13266 -> 13386)  ion 2: T2 -> Seg3 (swap_cnt=1, swap_hops=1, ion_hops=0, i1=2, i2=0)
    - MOVE   (13386 -> 13400)  ion 2: Seg3 -> Seg4 via J1
    - MOVE   (13400 -> 13414)  ion 2: Seg4 -> Seg0 via J0
    - MERGE  (13414 -> 13494)  ion 2: Seg0 -> T0
[SHUTTLE 46] ion=3  T1 -> T2  route=T1->J1->T2
    - SPLIT  (13534 -> 13654)  ion 3: T1 -> Seg2 (swap_cnt=1, swap_hops=4, ion_hops=0, i1=3, i2=6)
    - MOVE   (13654 -> 13668)  ion 3: Seg2 -> Seg3 via J1
    - MERGE  (13668 -> 13748)  ion 3: Seg3 -> T2
[SHUTTLE 47] ion=7  T2 -> T1  route=T2->J1->T1
    - SPLIT  (13828 -> 13948)  ion 7: T2 -> Seg3 (swap_cnt=1, swap_hops=3, ion_hops=0, i1=7, i2=3)
    - MOVE   (13948 -> 13962)  ion 7: Seg3 -> Seg2 via J1
    - MERGE  (13962 -> 14042)  ion 7: Seg2 -> T1
[SHUTTLE 48] ion=8  T0 -> T2  route=T0->J0->J1->T2
    - SPLIT  (14082 -> 14202)  ion 8: T0 -> Seg0 (swap_cnt=1, swap_hops=6, ion_hops=0, i1=8, i2=2)
    - MOVE   (14202 -> 14216)  ion 8: Seg0 -> Seg4 via J0
    - MOVE   (14216 -> 14230)  ion 8: Seg4 -> Seg3 via J1
    - MERGE  (14230 -> 14310)  ion 8: Seg3 -> T2
[SHUTTLE 49] ion=24  T2 -> T0  route=T2->J1->J0->T0
    - SPLIT  (14350 -> 14470)  ion 24: T2 -> Seg3 (swap_cnt=1, swap_hops=5, ion_hops=0, i1=24, i2=8)
    - MOVE   (14470 -> 14484)  ion 24: Seg3 -> Seg4 via J1
    - MOVE   (14484 -> 14498)  ion 24: Seg4 -> Seg0 via J0
    - MERGE  (14498 -> 14578)  ion 24: Seg0 -> T0
[SHUTTLE 50] ion=21  T0 -> T2  route=T0->J0->J1->T2
    - SPLIT  (14658 -> 14778)  ion 21: T0 -> Seg0 (swap_cnt=1, swap_hops=7, ion_hops=0, i1=21, i2=24)
    - MOVE   (14778 -> 14792)  ion 21: Seg0 -> Seg4 via J0
    - MOVE   (14792 -> 14806)  ion 21: Seg4 -> Seg3 via J1
    - MERGE  (14806 -> 14886)  ion 21: Seg3 -> T2
[SHUTTLE 51] ion=4  T1 -> T2  route=T1->J1->T2
    - SPLIT  (14926 -> 15046)  ion 4: T1 -> Seg2 (swap_cnt=1, swap_hops=4, ion_hops=0, i1=4, i2=7)
    - MOVE   (15046 -> 15060)  ion 4: Seg2 -> Seg3 via J1
    - MERGE  (15060 -> 15140)  ion 4: Seg3 -> T2
[SHUTTLE 52] ion=0  T2 -> T1  route=T2->J1->T1
    - SPLIT  (15180 -> 15300)  ion 0: T2 -> Seg3 (swap_cnt=1, swap_hops=4, ion_hops=0, i1=0, i2=4)
    - MOVE   (15300 -> 15314)  ion 0: Seg3 -> Seg2 via J1
    - MERGE  (15314 -> 15394)  ion 0: Seg2 -> T1
[SHUTTLE 53] ion=15  T1 -> T2  route=T1->J1->T2
    - SPLIT  (15434 -> 15554)  ion 15: T1 -> Seg2 (swap_cnt=1, swap_hops=11, ion_hops=0, i1=15, i2=0)
    - MOVE   (15554 -> 15568)  ion 15: Seg2 -> Seg3 via J1
    - MERGE  (15568 -> 15648)  ion 15: Seg3 -> T2
[SHUTTLE 54] ion=14  T2 -> T0  route=T2->J1->J0->T0
    - SPLIT  (15688 -> 15808)  ion 14: T2 -> Seg3 (swap_cnt=1, swap_hops=6, ion_hops=0, i1=14, i2=15)
    - MOVE   (15808 -> 15822)  ion 14: Seg3 -> Seg4 via J1
    - MOVE   (15822 -> 15836)  ion 14: Seg4 -> Seg0 via J0
    - MERGE  (15836 -> 15916)  ion 14: Seg0 -> T0
[SHUTTLE 55] ion=1  T0 -> T2  route=T0->J0->J1->T2
    - SPLIT  (15956 -> 16076)  ion 1: T0 -> Seg0 (swap_cnt=1, swap_hops=6, ion_hops=0, i1=1, i2=14)
    - MOVE   (16076 -> 16090)  ion 1: Seg0 -> Seg4 via J0
    - MOVE   (16090 -> 16104)  ion 1: Seg4 -> Seg3 via J1
    - MERGE  (16104 -> 16184)  ion 1: Seg3 -> T2
[SHUTTLE 56] ion=3  T2 -> T0  route=T2->J1->J0->T0
    - SPLIT  (16264 -> 16384)  ion 3: T2 -> Seg3 (swap_cnt=1, swap_hops=5, ion_hops=0, i1=3, i2=1)
    - MOVE   (16384 -> 16398)  ion 3: Seg3 -> Seg4 via J1
    - MOVE   (16398 -> 16412)  ion 3: Seg4 -> Seg0 via J0
    - MERGE  (16412 -> 16492)  ion 3: Seg0 -> T0
[SHUTTLE 57] ion=20  T2 -> T1  route=T2->J1->T1
    - SPLIT  (16532 -> 16652)  ion 20: T2 -> Seg3 (swap_cnt=1, swap_hops=5, ion_hops=0, i1=20, i2=1)
    - MOVE   (16652 -> 16666)  ion 20: Seg3 -> Seg2 via J1
    - MERGE  (16666 -> 16746)  ion 20: Seg2 -> T1
[SHUTTLE 58] ion=16  T1 -> T2  route=T1->J1->T2
    - SPLIT  (16826 -> 16946)  ion 16: T1 -> Seg2 (swap_cnt=1, swap_hops=11, ion_hops=0, i1=16, i2=20)
    - MOVE   (16946 -> 16960)  ion 16: Seg2 -> Seg3 via J1
    - MERGE  (16960 -> 17040)  ion 16: Seg3 -> T2
[SHUTTLE 59] ion=9  T0 -> T2  route=T0->J0->J1->T2
    - SPLIT  (17080 -> 17200)  ion 9: T0 -> Seg0 (swap_cnt=1, swap_hops=7, ion_hops=0, i1=9, i2=3)
    - MOVE   (17200 -> 17214)  ion 9: Seg0 -> Seg4 via J0
    - MOVE   (17214 -> 17228)  ion 9: Seg4 -> Seg3 via J1
    - MERGE  (17228 -> 17308)  ion 9: Seg3 -> T2
[SHUTTLE 60] ion=1  T2 -> T1  route=T2->J1->T1
    - SPLIT  (17348 -> 17468)  ion 1: T2 -> Seg3 (swap_cnt=1, swap_hops=2, ion_hops=0, i1=1, i2=9)
    - MOVE   (17468 -> 17482)  ion 1: Seg3 -> Seg2 via J1
    - MERGE  (17482 -> 17562)  ion 1: Seg2 -> T1
[SHUTTLE 61] ion=25  T2 -> T0  route=T2->J1->J0->T0
    - SPLIT  (17642 -> 17762)  ion 25: T2 -> Seg3 (swap_cnt=1, swap_hops=8, ion_hops=0, i1=25, i2=9)
    - MOVE   (17762 -> 17776)  ion 25: Seg3 -> Seg4 via J1
    - MOVE   (17776 -> 17790)  ion 25: Seg4 -> Seg0 via J0
    - MERGE  (17790 -> 17870)  ion 25: Seg0 -> T0
[SHUTTLE 62] ion=22  T0 -> T2  route=T0->J0->J1->T2
    - SPLIT  (17910 -> 18030)  ion 22: T0 -> Seg0 (swap_cnt=1, swap_hops=7, ion_hops=0, i1=22, i2=25)
    - MOVE   (18030 -> 18044)  ion 22: Seg0 -> Seg4 via J0
    - MOVE   (18044 -> 18058)  ion 22: Seg4 -> Seg3 via J1
    - MERGE  (18058 -> 18138)  ion 22: Seg3 -> T2
[SHUTTLE 63] ion=5  T1 -> T2  route=T1->J1->T2
    - SPLIT  (18178 -> 18298)  ion 5: T1 -> Seg2 (swap_cnt=1, swap_hops=5, ion_hops=0, i1=5, i2=1)
    - MOVE   (18298 -> 18312)  ion 5: Seg2 -> Seg3 via J1
    - MERGE  (18312 -> 18392)  ion 5: Seg3 -> T2
[SHUTTLE 64] ion=8  T2 -> T1  route=T2->J1->T1
    - SPLIT  (18472 -> 18592)  ion 8: T2 -> Seg3 (swap_cnt=1, swap_hops=7, ion_hops=0, i1=8, i2=5)
    - MOVE   (18592 -> 18606)  ion 8: Seg3 -> Seg2 via J1
    - MERGE  (18606 -> 18686)  ion 8: Seg2 -> T1
[SHUTTLE 65] ion=15  T2 -> T0  route=T2->J1->J0->T0
    - SPLIT  (18726 -> 18846)  ion 15: T2 -> Seg3 (swap_cnt=1, swap_hops=4, ion_hops=0, i1=15, i2=5)
    - MOVE   (18846 -> 18860)  ion 15: Seg3 -> Seg4 via J1
    - MOVE   (18860 -> 18874)  ion 15: Seg4 -> Seg0 via J0
    - MERGE  (18874 -> 18954)  ion 15: Seg0 -> T0
[SHUTTLE 66] ion=29  T0 -> T2  route=T0->J0->J1->T2
    - SPLIT  (18994 -> 19114)  ion 29: T0 -> Seg0 (swap_cnt=1, swap_hops=8, ion_hops=0, i1=29, i2=15)
    - MOVE   (19114 -> 19128)  ion 29: Seg0 -> Seg4 via J0
    - MOVE   (19128 -> 19142)  ion 29: Seg4 -> Seg3 via J1
    - MERGE  (19142 -> 19222)  ion 29: Seg3 -> T2
[SHUTTLE 67] ion=0  T1 -> T2  route=T1->J1->T2
    - SPLIT  (19222 -> 19342)  ion 0: T1 -> Seg2 (swap_cnt=1, swap_hops=3, ion_hops=0, i1=0, i2=8)
    - MOVE   (19342 -> 19356)  ion 0: Seg2 -> Seg3 via J1
    - MERGE  (19356 -> 19436)  ion 0: Seg3 -> T2
[SHUTTLE 68] ion=26  T1 -> T0  route=T1->J1->J0->T0
    - SPLIT  (19516 -> 19636)  ion 26: T1 -> Seg2 (swap_cnt=1, swap_hops=9, ion_hops=0, i1=26, i2=8)
    - MOVE   (19636 -> 19650)  ion 26: Seg2 -> Seg4 via J1
    - MOVE   (19650 -> 19664)  ion 26: Seg4 -> Seg0 via J0
    - MERGE  (19664 -> 19744)  ion 26: Seg0 -> T0
[SHUTTLE 69] ion=23  T0 -> T2  route=T0->J0->J1->T2
    - SPLIT  (19784 -> 19904)  ion 23: T0 -> Seg0 (swap_cnt=1, swap_hops=9, ion_hops=0, i1=23, i2=26)
    - MOVE   (19904 -> 19918)  ion 23: Seg0 -> Seg4 via J0
    - MOVE   (19918 -> 19932)  ion 23: Seg4 -> Seg3 via J1
    - MERGE  (19932 -> 20012)  ion 23: Seg3 -> T2
[SHUTTLE 70] ion=21  T2 -> T1  route=T2->J1->T1
    - SPLIT  (20052 -> 20172)  ion 21: T2 -> Seg3 (swap_cnt=1, swap_hops=8, ion_hops=0, i1=21, i2=23)
    - MOVE   (20172 -> 20186)  ion 21: Seg3 -> Seg2 via J1
    - MERGE  (20186 -> 20266)  ion 21: Seg2 -> T1
[SHUTTLE 71] ion=9  T2 -> T1  route=T2->J1->T1
    - SPLIT  (20346 -> 20466)  ion 9: T2 -> Seg3 (swap_cnt=1, swap_hops=5, ion_hops=0, i1=9, i2=23)
    - MOVE   (20466 -> 20480)  ion 9: Seg3 -> Seg2 via J1
    - MERGE  (20480 -> 20560)  ion 9: Seg2 -> T1
[SHUTTLE 72] ion=16  T2 -> T0  route=T2->J1->J0->T0
    - SPLIT  (20600 -> 20720)  ion 16: T2 -> Seg3 (swap_cnt=1, swap_hops=5, ion_hops=0, i1=16, i2=23)
    - MOVE   (20720 -> 20734)  ion 16: Seg3 -> Seg4 via J1
    - MOVE   (20734 -> 20748)  ion 16: Seg4 -> Seg0 via J0
    - MERGE  (20748 -> 20828)  ion 16: Seg0 -> T0
[SHUTTLE 73] ion=1  T1 -> T2  route=T1->J1->T2
    - SPLIT  (20908 -> 21028)  ion 1: T1 -> Seg2 (swap_cnt=1, swap_hops=3, ion_hops=0, i1=1, i2=9)
    - MOVE   (21028 -> 21042)  ion 1: Seg2 -> Seg3 via J1
    - MERGE  (21042 -> 21122)  ion 1: Seg3 -> T2
[SHUTTLE 74] ion=2  T0 -> T1  route=T0->J0->J1->T1
    - SPLIT  (21162 -> 21282)  ion 2: T0 -> Seg0 (swap_cnt=1, swap_hops=7, ion_hops=0, i1=2, i2=16)
    - MOVE   (21282 -> 21296)  ion 2: Seg0 -> Seg4 via J0
    - MOVE   (21296 -> 21310)  ion 2: Seg4 -> Seg2 via J1
    - MERGE  (21310 -> 21390)  ion 2: Seg2 -> T1
[SHUTTLE 75] ion=4  T2 -> T0  route=T2->J1->J0->T0
    - SPLIT  (21430 -> 21550)  ion 4: T2 -> Seg3 (swap_cnt=1, swap_hops=6, ion_hops=0, i1=4, i2=1)
    - MOVE   (21550 -> 21564)  ion 4: Seg3 -> Seg4 via J1
    - MOVE   (21564 -> 21578)  ion 4: Seg4 -> Seg0 via J0
    - MERGE  (21578 -> 21658)  ion 4: Seg0 -> T0
[SHUTTLE 76] ion=6  T1 -> T2  route=T1->J1->T2
    - SPLIT  (21698 -> 21818)  ion 6: T1 -> Seg2 (swap_cnt=1, swap_hops=6, ion_hops=0, i1=6, i2=2)
    - MOVE   (21818 -> 21832)  ion 6: Seg2 -> Seg3 via J1
    - MERGE  (21832 -> 21912)  ion 6: Seg3 -> T2
[SHUTTLE 77] ion=10  T0 -> T1  route=T0->J0->J1->T1
    - SPLIT  (21992 -> 22112)  ion 10: T0 -> Seg0 (swap_cnt=1, swap_hops=11, ion_hops=0, i1=10, i2=4)
    - MOVE   (22112 -> 22126)  ion 10: Seg0 -> Seg4 via J0
    - MOVE   (22126 -> 22140)  ion 10: Seg4 -> Seg2 via J1
    - MERGE  (22140 -> 22220)  ion 10: Seg2 -> T1
[SHUTTLE 78] ion=27  T1 -> T0  route=T1->J1->J0->T0
    - SPLIT  (22300 -> 22420)  ion 27: T1 -> Seg2 (swap_cnt=1, swap_hops=10, ion_hops=0, i1=27, i2=10)
    - MOVE   (22420 -> 22434)  ion 27: Seg2 -> Seg4 via J1
    - MOVE   (22434 -> 22448)  ion 27: Seg4 -> Seg0 via J0
    - MERGE  (22448 -> 22528)  ion 27: Seg0 -> T0
[SHUTTLE 79] ion=24  T0 -> T2  route=T0->J0->J1->T2
    - SPLIT  (22568 -> 22688)  ion 24: T0 -> Seg0 (swap_cnt=1, swap_hops=8, ion_hops=0, i1=24, i2=27)
    - MOVE   (22688 -> 22702)  ion 24: Seg0 -> Seg4 via J0
    - MOVE   (22702 -> 22716)  ion 24: Seg4 -> Seg3 via J1
    - MERGE  (22716 -> 22796)  ion 24: Seg3 -> T2
[SHUTTLE 80] ion=22  T2 -> T1  route=T2->J1->T1
    - SPLIT  (22836 -> 22956)  ion 22: T2 -> Seg3 (swap_cnt=1, swap_hops=7, ion_hops=0, i1=22, i2=24)
    - MOVE   (22956 -> 22970)  ion 22: Seg3 -> Seg2 via J1
    - MERGE  (22970 -> 23050)  ion 22: Seg2 -> T1
[SHUTTLE 81] ion=17  T1 -> T0  route=T1->J1->J0->T0
    - SPLIT  (23130 -> 23250)  ion 17: T1 -> Seg2 (swap_cnt=1, swap_hops=11, ion_hops=0, i1=17, i2=22)
    - MOVE   (23250 -> 23264)  ion 17: Seg2 -> Seg4 via J1
    - MOVE   (23264 -> 23278)  ion 17: Seg4 -> Seg0 via J0
    - MERGE  (23278 -> 23358)  ion 17: Seg0 -> T0
[SHUTTLE 82] ion=29  T2 -> T1  route=T2->J1->T1
    - SPLIT  (23398 -> 23518)  ion 29: T2 -> Seg3 (swap_cnt=1, swap_hops=5, ion_hops=0, i1=29, i2=24)
    - MOVE   (23518 -> 23532)  ion 29: Seg3 -> Seg2 via J1
    - MERGE  (23532 -> 23612)  ion 29: Seg2 -> T1
[SHUTTLE 83] ion=28  T1 -> T2  route=T1->J1->T2
    - SPLIT  (23692 -> 23812)  ion 28: T1 -> Seg2 (swap_cnt=1, swap_hops=11, ion_hops=0, i1=28, i2=29)
    - MOVE   (23812 -> 23826)  ion 28: Seg2 -> Seg3 via J1
    - MERGE  (23826 -> 23906)  ion 28: Seg3 -> T2
[SHUTTLE 84] ion=3  T0 -> T2  route=T0->J0->J1->T2
    - SPLIT  (23906 -> 24026)  ion 3: T0 -> Seg0 (swap_cnt=1, swap_hops=7, ion_hops=0, i1=3, i2=17)
    - MOVE   (24026 -> 24040)  ion 3: Seg0 -> Seg4 via J0
    - MOVE   (24040 -> 24054)  ion 3: Seg4 -> Seg3 via J1
    - MERGE  (24054 -> 24134)  ion 3: Seg3 -> T2
[SHUTTLE 85] ion=5  T2 -> T0  route=T2->J1->J0->T0
    - SPLIT  (24174 -> 24294)  ion 5: T2 -> Seg3 (swap_cnt=1, swap_hops=7, ion_hops=0, i1=5, i2=3)
    - MOVE   (24294 -> 24308)  ion 5: Seg3 -> Seg4 via J1
    - MOVE   (24308 -> 24322)  ion 5: Seg4 -> Seg0 via J0
    - MERGE  (24322 -> 24402)  ion 5: Seg0 -> T0
[SHUTTLE 86] ion=23  T2 -> T1  route=T2->J1->T1
    - SPLIT  (24442 -> 24562)  ion 23: T2 -> Seg3 (swap_cnt=1, swap_hops=5, ion_hops=0, i1=23, i2=3)
    - MOVE   (24562 -> 24576)  ion 23: Seg3 -> Seg2 via J1
    - MERGE  (24576 -> 24656)  ion 23: Seg2 -> T1
[SHUTTLE 87] ion=18  T1 -> T2  route=T1->J1->T2
    - SPLIT  (24736 -> 24856)  ion 18: T1 -> Seg2 (swap_cnt=1, swap_hops=11, ion_hops=0, i1=18, i2=23)
    - MOVE   (24856 -> 24870)  ion 18: Seg2 -> Seg3 via J1
    - MERGE  (24870 -> 24950)  ion 18: Seg3 -> T2
[SHUTTLE 88] ion=11  T0 -> T2  route=T0->J0->J1->T2
    - SPLIT  (24950 -> 25070)  ion 11: T0 -> Seg0 (swap_cnt=1, swap_hops=11, ion_hops=0, i1=11, i2=5)
    - MOVE   (25070 -> 25084)  ion 11: Seg0 -> Seg4 via J0
    - MOVE   (25084 -> 25098)  ion 11: Seg4 -> Seg3 via J1
    - MERGE  (25098 -> 25178)  ion 11: Seg3 -> T2
[SHUTTLE 89] ion=30  T2 -> T1  route=T2->J1->T1
    - SPLIT  (25218 -> 25338)  ion 30: T2 -> Seg3 (swap_cnt=1, swap_hops=8, ion_hops=0, i1=30, i2=11)
    - MOVE   (25338 -> 25352)  ion 30: Seg3 -> Seg2 via J1
    - MERGE  (25352 -> 25432)  ion 30: Seg2 -> T1
[SHUTTLE 90] ion=29  T1 -> T2  route=T1->J1->T2
    - SPLIT  (25512 -> 25632)  ion 29: T1 -> Seg2 (swap_cnt=1, swap_hops=2, ion_hops=0, i1=29, i2=30)
    - MOVE   (25632 -> 25646)  ion 29: Seg2 -> Seg3 via J1
    - MERGE  (25646 -> 25726)  ion 29: Seg3 -> T2
[SHUTTLE 91] ion=28  T2 -> T0  route=T2->J1->J0->T0
    - SPLIT  (25766 -> 25886)  ion 28: T2 -> Seg3 (swap_cnt=1, swap_hops=4, ion_hops=0, i1=28, i2=29)
    - MOVE   (25886 -> 25900)  ion 28: Seg3 -> Seg4 via J1
    - MOVE   (25900 -> 25914)  ion 28: Seg4 -> Seg0 via J0
    - MERGE  (25914 -> 25994)  ion 28: Seg0 -> T0
[SHUTTLE 92] ion=25  T0 -> T2  route=T0->J0->J1->T2
    - SPLIT  (26034 -> 26154)  ion 25: T0 -> Seg0 (swap_cnt=1, swap_hops=8, ion_hops=0, i1=25, i2=28)
    - MOVE   (26154 -> 26168)  ion 25: Seg0 -> Seg4 via J0
    - MOVE   (26168 -> 26182)  ion 25: Seg4 -> Seg3 via J1
    - MERGE  (26182 -> 26262)  ion 25: Seg3 -> T2
[SHUTTLE 93] ion=24  T2 -> T1  route=T2->J1->T1
    - SPLIT  (26302 -> 26422)  ion 24: T2 -> Seg3 (swap_cnt=1, swap_hops=5, ion_hops=0, i1=24, i2=25)
    - MOVE   (26422 -> 26436)  ion 24: Seg3 -> Seg2 via J1
    - MERGE  (26436 -> 26516)  ion 24: Seg2 -> T1
[SHUTTLE 94] ion=19  T1 -> T2  route=T1->J1->T2
    - SPLIT  (26596 -> 26716)  ion 19: T1 -> Seg2 (swap_cnt=1, swap_hops=11, ion_hops=0, i1=19, i2=24)
    - MOVE   (26716 -> 26730)  ion 19: Seg2 -> Seg3 via J1
    - MERGE  (26730 -> 26810)  ion 19: Seg3 -> T2
[SHUTTLE 95] ion=18  T2 -> T0  route=T2->J1->J0->T0
    - SPLIT  (26850 -> 26970)  ion 18: T2 -> Seg3 (swap_cnt=1, swap_hops=4, ion_hops=0, i1=18, i2=19)
    - MOVE   (26970 -> 26984)  ion 18: Seg3 -> Seg4 via J1
    - MOVE   (26984 -> 26998)  ion 18: Seg4 -> Seg0 via J0
    - MERGE  (26998 -> 27078)  ion 18: Seg0 -> T0
[SHUTTLE 96] ion=31  T2 -> T1  route=T2->J1->T1
    - SPLIT  (27118 -> 27238)  ion 31: T2 -> Seg3 (swap_cnt=1, swap_hops=8, ion_hops=0, i1=31, i2=19)
    - MOVE   (27238 -> 27252)  ion 31: Seg3 -> Seg2 via J1
    - MERGE  (27252 -> 27332)  ion 31: Seg2 -> T1
[SHUTTLE 97] ion=30  T1 -> T2  route=T1->J1->T2
    - SPLIT  (27412 -> 27532)  ion 30: T1 -> Seg2 (swap_cnt=1, swap_hops=2, ion_hops=0, i1=30, i2=31)
    - MOVE   (27532 -> 27546)  ion 30: Seg2 -> Seg3 via J1
    - MERGE  (27546 -> 27626)  ion 30: Seg3 -> T2
[SHUTTLE 98] ion=4  T0 -> T2  route=T0->J0->J1->T2
    - SPLIT  (27666 -> 27786)  ion 4: T0 -> Seg0 (swap_cnt=1, swap_hops=5, ion_hops=0, i1=4, i2=18)
    - MOVE   (27786 -> 27800)  ion 4: Seg0 -> Seg4 via J0
    - MOVE   (27800 -> 27814)  ion 4: Seg4 -> Seg3 via J1
    - MERGE  (27814 -> 27894)  ion 4: Seg3 -> T2
[SHUTTLE 99] ion=6  T2 -> T0  route=T2->J1->J0->T0
    - SPLIT  (27934 -> 28054)  ion 6: T2 -> Seg3 (swap_cnt=1, swap_hops=7, ion_hops=0, i1=6, i2=4)
    - MOVE   (28054 -> 28068)  ion 6: Seg3 -> Seg4 via J1
    - MOVE   (28068 -> 28082)  ion 6: Seg4 -> Seg0 via J0
    - MERGE  (28082 -> 28162)  ion 6: Seg0 -> T0
[SHUTTLE 100] ion=25  T2 -> T1  route=T2->J1->T1
    - SPLIT  (28202 -> 28322)  ion 25: T2 -> Seg3 (swap_cnt=1, swap_hops=3, ion_hops=0, i1=25, i2=4)
    - MOVE   (28322 -> 28336)  ion 25: Seg3 -> Seg2 via J1
    - MERGE  (28336 -> 28416)  ion 25: Seg2 -> T1
[SHUTTLE 101] ion=20  T1 -> T2  route=T1->J1->T2
    - SPLIT  (28496 -> 28616)  ion 20: T1 -> Seg2 (swap_cnt=1, swap_hops=10, ion_hops=0, i1=20, i2=25)
    - MOVE   (28616 -> 28630)  ion 20: Seg2 -> Seg3 via J1
    - MERGE  (28630 -> 28710)  ion 20: Seg3 -> T2
[SHUTTLE 102] ion=12  T0 -> T2  route=T0->J0->J1->T2
    - SPLIT  (28750 -> 28870)  ion 12: T0 -> Seg0 (swap_cnt=1, swap_hops=11, ion_hops=0, i1=12, i2=6)
    - MOVE   (28870 -> 28884)  ion 12: Seg0 -> Seg4 via J0
    - MOVE   (28884 -> 28898)  ion 12: Seg4 -> Seg3 via J1
    - MERGE  (28898 -> 28978)  ion 12: Seg3 -> T2
[SHUTTLE 103] ion=3  T2 -> T1  route=T2->J1->T1
    - SPLIT  (29058 -> 29178)  ion 3: T2 -> Seg3 (swap_cnt=1, swap_hops=7, ion_hops=0, i1=3, i2=12)
    - MOVE   (29178 -> 29192)  ion 3: Seg3 -> Seg2 via J1
    - MERGE  (29192 -> 29272)  ion 3: Seg2 -> T1
[SHUTTLE 104] ion=29  T2 -> T0  route=T2->J1->J0->T0
    - SPLIT  (29312 -> 29432)  ion 29: T2 -> Seg3 (swap_cnt=1, swap_hops=5, ion_hops=0, i1=29, i2=12)
    - MOVE   (29432 -> 29446)  ion 29: Seg3 -> Seg4 via J1
    - MOVE   (29446 -> 29460)  ion 29: Seg4 -> Seg0 via J0
    - MERGE  (29460 -> 29540)  ion 29: Seg0 -> T0
[SHUTTLE 105] ion=26  T0 -> T2  route=T0->J0->J1->T2
    - SPLIT  (29580 -> 29700)  ion 26: T0 -> Seg0 (swap_cnt=1, swap_hops=8, ion_hops=0, i1=26, i2=29)
    - MOVE   (29700 -> 29714)  ion 26: Seg0 -> Seg4 via J0
    - MOVE   (29714 -> 29728)  ion 26: Seg4 -> Seg3 via J1
    - MERGE  (29728 -> 29808)  ion 26: Seg3 -> T2
[SHUTTLE 106] ion=7  T1 -> T2  route=T1->J1->T2
    - SPLIT  (29808 -> 29928)  ion 7: T1 -> Seg2 (swap_cnt=1, swap_hops=11, ion_hops=0, i1=7, i2=3)
    - MOVE   (29928 -> 29942)  ion 7: Seg2 -> Seg3 via J1
    - MERGE  (29942 -> 30022)  ion 7: Seg3 -> T2
[SHUTTLE 107] ion=11  T2 -> T1  route=T2->J1->T1
    - SPLIT  (30102 -> 30222)  ion 11: T2 -> Seg3 (swap_cnt=1, swap_hops=7, ion_hops=0, i1=11, i2=7)
    - MOVE   (30222 -> 30236)  ion 11: Seg3 -> Seg2 via J1
    - MERGE  (30236 -> 30316)  ion 11: Seg2 -> T1
[SHUTTLE 108] ion=19  T2 -> T0  route=T2->J1->J0->T0
    - SPLIT  (30356 -> 30476)  ion 19: T2 -> Seg3 (swap_cnt=1, swap_hops=6, ion_hops=0, i1=19, i2=7)
    - MOVE   (30476 -> 30490)  ion 19: Seg3 -> Seg4 via J1
    - MOVE   (30490 -> 30504)  ion 19: Seg4 -> Seg0 via J0
    - MERGE  (30504 -> 30584)  ion 19: Seg0 -> T0
[SHUTTLE 109] ion=31  T1 -> T2  route=T1->J1->T2
    - SPLIT  (30664 -> 30784)  ion 31: T1 -> Seg2 (swap_cnt=1, swap_hops=3, ion_hops=0, i1=31, i2=11)
    - MOVE   (30784 -> 30798)  ion 31: Seg2 -> Seg3 via J1
    - MERGE  (30798 -> 30878)  ion 31: Seg3 -> T2
[SHUTTLE 110] ion=5  T0 -> T2  route=T0->J0->J1->T2
    - SPLIT  (30918 -> 31038)  ion 5: T0 -> Seg0 (swap_cnt=1, swap_hops=5, ion_hops=0, i1=5, i2=19)
    - MOVE   (31038 -> 31052)  ion 5: Seg0 -> Seg4 via J0
    - MOVE   (31052 -> 31066)  ion 5: Seg4 -> Seg3 via J1
    - MERGE  (31066 -> 31146)  ion 5: Seg3 -> T2
[SHUTTLE 111] ion=7  T2 -> T0  route=T2->J1->J0->T0
    - SPLIT  (31186 -> 31306)  ion 7: T2 -> Seg3 (swap_cnt=1, swap_hops=2, ion_hops=0, i1=7, i2=5)
    - MOVE   (31306 -> 31320)  ion 7: Seg3 -> Seg4 via J1
    - MOVE   (31320 -> 31334)  ion 7: Seg4 -> Seg0 via J0
    - MERGE  (31334 -> 31414)  ion 7: Seg0 -> T0
[SHUTTLE 112] ion=26  T2 -> T1  route=T2->J1->T1
    - SPLIT  (31454 -> 31574)  ion 26: T2 -> Seg3 (swap_cnt=1, swap_hops=2, ion_hops=0, i1=26, i2=5)
    - MOVE   (31574 -> 31588)  ion 26: Seg3 -> Seg2 via J1
    - MERGE  (31588 -> 31668)  ion 26: Seg2 -> T1
[SHUTTLE 113] ion=21  T1 -> T2  route=T1->J1->T2
    - SPLIT  (31748 -> 31868)  ion 21: T1 -> Seg2 (swap_cnt=1, swap_hops=10, ion_hops=0, i1=21, i2=26)
    - MOVE   (31868 -> 31882)  ion 21: Seg2 -> Seg3 via J1
    - MERGE  (31882 -> 31962)  ion 21: Seg3 -> T2
[SHUTTLE 114] ion=13  T0 -> T2  route=T0->J0->J1->T2
    - SPLIT  (32002 -> 32122)  ion 13: T0 -> Seg0 (swap_cnt=1, swap_hops=11, ion_hops=0, i1=13, i2=7)
    - MOVE   (32122 -> 32136)  ion 13: Seg0 -> Seg4 via J0
    - MOVE   (32136 -> 32150)  ion 13: Seg4 -> Seg3 via J1
    - MERGE  (32150 -> 32230)  ion 13: Seg3 -> T2
[SHUTTLE 115] ion=30  T2 -> T0  route=T2->J1->J0->T0
    - SPLIT  (32310 -> 32430)  ion 30: T2 -> Seg3 (swap_cnt=1, swap_hops=7, ion_hops=0, i1=30, i2=13)
    - MOVE   (32430 -> 32444)  ion 30: Seg3 -> Seg4 via J1
    - MOVE   (32444 -> 32458)  ion 30: Seg4 -> Seg0 via J0
    - MERGE  (32458 -> 32538)  ion 30: Seg0 -> T0
[SHUTTLE 116] ion=27  T0 -> T1  route=T0->J0->J1->T1
    - SPLIT  (32578 -> 32698)  ion 27: T0 -> Seg0 (swap_cnt=1, swap_hops=8, ion_hops=0, i1=27, i2=30)
    - MOVE   (32698 -> 32712)  ion 27: Seg0 -> Seg4 via J0
    - MOVE   (32712 -> 32726)  ion 27: Seg4 -> Seg2 via J1
    - MERGE  (32726 -> 32806)  ion 27: Seg2 -> T1
[SHUTTLE 117] ion=22  T1 -> T2  route=T1->J1->T2
    - SPLIT  (32886 -> 33006)  ion 22: T1 -> Seg2 (swap_cnt=1, swap_hops=7, ion_hops=0, i1=22, i2=27)
    - MOVE   (33006 -> 33020)  ion 22: Seg2 -> Seg3 via J1
    - MERGE  (33020 -> 33100)  ion 22: Seg3 -> T2
[SHUTTLE 118] ion=20  T2 -> T0  route=T2->J1->J0->T0
    - SPLIT  (33140 -> 33260)  ion 20: T2 -> Seg3 (swap_cnt=1, swap_hops=6, ion_hops=0, i1=20, i2=22)
    - MOVE   (33260 -> 33274)  ion 20: Seg3 -> Seg4 via J1
    - MOVE   (33274 -> 33288)  ion 20: Seg4 -> Seg0 via J0
    - MERGE  (33288 -> 33368)  ion 20: Seg0 -> T0
[SHUTTLE 119] ion=6  T0 -> T2  route=T0->J0->J1->T2
    - SPLIT  (33448 -> 33568)  ion 6: T0 -> Seg0 (swap_cnt=1, swap_hops=5, ion_hops=0, i1=6, i2=20)
    - MOVE   (33568 -> 33582)  ion 6: Seg0 -> Seg4 via J0
    - MOVE   (33582 -> 33596)  ion 6: Seg4 -> Seg3 via J1
    - MERGE  (33596 -> 33676)  ion 6: Seg3 -> T2
[SHUTTLE 120] ion=8  T1 -> T0  route=T1->J1->J0->T0
    - SPLIT  (33716 -> 33836)  ion 8: T1 -> Seg2 (swap_cnt=1, swap_hops=10, ion_hops=0, i1=8, i2=27)
    - MOVE   (33836 -> 33850)  ion 8: Seg2 -> Seg4 via J1
    - MOVE   (33850 -> 33864)  ion 8: Seg4 -> Seg0 via J0
    - MERGE  (33864 -> 33944)  ion 8: Seg0 -> T0
[SHUTTLE 121] ion=12  T2 -> T1  route=T2->J1->T1
    - SPLIT  (34024 -> 34144)  ion 12: T2 -> Seg3 (swap_cnt=1, swap_hops=6, ion_hops=0, i1=12, i2=6)
    - MOVE   (34144 -> 34158)  ion 12: Seg3 -> Seg2 via J1
    - MERGE  (34158 -> 34238)  ion 12: Seg2 -> T1
[SHUTTLE 122] ion=14  T0 -> T2  route=T0->J0->J1->T2
    - SPLIT  (34278 -> 34398)  ion 14: T0 -> Seg0 (swap_cnt=1, swap_hops=11, ion_hops=0, i1=14, i2=8)
    - MOVE   (34398 -> 34412)  ion 14: Seg0 -> Seg4 via J0
    - MOVE   (34412 -> 34426)  ion 14: Seg4 -> Seg3 via J1
    - MERGE  (34426 -> 34506)  ion 14: Seg3 -> T2
[SHUTTLE 123] ion=31  T2 -> T0  route=T2->J1->J0->T0
    - SPLIT  (34586 -> 34706)  ion 31: T2 -> Seg3 (swap_cnt=1, swap_hops=6, ion_hops=0, i1=31, i2=14)
    - MOVE   (34706 -> 34720)  ion 31: Seg3 -> Seg4 via J1
    - MOVE   (34720 -> 34734)  ion 31: Seg4 -> Seg0 via J0
    - MERGE  (34734 -> 34814)  ion 31: Seg0 -> T0
[SHUTTLE 124] ion=28  T0 -> T1  route=T0->J0->J1->T1
    - SPLIT  (34854 -> 34974)  ion 28: T0 -> Seg0 (swap_cnt=1, swap_hops=8, ion_hops=0, i1=28, i2=31)
    - MOVE   (34974 -> 34988)  ion 28: Seg0 -> Seg4 via J0
    - MOVE   (34988 -> 35002)  ion 28: Seg4 -> Seg2 via J1
    - MERGE  (35002 -> 35082)  ion 28: Seg2 -> T1
[SHUTTLE 125] ion=23  T1 -> T2  route=T1->J1->T2
    - SPLIT  (35162 -> 35282)  ion 23: T1 -> Seg2 (swap_cnt=1, swap_hops=8, ion_hops=0, i1=23, i2=28)
    - MOVE   (35282 -> 35296)  ion 23: Seg2 -> Seg3 via J1
    - MERGE  (35296 -> 35376)  ion 23: Seg3 -> T2
[SHUTTLE 126] ion=21  T2 -> T0  route=T2->J1->J0->T0
    - SPLIT  (35416 -> 35536)  ion 21: T2 -> Seg3 (swap_cnt=1, swap_hops=5, ion_hops=0, i1=21, i2=23)
    - MOVE   (35536 -> 35550)  ion 21: Seg3 -> Seg4 via J1
    - MOVE   (35550 -> 35564)  ion 21: Seg4 -> Seg0 via J0
    - MERGE  (35564 -> 35644)  ion 21: Seg0 -> T0
[SHUTTLE 127] ion=29  T0 -> T1  route=T0->J0->J1->T1
    - SPLIT  (35724 -> 35844)  ion 29: T0 -> Seg0 (swap_cnt=1, swap_hops=7, ion_hops=0, i1=29, i2=21)
    - MOVE   (35844 -> 35858)  ion 29: Seg0 -> Seg4 via J0
    - MOVE   (35858 -> 35872)  ion 29: Seg4 -> Seg2 via J1
    - MERGE  (35872 -> 35952)  ion 29: Seg2 -> T1
[SHUTTLE 128] ion=24  T1 -> T2  route=T1->J1->T2
    - SPLIT  (36032 -> 36152)  ion 24: T1 -> Seg2 (swap_cnt=1, swap_hops=8, ion_hops=0, i1=24, i2=29)
    - MOVE   (36152 -> 36166)  ion 24: Seg2 -> Seg3 via J1
    - MERGE  (36166 -> 36246)  ion 24: Seg3 -> T2
[SHUTTLE 129] ion=22  T2 -> T0  route=T2->J1->J0->T0
    - SPLIT  (36286 -> 36406)  ion 22: T2 -> Seg3 (swap_cnt=1, swap_hops=4, ion_hops=0, i1=22, i2=24)
    - MOVE   (36406 -> 36420)  ion 22: Seg3 -> Seg4 via J1
    - MOVE   (36420 -> 36434)  ion 22: Seg4 -> Seg0 via J0
    - MERGE  (36434 -> 36514)  ion 22: Seg0 -> T0
[SHUTTLE 130] ion=30  T0 -> T1  route=T0->J0->J1->T1
    - SPLIT  (36594 -> 36714)  ion 30: T0 -> Seg0 (swap_cnt=1, swap_hops=5, ion_hops=0, i1=30, i2=22)
    - MOVE   (36714 -> 36728)  ion 30: Seg0 -> Seg4 via J0
    - MOVE   (36728 -> 36742)  ion 30: Seg4 -> Seg2 via J1
    - MERGE  (36742 -> 36822)  ion 30: Seg2 -> T1
[SHUTTLE 131] ion=25  T1 -> T2  route=T1->J1->T2
    - SPLIT  (36902 -> 37022)  ion 25: T1 -> Seg2 (swap_cnt=1, swap_hops=8, ion_hops=0, i1=25, i2=30)
    - MOVE   (37022 -> 37036)  ion 25: Seg2 -> Seg3 via J1
    - MERGE  (37036 -> 37116)  ion 25: Seg3 -> T2
[SHUTTLE 132] ion=23  T2 -> T0  route=T2->J1->J0->T0
    - SPLIT  (37156 -> 37276)  ion 23: T2 -> Seg3 (swap_cnt=1, swap_hops=2, ion_hops=0, i1=23, i2=25)
    - MOVE   (37276 -> 37290)  ion 23: Seg3 -> Seg4 via J1
    - MOVE   (37290 -> 37304)  ion 23: Seg4 -> Seg0 via J0
    - MERGE  (37304 -> 37384)  ion 23: Seg0 -> T0
[SHUTTLE 133] ion=31  T0 -> T1  route=T0->J0->J1->T1
    - SPLIT  (37464 -> 37584)  ion 31: T0 -> Seg0 (swap_cnt=1, swap_hops=3, ion_hops=0, i1=31, i2=23)
    - MOVE   (37584 -> 37598)  ion 31: Seg0 -> Seg4 via J0
    - MOVE   (37598 -> 37612)  ion 31: Seg4 -> Seg2 via J1
    - MERGE  (37612 -> 37692)  ion 31: Seg2 -> T1
[SHUTTLE 134] ion=26  T1 -> T2  route=T1->J1->T2
    - SPLIT  (37772 -> 37892)  ion 26: T1 -> Seg2 (swap_cnt=1, swap_hops=6, ion_hops=0, i1=26, i2=31)
    - MOVE   (37892 -> 37906)  ion 26: Seg2 -> Seg3 via J1
    - MERGE  (37906 -> 37986)  ion 26: Seg3 -> T2
[SHUTTLE 135] ion=24  T2 -> T0  route=T2->J1->J0->T0
    - SPLIT  (38026 -> 38146)  ion 24: T2 -> Seg3 (swap_cnt=1, swap_hops=2, ion_hops=0, i1=24, i2=26)
    - MOVE   (38146 -> 38160)  ion 24: Seg3 -> Seg4 via J1
    - MOVE   (38160 -> 38174)  ion 24: Seg4 -> Seg0 via J0
    - MERGE  (38174 -> 38254)  ion 24: Seg0 -> T0
[SHUTTLE 136] ion=13  T2 -> T1  route=T2->J1->T1
    - SPLIT  (38374 -> 38494)  ion 13: T2 -> Seg3 (swap_cnt=1, swap_hops=4, ion_hops=0, i1=13, i2=26)
    - MOVE   (38494 -> 38508)  ion 13: Seg3 -> Seg2 via J1
    - MERGE  (38508 -> 38588)  ion 13: Seg2 -> T1
[SHUTTLE 137] ion=15  T0 -> T2  route=T0->J0->J1->T2
    - SPLIT  (38628 -> 38748)  ion 15: T0 -> Seg0 (swap_cnt=1, swap_hops=11, ion_hops=0, i1=15, i2=24)
    - MOVE   (38748 -> 38762)  ion 15: Seg0 -> Seg4 via J0
    - MOVE   (38762 -> 38776)  ion 15: Seg4 -> Seg3 via J1
    - MERGE  (38776 -> 38856)  ion 15: Seg3 -> T2
[SHUTTLE 138] ion=27  T1 -> T2  route=T1->J1->T2
    - SPLIT  (38976 -> 39096)  ion 27: T1 -> Seg2 (swap_cnt=1, swap_hops=6, ion_hops=0, i1=27, i2=13)
    - MOVE   (39096 -> 39110)  ion 27: Seg2 -> Seg3 via J1
    - MERGE  (39110 -> 39190)  ion 27: Seg3 -> T2
[SHUTTLE 139] ion=25  T2 -> T0  route=T2->J1->J0->T0
    - SPLIT  (39230 -> 39350)  ion 25: T2 -> Seg3 (swap_cnt=1, swap_hops=3, ion_hops=0, i1=25, i2=27)
    - MOVE   (39350 -> 39364)  ion 25: Seg3 -> Seg4 via J1
    - MOVE   (39364 -> 39378)  ion 25: Seg4 -> Seg0 via J0
    - MERGE  (39378 -> 39458)  ion 25: Seg0 -> T0
[SHUTTLE 140] ion=14  T2 -> T1  route=T2->J1->T1
    - SPLIT  (39578 -> 39698)  ion 14: T2 -> Seg3 (swap_cnt=1, swap_hops=3, ion_hops=0, i1=14, i2=27)
    - MOVE   (39698 -> 39712)  ion 14: Seg3 -> Seg2 via J1
    - MERGE  (39712 -> 39792)  ion 14: Seg2 -> T1
[SHUTTLE 141] ion=16  T0 -> T2  route=T0->J0->J1->T2
    - SPLIT  (39832 -> 39952)  ion 16: T0 -> Seg0 (swap_cnt=1, swap_hops=11, ion_hops=0, i1=16, i2=25)
    - MOVE   (39952 -> 39966)  ion 16: Seg0 -> Seg4 via J0
    - MOVE   (39966 -> 39980)  ion 16: Seg4 -> Seg3 via J1
    - MERGE  (39980 -> 40060)  ion 16: Seg3 -> T2
[SHUTTLE 142] ion=28  T1 -> T2  route=T1->J1->T2
    - SPLIT  (40180 -> 40300)  ion 28: T1 -> Seg2 (swap_cnt=1, swap_hops=5, ion_hops=0, i1=28, i2=14)
    - MOVE   (40300 -> 40314)  ion 28: Seg2 -> Seg3 via J1
    - MERGE  (40314 -> 40394)  ion 28: Seg3 -> T2
[SHUTTLE 143] ion=26  T2 -> T0  route=T2->J1->J0->T0
    - SPLIT  (40434 -> 40554)  ion 26: T2 -> Seg3 (swap_cnt=1, swap_hops=4, ion_hops=0, i1=26, i2=28)
    - MOVE   (40554 -> 40568)  ion 26: Seg3 -> Seg4 via J1
    - MOVE   (40568 -> 40582)  ion 26: Seg4 -> Seg0 via J0
    - MERGE  (40582 -> 40662)  ion 26: Seg0 -> T0
[SHUTTLE 144] ion=15  T2 -> T1  route=T2->J1->T1
    - SPLIT  (40782 -> 40902)  ion 15: T2 -> Seg3 (swap_cnt=1, swap_hops=3, ion_hops=0, i1=15, i2=28)
    - MOVE   (40902 -> 40916)  ion 15: Seg3 -> Seg2 via J1
    - MERGE  (40916 -> 40996)  ion 15: Seg2 -> T1
[SHUTTLE 145] ion=17  T0 -> T2  route=T0->J0->J1->T2
    - SPLIT  (41036 -> 41156)  ion 17: T0 -> Seg0 (swap_cnt=1, swap_hops=11, ion_hops=0, i1=17, i2=26)
    - MOVE   (41156 -> 41170)  ion 17: Seg0 -> Seg4 via J0
    - MOVE   (41170 -> 41184)  ion 17: Seg4 -> Seg3 via J1
    - MERGE  (41184 -> 41264)  ion 17: Seg3 -> T2
[SHUTTLE 146] ion=29  T1 -> T2  route=T1->J1->T2
    - SPLIT  (41384 -> 41504)  ion 29: T1 -> Seg2 (swap_cnt=1, swap_hops=5, ion_hops=0, i1=29, i2=15)
    - MOVE   (41504 -> 41518)  ion 29: Seg2 -> Seg3 via J1
    - MERGE  (41518 -> 41598)  ion 29: Seg3 -> T2
[SHUTTLE 147] ion=27  T2 -> T0  route=T2->J1->J0->T0
    - SPLIT  (41638 -> 41758)  ion 27: T2 -> Seg3 (swap_cnt=1, swap_hops=4, ion_hops=0, i1=27, i2=29)
    - MOVE   (41758 -> 41772)  ion 27: Seg3 -> Seg4 via J1
    - MOVE   (41772 -> 41786)  ion 27: Seg4 -> Seg0 via J0
    - MERGE  (41786 -> 41866)  ion 27: Seg0 -> T0
[SHUTTLE 148] ion=16  T2 -> T1  route=T2->J1->T1
    - SPLIT  (41986 -> 42106)  ion 16: T2 -> Seg3 (swap_cnt=1, swap_hops=3, ion_hops=0, i1=16, i2=29)
    - MOVE   (42106 -> 42120)  ion 16: Seg3 -> Seg2 via J1
    - MERGE  (42120 -> 42200)  ion 16: Seg2 -> T1
[SHUTTLE 149] ion=18  T0 -> T2  route=T0->J0->J1->T2
    - SPLIT  (42240 -> 42360)  ion 18: T0 -> Seg0 (swap_cnt=1, swap_hops=11, ion_hops=0, i1=18, i2=27)
    - MOVE   (42360 -> 42374)  ion 18: Seg0 -> Seg4 via J0
    - MOVE   (42374 -> 42388)  ion 18: Seg4 -> Seg3 via J1
    - MERGE  (42388 -> 42468)  ion 18: Seg3 -> T2
[SHUTTLE 150] ion=30  T1 -> T2  route=T1->J1->T2
    - SPLIT  (42588 -> 42708)  ion 30: T1 -> Seg2 (swap_cnt=1, swap_hops=5, ion_hops=0, i1=30, i2=16)
    - MOVE   (42708 -> 42722)  ion 30: Seg2 -> Seg3 via J1
    - MERGE  (42722 -> 42802)  ion 30: Seg3 -> T2
[SHUTTLE 151] ion=28  T2 -> T0  route=T2->J1->J0->T0
    - SPLIT  (42842 -> 42962)  ion 28: T2 -> Seg3 (swap_cnt=1, swap_hops=4, ion_hops=0, i1=28, i2=30)
    - MOVE   (42962 -> 42976)  ion 28: Seg3 -> Seg4 via J1
    - MOVE   (42976 -> 42990)  ion 28: Seg4 -> Seg0 via J0
    - MERGE  (42990 -> 43070)  ion 28: Seg0 -> T0
[SHUTTLE 152] ion=17  T2 -> T1  route=T2->J1->T1
    - SPLIT  (43190 -> 43310)  ion 17: T2 -> Seg3 (swap_cnt=1, swap_hops=3, ion_hops=0, i1=17, i2=30)
    - MOVE   (43310 -> 43324)  ion 17: Seg3 -> Seg2 via J1
    - MERGE  (43324 -> 43404)  ion 17: Seg2 -> T1
[SHUTTLE 153] ion=19  T0 -> T2  route=T0->J0->J1->T2
    - SPLIT  (43444 -> 43564)  ion 19: T0 -> Seg0 (swap_cnt=1, swap_hops=11, ion_hops=0, i1=19, i2=28)
    - MOVE   (43564 -> 43578)  ion 19: Seg0 -> Seg4 via J0
    - MOVE   (43578 -> 43592)  ion 19: Seg4 -> Seg3 via J1
    - MERGE  (43592 -> 43672)  ion 19: Seg3 -> T2
[SHUTTLE 154] ion=31  T1 -> T2  route=T1->J1->T2
    - SPLIT  (43792 -> 43912)  ion 31: T1 -> Seg2 (swap_cnt=1, swap_hops=5, ion_hops=0, i1=31, i2=17)
    - MOVE   (43912 -> 43926)  ion 31: Seg2 -> Seg3 via J1
    - MERGE  (43926 -> 44006)  ion 31: Seg3 -> T2
[SHUTTLE 155] ion=29  T2 -> T0  route=T2->J1->J0->T0
    - SPLIT  (44046 -> 44166)  ion 29: T2 -> Seg3 (swap_cnt=1, swap_hops=4, ion_hops=0, i1=29, i2=31)
    - MOVE   (44166 -> 44180)  ion 29: Seg3 -> Seg4 via J1
    - MOVE   (44180 -> 44194)  ion 29: Seg4 -> Seg0 via J0
    - MERGE  (44194 -> 44274)  ion 29: Seg0 -> T0
[SHUTTLE 156] ion=18  T2 -> T1  route=T2->J1->T1
    - SPLIT  (44394 -> 44514)  ion 18: T2 -> Seg3 (swap_cnt=1, swap_hops=3, ion_hops=0, i1=18, i2=31)
    - MOVE   (44514 -> 44528)  ion 18: Seg3 -> Seg2 via J1
    - MERGE  (44528 -> 44608)  ion 18: Seg2 -> T1
[SHUTTLE 157] ion=20  T0 -> T2  route=T0->J0->J1->T2
    - SPLIT  (44728 -> 44848)  ion 20: T0 -> Seg0 (swap_cnt=1, swap_hops=10, ion_hops=0, i1=20, i2=29)
    - MOVE   (44848 -> 44862)  ion 20: Seg0 -> Seg4 via J0
    - MOVE   (44862 -> 44876)  ion 20: Seg4 -> Seg3 via J1
    - MERGE  (44876 -> 44956)  ion 20: Seg3 -> T2
[SHUTTLE 158] ion=12  T1 -> T2  route=T1->J1->T2
    - SPLIT  (45036 -> 45156)  ion 12: T1 -> Seg2 (swap_cnt=1, swap_hops=6, ion_hops=0, i1=12, i2=18)
    - MOVE   (45156 -> 45170)  ion 12: Seg2 -> Seg3 via J1
    - MERGE  (45170 -> 45250)  ion 12: Seg3 -> T2
[SHUTTLE 159] ion=30  T2 -> T0  route=T2->J1->J0->T0
    - SPLIT  (45370 -> 45490)  ion 30: T2 -> Seg3 (swap_cnt=1, swap_hops=4, ion_hops=0, i1=30, i2=12)
    - MOVE   (45490 -> 45504)  ion 30: Seg3 -> Seg4 via J1
    - MOVE   (45504 -> 45518)  ion 30: Seg4 -> Seg0 via J0
    - MERGE  (45518 -> 45598)  ion 30: Seg0 -> T0
[SHUTTLE 160] ion=20  T2 -> T1  route=T2->J1->T1
    - SPLIT  (45678 -> 45798)  ion 20: T2 -> Seg3 (swap_cnt=1, swap_hops=1, ion_hops=0, i1=20, i2=12)
    - MOVE   (45798 -> 45812)  ion 20: Seg3 -> Seg2 via J1
    - MERGE  (45812 -> 45892)  ion 20: Seg2 -> T1
[SHUTTLE 161] ion=21  T0 -> T2  route=T0->J0->J1->T2
    - SPLIT  (46012 -> 46132)  ion 21: T0 -> Seg0 (swap_cnt=1, swap_hops=9, ion_hops=0, i1=21, i2=30)
    - MOVE   (46132 -> 46146)  ion 21: Seg0 -> Seg4 via J0
    - MOVE   (46146 -> 46160)  ion 21: Seg4 -> Seg3 via J1
    - MERGE  (46160 -> 46240)  ion 21: Seg3 -> T2
[SHUTTLE 162] ion=10  T1 -> T2  route=T1->J1->T2
    - SPLIT  (46320 -> 46440)  ion 10: T1 -> Seg2 (swap_cnt=1, swap_hops=9, ion_hops=0, i1=10, i2=20)
    - MOVE   (46440 -> 46454)  ion 10: Seg2 -> Seg3 via J1
    - MERGE  (46454 -> 46534)  ion 10: Seg3 -> T2
[SHUTTLE 163] ion=31  T2 -> T0  route=T2->J1->J0->T0
    - SPLIT  (46654 -> 46774)  ion 31: T2 -> Seg3 (swap_cnt=1, swap_hops=3, ion_hops=0, i1=31, i2=10)
    - MOVE   (46774 -> 46788)  ion 31: Seg3 -> Seg4 via J1
    - MOVE   (46788 -> 46802)  ion 31: Seg4 -> Seg0 via J0
    - MERGE  (46802 -> 46882)  ion 31: Seg0 -> T0
[SHUTTLE 164] ion=22  T0 -> T1  route=T0->J0->J1->T1
    - SPLIT  (47002 -> 47122)  ion 22: T0 -> Seg0 (swap_cnt=1, swap_hops=9, ion_hops=0, i1=22, i2=31)
    - MOVE   (47122 -> 47136)  ion 22: Seg0 -> Seg4 via J0
    - MOVE   (47136 -> 47150)  ion 22: Seg4 -> Seg2 via J1
    - MERGE  (47150 -> 47230)  ion 22: Seg2 -> T1
[SHUTTLE 165] ion=6  T2 -> T0  route=T2->J1->J0->T0
    - SPLIT  (47350 -> 47470)  ion 6: T2 -> Seg3 (swap_cnt=1, swap_hops=4, ion_hops=0, i1=6, i2=10)
    - MOVE   (47470 -> 47484)  ion 6: Seg3 -> Seg4 via J1
    - MOVE   (47484 -> 47498)  ion 6: Seg4 -> Seg0 via J0
    - MERGE  (47498 -> 47578)  ion 6: Seg0 -> T0
[SHUTTLE 166] ion=26  T0 -> T2  route=T0->J0->J1->T2
    - SPLIT  (47698 -> 47818)  ion 26: T0 -> Seg0 (swap_cnt=1, swap_hops=6, ion_hops=0, i1=26, i2=6)
    - MOVE   (47818 -> 47832)  ion 26: Seg0 -> Seg4 via J0
    - MOVE   (47832 -> 47846)  ion 26: Seg4 -> Seg3 via J1
    - MERGE  (47846 -> 47926)  ion 26: Seg3 -> T2
[SHUTTLE 167] ion=4  T2 -> T0  route=T2->J1->J0->T0
    - SPLIT  (48046 -> 48166)  ion 4: T2 -> Seg3 (swap_cnt=1, swap_hops=6, ion_hops=0, i1=4, i2=26)
    - MOVE   (48166 -> 48180)  ion 4: Seg3 -> Seg4 via J1
    - MOVE   (48180 -> 48194)  ion 4: Seg4 -> Seg0 via J0
    - MERGE  (48194 -> 48274)  ion 4: Seg0 -> T0
[SHUTTLE 168] ion=3  T1 -> T2  route=T1->J1->T2
    - SPLIT  (48394 -> 48514)  ion 3: T1 -> Seg2 (swap_cnt=1, swap_hops=9, ion_hops=0, i1=3, i2=22)
    - MOVE   (48514 -> 48528)  ion 3: Seg2 -> Seg3 via J1
    - MERGE  (48528 -> 48608)  ion 3: Seg3 -> T2
[SHUTTLE 169] ion=28  T0 -> T2  route=T0->J0->J1->T2
    - SPLIT  (48608 -> 48728)  ion 28: T0 -> Seg0 (swap_cnt=1, swap_hops=5, ion_hops=0, i1=28, i2=4)
    - MOVE   (48728 -> 48742)  ion 28: Seg0 -> Seg4 via J0
    - MOVE   (48742 -> 48756)  ion 28: Seg4 -> Seg3 via J1
    - MERGE  (48756 -> 48836)  ion 28: Seg3 -> T2
[SHUTTLE 170] ion=2  T1 -> T0  route=T1->J1->J0->T0
    - SPLIT  (48956 -> 49076)  ion 2: T1 -> Seg2 (swap_cnt=1, swap_hops=9, ion_hops=0, i1=2, i2=22)
    - MOVE   (49076 -> 49090)  ion 2: Seg2 -> Seg4 via J1
    - MOVE   (49090 -> 49104)  ion 2: Seg4 -> Seg0 via J0
    - MERGE  (49104 -> 49184)  ion 2: Seg0 -> T0
[SHUTTLE 171] ion=30  T0 -> T2  route=T0->J0->J1->T2
    - SPLIT  (49304 -> 49424)  ion 30: T0 -> Seg0 (swap_cnt=1, swap_hops=4, ion_hops=0, i1=30, i2=2)
    - MOVE   (49424 -> 49438)  ion 30: Seg0 -> Seg4 via J0
    - MOVE   (49438 -> 49452)  ion 30: Seg4 -> Seg3 via J1
    - MERGE  (49452 -> 49532)  ion 30: Seg3 -> T2
[SHUTTLE 172] ion=0  T2 -> T0  route=T2->J1->J0->T0
    - SPLIT  (49652 -> 49772)  ion 0: T2 -> Seg3 (swap_cnt=1, swap_hops=10, ion_hops=0, i1=0, i2=30)
    - MOVE   (49772 -> 49786)  ion 0: Seg3 -> Seg4 via J1
    - MOVE   (49786 -> 49800)  ion 0: Seg4 -> Seg0 via J0
    - MERGE  (49800 -> 49880)  ion 0: Seg0 -> T0
SplitSWAP: 169
SchedulerFiredShuttle: 173
ReportedTotalShuttle: 173
----------------
SUMMARY|program=programs\qft32_swap|machine=G2x2|version=V6|mapper=SABRE2|total_shuttle=173|execution_time_us=50320|fidelity=0.002165230926141844
