Simulation
Program:           programs\qft32_swap.qasm
Machine:           G2x3
Model:             MUSS_Params
Ions/Region:       8
Mapper:            SABRE
Reorder:           Naive
SerialTrap:        1
SerialComm:        1
SerialAll:         1
GateType:          FM
SwapType:          PaperSwapDirect
Scheduler Family:  MUSS
Scheduler Version: V6
Analyzer Mode:     PAPER
Arch Scale:        SMALL
========== Gate Set Summary ==========
barrier: 1
cx: 1040
h: 32
measure: 32
rz: 1488
======================================
Parse object map:
{2: [1, 0], 4: [1, 0], 8: [2, 0], 10: [2, 0], 13: [2, 1], 15: [2, 1], 19: [3, 0], 21: [3, 0], 24: [3, 1], 26: [3, 1], 29: [3, 2], 31: [3, 2], 35: [4, 0], 37: [4, 0], 40: [4, 1], 42: [4, 1], 45: [4, 2], 47: [4, 2], 50: [4, 3], 52: [4, 3], 56: [5, 0], 58: [5, 0], 61: [5, 1], 63: [5, 1], 66: [5, 2], 68: [5, 2], 71: [5, 3], 73: [5, 3], 76: [5, 4], 78: [5, 4], 82: [6, 0], 84: [6, 0], 87: [6, 1], 89: [6, 1], 92: [6, 2], 94: [6, 2], 97: [6, 3], 99: [6, 3], 102: [6, 4], 104: [6, 4], 107: [6, 5], 109: [6, 5], 113: [7, 0], 115: [7, 0], 118: [7, 1], 120: [7, 1], 123: [7, 2], 125: [7, 2], 128: [7, 3], 130: [7, 3], 133: [7, 4], 135: [7, 4], 138: [7, 5], 140: [7, 5], 143: [7, 6], 145: [7, 6], 149: [8, 0], 151: [8, 0], 154: [8, 1], 156: [8, 1], 159: [8, 2], 161: [8, 2], 164: [8, 3], 166: [8, 3], 169: [8, 4], 171: [8, 4], 174: [8, 5], 176: [8, 5], 179: [8, 6], 181: [8, 6], 184: [8, 7], 186: [8, 7], 190: [9, 0], 192: [9, 0], 195: [9, 1], 197: [9, 1], 200: [9, 2], 202: [9, 2], 205: [9, 3], 207: [9, 3], 210: [9, 4], 212: [9, 4], 215: [9, 5], 217: [9, 5], 220: [9, 6], 222: [9, 6], 225: [9, 7], 227: [9, 7], 230: [9, 8], 232: [9, 8], 236: [10, 0], 238: [10, 0], 241: [10, 1], 243: [10, 1], 246: [10, 2], 248: [10, 2], 251: [10, 3], 253: [10, 3], 256: [10, 4], 258: [10, 4], 261: [10, 5], 263: [10, 5], 266: [10, 6], 268: [10, 6], 271: [10, 7], 273: [10, 7], 276: [10, 8], 278: [10, 8], 281: [10, 9], 283: [10, 9], 287: [11, 0], 289: [11, 0], 292: [11, 1], 294: [11, 1], 297: [11, 2], 299: [11, 2], 302: [11, 3], 304: [11, 3], 307: [11, 4], 309: [11, 4], 312: [11, 5], 314: [11, 5], 317: [11, 6], 319: [11, 6], 322: [11, 7], 324: [11, 7], 327: [11, 8], 329: [11, 8], 332: [11, 9], 334: [11, 9], 337: [11, 10], 339: [11, 10], 343: [12, 0], 345: [12, 0], 348: [12, 1], 350: [12, 1], 353: [12, 2], 355: [12, 2], 358: [12, 3], 360: [12, 3], 363: [12, 4], 365: [12, 4], 368: [12, 5], 370: [12, 5], 373: [12, 6], 375: [12, 6], 378: [12, 7], 380: [12, 7], 383: [12, 8], 385: [12, 8], 388: [12, 9], 390: [12, 9], 393: [12, 10], 395: [12, 10], 398: [12, 11], 400: [12, 11], 404: [13, 0], 406: [13, 0], 409: [13, 1], 411: [13, 1], 414: [13, 2], 416: [13, 2], 419: [13, 3], 421: [13, 3], 424: [13, 4], 426: [13, 4], 429: [13, 5], 431: [13, 5], 434: [13, 6], 436: [13, 6], 439: [13, 7], 441: [13, 7], 444: [13, 8], 446: [13, 8], 449: [13, 9], 451: [13, 9], 454: [13, 10], 456: [13, 10], 459: [13, 11], 461: [13, 11], 464: [13, 12], 466: [13, 12], 470: [14, 0], 472: [14, 0], 475: [14, 1], 477: [14, 1], 480: [14, 2], 482: [14, 2], 485: [14, 3], 487: [14, 3], 490: [14, 4], 492: [14, 4], 495: [14, 5], 497: [14, 5], 500: [14, 6], 502: [14, 6], 505: [14, 7], 507: [14, 7], 510: [14, 8], 512: [14, 8], 515: [14, 9], 517: [14, 9], 520: [14, 10], 522: [14, 10], 525: [14, 11], 527: [14, 11], 530: [14, 12], 532: [14, 12], 535: [14, 13], 537: [14, 13], 541: [15, 0], 543: [15, 0], 546: [15, 1], 548: [15, 1], 551: [15, 2], 553: [15, 2], 556: [15, 3], 558: [15, 3], 561: [15, 4], 563: [15, 4], 566: [15, 5], 568: [15, 5], 571: [15, 6], 573: [15, 6], 576: [15, 7], 578: [15, 7], 581: [15, 8], 583: [15, 8], 586: [15, 9], 588: [15, 9], 591: [15, 10], 593: [15, 10], 596: [15, 11], 598: [15, 11], 601: [15, 12], 603: [15, 12], 606: [15, 13], 608: [15, 13], 611: [15, 14], 613: [15, 14], 617: [16, 0], 619: [16, 0], 622: [16, 1], 624: [16, 1], 627: [16, 2], 629: [16, 2], 632: [16, 3], 634: [16, 3], 637: [16, 4], 639: [16, 4], 642: [16, 5], 644: [16, 5], 647: [16, 6], 649: [16, 6], 652: [16, 7], 654: [16, 7], 657: [16, 8], 659: [16, 8], 662: [16, 9], 664: [16, 9], 667: [16, 10], 669: [16, 10], 672: [16, 11], 674: [16, 11], 677: [16, 12], 679: [16, 12], 682: [16, 13], 684: [16, 13], 687: [16, 14], 689: [16, 14], 692: [16, 15], 694: [16, 15], 698: [17, 0], 700: [17, 0], 703: [17, 1], 705: [17, 1], 708: [17, 2], 710: [17, 2], 713: [17, 3], 715: [17, 3], 718: [17, 4], 720: [17, 4], 723: [17, 5], 725: [17, 5], 728: [17, 6], 730: [17, 6], 733: [17, 7], 735: [17, 7], 738: [17, 8], 740: [17, 8], 743: [17, 9], 745: [17, 9], 748: [17, 10], 750: [17, 10], 753: [17, 11], 755: [17, 11], 758: [17, 12], 760: [17, 12], 763: [17, 13], 765: [17, 13], 768: [17, 14], 770: [17, 14], 773: [17, 15], 775: [17, 15], 778: [17, 16], 780: [17, 16], 784: [18, 0], 786: [18, 0], 789: [18, 1], 791: [18, 1], 794: [18, 2], 796: [18, 2], 799: [18, 3], 801: [18, 3], 804: [18, 4], 806: [18, 4], 809: [18, 5], 811: [18, 5], 814: [18, 6], 816: [18, 6], 819: [18, 7], 821: [18, 7], 824: [18, 8], 826: [18, 8], 829: [18, 9], 831: [18, 9], 834: [18, 10], 836: [18, 10], 839: [18, 11], 841: [18, 11], 844: [18, 12], 846: [18, 12], 849: [18, 13], 851: [18, 13], 854: [18, 14], 856: [18, 14], 859: [18, 15], 861: [18, 15], 864: [18, 16], 866: [18, 16], 869: [18, 17], 871: [18, 17], 875: [19, 0], 877: [19, 0], 880: [19, 1], 882: [19, 1], 885: [19, 2], 887: [19, 2], 890: [19, 3], 892: [19, 3], 895: [19, 4], 897: [19, 4], 900: [19, 5], 902: [19, 5], 905: [19, 6], 907: [19, 6], 910: [19, 7], 912: [19, 7], 915: [19, 8], 917: [19, 8], 920: [19, 9], 922: [19, 9], 925: [19, 10], 927: [19, 10], 930: [19, 11], 932: [19, 11], 935: [19, 12], 937: [19, 12], 940: [19, 13], 942: [19, 13], 945: [19, 14], 947: [19, 14], 950: [19, 15], 952: [19, 15], 955: [19, 16], 957: [19, 16], 960: [19, 17], 962: [19, 17], 965: [19, 18], 967: [19, 18], 971: [20, 0], 973: [20, 0], 976: [20, 1], 978: [20, 1], 981: [20, 2], 983: [20, 2], 986: [20, 3], 988: [20, 3], 991: [20, 4], 993: [20, 4], 996: [20, 5], 998: [20, 5], 1001: [20, 6], 1003: [20, 6], 1006: [20, 7], 1008: [20, 7], 1011: [20, 8], 1013: [20, 8], 1016: [20, 9], 1018: [20, 9], 1021: [20, 10], 1023: [20, 10], 1026: [20, 11], 1028: [20, 11], 1031: [20, 12], 1033: [20, 12], 1036: [20, 13], 1038: [20, 13], 1041: [20, 14], 1043: [20, 14], 1046: [20, 15], 1048: [20, 15], 1051: [20, 16], 1053: [20, 16], 1056: [20, 17], 1058: [20, 17], 1061: [20, 18], 1063: [20, 18], 1066: [20, 19], 1068: [20, 19], 1072: [21, 0], 1074: [21, 0], 1077: [21, 1], 1079: [21, 1], 1082: [21, 2], 1084: [21, 2], 1087: [21, 3], 1089: [21, 3], 1092: [21, 4], 1094: [21, 4], 1097: [21, 5], 1099: [21, 5], 1102: [21, 6], 1104: [21, 6], 1107: [21, 7], 1109: [21, 7], 1112: [21, 8], 1114: [21, 8], 1117: [21, 9], 1119: [21, 9], 1122: [21, 10], 1124: [21, 10], 1127: [21, 11], 1129: [21, 11], 1132: [21, 12], 1134: [21, 12], 1137: [21, 13], 1139: [21, 13], 1142: [21, 14], 1144: [21, 14], 1147: [21, 15], 1149: [21, 15], 1152: [21, 16], 1154: [21, 16], 1157: [21, 17], 1159: [21, 17], 1162: [21, 18], 1164: [21, 18], 1167: [21, 19], 1169: [21, 19], 1172: [21, 20], 1174: [21, 20], 1178: [22, 0], 1180: [22, 0], 1183: [22, 1], 1185: [22, 1], 1188: [22, 2], 1190: [22, 2], 1193: [22, 3], 1195: [22, 3], 1198: [22, 4], 1200: [22, 4], 1203: [22, 5], 1205: [22, 5], 1208: [22, 6], 1210: [22, 6], 1213: [22, 7], 1215: [22, 7], 1218: [22, 8], 1220: [22, 8], 1223: [22, 9], 1225: [22, 9], 1228: [22, 10], 1230: [22, 10], 1233: [22, 11], 1235: [22, 11], 1238: [22, 12], 1240: [22, 12], 1243: [22, 13], 1245: [22, 13], 1248: [22, 14], 1250: [22, 14], 1253: [22, 15], 1255: [22, 15], 1258: [22, 16], 1260: [22, 16], 1263: [22, 17], 1265: [22, 17], 1268: [22, 18], 1270: [22, 18], 1273: [22, 19], 1275: [22, 19], 1278: [22, 20], 1280: [22, 20], 1283: [22, 21], 1285: [22, 21], 1289: [23, 0], 1291: [23, 0], 1294: [23, 1], 1296: [23, 1], 1299: [23, 2], 1301: [23, 2], 1304: [23, 3], 1306: [23, 3], 1309: [23, 4], 1311: [23, 4], 1314: [23, 5], 1316: [23, 5], 1319: [23, 6], 1321: [23, 6], 1324: [23, 7], 1326: [23, 7], 1329: [23, 8], 1331: [23, 8], 1334: [23, 9], 1336: [23, 9], 1339: [23, 10], 1341: [23, 10], 1344: [23, 11], 1346: [23, 11], 1349: [23, 12], 1351: [23, 12], 1354: [23, 13], 1356: [23, 13], 1359: [23, 14], 1361: [23, 14], 1364: [23, 15], 1366: [23, 15], 1369: [23, 16], 1371: [23, 16], 1374: [23, 17], 1376: [23, 17], 1379: [23, 18], 1381: [23, 18], 1384: [23, 19], 1386: [23, 19], 1389: [23, 20], 1391: [23, 20], 1394: [23, 21], 1396: [23, 21], 1399: [23, 22], 1401: [23, 22], 1405: [24, 0], 1407: [24, 0], 1410: [24, 1], 1412: [24, 1], 1415: [24, 2], 1417: [24, 2], 1420: [24, 3], 1422: [24, 3], 1425: [24, 4], 1427: [24, 4], 1430: [24, 5], 1432: [24, 5], 1435: [24, 6], 1437: [24, 6], 1440: [24, 7], 1442: [24, 7], 1445: [24, 8], 1447: [24, 8], 1450: [24, 9], 1452: [24, 9], 1455: [24, 10], 1457: [24, 10], 1460: [24, 11], 1462: [24, 11], 1465: [24, 12], 1467: [24, 12], 1470: [24, 13], 1472: [24, 13], 1475: [24, 14], 1477: [24, 14], 1480: [24, 15], 1482: [24, 15], 1485: [24, 16], 1487: [24, 16], 1490: [24, 17], 1492: [24, 17], 1495: [24, 18], 1497: [24, 18], 1500: [24, 19], 1502: [24, 19], 1505: [24, 20], 1507: [24, 20], 1510: [24, 21], 1512: [24, 21], 1515: [24, 22], 1517: [24, 22], 1520: [24, 23], 1522: [24, 23], 1526: [25, 0], 1528: [25, 0], 1531: [25, 1], 1533: [25, 1], 1536: [25, 2], 1538: [25, 2], 1541: [25, 3], 1543: [25, 3], 1546: [25, 4], 1548: [25, 4], 1551: [25, 5], 1553: [25, 5], 1556: [25, 6], 1558: [25, 6], 1561: [25, 7], 1563: [25, 7], 1566: [25, 8], 1568: [25, 8], 1571: [25, 9], 1573: [25, 9], 1576: [25, 10], 1578: [25, 10], 1581: [25, 11], 1583: [25, 11], 1586: [25, 12], 1588: [25, 12], 1591: [25, 13], 1593: [25, 13], 1596: [25, 14], 1598: [25, 14], 1601: [25, 15], 1603: [25, 15], 1606: [25, 16], 1608: [25, 16], 1611: [25, 17], 1613: [25, 17], 1616: [25, 18], 1618: [25, 18], 1621: [25, 19], 1623: [25, 19], 1626: [25, 20], 1628: [25, 20], 1631: [25, 21], 1633: [25, 21], 1636: [25, 22], 1638: [25, 22], 1641: [25, 23], 1643: [25, 23], 1646: [25, 24], 1648: [25, 24], 1652: [26, 0], 1654: [26, 0], 1657: [26, 1], 1659: [26, 1], 1662: [26, 2], 1664: [26, 2], 1667: [26, 3], 1669: [26, 3], 1672: [26, 4], 1674: [26, 4], 1677: [26, 5], 1679: [26, 5], 1682: [26, 6], 1684: [26, 6], 1687: [26, 7], 1689: [26, 7], 1692: [26, 8], 1694: [26, 8], 1697: [26, 9], 1699: [26, 9], 1702: [26, 10], 1704: [26, 10], 1707: [26, 11], 1709: [26, 11], 1712: [26, 12], 1714: [26, 12], 1717: [26, 13], 1719: [26, 13], 1722: [26, 14], 1724: [26, 14], 1727: [26, 15], 1729: [26, 15], 1732: [26, 16], 1734: [26, 16], 1737: [26, 17], 1739: [26, 17], 1742: [26, 18], 1744: [26, 18], 1747: [26, 19], 1749: [26, 19], 1752: [26, 20], 1754: [26, 20], 1757: [26, 21], 1759: [26, 21], 1762: [26, 22], 1764: [26, 22], 1767: [26, 23], 1769: [26, 23], 1772: [26, 24], 1774: [26, 24], 1777: [26, 25], 1779: [26, 25], 1783: [27, 0], 1785: [27, 0], 1788: [27, 1], 1790: [27, 1], 1793: [27, 2], 1795: [27, 2], 1798: [27, 3], 1800: [27, 3], 1803: [27, 4], 1805: [27, 4], 1808: [27, 5], 1810: [27, 5], 1813: [27, 6], 1815: [27, 6], 1818: [27, 7], 1820: [27, 7], 1823: [27, 8], 1825: [27, 8], 1828: [27, 9], 1830: [27, 9], 1833: [27, 10], 1835: [27, 10], 1838: [27, 11], 1840: [27, 11], 1843: [27, 12], 1845: [27, 12], 1848: [27, 13], 1850: [27, 13], 1853: [27, 14], 1855: [27, 14], 1858: [27, 15], 1860: [27, 15], 1863: [27, 16], 1865: [27, 16], 1868: [27, 17], 1870: [27, 17], 1873: [27, 18], 1875: [27, 18], 1878: [27, 19], 1880: [27, 19], 1883: [27, 20], 1885: [27, 20], 1888: [27, 21], 1890: [27, 21], 1893: [27, 22], 1895: [27, 22], 1898: [27, 23], 1900: [27, 23], 1903: [27, 24], 1905: [27, 24], 1908: [27, 25], 1910: [27, 25], 1913: [27, 26], 1915: [27, 26], 1919: [28, 0], 1921: [28, 0], 1924: [28, 1], 1926: [28, 1], 1929: [28, 2], 1931: [28, 2], 1934: [28, 3], 1936: [28, 3], 1939: [28, 4], 1941: [28, 4], 1944: [28, 5], 1946: [28, 5], 1949: [28, 6], 1951: [28, 6], 1954: [28, 7], 1956: [28, 7], 1959: [28, 8], 1961: [28, 8], 1964: [28, 9], 1966: [28, 9], 1969: [28, 10], 1971: [28, 10], 1974: [28, 11], 1976: [28, 11], 1979: [28, 12], 1981: [28, 12], 1984: [28, 13], 1986: [28, 13], 1989: [28, 14], 1991: [28, 14], 1994: [28, 15], 1996: [28, 15], 1999: [28, 16], 2001: [28, 16], 2004: [28, 17], 2006: [28, 17], 2009: [28, 18], 2011: [28, 18], 2014: [28, 19], 2016: [28, 19], 2019: [28, 20], 2021: [28, 20], 2024: [28, 21], 2026: [28, 21], 2029: [28, 22], 2031: [28, 22], 2034: [28, 23], 2036: [28, 23], 2039: [28, 24], 2041: [28, 24], 2044: [28, 25], 2046: [28, 25], 2049: [28, 26], 2051: [28, 26], 2054: [28, 27], 2056: [28, 27], 2060: [29, 0], 2062: [29, 0], 2065: [29, 1], 2067: [29, 1], 2070: [29, 2], 2072: [29, 2], 2075: [29, 3], 2077: [29, 3], 2080: [29, 4], 2082: [29, 4], 2085: [29, 5], 2087: [29, 5], 2090: [29, 6], 2092: [29, 6], 2095: [29, 7], 2097: [29, 7], 2100: [29, 8], 2102: [29, 8], 2105: [29, 9], 2107: [29, 9], 2110: [29, 10], 2112: [29, 10], 2115: [29, 11], 2117: [29, 11], 2120: [29, 12], 2122: [29, 12], 2125: [29, 13], 2127: [29, 13], 2130: [29, 14], 2132: [29, 14], 2135: [29, 15], 2137: [29, 15], 2140: [29, 16], 2142: [29, 16], 2145: [29, 17], 2147: [29, 17], 2150: [29, 18], 2152: [29, 18], 2155: [29, 19], 2157: [29, 19], 2160: [29, 20], 2162: [29, 20], 2165: [29, 21], 2167: [29, 21], 2170: [29, 22], 2172: [29, 22], 2175: [29, 23], 2177: [29, 23], 2180: [29, 24], 2182: [29, 24], 2185: [29, 25], 2187: [29, 25], 2190: [29, 26], 2192: [29, 26], 2195: [29, 27], 2197: [29, 27], 2200: [29, 28], 2202: [29, 28], 2206: [30, 0], 2208: [30, 0], 2211: [30, 1], 2213: [30, 1], 2216: [30, 2], 2218: [30, 2], 2221: [30, 3], 2223: [30, 3], 2226: [30, 4], 2228: [30, 4], 2231: [30, 5], 2233: [30, 5], 2236: [30, 6], 2238: [30, 6], 2241: [30, 7], 2243: [30, 7], 2246: [30, 8], 2248: [30, 8], 2251: [30, 9], 2253: [30, 9], 2256: [30, 10], 2258: [30, 10], 2261: [30, 11], 2263: [30, 11], 2266: [30, 12], 2268: [30, 12], 2271: [30, 13], 2273: [30, 13], 2276: [30, 14], 2278: [30, 14], 2281: [30, 15], 2283: [30, 15], 2286: [30, 16], 2288: [30, 16], 2291: [30, 17], 2293: [30, 17], 2296: [30, 18], 2298: [30, 18], 2301: [30, 19], 2303: [30, 19], 2306: [30, 20], 2308: [30, 20], 2311: [30, 21], 2313: [30, 21], 2316: [30, 22], 2318: [30, 22], 2321: [30, 23], 2323: [30, 23], 2326: [30, 24], 2328: [30, 24], 2331: [30, 25], 2333: [30, 25], 2336: [30, 26], 2338: [30, 26], 2341: [30, 27], 2343: [30, 27], 2346: [30, 28], 2348: [30, 28], 2351: [30, 29], 2353: [30, 29], 2357: [31, 0], 2359: [31, 0], 2362: [31, 1], 2364: [31, 1], 2367: [31, 2], 2369: [31, 2], 2372: [31, 3], 2374: [31, 3], 2377: [31, 4], 2379: [31, 4], 2382: [31, 5], 2384: [31, 5], 2387: [31, 6], 2389: [31, 6], 2392: [31, 7], 2394: [31, 7], 2397: [31, 8], 2399: [31, 8], 2402: [31, 9], 2404: [31, 9], 2407: [31, 10], 2409: [31, 10], 2412: [31, 11], 2414: [31, 11], 2417: [31, 12], 2419: [31, 12], 2422: [31, 13], 2424: [31, 13], 2427: [31, 14], 2429: [31, 14], 2432: [31, 15], 2434: [31, 15], 2437: [31, 16], 2439: [31, 16], 2442: [31, 17], 2444: [31, 17], 2447: [31, 18], 2449: [31, 18], 2452: [31, 19], 2454: [31, 19], 2457: [31, 20], 2459: [31, 20], 2462: [31, 21], 2464: [31, 21], 2467: [31, 22], 2469: [31, 22], 2472: [31, 23], 2474: [31, 23], 2477: [31, 24], 2479: [31, 24], 2482: [31, 25], 2484: [31, 25], 2487: [31, 26], 2489: [31, 26], 2492: [31, 27], 2494: [31, 27], 2497: [31, 28], 2499: [31, 28], 2502: [31, 29], 2504: [31, 29], 2507: [31, 30], 2509: [31, 30], 2512: [0, 31], 2513: [31, 0], 2514: [0, 31], 2515: [1, 30], 2516: [30, 1], 2517: [1, 30], 2518: [2, 29], 2519: [29, 2], 2520: [2, 29], 2521: [3, 28], 2522: [28, 3], 2523: [3, 28], 2524: [4, 27], 2525: [27, 4], 2526: [4, 27], 2527: [5, 26], 2528: [26, 5], 2529: [5, 26], 2530: [6, 25], 2531: [25, 6], 2532: [6, 25], 2533: [7, 24], 2534: [24, 7], 2535: [7, 24], 2536: [8, 23], 2537: [23, 8], 2538: [8, 23], 2539: [9, 22], 2540: [22, 9], 2541: [9, 22], 2542: [10, 21], 2543: [21, 10], 2544: [10, 21], 2545: [11, 20], 2546: [20, 11], 2547: [11, 20], 2548: [12, 19], 2549: [19, 12], 2550: [12, 19], 2551: [13, 18], 2552: [18, 13], 2553: [13, 18], 2554: [14, 17], 2555: [17, 14], 2556: [14, 17], 2557: [15, 16], 2558: [16, 15], 2559: [15, 16]}
Parse object graph:
DiGraph with 2592 nodes and 4048 edges
Using QubitMapSABRE2 mapper (matches muss_schedule6 improved version)
Raw mapping:
{'layout': {0: 2, 1: 2, 2: 2, 3: 1, 4: 3, 5: 0, 6: 2, 7: 0, 8: 2, 9: 0, 10: 2, 11: 1, 12: 3, 13: 3, 14: 3, 15: 0, 16: 0, 17: 1, 18: 3, 19: 1, 20: 3, 21: 1, 22: 3, 23: 1, 24: 1, 25: 2, 26: 0, 27: 0, 28: 1, 29: 0, 30: 2, 31: 3}, 'trap_to_qubits': {0: [9, 7, 29, 27, 26, 15, 16, 5], 1: [11, 17, 24, 3, 21, 28, 23, 19], 2: [2, 0, 10, 8, 1, 6, 30, 25], 3: [12, 14, 18, 22, 20, 31, 4, 13], 4: [], 5: []}}
Initial layout policy: mapping_bundle(layout + trap_to_qubits_from_mapper)
Note: reorder_choice='Naive' is ignored because mapper already provides ordered trap layout
Use mapper-provided ordered trap layout for mapper 'SABRE'
Initial qubit layout:
{0: [9, 7, 29, 27, 26, 15, 16, 5], 1: [11, 17, 24, 3, 21, 28, 23, 19], 2: [2, 0, 10, 8, 1, 6, 30, 25], 3: [12, 14, 18, 22, 20, 31, 4, 13], 4: [], 5: []}
Using MUSS Scheduler (V6) with SABRE Mapping
Using muss_schedule6.py new_vision
Analyzer shuttle mode: aggregate (detected shuttle_id annotations)
Analyzer parameter wiring: alpha_bg=0.0, T1=600000000.0, k_heating=0.001, epsilon_2q=3.90625e-05, strict_paper_mainline=True
Analyzer mode: paper
Program Finish Time: 71588 us
OPCOUNTS Gate: 2592 Split: 254 Move: 462 Merge: 254

Two-qubit gate chain statistics
Mean: 7.2615384615384615 Max: 8.0
Fidelity: 0.027491311806498876

Shuttle count summary
  logical_shuttle_count      = 254   # High-level shuttle count aggregated by shuttle_id
  physical_shuttle_leg_count = 254   # Paper-facing count: each complete trap-to-trap split+move+merge leg
  split_count                = 254
  merge_count                = 254
  move_count                 = 462
[DBG SUMMARY] gates=2592  gate_mult=0.0939334  avg_gate_nbar=0.0000
[DBG SUMMARY] logical_shuttles=254  shuttle_mult=0.292668  min_shuttle=0.9935
[DBG SUMMARY] worst_B: Trap 0 -> 1.000000 (heat_state=0.000000, alpha_bg=0.0, move_bg_fraction=0.0, model=exp, strict_paper_mainline=True)

========== ANALYSIS RESULT ==========
{'fidelity': 0.027491311806498876, 'total_shuttle': 254, 'logical_shuttle_count': 254, 'physical_shuttle_leg_count': 254, 'split_count': 254, 'merge_count': 254, 'move_count': 462, 'time': 71588}

========== SHUTTLE TRACE ==========
[SHUTTLE 0] ion=3  T1 -> T4  route=T1->J1->T4
    - SPLIT  (200 -> 320)  ion 3: T1 -> Seg1 (swap_cnt=1, swap_hops=4, ion_hops=0, i1=3, i2=19)
    - MOVE   (320 -> 334)  ion 3: Seg1 -> Seg4 via J1
    - MERGE  (334 -> 414)  ion 3: Seg4 -> T4
[SHUTTLE 1] ion=0  T2 -> T4  route=T2->J2->J1->T4
    - SPLIT  (414 -> 534)  ion 0: T2 -> Seg2 (swap_cnt=1, swap_hops=6, ion_hops=0, i1=0, i2=25)
    - MOVE   (534 -> 548)  ion 0: Seg2 -> Seg7 via J2
    - MOVE   (548 -> 562)  ion 0: Seg7 -> Seg4 via J1
    - MERGE  (562 -> 642)  ion 0: Seg4 -> T4
[SHUTTLE 2] ion=4  T3 -> T4  route=T3->J0->J1->T4
    - SPLIT  (722 -> 842)  ion 4: T3 -> Seg3 (swap_cnt=1, swap_hops=6, ion_hops=0, i1=4, i2=12)
    - MOVE   (842 -> 856)  ion 4: Seg3 -> Seg6 via J0
    - MOVE   (856 -> 870)  ion 4: Seg6 -> Seg4 via J1
    - MERGE  (870 -> 950)  ion 4: Seg4 -> T4
[SHUTTLE 3] ion=3  T4 -> T2  route=T4->J1->J2->T2
    - SPLIT  (990 -> 1110)  ion 3: T4 -> Seg4 (swap_cnt=1, swap_hops=2, ion_hops=0, i1=3, i2=4)
    - MOVE   (1110 -> 1124)  ion 3: Seg4 -> Seg7 via J1
    - MOVE   (1124 -> 1138)  ion 3: Seg7 -> Seg2 via J2
    - MERGE  (1138 -> 1218)  ion 3: Seg2 -> T2
[SHUTTLE 4] ion=5  T0 -> T4  route=T0->J0->J1->T4
    - SPLIT  (1338 -> 1418)  ion 5: T0 -> Seg0 (swap_cnt=0, swap_hops=0, ion_hops=0, i1=0, i2=0)
    - MOVE   (1418 -> 1432)  ion 5: Seg0 -> Seg6 via J0
    - MOVE   (1432 -> 1446)  ion 5: Seg6 -> Seg4 via J1
    - MERGE  (1446 -> 1526)  ion 5: Seg4 -> T4
[SHUTTLE 5] ion=1  T2 -> T4  route=T2->J2->J1->T4
    - SPLIT  (1566 -> 1686)  ion 1: T2 -> Seg2 (swap_cnt=1, swap_hops=4, ion_hops=0, i1=1, i2=3)
    - MOVE   (1686 -> 1700)  ion 1: Seg2 -> Seg7 via J2
    - MOVE   (1700 -> 1714)  ion 1: Seg7 -> Seg4 via J1
    - MERGE  (1714 -> 1794)  ion 1: Seg4 -> T4
[SHUTTLE 6] ion=0  T4 -> T2  route=T4->J1->J2->T2
    - SPLIT  (1914 -> 2034)  ion 0: T4 -> Seg4 (swap_cnt=1, swap_hops=3, ion_hops=0, i1=0, i2=1)
    - MOVE   (2034 -> 2048)  ion 0: Seg4 -> Seg7 via J1
    - MOVE   (2048 -> 2062)  ion 0: Seg7 -> Seg2 via J2
    - MERGE  (2062 -> 2142)  ion 0: Seg2 -> T2
[SHUTTLE 7] ion=2  T2 -> T4  route=T2->J2->J1->T4
    - SPLIT  (2182 -> 2302)  ion 2: T2 -> Seg2 (swap_cnt=1, swap_hops=7, ion_hops=0, i1=2, i2=0)
    - MOVE   (2302 -> 2316)  ion 2: Seg2 -> Seg7 via J2
    - MOVE   (2316 -> 2330)  ion 2: Seg7 -> Seg4 via J1
    - MERGE  (2330 -> 2410)  ion 2: Seg4 -> T4
[SHUTTLE 8] ion=0  T2 -> T0  route=T2->J2->J1->J0->T0
    - SPLIT  (2530 -> 2610)  ion 0: T2 -> Seg2 (swap_cnt=0, swap_hops=0, ion_hops=0, i1=0, i2=0)
    - MOVE   (2610 -> 2624)  ion 0: Seg2 -> Seg7 via J2
    - MOVE   (2624 -> 2638)  ion 0: Seg7 -> Seg6 via J1
    - MOVE   (2638 -> 2652)  ion 0: Seg6 -> Seg0 via J0
    - MERGE  (2652 -> 2732)  ion 0: Seg0 -> T0
[SHUTTLE 9] ion=1  T4 -> T2  route=T4->J1->J2->T2
    - SPLIT  (2772 -> 2892)  ion 1: T4 -> Seg4 (swap_cnt=1, swap_hops=1, ion_hops=0, i1=1, i2=2)
    - MOVE   (2892 -> 2906)  ion 1: Seg4 -> Seg7 via J1
    - MOVE   (2906 -> 2920)  ion 1: Seg7 -> Seg2 via J2
    - MERGE  (2920 -> 3000)  ion 1: Seg2 -> T2
[SHUTTLE 10] ion=4  T4 -> T2  route=T4->J1->J2->T2
    - SPLIT  (3040 -> 3160)  ion 4: T4 -> Seg4 (swap_cnt=1, swap_hops=2, ion_hops=0, i1=4, i2=2)
    - MOVE   (3160 -> 3174)  ion 4: Seg4 -> Seg7 via J1
    - MOVE   (3174 -> 3188)  ion 4: Seg7 -> Seg2 via J2
    - MERGE  (3188 -> 3268)  ion 4: Seg2 -> T2
[SHUTTLE 11] ion=8  T2 -> T4  route=T2->J2->J1->T4
    - SPLIT  (3348 -> 3468)  ion 8: T2 -> Seg2 (swap_cnt=1, swap_hops=6, ion_hops=0, i1=8, i2=4)
    - MOVE   (3468 -> 3482)  ion 8: Seg2 -> Seg7 via J2
    - MOVE   (3482 -> 3496)  ion 8: Seg7 -> Seg4 via J1
    - MERGE  (3496 -> 3576)  ion 8: Seg4 -> T4
[SHUTTLE 12] ion=0  T0 -> T4  route=T0->J0->J1->T4
    - SPLIT  (3576 -> 3656)  ion 0: T0 -> Seg0 (swap_cnt=0, swap_hops=0, ion_hops=0, i1=0, i2=0)
    - MOVE   (3656 -> 3670)  ion 0: Seg0 -> Seg6 via J0
    - MOVE   (3670 -> 3684)  ion 0: Seg6 -> Seg4 via J1
    - MERGE  (3684 -> 3764)  ion 0: Seg4 -> T4
[SHUTTLE 13] ion=1  T2 -> T0  route=T2->J2->J1->J0->T0
    - SPLIT  (3804 -> 3924)  ion 1: T2 -> Seg2 (swap_cnt=1, swap_hops=1, ion_hops=0, i1=1, i2=4)
    - MOVE   (3924 -> 3938)  ion 1: Seg2 -> Seg7 via J2
    - MOVE   (3938 -> 3952)  ion 1: Seg7 -> Seg6 via J1
    - MOVE   (3952 -> 3966)  ion 1: Seg6 -> Seg0 via J0
    - MERGE  (3966 -> 4046)  ion 1: Seg0 -> T0
[SHUTTLE 14] ion=2  T4 -> T2  route=T4->J1->J2->T2
    - SPLIT  (4086 -> 4206)  ion 2: T4 -> Seg4 (swap_cnt=1, swap_hops=2, ion_hops=0, i1=2, i2=0)
    - MOVE   (4206 -> 4220)  ion 2: Seg4 -> Seg7 via J1
    - MOVE   (4220 -> 4234)  ion 2: Seg7 -> Seg2 via J2
    - MERGE  (4234 -> 4314)  ion 2: Seg2 -> T2
[SHUTTLE 15] ion=5  T4 -> T2  route=T4->J1->J2->T2
    - SPLIT  (4354 -> 4474)  ion 5: T4 -> Seg4 (swap_cnt=1, swap_hops=2, ion_hops=0, i1=5, i2=0)
    - MOVE   (4474 -> 4488)  ion 5: Seg4 -> Seg7 via J1
    - MOVE   (4488 -> 4502)  ion 5: Seg7 -> Seg2 via J2
    - MERGE  (4502 -> 4582)  ion 5: Seg2 -> T2
[SHUTTLE 16] ion=9  T0 -> T4  route=T0->J0->J1->T4
    - SPLIT  (4702 -> 4822)  ion 9: T0 -> Seg0 (swap_cnt=1, swap_hops=7, ion_hops=0, i1=9, i2=1)
    - MOVE   (4822 -> 4836)  ion 9: Seg0 -> Seg6 via J0
    - MOVE   (4836 -> 4850)  ion 9: Seg6 -> Seg4 via J1
    - MERGE  (4850 -> 4930)  ion 9: Seg4 -> T4
[SHUTTLE 17] ion=8  T4 -> T0  route=T4->J1->J0->T0
    - SPLIT  (4970 -> 5090)  ion 8: T4 -> Seg4 (swap_cnt=1, swap_hops=2, ion_hops=0, i1=8, i2=9)
    - MOVE   (5090 -> 5104)  ion 8: Seg4 -> Seg6 via J1
    - MOVE   (5104 -> 5118)  ion 8: Seg6 -> Seg0 via J0
    - MERGE  (5118 -> 5198)  ion 8: Seg0 -> T0
[SHUTTLE 18] ion=7  T0 -> T4  route=T0->J0->J1->T4
    - SPLIT  (5238 -> 5358)  ion 7: T0 -> Seg0 (swap_cnt=1, swap_hops=7, ion_hops=0, i1=7, i2=8)
    - MOVE   (5358 -> 5372)  ion 7: Seg0 -> Seg6 via J0
    - MOVE   (5372 -> 5386)  ion 7: Seg6 -> Seg4 via J1
    - MERGE  (5386 -> 5466)  ion 7: Seg4 -> T4
[SHUTTLE 19] ion=2  T2 -> T4  route=T2->J2->J1->T4
    - SPLIT  (5466 -> 5586)  ion 2: T2 -> Seg2 (swap_cnt=1, swap_hops=1, ion_hops=0, i1=2, i2=5)
    - MOVE   (5586 -> 5600)  ion 2: Seg2 -> Seg7 via J2
    - MOVE   (5600 -> 5614)  ion 2: Seg7 -> Seg4 via J1
    - MERGE  (5614 -> 5694)  ion 2: Seg4 -> T4
[SHUTTLE 20] ion=0  T4 -> T2  route=T4->J1->J2->T2
    - SPLIT  (5774 -> 5894)  ion 0: T4 -> Seg4 (swap_cnt=1, swap_hops=3, ion_hops=0, i1=0, i2=2)
    - MOVE   (5894 -> 5908)  ion 0: Seg4 -> Seg7 via J1
    - MOVE   (5908 -> 5922)  ion 0: Seg7 -> Seg2 via J2
    - MERGE  (5922 -> 6002)  ion 0: Seg2 -> T2
[SHUTTLE 21] ion=9  T4 -> T0  route=T4->J1->J0->T0
    - SPLIT  (6042 -> 6162)  ion 9: T4 -> Seg4 (swap_cnt=1, swap_hops=2, ion_hops=0, i1=9, i2=2)
    - MOVE   (6162 -> 6176)  ion 9: Seg4 -> Seg6 via J1
    - MOVE   (6176 -> 6190)  ion 9: Seg6 -> Seg0 via J0
    - MERGE  (6190 -> 6270)  ion 9: Seg0 -> T0
[SHUTTLE 22] ion=8  T0 -> T4  route=T0->J0->J1->T4
    - SPLIT  (6310 -> 6430)  ion 8: T0 -> Seg0 (swap_cnt=1, swap_hops=1, ion_hops=0, i1=8, i2=9)
    - MOVE   (6430 -> 6444)  ion 8: Seg0 -> Seg6 via J0
    - MOVE   (6444 -> 6458)  ion 8: Seg6 -> Seg4 via J1
    - MERGE  (6458 -> 6538)  ion 8: Seg4 -> T4
[SHUTTLE 23] ion=3  T2 -> T4  route=T2->J2->J1->T4
    - SPLIT  (6578 -> 6698)  ion 3: T2 -> Seg2 (swap_cnt=1, swap_hops=3, ion_hops=0, i1=3, i2=0)
    - MOVE   (6698 -> 6712)  ion 3: Seg2 -> Seg7 via J2
    - MOVE   (6712 -> 6726)  ion 3: Seg7 -> Seg4 via J1
    - MERGE  (6726 -> 6806)  ion 3: Seg4 -> T4
[SHUTTLE 24] ion=0  T2 -> T1  route=T2->J2->J1->T1
    - SPLIT  (6926 -> 7006)  ion 0: T2 -> Seg2 (swap_cnt=0, swap_hops=0, ion_hops=0, i1=0, i2=0)
    - MOVE   (7006 -> 7020)  ion 0: Seg2 -> Seg7 via J2
    - MOVE   (7020 -> 7034)  ion 0: Seg7 -> Seg1 via J1
    - MERGE  (7034 -> 7114)  ion 0: Seg1 -> T1
[SHUTTLE 25] ion=10  T2 -> T0  route=T2->J2->J1->J0->T0
    - SPLIT  (7154 -> 7274)  ion 10: T2 -> Seg2 (swap_cnt=1, swap_hops=5, ion_hops=0, i1=10, i2=5)
    - MOVE   (7274 -> 7288)  ion 10: Seg2 -> Seg7 via J2
    - MOVE   (7288 -> 7302)  ion 10: Seg7 -> Seg6 via J1
    - MOVE   (7302 -> 7316)  ion 10: Seg6 -> Seg0 via J0
    - MERGE  (7316 -> 7396)  ion 10: Seg0 -> T0
[SHUTTLE 26] ion=9  T0 -> T4  route=T0->J0->J1->T4
    - SPLIT  (7436 -> 7556)  ion 9: T0 -> Seg0 (swap_cnt=1, swap_hops=1, ion_hops=0, i1=9, i2=10)
    - MOVE   (7556 -> 7570)  ion 9: Seg0 -> Seg6 via J0
    - MOVE   (7570 -> 7584)  ion 9: Seg6 -> Seg4 via J1
    - MERGE  (7584 -> 7664)  ion 9: Seg4 -> T4
[SHUTTLE 27] ion=7  T4 -> T2  route=T4->J1->J2->T2
    - SPLIT  (7704 -> 7824)  ion 7: T4 -> Seg4 (swap_cnt=1, swap_hops=4, ion_hops=0, i1=7, i2=9)
    - MOVE   (7824 -> 7838)  ion 7: Seg4 -> Seg7 via J1
    - MOVE   (7838 -> 7852)  ion 7: Seg7 -> Seg2 via J2
    - MERGE  (7852 -> 7932)  ion 7: Seg2 -> T2
[SHUTTLE 28] ion=0  T1 -> T3  route=T1->J1->J0->T3
    - SPLIT  (8052 -> 8132)  ion 0: T1 -> Seg1 (swap_cnt=0, swap_hops=0, ion_hops=0, i1=0, i2=0)
    - MOVE   (8132 -> 8146)  ion 0: Seg1 -> Seg6 via J1
    - MOVE   (8146 -> 8160)  ion 0: Seg6 -> Seg3 via J0
    - MERGE  (8160 -> 8240)  ion 0: Seg3 -> T3
[SHUTTLE 29] ion=11  T1 -> T0  route=T1->J1->J0->T0
    - SPLIT  (8280 -> 8400)  ion 11: T1 -> Seg1 (swap_cnt=1, swap_hops=6, ion_hops=0, i1=11, i2=19)
    - MOVE   (8400 -> 8414)  ion 11: Seg1 -> Seg6 via J1
    - MOVE   (8414 -> 8428)  ion 11: Seg6 -> Seg0 via J0
    - MERGE  (8428 -> 8508)  ion 11: Seg0 -> T0
[SHUTTLE 30] ion=10  T0 -> T4  route=T0->J0->J1->T4
    - SPLIT  (8548 -> 8668)  ion 10: T0 -> Seg0 (swap_cnt=1, swap_hops=1, ion_hops=0, i1=10, i2=11)
    - MOVE   (8668 -> 8682)  ion 10: Seg0 -> Seg6 via J0
    - MOVE   (8682 -> 8696)  ion 10: Seg6 -> Seg4 via J1
    - MERGE  (8696 -> 8776)  ion 10: Seg4 -> T4
[SHUTTLE 31] ion=8  T4 -> T2  route=T4->J1->J2->T2
    - SPLIT  (8816 -> 8936)  ion 8: T4 -> Seg4 (swap_cnt=1, swap_hops=3, ion_hops=0, i1=8, i2=10)
    - MOVE   (8936 -> 8950)  ion 8: Seg4 -> Seg7 via J1
    - MOVE   (8950 -> 8964)  ion 8: Seg7 -> Seg2 via J2
    - MERGE  (8964 -> 9044)  ion 8: Seg2 -> T2
[SHUTTLE 32] ion=12  T3 -> T0  route=T3->J0->T0
    - SPLIT  (9164 -> 9284)  ion 12: T3 -> Seg3 (swap_cnt=1, swap_hops=1, ion_hops=0, i1=12, i2=0)
    - MOVE   (9284 -> 9298)  ion 12: Seg3 -> Seg0 via J0
    - MERGE  (9298 -> 9378)  ion 12: Seg0 -> T0
[SHUTTLE 33] ion=11  T0 -> T4  route=T0->J0->J1->T4
    - SPLIT  (9418 -> 9538)  ion 11: T0 -> Seg0 (swap_cnt=1, swap_hops=1, ion_hops=0, i1=11, i2=12)
    - MOVE   (9538 -> 9552)  ion 11: Seg0 -> Seg6 via J0
    - MOVE   (9552 -> 9566)  ion 11: Seg6 -> Seg4 via J1
    - MERGE  (9566 -> 9646)  ion 11: Seg4 -> T4
[SHUTTLE 34] ion=9  T4 -> T2  route=T4->J1->J2->T2
    - SPLIT  (9686 -> 9806)  ion 9: T4 -> Seg4 (swap_cnt=1, swap_hops=2, ion_hops=0, i1=9, i2=11)
    - MOVE   (9806 -> 9820)  ion 9: Seg4 -> Seg7 via J1
    - MOVE   (9820 -> 9834)  ion 9: Seg7 -> Seg2 via J2
    - MERGE  (9834 -> 9914)  ion 9: Seg2 -> T2
[SHUTTLE 35] ion=13  T3 -> T0  route=T3->J0->T0
    - SPLIT  (10034 -> 10154)  ion 13: T3 -> Seg3 (swap_cnt=1, swap_hops=6, ion_hops=0, i1=13, i2=0)
    - MOVE   (10154 -> 10168)  ion 13: Seg3 -> Seg0 via J0
    - MERGE  (10168 -> 10248)  ion 13: Seg0 -> T0
[SHUTTLE 36] ion=12  T0 -> T4  route=T0->J0->J1->T4
    - SPLIT  (10288 -> 10408)  ion 12: T0 -> Seg0 (swap_cnt=1, swap_hops=1, ion_hops=0, i1=12, i2=13)
    - MOVE   (10408 -> 10422)  ion 12: Seg0 -> Seg6 via J0
    - MOVE   (10422 -> 10436)  ion 12: Seg6 -> Seg4 via J1
    - MERGE  (10436 -> 10516)  ion 12: Seg4 -> T4
[SHUTTLE 37] ion=4  T2 -> T4  route=T2->J2->J1->T4
    - SPLIT  (10556 -> 10676)  ion 4: T2 -> Seg2 (swap_cnt=1, swap_hops=4, ion_hops=0, i1=4, i2=9)
    - MOVE   (10676 -> 10690)  ion 4: Seg2 -> Seg7 via J2
    - MOVE   (10690 -> 10704)  ion 4: Seg7 -> Seg4 via J1
    - MERGE  (10704 -> 10784)  ion 4: Seg4 -> T4
[SHUTTLE 38] ion=0  T3 -> T0  route=T3->J0->T0
    - SPLIT  (10824 -> 10904)  ion 0: T3 -> Seg3 (swap_cnt=0, swap_hops=0, ion_hops=0, i1=0, i2=0)
    - MOVE   (10904 -> 10918)  ion 0: Seg3 -> Seg0 via J0
    - MERGE  (10918 -> 10998)  ion 0: Seg0 -> T0
[SHUTTLE 39] ion=1  T0 -> T3  route=T0->J0->T3
    - SPLIT  (11118 -> 11238)  ion 1: T0 -> Seg0 (swap_cnt=1, swap_hops=2, ion_hops=0, i1=1, i2=0)
    - MOVE   (11238 -> 11252)  ion 1: Seg0 -> Seg3 via J0
    - MERGE  (11252 -> 11332)  ion 1: Seg3 -> T3
[SHUTTLE 40] ion=2  T4 -> T0  route=T4->J1->J0->T0
    - SPLIT  (11372 -> 11492)  ion 2: T4 -> Seg4 (swap_cnt=1, swap_hops=5, ion_hops=0, i1=2, i2=4)
    - MOVE   (11492 -> 11506)  ion 2: Seg4 -> Seg6 via J1
    - MOVE   (11506 -> 11520)  ion 2: Seg6 -> Seg0 via J0
    - MERGE  (11520 -> 11600)  ion 2: Seg0 -> T0
[SHUTTLE 41] ion=10  T4 -> T2  route=T4->J1->J2->T2
    - SPLIT  (11640 -> 11760)  ion 10: T4 -> Seg4 (swap_cnt=1, swap_hops=3, ion_hops=0, i1=10, i2=4)
    - MOVE   (11760 -> 11774)  ion 10: Seg4 -> Seg7 via J1
    - MOVE   (11774 -> 11788)  ion 10: Seg7 -> Seg2 via J2
    - MERGE  (11788 -> 11868)  ion 10: Seg2 -> T2
[SHUTTLE 42] ion=0  T0 -> T1  route=T0->J0->J1->T1
    - SPLIT  (11988 -> 12108)  ion 0: T0 -> Seg0 (swap_cnt=1, swap_hops=1, ion_hops=0, i1=0, i2=2)
    - MOVE   (12108 -> 12122)  ion 0: Seg0 -> Seg6 via J0
    - MOVE   (12122 -> 12136)  ion 0: Seg6 -> Seg1 via J1
    - MERGE  (12136 -> 12216)  ion 0: Seg1 -> T1
[SHUTTLE 43] ion=1  T3 -> T0  route=T3->J0->T0
    - SPLIT  (12256 -> 12336)  ion 1: T3 -> Seg3 (swap_cnt=0, swap_hops=0, ion_hops=0, i1=0, i2=0)
    - MOVE   (12336 -> 12350)  ion 1: Seg3 -> Seg0 via J0
    - MERGE  (12350 -> 12430)  ion 1: Seg0 -> T0
[SHUTTLE 44] ion=2  T0 -> T3  route=T0->J0->T3
    - SPLIT  (12470 -> 12590)  ion 2: T0 -> Seg0 (swap_cnt=1, swap_hops=1, ion_hops=0, i1=2, i2=1)
    - MOVE   (12590 -> 12604)  ion 2: Seg0 -> Seg3 via J0
    - MERGE  (12604 -> 12684)  ion 2: Seg3 -> T3
[SHUTTLE 45] ion=3  T4 -> T0  route=T4->J1->J0->T0
    - SPLIT  (12724 -> 12844)  ion 3: T4 -> Seg4 (swap_cnt=1, swap_hops=3, ion_hops=0, i1=3, i2=4)
    - MOVE   (12844 -> 12858)  ion 3: Seg4 -> Seg6 via J1
    - MOVE   (12858 -> 12872)  ion 3: Seg6 -> Seg0 via J0
    - MERGE  (12872 -> 12952)  ion 3: Seg0 -> T0
[SHUTTLE 46] ion=5  T2 -> T4  route=T2->J2->J1->T4
    - SPLIT  (12992 -> 13112)  ion 5: T2 -> Seg2 (swap_cnt=1, swap_hops=4, ion_hops=0, i1=5, i2=10)
    - MOVE   (13112 -> 13126)  ion 5: Seg2 -> Seg7 via J2
    - MOVE   (13126 -> 13140)  ion 5: Seg7 -> Seg4 via J1
    - MERGE  (13140 -> 13220)  ion 5: Seg4 -> T4
[SHUTTLE 47] ion=18  T3 -> T1  route=T3->J0->J1->T1
    - SPLIT  (13340 -> 13460)  ion 18: T3 -> Seg3 (swap_cnt=1, swap_hops=2, ion_hops=0, i1=18, i2=2)
    - MOVE   (13460 -> 13474)  ion 18: Seg3 -> Seg6 via J0
    - MOVE   (13474 -> 13488)  ion 18: Seg6 -> Seg1 via J1
    - MERGE  (13488 -> 13568)  ion 18: Seg1 -> T1
[SHUTTLE 48] ion=15  T0 -> T3  route=T0->J0->T3
    - SPLIT  (13608 -> 13728)  ion 15: T0 -> Seg0 (swap_cnt=1, swap_hops=4, ion_hops=0, i1=15, i2=3)
    - MOVE   (13728 -> 13742)  ion 15: Seg0 -> Seg3 via J0
    - MERGE  (13742 -> 13822)  ion 15: Seg3 -> T3
[SHUTTLE 49] ion=14  T3 -> T0  route=T3->J0->T0
    - SPLIT  (13862 -> 13982)  ion 14: T3 -> Seg3 (swap_cnt=1, swap_hops=2, ion_hops=0, i1=14, i2=15)
    - MOVE   (13982 -> 13996)  ion 14: Seg3 -> Seg0 via J0
    - MERGE  (13996 -> 14076)  ion 14: Seg0 -> T0
[SHUTTLE 50] ion=13  T0 -> T4  route=T0->J0->J1->T4
    - SPLIT  (14116 -> 14236)  ion 13: T0 -> Seg0 (swap_cnt=1, swap_hops=3, ion_hops=0, i1=13, i2=14)
    - MOVE   (14236 -> 14250)  ion 13: Seg0 -> Seg6 via J0
    - MOVE   (14250 -> 14264)  ion 13: Seg6 -> Seg4 via J1
    - MERGE  (14264 -> 14344)  ion 13: Seg4 -> T4
[SHUTTLE 51] ion=11  T4 -> T2  route=T4->J1->J2->T2
    - SPLIT  (14384 -> 14504)  ion 11: T4 -> Seg4 (swap_cnt=1, swap_hops=4, ion_hops=0, i1=11, i2=13)
    - MOVE   (14504 -> 14518)  ion 11: Seg4 -> Seg7 via J1
    - MOVE   (14518 -> 14532)  ion 11: Seg7 -> Seg2 via J2
    - MERGE  (14532 -> 14612)  ion 11: Seg2 -> T2
[SHUTTLE 52] ion=17  T1 -> T0  route=T1->J1->J0->T0
    - SPLIT  (14692 -> 14812)  ion 17: T1 -> Seg1 (swap_cnt=1, swap_hops=7, ion_hops=0, i1=17, i2=18)
    - MOVE   (14812 -> 14826)  ion 17: Seg1 -> Seg6 via J1
    - MOVE   (14826 -> 14840)  ion 17: Seg6 -> Seg0 via J0
    - MERGE  (14840 -> 14920)  ion 17: Seg0 -> T0
[SHUTTLE 53] ion=16  T0 -> T3  route=T0->J0->T3
    - SPLIT  (15000 -> 15120)  ion 16: T0 -> Seg0 (swap_cnt=1, swap_hops=4, ion_hops=0, i1=16, i2=17)
    - MOVE   (15120 -> 15134)  ion 16: Seg0 -> Seg3 via J0
    - MERGE  (15134 -> 15214)  ion 16: Seg3 -> T3
[SHUTTLE 54] ion=15  T3 -> T0  route=T3->J0->T0
    - SPLIT  (15254 -> 15374)  ion 15: T3 -> Seg3 (swap_cnt=1, swap_hops=1, ion_hops=0, i1=15, i2=16)
    - MOVE   (15374 -> 15388)  ion 15: Seg3 -> Seg0 via J0
    - MERGE  (15388 -> 15468)  ion 15: Seg0 -> T0
[SHUTTLE 55] ion=14  T0 -> T4  route=T0->J0->J1->T4
    - SPLIT  (15508 -> 15628)  ion 14: T0 -> Seg0 (swap_cnt=1, swap_hops=2, ion_hops=0, i1=14, i2=15)
    - MOVE   (15628 -> 15642)  ion 14: Seg0 -> Seg6 via J0
    - MOVE   (15642 -> 15656)  ion 14: Seg6 -> Seg4 via J1
    - MERGE  (15656 -> 15736)  ion 14: Seg4 -> T4
[SHUTTLE 56] ion=6  T2 -> T4  route=T2->J2->J1->T4
    - SPLIT  (15776 -> 15896)  ion 6: T2 -> Seg2 (swap_cnt=1, swap_hops=7, ion_hops=0, i1=6, i2=11)
    - MOVE   (15896 -> 15910)  ion 6: Seg2 -> Seg7 via J2
    - MOVE   (15910 -> 15924)  ion 6: Seg7 -> Seg4 via J1
    - MERGE  (15924 -> 16004)  ion 6: Seg4 -> T4
[SHUTTLE 57] ion=20  T3 -> T1  route=T3->J0->J1->T1
    - SPLIT  (16084 -> 16204)  ion 20: T3 -> Seg3 (swap_cnt=1, swap_hops=3, ion_hops=0, i1=20, i2=16)
    - MOVE   (16204 -> 16218)  ion 20: Seg3 -> Seg6 via J0
    - MOVE   (16218 -> 16232)  ion 20: Seg6 -> Seg1 via J1
    - MERGE  (16232 -> 16312)  ion 20: Seg1 -> T1
[SHUTTLE 58] ion=18  T1 -> T0  route=T1->J1->J0->T0
    - SPLIT  (16352 -> 16472)  ion 18: T1 -> Seg1 (swap_cnt=1, swap_hops=1, ion_hops=0, i1=18, i2=20)
    - MOVE   (16472 -> 16486)  ion 18: Seg1 -> Seg6 via J1
    - MOVE   (16486 -> 16500)  ion 18: Seg6 -> Seg0 via J0
    - MERGE  (16500 -> 16580)  ion 18: Seg0 -> T0
[SHUTTLE 59] ion=17  T0 -> T3  route=T0->J0->T3
    - SPLIT  (16660 -> 16780)  ion 17: T0 -> Seg0 (swap_cnt=1, swap_hops=2, ion_hops=0, i1=17, i2=18)
    - MOVE   (16780 -> 16794)  ion 17: Seg0 -> Seg3 via J0
    - MERGE  (16794 -> 16874)  ion 17: Seg3 -> T3
[SHUTTLE 60] ion=16  T3 -> T0  route=T3->J0->T0
    - SPLIT  (16914 -> 17034)  ion 16: T3 -> Seg3 (swap_cnt=1, swap_hops=1, ion_hops=0, i1=16, i2=17)
    - MOVE   (17034 -> 17048)  ion 16: Seg3 -> Seg0 via J0
    - MERGE  (17048 -> 17128)  ion 16: Seg0 -> T0
[SHUTTLE 61] ion=15  T0 -> T4  route=T0->J0->J1->T4
    - SPLIT  (17168 -> 17288)  ion 15: T0 -> Seg0 (swap_cnt=1, swap_hops=2, ion_hops=0, i1=15, i2=16)
    - MOVE   (17288 -> 17302)  ion 15: Seg0 -> Seg6 via J0
    - MOVE   (17302 -> 17316)  ion 15: Seg6 -> Seg4 via J1
    - MERGE  (17316 -> 17396)  ion 15: Seg4 -> T4
[SHUTTLE 62] ion=12  T4 -> T2  route=T4->J1->J2->T2
    - SPLIT  (17436 -> 17556)  ion 12: T4 -> Seg4 (swap_cnt=1, swap_hops=6, ion_hops=0, i1=12, i2=15)
    - MOVE   (17556 -> 17570)  ion 12: Seg4 -> Seg7 via J1
    - MOVE   (17570 -> 17584)  ion 12: Seg7 -> Seg2 via J2
    - MERGE  (17584 -> 17664)  ion 12: Seg2 -> T2
[SHUTTLE 63] ion=19  T1 -> T0  route=T1->J1->J0->T0
    - SPLIT  (17744 -> 17864)  ion 19: T1 -> Seg1 (swap_cnt=1, swap_hops=2, ion_hops=0, i1=19, i2=20)
    - MOVE   (17864 -> 17878)  ion 19: Seg1 -> Seg6 via J1
    - MOVE   (17878 -> 17892)  ion 19: Seg6 -> Seg0 via J0
    - MERGE  (17892 -> 17972)  ion 19: Seg0 -> T0
[SHUTTLE 64] ion=18  T0 -> T3  route=T0->J0->T3
    - SPLIT  (18052 -> 18172)  ion 18: T0 -> Seg0 (swap_cnt=1, swap_hops=2, ion_hops=0, i1=18, i2=19)
    - MOVE   (18172 -> 18186)  ion 18: Seg0 -> Seg3 via J0
    - MERGE  (18186 -> 18266)  ion 18: Seg3 -> T3
[SHUTTLE 65] ion=17  T3 -> T0  route=T3->J0->T0
    - SPLIT  (18306 -> 18426)  ion 17: T3 -> Seg3 (swap_cnt=1, swap_hops=1, ion_hops=0, i1=17, i2=18)
    - MOVE   (18426 -> 18440)  ion 17: Seg3 -> Seg0 via J0
    - MERGE  (18440 -> 18520)  ion 17: Seg0 -> T0
[SHUTTLE 66] ion=16  T0 -> T4  route=T0->J0->J1->T4
    - SPLIT  (18560 -> 18680)  ion 16: T0 -> Seg0 (swap_cnt=1, swap_hops=2, ion_hops=0, i1=16, i2=17)
    - MOVE   (18680 -> 18694)  ion 16: Seg0 -> Seg6 via J0
    - MOVE   (18694 -> 18708)  ion 16: Seg6 -> Seg4 via J1
    - MERGE  (18708 -> 18788)  ion 16: Seg4 -> T4
[SHUTTLE 67] ion=7  T2 -> T4  route=T2->J2->J1->T4
    - SPLIT  (18828 -> 18948)  ion 7: T2 -> Seg2 (swap_cnt=1, swap_hops=5, ion_hops=0, i1=7, i2=12)
    - MOVE   (18948 -> 18962)  ion 7: Seg2 -> Seg7 via J2
    - MOVE   (18962 -> 18976)  ion 7: Seg7 -> Seg4 via J1
    - MERGE  (18976 -> 19056)  ion 7: Seg4 -> T4
[SHUTTLE 68] ion=22  T3 -> T1  route=T3->J0->J1->T1
    - SPLIT  (19096 -> 19216)  ion 22: T3 -> Seg3 (swap_cnt=1, swap_hops=2, ion_hops=0, i1=22, i2=18)
    - MOVE   (19216 -> 19230)  ion 22: Seg3 -> Seg6 via J0
    - MOVE   (19230 -> 19244)  ion 22: Seg6 -> Seg1 via J1
    - MERGE  (19244 -> 19324)  ion 22: Seg1 -> T1
[SHUTTLE 69] ion=20  T1 -> T0  route=T1->J1->J0->T0
    - SPLIT  (19404 -> 19524)  ion 20: T1 -> Seg1 (swap_cnt=1, swap_hops=1, ion_hops=0, i1=20, i2=22)
    - MOVE   (19524 -> 19538)  ion 20: Seg1 -> Seg6 via J1
    - MOVE   (19538 -> 19552)  ion 20: Seg6 -> Seg0 via J0
    - MERGE  (19552 -> 19632)  ion 20: Seg0 -> T0
[SHUTTLE 70] ion=19  T0 -> T3  route=T0->J0->T3
    - SPLIT  (19712 -> 19832)  ion 19: T0 -> Seg0 (swap_cnt=1, swap_hops=2, ion_hops=0, i1=19, i2=20)
    - MOVE   (19832 -> 19846)  ion 19: Seg0 -> Seg3 via J0
    - MERGE  (19846 -> 19926)  ion 19: Seg3 -> T3
[SHUTTLE 71] ion=18  T3 -> T0  route=T3->J0->T0
    - SPLIT  (19966 -> 20086)  ion 18: T3 -> Seg3 (swap_cnt=1, swap_hops=1, ion_hops=0, i1=18, i2=19)
    - MOVE   (20086 -> 20100)  ion 18: Seg3 -> Seg0 via J0
    - MERGE  (20100 -> 20180)  ion 18: Seg0 -> T0
[SHUTTLE 72] ion=17  T0 -> T1  route=T0->J0->J1->T1
    - SPLIT  (20220 -> 20340)  ion 17: T0 -> Seg0 (swap_cnt=1, swap_hops=2, ion_hops=0, i1=17, i2=18)
    - MOVE   (20340 -> 20354)  ion 17: Seg0 -> Seg6 via J0
    - MOVE   (20354 -> 20368)  ion 17: Seg6 -> Seg1 via J1
    - MERGE  (20368 -> 20448)  ion 17: Seg1 -> T1
[SHUTTLE 73] ion=4  T4 -> T1  route=T4->J1->T1
    - SPLIT  (20448 -> 20568)  ion 4: T4 -> Seg4 (swap_cnt=1, swap_hops=7, ion_hops=0, i1=4, i2=7)
    - MOVE   (20568 -> 20582)  ion 4: Seg4 -> Seg1 via J1
    - MERGE  (20582 -> 20662)  ion 4: Seg1 -> T1
[SHUTTLE 74] ion=13  T4 -> T2  route=T4->J1->J2->T2
    - SPLIT  (20702 -> 20822)  ion 13: T4 -> Seg4 (swap_cnt=1, swap_hops=5, ion_hops=0, i1=13, i2=7)
    - MOVE   (20822 -> 20836)  ion 13: Seg4 -> Seg7 via J1
    - MOVE   (20836 -> 20850)  ion 13: Seg7 -> Seg2 via J2
    - MERGE  (20850 -> 20930)  ion 13: Seg2 -> T2
[SHUTTLE 75] ion=21  T1 -> T0  route=T1->J1->J0->T0
    - SPLIT  (21010 -> 21130)  ion 21: T1 -> Seg1 (swap_cnt=1, swap_hops=6, ion_hops=0, i1=21, i2=4)
    - MOVE   (21130 -> 21144)  ion 21: Seg1 -> Seg6 via J1
    - MOVE   (21144 -> 21158)  ion 21: Seg6 -> Seg0 via J0
    - MERGE  (21158 -> 21238)  ion 21: Seg0 -> T0
[SHUTTLE 76] ion=20  T0 -> T3  route=T0->J0->T3
    - SPLIT  (21318 -> 21438)  ion 20: T0 -> Seg0 (swap_cnt=1, swap_hops=2, ion_hops=0, i1=20, i2=21)
    - MOVE   (21438 -> 21452)  ion 20: Seg0 -> Seg3 via J0
    - MERGE  (21452 -> 21532)  ion 20: Seg3 -> T3
[SHUTTLE 77] ion=19  T3 -> T0  route=T3->J0->T0
    - SPLIT  (21572 -> 21692)  ion 19: T3 -> Seg3 (swap_cnt=1, swap_hops=1, ion_hops=0, i1=19, i2=20)
    - MOVE   (21692 -> 21706)  ion 19: Seg3 -> Seg0 via J0
    - MERGE  (21706 -> 21786)  ion 19: Seg0 -> T0
[SHUTTLE 78] ion=18  T0 -> T1  route=T0->J0->J1->T1
    - SPLIT  (21826 -> 21946)  ion 18: T0 -> Seg0 (swap_cnt=1, swap_hops=2, ion_hops=0, i1=18, i2=19)
    - MOVE   (21946 -> 21960)  ion 18: Seg0 -> Seg6 via J0
    - MOVE   (21960 -> 21974)  ion 18: Seg6 -> Seg1 via J1
    - MERGE  (21974 -> 22054)  ion 18: Seg1 -> T1
[SHUTTLE 79] ion=17  T1 -> T4  route=T1->J1->T4
    - SPLIT  (22094 -> 22214)  ion 17: T1 -> Seg1 (swap_cnt=1, swap_hops=2, ion_hops=0, i1=17, i2=18)
    - MOVE   (22214 -> 22228)  ion 17: Seg1 -> Seg4 via J1
    - MERGE  (22228 -> 22308)  ion 17: Seg4 -> T4
[SHUTTLE 80] ion=8  T2 -> T4  route=T2->J2->J1->T4
    - SPLIT  (22348 -> 22468)  ion 8: T2 -> Seg2 (swap_cnt=1, swap_hops=5, ion_hops=0, i1=8, i2=13)
    - MOVE   (22468 -> 22482)  ion 8: Seg2 -> Seg7 via J2
    - MOVE   (22482 -> 22496)  ion 8: Seg7 -> Seg4 via J1
    - MERGE  (22496 -> 22576)  ion 8: Seg4 -> T4
[SHUTTLE 81] ion=25  T2 -> T1  route=T2->J2->J1->T1
    - SPLIT  (22656 -> 22776)  ion 25: T2 -> Seg2 (swap_cnt=1, swap_hops=5, ion_hops=0, i1=25, i2=13)
    - MOVE   (22776 -> 22790)  ion 25: Seg2 -> Seg7 via J2
    - MOVE   (22790 -> 22804)  ion 25: Seg7 -> Seg1 via J1
    - MERGE  (22804 -> 22884)  ion 25: Seg1 -> T1
[SHUTTLE 82] ion=22  T1 -> T0  route=T1->J1->J0->T0
    - SPLIT  (22924 -> 23044)  ion 22: T1 -> Seg1 (swap_cnt=1, swap_hops=3, ion_hops=0, i1=22, i2=25)
    - MOVE   (23044 -> 23058)  ion 22: Seg1 -> Seg6 via J1
    - MOVE   (23058 -> 23072)  ion 22: Seg6 -> Seg0 via J0
    - MERGE  (23072 -> 23152)  ion 22: Seg0 -> T0
[SHUTTLE 83] ion=21  T0 -> T3  route=T0->J0->T3
    - SPLIT  (23232 -> 23352)  ion 21: T0 -> Seg0 (swap_cnt=1, swap_hops=2, ion_hops=0, i1=21, i2=22)
    - MOVE   (23352 -> 23366)  ion 21: Seg0 -> Seg3 via J0
    - MERGE  (23366 -> 23446)  ion 21: Seg3 -> T3
[SHUTTLE 84] ion=20  T3 -> T0  route=T3->J0->T0
    - SPLIT  (23486 -> 23606)  ion 20: T3 -> Seg3 (swap_cnt=1, swap_hops=1, ion_hops=0, i1=20, i2=21)
    - MOVE   (23606 -> 23620)  ion 20: Seg3 -> Seg0 via J0
    - MERGE  (23620 -> 23700)  ion 20: Seg0 -> T0
[SHUTTLE 85] ion=19  T0 -> T1  route=T0->J0->J1->T1
    - SPLIT  (23740 -> 23860)  ion 19: T0 -> Seg0 (swap_cnt=1, swap_hops=2, ion_hops=0, i1=19, i2=20)
    - MOVE   (23860 -> 23874)  ion 19: Seg0 -> Seg6 via J0
    - MOVE   (23874 -> 23888)  ion 19: Seg6 -> Seg1 via J1
    - MERGE  (23888 -> 23968)  ion 19: Seg1 -> T1
[SHUTTLE 86] ion=18  T1 -> T2  route=T1->J1->J2->T2
    - SPLIT  (24008 -> 24128)  ion 18: T1 -> Seg1 (swap_cnt=1, swap_hops=2, ion_hops=0, i1=18, i2=19)
    - MOVE   (24128 -> 24142)  ion 18: Seg1 -> Seg7 via J1
    - MOVE   (24142 -> 24156)  ion 18: Seg7 -> Seg2 via J2
    - MERGE  (24156 -> 24236)  ion 18: Seg2 -> T2
[SHUTTLE 87] ion=5  T4 -> T2  route=T4->J1->J2->T2
    - SPLIT  (24236 -> 24356)  ion 5: T4 -> Seg4 (swap_cnt=1, swap_hops=7, ion_hops=0, i1=5, i2=8)
    - MOVE   (24356 -> 24370)  ion 5: Seg4 -> Seg7 via J1
    - MOVE   (24370 -> 24384)  ion 5: Seg7 -> Seg2 via J2
    - MERGE  (24384 -> 24464)  ion 5: Seg2 -> T2
[SHUTTLE 88] ion=9  T2 -> T4  route=T2->J2->J1->T4
    - SPLIT  (24504 -> 24624)  ion 9: T2 -> Seg2 (swap_cnt=1, swap_hops=6, ion_hops=0, i1=9, i2=5)
    - MOVE   (24624 -> 24638)  ion 9: Seg2 -> Seg7 via J2
    - MOVE   (24638 -> 24652)  ion 9: Seg7 -> Seg4 via J1
    - MERGE  (24652 -> 24732)  ion 9: Seg4 -> T4
[SHUTTLE 89] ion=0  T1 -> T0  route=T1->J1->J0->T0
    - SPLIT  (24812 -> 24932)  ion 0: T1 -> Seg1 (swap_cnt=1, swap_hops=3, ion_hops=0, i1=0, i2=19)
    - MOVE   (24932 -> 24946)  ion 0: Seg1 -> Seg6 via J1
    - MOVE   (24946 -> 24960)  ion 0: Seg6 -> Seg0 via J0
    - MERGE  (24960 -> 25040)  ion 0: Seg0 -> T0
[SHUTTLE 90] ion=1  T0 -> T1  route=T0->J0->J1->T1
    - SPLIT  (25080 -> 25200)  ion 1: T0 -> Seg0 (swap_cnt=1, swap_hops=4, ion_hops=0, i1=1, i2=0)
    - MOVE   (25200 -> 25214)  ion 1: Seg0 -> Seg6 via J0
    - MOVE   (25214 -> 25228)  ion 1: Seg6 -> Seg1 via J1
    - MERGE  (25228 -> 25308)  ion 1: Seg1 -> T1
[SHUTTLE 91] ion=2  T3 -> T0  route=T3->J0->T0
    - SPLIT  (25388 -> 25508)  ion 2: T3 -> Seg3 (swap_cnt=1, swap_hops=1, ion_hops=0, i1=2, i2=21)
    - MOVE   (25508 -> 25522)  ion 2: Seg3 -> Seg0 via J0
    - MERGE  (25522 -> 25602)  ion 2: Seg0 -> T0
[SHUTTLE 92] ion=3  T0 -> T3  route=T0->J0->T3
    - SPLIT  (25642 -> 25762)  ion 3: T0 -> Seg0 (swap_cnt=1, swap_hops=4, ion_hops=0, i1=3, i2=2)
    - MOVE   (25762 -> 25776)  ion 3: Seg0 -> Seg3 via J0
    - MERGE  (25776 -> 25856)  ion 3: Seg3 -> T3
[SHUTTLE 93] ion=4  T1 -> T0  route=T1->J1->J0->T0
    - SPLIT  (25896 -> 26016)  ion 4: T1 -> Seg1 (swap_cnt=1, swap_hops=3, ion_hops=0, i1=4, i2=1)
    - MOVE   (26016 -> 26030)  ion 4: Seg1 -> Seg6 via J1
    - MOVE   (26030 -> 26044)  ion 4: Seg6 -> Seg0 via J0
    - MERGE  (26044 -> 26124)  ion 4: Seg0 -> T0
[SHUTTLE 94] ion=5  T2 -> T1  route=T2->J2->J1->T1
    - SPLIT  (26164 -> 26244)  ion 5: T2 -> Seg2 (swap_cnt=0, swap_hops=0, ion_hops=0, i1=0, i2=0)
    - MOVE   (26244 -> 26258)  ion 5: Seg2 -> Seg7 via J2
    - MOVE   (26258 -> 26272)  ion 5: Seg7 -> Seg1 via J1
    - MERGE  (26272 -> 26352)  ion 5: Seg1 -> T1
[SHUTTLE 95] ion=6  T4 -> T2  route=T4->J1->J2->T2
    - SPLIT  (26392 -> 26512)  ion 6: T4 -> Seg4 (swap_cnt=1, swap_hops=6, ion_hops=0, i1=6, i2=9)
    - MOVE   (26512 -> 26526)  ion 6: Seg4 -> Seg7 via J1
    - MOVE   (26526 -> 26540)  ion 6: Seg7 -> Seg2 via J2
    - MERGE  (26540 -> 26620)  ion 6: Seg2 -> T2
[SHUTTLE 96] ion=14  T4 -> T2  route=T4->J1->J2->T2
    - SPLIT  (26660 -> 26780)  ion 14: T4 -> Seg4 (swap_cnt=1, swap_hops=6, ion_hops=0, i1=14, i2=9)
    - MOVE   (26780 -> 26794)  ion 14: Seg4 -> Seg7 via J1
    - MOVE   (26794 -> 26808)  ion 14: Seg7 -> Seg2 via J2
    - MERGE  (26808 -> 26888)  ion 14: Seg2 -> T2
[SHUTTLE 97] ion=2  T0 -> T1  route=T0->J0->J1->T1
    - SPLIT  (27008 -> 27128)  ion 2: T0 -> Seg0 (swap_cnt=1, swap_hops=1, ion_hops=0, i1=2, i2=4)
    - MOVE   (27128 -> 27142)  ion 2: Seg0 -> Seg6 via J0
    - MOVE   (27142 -> 27156)  ion 2: Seg6 -> Seg1 via J1
    - MERGE  (27156 -> 27236)  ion 2: Seg1 -> T1
[SHUTTLE 98] ion=3  T3 -> T0  route=T3->J0->T0
    - SPLIT  (27276 -> 27356)  ion 3: T3 -> Seg3 (swap_cnt=0, swap_hops=0, ion_hops=0, i1=0, i2=0)
    - MOVE   (27356 -> 27370)  ion 3: Seg3 -> Seg0 via J0
    - MERGE  (27370 -> 27450)  ion 3: Seg0 -> T0
[SHUTTLE 99] ion=4  T0 -> T3  route=T0->J0->T3
    - SPLIT  (27490 -> 27610)  ion 4: T0 -> Seg0 (swap_cnt=1, swap_hops=1, ion_hops=0, i1=4, i2=3)
    - MOVE   (27610 -> 27624)  ion 4: Seg0 -> Seg3 via J0
    - MERGE  (27624 -> 27704)  ion 4: Seg3 -> T3
[SHUTTLE 100] ion=5  T1 -> T0  route=T1->J1->J0->T0
    - SPLIT  (27744 -> 27864)  ion 5: T1 -> Seg1 (swap_cnt=1, swap_hops=1, ion_hops=0, i1=5, i2=2)
    - MOVE   (27864 -> 27878)  ion 5: Seg1 -> Seg6 via J1
    - MOVE   (27878 -> 27892)  ion 5: Seg6 -> Seg0 via J0
    - MERGE  (27892 -> 27972)  ion 5: Seg0 -> T0
[SHUTTLE 101] ion=6  T2 -> T1  route=T2->J2->J1->T1
    - SPLIT  (28012 -> 28132)  ion 6: T2 -> Seg2 (swap_cnt=1, swap_hops=1, ion_hops=0, i1=6, i2=14)
    - MOVE   (28132 -> 28146)  ion 6: Seg2 -> Seg7 via J2
    - MOVE   (28146 -> 28160)  ion 6: Seg7 -> Seg1 via J1
    - MERGE  (28160 -> 28240)  ion 6: Seg1 -> T1
[SHUTTLE 102] ion=7  T4 -> T2  route=T4->J1->J2->T2
    - SPLIT  (28280 -> 28400)  ion 7: T4 -> Seg4 (swap_cnt=1, swap_hops=3, ion_hops=0, i1=7, i2=9)
    - MOVE   (28400 -> 28414)  ion 7: Seg4 -> Seg7 via J1
    - MOVE   (28414 -> 28428)  ion 7: Seg7 -> Seg2 via J2
    - MERGE  (28428 -> 28508)  ion 7: Seg2 -> T2
[SHUTTLE 103] ion=10  T2 -> T4  route=T2->J2->J1->T4
    - SPLIT  (28548 -> 28668)  ion 10: T2 -> Seg2 (swap_cnt=1, swap_hops=6, ion_hops=0, i1=10, i2=7)
    - MOVE   (28668 -> 28682)  ion 10: Seg2 -> Seg7 via J2
    - MOVE   (28682 -> 28696)  ion 10: Seg7 -> Seg4 via J1
    - MERGE  (28696 -> 28776)  ion 10: Seg4 -> T4
[SHUTTLE 104] ion=28  T1 -> T3  route=T1->J1->J0->T3
    - SPLIT  (28816 -> 28936)  ion 28: T1 -> Seg1 (swap_cnt=1, swap_hops=6, ion_hops=0, i1=28, i2=6)
    - MOVE   (28936 -> 28950)  ion 28: Seg1 -> Seg6 via J1
    - MOVE   (28950 -> 28964)  ion 28: Seg6 -> Seg3 via J0
    - MERGE  (28964 -> 29044)  ion 28: Seg3 -> T3
[SHUTTLE 105] ion=0  T0 -> T3  route=T0->J0->T3
    - SPLIT  (29044 -> 29164)  ion 0: T0 -> Seg0 (swap_cnt=1, swap_hops=2, ion_hops=0, i1=0, i2=5)
    - MOVE   (29164 -> 29178)  ion 0: Seg0 -> Seg3 via J0
    - MERGE  (29178 -> 29258)  ion 0: Seg3 -> T3
[SHUTTLE 106] ion=1  T1 -> T0  route=T1->J1->J0->T0
    - SPLIT  (29338 -> 29458)  ion 1: T1 -> Seg1 (swap_cnt=1, swap_hops=2, ion_hops=0, i1=1, i2=6)
    - MOVE   (29458 -> 29472)  ion 1: Seg1 -> Seg6 via J1
    - MOVE   (29472 -> 29486)  ion 1: Seg6 -> Seg0 via J0
    - MERGE  (29486 -> 29566)  ion 1: Seg0 -> T0
[SHUTTLE 107] ion=3  T0 -> T1  route=T0->J0->J1->T1
    - SPLIT  (29606 -> 29726)  ion 3: T0 -> Seg0 (swap_cnt=1, swap_hops=2, ion_hops=0, i1=3, i2=1)
    - MOVE   (29726 -> 29740)  ion 3: Seg0 -> Seg6 via J0
    - MOVE   (29740 -> 29754)  ion 3: Seg6 -> Seg1 via J1
    - MERGE  (29754 -> 29834)  ion 3: Seg1 -> T1
[SHUTTLE 108] ion=4  T3 -> T0  route=T3->J0->T0
    - SPLIT  (29874 -> 29994)  ion 4: T3 -> Seg3 (swap_cnt=1, swap_hops=2, ion_hops=0, i1=4, i2=0)
    - MOVE   (29994 -> 30008)  ion 4: Seg3 -> Seg0 via J0
    - MERGE  (30008 -> 30088)  ion 4: Seg0 -> T0
[SHUTTLE 109] ion=5  T0 -> T3  route=T0->J0->T3
    - SPLIT  (30128 -> 30248)  ion 5: T0 -> Seg0 (swap_cnt=1, swap_hops=2, ion_hops=0, i1=5, i2=4)
    - MOVE   (30248 -> 30262)  ion 5: Seg0 -> Seg3 via J0
    - MERGE  (30262 -> 30342)  ion 5: Seg3 -> T3
[SHUTTLE 110] ion=6  T1 -> T0  route=T1->J1->J0->T0
    - SPLIT  (30382 -> 30502)  ion 6: T1 -> Seg1 (swap_cnt=1, swap_hops=1, ion_hops=0, i1=6, i2=3)
    - MOVE   (30502 -> 30516)  ion 6: Seg1 -> Seg6 via J1
    - MOVE   (30516 -> 30530)  ion 6: Seg6 -> Seg0 via J0
    - MERGE  (30530 -> 30610)  ion 6: Seg0 -> T0
[SHUTTLE 111] ion=7  T2 -> T1  route=T2->J2->J1->T1
    - SPLIT  (30650 -> 30730)  ion 7: T2 -> Seg2 (swap_cnt=0, swap_hops=0, ion_hops=0, i1=0, i2=0)
    - MOVE   (30730 -> 30744)  ion 7: Seg2 -> Seg7 via J2
    - MOVE   (30744 -> 30758)  ion 7: Seg7 -> Seg1 via J1
    - MERGE  (30758 -> 30838)  ion 7: Seg1 -> T1
[SHUTTLE 112] ion=8  T4 -> T2  route=T4->J1->J2->T2
    - SPLIT  (30878 -> 30998)  ion 8: T4 -> Seg4 (swap_cnt=1, swap_hops=2, ion_hops=0, i1=8, i2=10)
    - MOVE   (30998 -> 31012)  ion 8: Seg4 -> Seg7 via J1
    - MOVE   (31012 -> 31026)  ion 8: Seg7 -> Seg2 via J2
    - MERGE  (31026 -> 31106)  ion 8: Seg2 -> T2
[SHUTTLE 113] ion=15  T4 -> T2  route=T4->J1->J2->T2
    - SPLIT  (31146 -> 31266)  ion 15: T4 -> Seg4 (swap_cnt=1, swap_hops=4, ion_hops=0, i1=15, i2=10)
    - MOVE   (31266 -> 31280)  ion 15: Seg4 -> Seg7 via J1
    - MOVE   (31280 -> 31294)  ion 15: Seg7 -> Seg2 via J2
    - MERGE  (31294 -> 31374)  ion 15: Seg2 -> T2
[SHUTTLE 114] ion=29  T0 -> T3  route=T0->J0->T3
    - SPLIT  (31414 -> 31534)  ion 29: T0 -> Seg0 (swap_cnt=1, swap_hops=7, ion_hops=0, i1=29, i2=6)
    - MOVE   (31534 -> 31548)  ion 29: Seg0 -> Seg3 via J0
    - MERGE  (31548 -> 31628)  ion 29: Seg3 -> T3
[SHUTTLE 115] ion=23  T1 -> T0  route=T1->J1->J0->T0
    - SPLIT  (31708 -> 31828)  ion 23: T1 -> Seg1 (swap_cnt=1, swap_hops=5, ion_hops=0, i1=23, i2=7)
    - MOVE   (31828 -> 31842)  ion 23: Seg1 -> Seg6 via J1
    - MOVE   (31842 -> 31856)  ion 23: Seg6 -> Seg0 via J0
    - MERGE  (31856 -> 31936)  ion 23: Seg0 -> T0
[SHUTTLE 116] ion=22  T0 -> T3  route=T0->J0->T3
    - SPLIT  (31976 -> 32096)  ion 22: T0 -> Seg0 (swap_cnt=1, swap_hops=5, ion_hops=0, i1=22, i2=23)
    - MOVE   (32096 -> 32110)  ion 22: Seg0 -> Seg3 via J0
    - MERGE  (32110 -> 32190)  ion 22: Seg3 -> T3
[SHUTTLE 117] ion=21  T3 -> T0  route=T3->J0->T0
    - SPLIT  (32230 -> 32350)  ion 21: T3 -> Seg3 (swap_cnt=1, swap_hops=5, ion_hops=0, i1=21, i2=22)
    - MOVE   (32350 -> 32364)  ion 21: Seg3 -> Seg0 via J0
    - MERGE  (32364 -> 32444)  ion 21: Seg0 -> T0
[SHUTTLE 118] ion=20  T0 -> T1  route=T0->J0->J1->T1
    - SPLIT  (32484 -> 32604)  ion 20: T0 -> Seg0 (swap_cnt=1, swap_hops=5, ion_hops=0, i1=20, i2=21)
    - MOVE   (32604 -> 32618)  ion 20: Seg0 -> Seg6 via J0
    - MOVE   (32618 -> 32632)  ion 20: Seg6 -> Seg1 via J1
    - MERGE  (32632 -> 32712)  ion 20: Seg1 -> T1
[SHUTTLE 119] ion=8  T2 -> T1  route=T2->J2->J1->T1
    - SPLIT  (32752 -> 32872)  ion 8: T2 -> Seg2 (swap_cnt=1, swap_hops=1, ion_hops=0, i1=8, i2=15)
    - MOVE   (32872 -> 32886)  ion 8: Seg2 -> Seg7 via J2
    - MOVE   (32886 -> 32900)  ion 8: Seg7 -> Seg1 via J1
    - MERGE  (32900 -> 32980)  ion 8: Seg1 -> T1
[SHUTTLE 120] ion=9  T4 -> T2  route=T4->J1->J2->T2
    - SPLIT  (33020 -> 33140)  ion 9: T4 -> Seg4 (swap_cnt=1, swap_hops=1, ion_hops=0, i1=9, i2=10)
    - MOVE   (33140 -> 33154)  ion 9: Seg4 -> Seg7 via J1
    - MOVE   (33154 -> 33168)  ion 9: Seg7 -> Seg2 via J2
    - MERGE  (33168 -> 33248)  ion 9: Seg2 -> T2
[SHUTTLE 121] ion=11  T2 -> T4  route=T2->J2->J1->T4
    - SPLIT  (33288 -> 33408)  ion 11: T2 -> Seg2 (swap_cnt=1, swap_hops=6, ion_hops=0, i1=11, i2=9)
    - MOVE   (33408 -> 33422)  ion 11: Seg2 -> Seg7 via J2
    - MOVE   (33422 -> 33436)  ion 11: Seg7 -> Seg4 via J1
    - MERGE  (33436 -> 33516)  ion 11: Seg4 -> T4
[SHUTTLE 122] ion=0  T3 -> T2  route=T3->J0->J1->J2->T2
    - SPLIT  (33556 -> 33676)  ion 0: T3 -> Seg3 (swap_cnt=1, swap_hops=3, ion_hops=0, i1=0, i2=22)
    - MOVE   (33676 -> 33690)  ion 0: Seg3 -> Seg6 via J0
    - MOVE   (33690 -> 33704)  ion 0: Seg6 -> Seg7 via J1
    - MOVE   (33704 -> 33718)  ion 0: Seg7 -> Seg2 via J2
    - MERGE  (33718 -> 33798)  ion 0: Seg2 -> T2
[SHUTTLE 123] ion=2  T1 -> T0  route=T1->J1->J0->T0
    - SPLIT  (33838 -> 33958)  ion 2: T1 -> Seg1 (swap_cnt=1, swap_hops=4, ion_hops=0, i1=2, i2=8)
    - MOVE   (33958 -> 33972)  ion 2: Seg1 -> Seg6 via J1
    - MOVE   (33972 -> 33986)  ion 2: Seg6 -> Seg0 via J0
    - MERGE  (33986 -> 34066)  ion 2: Seg0 -> T0
[SHUTTLE 124] ion=1  T0 -> T3  route=T0->J0->T3
    - SPLIT  (34106 -> 34226)  ion 1: T0 -> Seg0 (swap_cnt=1, swap_hops=5, ion_hops=0, i1=1, i2=2)
    - MOVE   (34226 -> 34240)  ion 1: Seg0 -> Seg3 via J0
    - MERGE  (34240 -> 34320)  ion 1: Seg3 -> T3
[SHUTTLE 125] ion=24  T1 -> T0  route=T1->J1->J0->T0
    - SPLIT  (34400 -> 34520)  ion 24: T1 -> Seg1 (swap_cnt=1, swap_hops=6, ion_hops=0, i1=24, i2=8)
    - MOVE   (34520 -> 34534)  ion 24: Seg1 -> Seg6 via J1
    - MOVE   (34534 -> 34548)  ion 24: Seg6 -> Seg0 via J0
    - MERGE  (34548 -> 34628)  ion 24: Seg0 -> T0
[SHUTTLE 126] ion=23  T0 -> T3  route=T0->J0->T3
    - SPLIT  (34668 -> 34788)  ion 23: T0 -> Seg0 (swap_cnt=1, swap_hops=3, ion_hops=0, i1=23, i2=24)
    - MOVE   (34788 -> 34802)  ion 23: Seg0 -> Seg3 via J0
    - MERGE  (34802 -> 34882)  ion 23: Seg3 -> T3
[SHUTTLE 127] ion=22  T3 -> T0  route=T3->J0->T0
    - SPLIT  (34922 -> 35042)  ion 22: T3 -> Seg3 (swap_cnt=1, swap_hops=2, ion_hops=0, i1=22, i2=23)
    - MOVE   (35042 -> 35056)  ion 22: Seg3 -> Seg0 via J0
    - MERGE  (35056 -> 35136)  ion 22: Seg0 -> T0
[SHUTTLE 128] ion=21  T0 -> T1  route=T0->J0->J1->T1
    - SPLIT  (35176 -> 35296)  ion 21: T0 -> Seg0 (swap_cnt=1, swap_hops=3, ion_hops=0, i1=21, i2=22)
    - MOVE   (35296 -> 35310)  ion 21: Seg0 -> Seg6 via J0
    - MOVE   (35310 -> 35324)  ion 21: Seg6 -> Seg1 via J1
    - MERGE  (35324 -> 35404)  ion 21: Seg1 -> T1
[SHUTTLE 129] ion=9  T2 -> T1  route=T2->J2->J1->T1
    - SPLIT  (35444 -> 35564)  ion 9: T2 -> Seg2 (swap_cnt=1, swap_hops=1, ion_hops=0, i1=9, i2=0)
    - MOVE   (35564 -> 35578)  ion 9: Seg2 -> Seg7 via J2
    - MOVE   (35578 -> 35592)  ion 9: Seg7 -> Seg1 via J1
    - MERGE  (35592 -> 35672)  ion 9: Seg1 -> T1
[SHUTTLE 130] ion=10  T4 -> T2  route=T4->J1->J2->T2
    - SPLIT  (35712 -> 35832)  ion 10: T4 -> Seg4 (swap_cnt=1, swap_hops=1, ion_hops=0, i1=10, i2=11)
    - MOVE   (35832 -> 35846)  ion 10: Seg4 -> Seg7 via J1
    - MOVE   (35846 -> 35860)  ion 10: Seg7 -> Seg2 via J2
    - MERGE  (35860 -> 35940)  ion 10: Seg2 -> T2
[SHUTTLE 131] ion=12  T2 -> T4  route=T2->J2->J1->T4
    - SPLIT  (35980 -> 36100)  ion 12: T2 -> Seg2 (swap_cnt=1, swap_hops=6, ion_hops=0, i1=12, i2=10)
    - MOVE   (36100 -> 36114)  ion 12: Seg2 -> Seg7 via J2
    - MOVE   (36114 -> 36128)  ion 12: Seg7 -> Seg4 via J1
    - MERGE  (36128 -> 36208)  ion 12: Seg4 -> T4
[SHUTTLE 132] ion=31  T3 -> T2  route=T3->J0->J1->J2->T2
    - SPLIT  (36248 -> 36368)  ion 31: T3 -> Seg3 (swap_cnt=1, swap_hops=5, ion_hops=0, i1=31, i2=23)
    - MOVE   (36368 -> 36382)  ion 31: Seg3 -> Seg6 via J0
    - MOVE   (36382 -> 36396)  ion 31: Seg6 -> Seg7 via J1
    - MOVE   (36396 -> 36410)  ion 31: Seg7 -> Seg2 via J2
    - MERGE  (36410 -> 36490)  ion 31: Seg2 -> T2
[SHUTTLE 133] ion=3  T1 -> T0  route=T1->J1->J0->T0
    - SPLIT  (36530 -> 36650)  ion 3: T1 -> Seg1 (swap_cnt=1, swap_hops=5, ion_hops=0, i1=3, i2=9)
    - MOVE   (36650 -> 36664)  ion 3: Seg1 -> Seg6 via J1
    - MOVE   (36664 -> 36678)  ion 3: Seg6 -> Seg0 via J0
    - MERGE  (36678 -> 36758)  ion 3: Seg0 -> T0
[SHUTTLE 134] ion=2  T0 -> T3  route=T0->J0->T3
    - SPLIT  (36838 -> 36958)  ion 2: T0 -> Seg0 (swap_cnt=1, swap_hops=3, ion_hops=0, i1=2, i2=3)
    - MOVE   (36958 -> 36972)  ion 2: Seg0 -> Seg3 via J0
    - MERGE  (36972 -> 37052)  ion 2: Seg3 -> T3
[SHUTTLE 135] ion=25  T1 -> T0  route=T1->J1->J0->T0
    - SPLIT  (37092 -> 37212)  ion 25: T1 -> Seg1 (swap_cnt=1, swap_hops=6, ion_hops=0, i1=25, i2=9)
    - MOVE   (37212 -> 37226)  ion 25: Seg1 -> Seg6 via J1
    - MOVE   (37226 -> 37240)  ion 25: Seg6 -> Seg0 via J0
    - MERGE  (37240 -> 37320)  ion 25: Seg0 -> T0
[SHUTTLE 136] ion=24  T0 -> T3  route=T0->J0->T3
    - SPLIT  (37360 -> 37480)  ion 24: T0 -> Seg0 (swap_cnt=1, swap_hops=3, ion_hops=0, i1=24, i2=25)
    - MOVE   (37480 -> 37494)  ion 24: Seg0 -> Seg3 via J0
    - MERGE  (37494 -> 37574)  ion 24: Seg3 -> T3
[SHUTTLE 137] ion=23  T3 -> T0  route=T3->J0->T0
    - SPLIT  (37614 -> 37734)  ion 23: T3 -> Seg3 (swap_cnt=1, swap_hops=2, ion_hops=0, i1=23, i2=24)
    - MOVE   (37734 -> 37748)  ion 23: Seg3 -> Seg0 via J0
    - MERGE  (37748 -> 37828)  ion 23: Seg0 -> T0
[SHUTTLE 138] ion=22  T0 -> T1  route=T0->J0->J1->T1
    - SPLIT  (37868 -> 37988)  ion 22: T0 -> Seg0 (swap_cnt=1, swap_hops=3, ion_hops=0, i1=22, i2=23)
    - MOVE   (37988 -> 38002)  ion 22: Seg0 -> Seg6 via J0
    - MOVE   (38002 -> 38016)  ion 22: Seg6 -> Seg1 via J1
    - MERGE  (38016 -> 38096)  ion 22: Seg1 -> T1
[SHUTTLE 139] ion=10  T2 -> T1  route=T2->J2->J1->T1
    - SPLIT  (38136 -> 38256)  ion 10: T2 -> Seg2 (swap_cnt=1, swap_hops=1, ion_hops=0, i1=10, i2=31)
    - MOVE   (38256 -> 38270)  ion 10: Seg2 -> Seg7 via J2
    - MOVE   (38270 -> 38284)  ion 10: Seg7 -> Seg1 via J1
    - MERGE  (38284 -> 38364)  ion 10: Seg1 -> T1
[SHUTTLE 140] ion=11  T4 -> T2  route=T4->J1->J2->T2
    - SPLIT  (38404 -> 38524)  ion 11: T4 -> Seg4 (swap_cnt=1, swap_hops=1, ion_hops=0, i1=11, i2=12)
    - MOVE   (38524 -> 38538)  ion 11: Seg4 -> Seg7 via J1
    - MOVE   (38538 -> 38552)  ion 11: Seg7 -> Seg2 via J2
    - MERGE  (38552 -> 38632)  ion 11: Seg2 -> T2
[SHUTTLE 141] ion=13  T2 -> T4  route=T2->J2->J1->T4
    - SPLIT  (38672 -> 38792)  ion 13: T2 -> Seg2 (swap_cnt=1, swap_hops=6, ion_hops=0, i1=13, i2=11)
    - MOVE   (38792 -> 38806)  ion 13: Seg2 -> Seg7 via J2
    - MOVE   (38806 -> 38820)  ion 13: Seg7 -> Seg4 via J1
    - MERGE  (38820 -> 38900)  ion 13: Seg4 -> T4
[SHUTTLE 142] ion=1  T3 -> T2  route=T3->J0->J1->J2->T2
    - SPLIT  (38940 -> 39060)  ion 1: T3 -> Seg3 (swap_cnt=1, swap_hops=2, ion_hops=0, i1=1, i2=24)
    - MOVE   (39060 -> 39074)  ion 1: Seg3 -> Seg6 via J0
    - MOVE   (39074 -> 39088)  ion 1: Seg6 -> Seg7 via J1
    - MOVE   (39088 -> 39102)  ion 1: Seg7 -> Seg2 via J2
    - MERGE  (39102 -> 39182)  ion 1: Seg2 -> T2
[SHUTTLE 143] ion=28  T3 -> T0  route=T3->J0->T0
    - SPLIT  (39302 -> 39422)  ion 28: T3 -> Seg3 (swap_cnt=1, swap_hops=4, ion_hops=0, i1=28, i2=24)
    - MOVE   (39422 -> 39436)  ion 28: Seg3 -> Seg0 via J0
    - MERGE  (39436 -> 39516)  ion 28: Seg0 -> T0
[SHUTTLE 144] ion=25  T0 -> T3  route=T0->J0->T3
    - SPLIT  (39556 -> 39676)  ion 25: T0 -> Seg0 (swap_cnt=1, swap_hops=2, ion_hops=0, i1=25, i2=28)
    - MOVE   (39676 -> 39690)  ion 25: Seg0 -> Seg3 via J0
    - MERGE  (39690 -> 39770)  ion 25: Seg3 -> T3
[SHUTTLE 145] ion=24  T3 -> T0  route=T3->J0->T0
    - SPLIT  (39810 -> 39930)  ion 24: T3 -> Seg3 (swap_cnt=1, swap_hops=1, ion_hops=0, i1=24, i2=25)
    - MOVE   (39930 -> 39944)  ion 24: Seg3 -> Seg0 via J0
    - MERGE  (39944 -> 40024)  ion 24: Seg0 -> T0
[SHUTTLE 146] ion=23  T0 -> T3  route=T0->J0->T3
    - SPLIT  (40064 -> 40184)  ion 23: T0 -> Seg0 (swap_cnt=1, swap_hops=2, ion_hops=0, i1=23, i2=24)
    - MOVE   (40184 -> 40198)  ion 23: Seg0 -> Seg3 via J0
    - MERGE  (40198 -> 40278)  ion 23: Seg3 -> T3
[SHUTTLE 147] ion=7  T1 -> T3  route=T1->J1->J0->T3
    - SPLIT  (40278 -> 40398)  ion 7: T1 -> Seg1 (swap_cnt=1, swap_hops=6, ion_hops=0, i1=7, i2=10)
    - MOVE   (40398 -> 40412)  ion 7: Seg1 -> Seg6 via J1
    - MOVE   (40412 -> 40426)  ion 7: Seg6 -> Seg3 via J0
    - MERGE  (40426 -> 40506)  ion 7: Seg3 -> T3
[SHUTTLE 148] ion=11  T2 -> T1  route=T2->J2->J1->T1
    - SPLIT  (40546 -> 40666)  ion 11: T2 -> Seg2 (swap_cnt=1, swap_hops=1, ion_hops=0, i1=11, i2=1)
    - MOVE   (40666 -> 40680)  ion 11: Seg2 -> Seg7 via J2
    - MOVE   (40680 -> 40694)  ion 11: Seg7 -> Seg1 via J1
    - MERGE  (40694 -> 40774)  ion 11: Seg1 -> T1
[SHUTTLE 149] ion=12  T4 -> T2  route=T4->J1->J2->T2
    - SPLIT  (40814 -> 40934)  ion 12: T4 -> Seg4 (swap_cnt=1, swap_hops=1, ion_hops=0, i1=12, i2=13)
    - MOVE   (40934 -> 40948)  ion 12: Seg4 -> Seg7 via J1
    - MOVE   (40948 -> 40962)  ion 12: Seg7 -> Seg2 via J2
    - MERGE  (40962 -> 41042)  ion 12: Seg2 -> T2
[SHUTTLE 150] ion=14  T2 -> T4  route=T2->J2->J1->T4
    - SPLIT  (41082 -> 41202)  ion 14: T2 -> Seg2 (swap_cnt=1, swap_hops=5, ion_hops=0, i1=14, i2=12)
    - MOVE   (41202 -> 41216)  ion 14: Seg2 -> Seg7 via J2
    - MOVE   (41216 -> 41230)  ion 14: Seg7 -> Seg4 via J1
    - MERGE  (41230 -> 41310)  ion 14: Seg4 -> T4
[SHUTTLE 151] ion=2  T3 -> T2  route=T3->J0->J1->J2->T2
    - SPLIT  (41390 -> 41510)  ion 2: T3 -> Seg3 (swap_cnt=1, swap_hops=3, ion_hops=0, i1=2, i2=7)
    - MOVE   (41510 -> 41524)  ion 2: Seg3 -> Seg6 via J0
    - MOVE   (41524 -> 41538)  ion 2: Seg6 -> Seg7 via J1
    - MOVE   (41538 -> 41552)  ion 2: Seg7 -> Seg2 via J2
    - MERGE  (41552 -> 41632)  ion 2: Seg2 -> T2
[SHUTTLE 152] ion=29  T3 -> T0  route=T3->J0->T0
    - SPLIT  (41712 -> 41832)  ion 29: T3 -> Seg3 (swap_cnt=1, swap_hops=3, ion_hops=0, i1=29, i2=7)
    - MOVE   (41832 -> 41846)  ion 29: Seg3 -> Seg0 via J0
    - MERGE  (41846 -> 41926)  ion 29: Seg0 -> T0
[SHUTTLE 153] ion=26  T0 -> T3  route=T0->J0->T3
    - SPLIT  (41966 -> 42086)  ion 26: T0 -> Seg0 (swap_cnt=1, swap_hops=6, ion_hops=0, i1=26, i2=29)
    - MOVE   (42086 -> 42100)  ion 26: Seg0 -> Seg3 via J0
    - MERGE  (42100 -> 42180)  ion 26: Seg3 -> T3
[SHUTTLE 154] ion=25  T3 -> T0  route=T3->J0->T0
    - SPLIT  (42220 -> 42340)  ion 25: T3 -> Seg3 (swap_cnt=1, swap_hops=3, ion_hops=0, i1=25, i2=26)
    - MOVE   (42340 -> 42354)  ion 25: Seg3 -> Seg0 via J0
    - MERGE  (42354 -> 42434)  ion 25: Seg0 -> T0
[SHUTTLE 155] ion=24  T0 -> T3  route=T0->J0->T3
    - SPLIT  (42474 -> 42594)  ion 24: T0 -> Seg0 (swap_cnt=1, swap_hops=2, ion_hops=0, i1=24, i2=25)
    - MOVE   (42594 -> 42608)  ion 24: Seg0 -> Seg3 via J0
    - MERGE  (42608 -> 42688)  ion 24: Seg3 -> T3
[SHUTTLE 156] ion=8  T1 -> T3  route=T1->J1->J0->T3
    - SPLIT  (42728 -> 42848)  ion 8: T1 -> Seg1 (swap_cnt=1, swap_hops=5, ion_hops=0, i1=8, i2=11)
    - MOVE   (42848 -> 42862)  ion 8: Seg1 -> Seg6 via J1
    - MOVE   (42862 -> 42876)  ion 8: Seg6 -> Seg3 via J0
    - MERGE  (42876 -> 42956)  ion 8: Seg3 -> T3
[SHUTTLE 157] ion=12  T2 -> T1  route=T2->J2->J1->T1
    - SPLIT  (42996 -> 43116)  ion 12: T2 -> Seg2 (swap_cnt=1, swap_hops=1, ion_hops=0, i1=12, i2=2)
    - MOVE   (43116 -> 43130)  ion 12: Seg2 -> Seg7 via J2
    - MOVE   (43130 -> 43144)  ion 12: Seg7 -> Seg1 via J1
    - MERGE  (43144 -> 43224)  ion 12: Seg1 -> T1
[SHUTTLE 158] ion=13  T4 -> T2  route=T4->J1->J2->T2
    - SPLIT  (43264 -> 43384)  ion 13: T4 -> Seg4 (swap_cnt=1, swap_hops=1, ion_hops=0, i1=13, i2=14)
    - MOVE   (43384 -> 43398)  ion 13: Seg4 -> Seg7 via J1
    - MOVE   (43398 -> 43412)  ion 13: Seg7 -> Seg2 via J2
    - MERGE  (43412 -> 43492)  ion 13: Seg2 -> T2
[SHUTTLE 159] ion=15  T2 -> T4  route=T2->J2->J1->T4
    - SPLIT  (43532 -> 43652)  ion 15: T2 -> Seg2 (swap_cnt=1, swap_hops=5, ion_hops=0, i1=15, i2=13)
    - MOVE   (43652 -> 43666)  ion 15: Seg2 -> Seg7 via J2
    - MOVE   (43666 -> 43680)  ion 15: Seg7 -> Seg4 via J1
    - MERGE  (43680 -> 43760)  ion 15: Seg4 -> T4
[SHUTTLE 160] ion=30  T2 -> T0  route=T2->J2->J1->J0->T0
    - SPLIT  (43880 -> 44000)  ion 30: T2 -> Seg2 (swap_cnt=1, swap_hops=6, ion_hops=0, i1=30, i2=13)
    - MOVE   (44000 -> 44014)  ion 30: Seg2 -> Seg7 via J2
    - MOVE   (44014 -> 44028)  ion 30: Seg7 -> Seg6 via J1
    - MOVE   (44028 -> 44042)  ion 30: Seg6 -> Seg0 via J0
    - MERGE  (44042 -> 44122)  ion 30: Seg0 -> T0
[SHUTTLE 161] ion=27  T0 -> T3  route=T0->J0->T3
    - SPLIT  (44162 -> 44282)  ion 27: T0 -> Seg0 (swap_cnt=1, swap_hops=7, ion_hops=0, i1=27, i2=30)
    - MOVE   (44282 -> 44296)  ion 27: Seg0 -> Seg3 via J0
    - MERGE  (44296 -> 44376)  ion 27: Seg3 -> T3
[SHUTTLE 162] ion=26  T3 -> T0  route=T3->J0->T0
    - SPLIT  (44416 -> 44536)  ion 26: T3 -> Seg3 (swap_cnt=1, swap_hops=3, ion_hops=0, i1=26, i2=27)
    - MOVE   (44536 -> 44550)  ion 26: Seg3 -> Seg0 via J0
    - MERGE  (44550 -> 44630)  ion 26: Seg0 -> T0
[SHUTTLE 163] ion=25  T0 -> T3  route=T0->J0->T3
    - SPLIT  (44670 -> 44790)  ion 25: T0 -> Seg0 (swap_cnt=1, swap_hops=2, ion_hops=0, i1=25, i2=26)
    - MOVE   (44790 -> 44804)  ion 25: Seg0 -> Seg3 via J0
    - MERGE  (44804 -> 44884)  ion 25: Seg3 -> T3
[SHUTTLE 164] ion=9  T1 -> T3  route=T1->J1->J0->T3
    - SPLIT  (44924 -> 45044)  ion 9: T1 -> Seg1 (swap_cnt=1, swap_hops=4, ion_hops=0, i1=9, i2=12)
    - MOVE   (45044 -> 45058)  ion 9: Seg1 -> Seg6 via J1
    - MOVE   (45058 -> 45072)  ion 9: Seg6 -> Seg3 via J0
    - MERGE  (45072 -> 45152)  ion 9: Seg3 -> T3
[SHUTTLE 165] ion=13  T2 -> T1  route=T2->J2->J1->T1
    - SPLIT  (45192 -> 45272)  ion 13: T2 -> Seg2 (swap_cnt=0, swap_hops=0, ion_hops=0, i1=0, i2=0)
    - MOVE   (45272 -> 45286)  ion 13: Seg2 -> Seg7 via J2
    - MOVE   (45286 -> 45300)  ion 13: Seg7 -> Seg1 via J1
    - MERGE  (45300 -> 45380)  ion 13: Seg1 -> T1
[SHUTTLE 166] ion=14  T4 -> T2  route=T4->J1->J2->T2
    - SPLIT  (45420 -> 45540)  ion 14: T4 -> Seg4 (swap_cnt=1, swap_hops=1, ion_hops=0, i1=14, i2=15)
    - MOVE   (45540 -> 45554)  ion 14: Seg4 -> Seg7 via J1
    - MOVE   (45554 -> 45568)  ion 14: Seg7 -> Seg2 via J2
    - MERGE  (45568 -> 45648)  ion 14: Seg2 -> T2
[SHUTTLE 167] ion=31  T2 -> T0  route=T2->J2->J1->J0->T0
    - SPLIT  (45728 -> 45848)  ion 31: T2 -> Seg2 (swap_cnt=1, swap_hops=3, ion_hops=0, i1=31, i2=14)
    - MOVE   (45848 -> 45862)  ion 31: Seg2 -> Seg7 via J2
    - MOVE   (45862 -> 45876)  ion 31: Seg7 -> Seg6 via J1
    - MOVE   (45876 -> 45890)  ion 31: Seg6 -> Seg0 via J0
    - MERGE  (45890 -> 45970)  ion 31: Seg0 -> T0
[SHUTTLE 168] ion=28  T0 -> T4  route=T0->J0->J1->T4
    - SPLIT  (46010 -> 46130)  ion 28: T0 -> Seg0 (swap_cnt=1, swap_hops=4, ion_hops=0, i1=28, i2=31)
    - MOVE   (46130 -> 46144)  ion 28: Seg0 -> Seg6 via J0
    - MOVE   (46144 -> 46158)  ion 28: Seg6 -> Seg4 via J1
    - MERGE  (46158 -> 46238)  ion 28: Seg4 -> T4
[SHUTTLE 169] ion=5  T3 -> T4  route=T3->J0->J1->T4
    - SPLIT  (46238 -> 46358)  ion 5: T3 -> Seg3 (swap_cnt=1, swap_hops=7, ion_hops=0, i1=5, i2=9)
    - MOVE   (46358 -> 46372)  ion 5: Seg3 -> Seg6 via J0
    - MOVE   (46372 -> 46386)  ion 5: Seg6 -> Seg4 via J1
    - MERGE  (46386 -> 46466)  ion 5: Seg4 -> T4
[SHUTTLE 170] ion=27  T3 -> T0  route=T3->J0->T0
    - SPLIT  (46506 -> 46626)  ion 27: T3 -> Seg3 (swap_cnt=1, swap_hops=2, ion_hops=0, i1=27, i2=9)
    - MOVE   (46626 -> 46640)  ion 27: Seg3 -> Seg0 via J0
    - MERGE  (46640 -> 46720)  ion 27: Seg0 -> T0
[SHUTTLE 171] ion=26  T0 -> T3  route=T0->J0->T3
    - SPLIT  (46760 -> 46880)  ion 26: T0 -> Seg0 (swap_cnt=1, swap_hops=2, ion_hops=0, i1=26, i2=27)
    - MOVE   (46880 -> 46894)  ion 26: Seg0 -> Seg3 via J0
    - MERGE  (46894 -> 46974)  ion 26: Seg3 -> T3
[SHUTTLE 172] ion=10  T1 -> T3  route=T1->J1->J0->T3
    - SPLIT  (47014 -> 47134)  ion 10: T1 -> Seg1 (swap_cnt=1, swap_hops=3, ion_hops=0, i1=10, i2=13)
    - MOVE   (47134 -> 47148)  ion 10: Seg1 -> Seg6 via J1
    - MOVE   (47148 -> 47162)  ion 10: Seg6 -> Seg3 via J0
    - MERGE  (47162 -> 47242)  ion 10: Seg3 -> T3
[SHUTTLE 173] ion=14  T2 -> T1  route=T2->J2->J1->T1
    - SPLIT  (47282 -> 47362)  ion 14: T2 -> Seg2 (swap_cnt=0, swap_hops=0, ion_hops=0, i1=0, i2=0)
    - MOVE   (47362 -> 47376)  ion 14: Seg2 -> Seg7 via J2
    - MOVE   (47376 -> 47390)  ion 14: Seg7 -> Seg1 via J1
    - MERGE  (47390 -> 47470)  ion 14: Seg1 -> T1
[SHUTTLE 174] ion=15  T4 -> T2  route=T4->J1->J2->T2
    - SPLIT  (47510 -> 47630)  ion 15: T4 -> Seg4 (swap_cnt=1, swap_hops=2, ion_hops=0, i1=15, i2=5)
    - MOVE   (47630 -> 47644)  ion 15: Seg4 -> Seg7 via J1
    - MOVE   (47644 -> 47658)  ion 15: Seg7 -> Seg2 via J2
    - MERGE  (47658 -> 47738)  ion 15: Seg2 -> T2
[SHUTTLE 175] ion=5  T4 -> T0  route=T4->J1->J0->T0
    - SPLIT  (47818 -> 47898)  ion 5: T4 -> Seg4 (swap_cnt=0, swap_hops=0, ion_hops=0, i1=0, i2=0)
    - MOVE   (47898 -> 47912)  ion 5: Seg4 -> Seg6 via J1
    - MOVE   (47912 -> 47926)  ion 5: Seg6 -> Seg0 via J0
    - MERGE  (47926 -> 48006)  ion 5: Seg0 -> T0
[SHUTTLE 176] ion=6  T0 -> T4  route=T0->J0->J1->T4
    - SPLIT  (48046 -> 48166)  ion 6: T0 -> Seg0 (swap_cnt=1, swap_hops=6, ion_hops=0, i1=6, i2=5)
    - MOVE   (48166 -> 48180)  ion 6: Seg0 -> Seg6 via J0
    - MOVE   (48180 -> 48194)  ion 6: Seg6 -> Seg4 via J1
    - MERGE  (48194 -> 48274)  ion 6: Seg4 -> T4
[SHUTTLE 177] ion=7  T3 -> T0  route=T3->J0->T0
    - SPLIT  (48314 -> 48434)  ion 7: T3 -> Seg3 (swap_cnt=1, swap_hops=6, ion_hops=0, i1=7, i2=10)
    - MOVE   (48434 -> 48448)  ion 7: Seg3 -> Seg0 via J0
    - MERGE  (48448 -> 48528)  ion 7: Seg0 -> T0
[SHUTTLE 178] ion=11  T1 -> T3  route=T1->J1->J0->T3
    - SPLIT  (48568 -> 48688)  ion 11: T1 -> Seg1 (swap_cnt=1, swap_hops=3, ion_hops=0, i1=11, i2=14)
    - MOVE   (48688 -> 48702)  ion 11: Seg1 -> Seg6 via J1
    - MOVE   (48702 -> 48716)  ion 11: Seg6 -> Seg3 via J0
    - MERGE  (48716 -> 48796)  ion 11: Seg3 -> T3
[SHUTTLE 179] ion=15  T2 -> T1  route=T2->J2->J1->T1
    - SPLIT  (48836 -> 48916)  ion 15: T2 -> Seg2 (swap_cnt=0, swap_hops=0, ion_hops=0, i1=0, i2=0)
    - MOVE   (48916 -> 48930)  ion 15: Seg2 -> Seg7 via J2
    - MOVE   (48930 -> 48944)  ion 15: Seg7 -> Seg1 via J1
    - MERGE  (48944 -> 49024)  ion 15: Seg1 -> T1
[SHUTTLE 180] ion=16  T4 -> T2  route=T4->J1->J2->T2
    - SPLIT  (49064 -> 49184)  ion 16: T4 -> Seg4 (swap_cnt=1, swap_hops=3, ion_hops=0, i1=16, i2=6)
    - MOVE   (49184 -> 49198)  ion 16: Seg4 -> Seg7 via J1
    - MOVE   (49198 -> 49212)  ion 16: Seg7 -> Seg2 via J2
    - MERGE  (49212 -> 49292)  ion 16: Seg2 -> T2
[SHUTTLE 181] ion=29  T0 -> T4  route=T0->J0->J1->T4
    - SPLIT  (49372 -> 49492)  ion 29: T0 -> Seg0 (swap_cnt=1, swap_hops=5, ion_hops=0, i1=29, i2=7)
    - MOVE   (49492 -> 49506)  ion 29: Seg0 -> Seg6 via J0
    - MOVE   (49506 -> 49520)  ion 29: Seg6 -> Seg4 via J1
    - MERGE  (49520 -> 49600)  ion 29: Seg4 -> T4
[SHUTTLE 182] ion=28  T4 -> T0  route=T4->J1->J0->T0
    - SPLIT  (49640 -> 49760)  ion 28: T4 -> Seg4 (swap_cnt=1, swap_hops=2, ion_hops=0, i1=28, i2=29)
    - MOVE   (49760 -> 49774)  ion 28: Seg4 -> Seg6 via J1
    - MOVE   (49774 -> 49788)  ion 28: Seg6 -> Seg0 via J0
    - MERGE  (49788 -> 49868)  ion 28: Seg0 -> T0
[SHUTTLE 183] ion=8  T3 -> T4  route=T3->J0->J1->T4
    - SPLIT  (49908 -> 50028)  ion 8: T3 -> Seg3 (swap_cnt=1, swap_hops=5, ion_hops=0, i1=8, i2=11)
    - MOVE   (50028 -> 50042)  ion 8: Seg3 -> Seg6 via J0
    - MOVE   (50042 -> 50056)  ion 8: Seg6 -> Seg4 via J1
    - MERGE  (50056 -> 50136)  ion 8: Seg4 -> T4
[SHUTTLE 184] ion=27  T0 -> T4  route=T0->J0->J1->T4
    - SPLIT  (50136 -> 50256)  ion 27: T0 -> Seg0 (swap_cnt=1, swap_hops=3, ion_hops=0, i1=27, i2=28)
    - MOVE   (50256 -> 50270)  ion 27: Seg0 -> Seg6 via J0
    - MOVE   (50270 -> 50284)  ion 27: Seg6 -> Seg4 via J1
    - MERGE  (50284 -> 50364)  ion 27: Seg4 -> T4
[SHUTTLE 185] ion=12  T1 -> T3  route=T1->J1->J0->T3
    - SPLIT  (50404 -> 50524)  ion 12: T1 -> Seg1 (swap_cnt=1, swap_hops=3, ion_hops=0, i1=12, i2=15)
    - MOVE   (50524 -> 50538)  ion 12: Seg1 -> Seg6 via J1
    - MOVE   (50538 -> 50552)  ion 12: Seg6 -> Seg3 via J0
    - MERGE  (50552 -> 50632)  ion 12: Seg3 -> T3
[SHUTTLE 186] ion=16  T2 -> T1  route=T2->J2->J1->T1
    - SPLIT  (50672 -> 50752)  ion 16: T2 -> Seg2 (swap_cnt=0, swap_hops=0, ion_hops=0, i1=0, i2=0)
    - MOVE   (50752 -> 50766)  ion 16: Seg2 -> Seg7 via J2
    - MOVE   (50766 -> 50780)  ion 16: Seg7 -> Seg1 via J1
    - MERGE  (50780 -> 50860)  ion 16: Seg1 -> T1
[SHUTTLE 187] ion=17  T4 -> T2  route=T4->J1->J2->T2
    - SPLIT  (50900 -> 51020)  ion 17: T4 -> Seg4 (swap_cnt=1, swap_hops=4, ion_hops=0, i1=17, i2=27)
    - MOVE   (51020 -> 51034)  ion 17: Seg4 -> Seg7 via J1
    - MOVE   (51034 -> 51048)  ion 17: Seg7 -> Seg2 via J2
    - MERGE  (51048 -> 51128)  ion 17: Seg2 -> T2
[SHUTTLE 188] ion=6  T4 -> T0  route=T4->J1->J0->T0
    - SPLIT  (51208 -> 51328)  ion 6: T4 -> Seg4 (swap_cnt=1, swap_hops=3, ion_hops=0, i1=6, i2=27)
    - MOVE   (51328 -> 51342)  ion 6: Seg4 -> Seg6 via J1
    - MOVE   (51342 -> 51356)  ion 6: Seg6 -> Seg0 via J0
    - MERGE  (51356 -> 51436)  ion 6: Seg0 -> T0
[SHUTTLE 189] ion=7  T0 -> T4  route=T0->J0->J1->T4
    - SPLIT  (51476 -> 51596)  ion 7: T0 -> Seg0 (swap_cnt=1, swap_hops=2, ion_hops=0, i1=7, i2=6)
    - MOVE   (51596 -> 51610)  ion 7: Seg0 -> Seg6 via J0
    - MOVE   (51610 -> 51624)  ion 7: Seg6 -> Seg4 via J1
    - MERGE  (51624 -> 51704)  ion 7: Seg4 -> T4
[SHUTTLE 190] ion=8  T4 -> T0  route=T4->J1->J0->T0
    - SPLIT  (51744 -> 51864)  ion 8: T4 -> Seg4 (swap_cnt=1, swap_hops=2, ion_hops=0, i1=8, i2=7)
    - MOVE   (51864 -> 51878)  ion 8: Seg4 -> Seg6 via J1
    - MOVE   (51878 -> 51892)  ion 8: Seg6 -> Seg0 via J0
    - MERGE  (51892 -> 51972)  ion 8: Seg0 -> T0
[SHUTTLE 191] ion=9  T3 -> T4  route=T3->J0->J1->T4
    - SPLIT  (52012 -> 52132)  ion 9: T3 -> Seg3 (swap_cnt=1, swap_hops=4, ion_hops=0, i1=9, i2=12)
    - MOVE   (52132 -> 52146)  ion 9: Seg3 -> Seg6 via J0
    - MOVE   (52146 -> 52160)  ion 9: Seg6 -> Seg4 via J1
    - MERGE  (52160 -> 52240)  ion 9: Seg4 -> T4
[SHUTTLE 192] ion=13  T1 -> T3  route=T1->J1->J0->T3
    - SPLIT  (52280 -> 52400)  ion 13: T1 -> Seg1 (swap_cnt=1, swap_hops=3, ion_hops=0, i1=13, i2=16)
    - MOVE   (52400 -> 52414)  ion 13: Seg1 -> Seg6 via J1
    - MOVE   (52414 -> 52428)  ion 13: Seg6 -> Seg3 via J0
    - MERGE  (52428 -> 52508)  ion 13: Seg3 -> T3
[SHUTTLE 193] ion=17  T2 -> T1  route=T2->J2->J1->T1
    - SPLIT  (52548 -> 52628)  ion 17: T2 -> Seg2 (swap_cnt=0, swap_hops=0, ion_hops=0, i1=0, i2=0)
    - MOVE   (52628 -> 52642)  ion 17: Seg2 -> Seg7 via J2
    - MOVE   (52642 -> 52656)  ion 17: Seg7 -> Seg1 via J1
    - MERGE  (52656 -> 52736)  ion 17: Seg1 -> T1
[SHUTTLE 194] ion=30  T0 -> T4  route=T0->J0->J1->T4
    - SPLIT  (52856 -> 52976)  ion 30: T0 -> Seg0 (swap_cnt=1, swap_hops=5, ion_hops=0, i1=30, i2=8)
    - MOVE   (52976 -> 52990)  ion 30: Seg0 -> Seg6 via J0
    - MOVE   (52990 -> 53004)  ion 30: Seg6 -> Seg4 via J1
    - MERGE  (53004 -> 53084)  ion 30: Seg4 -> T4
[SHUTTLE 195] ion=29  T4 -> T0  route=T4->J1->J0->T0
    - SPLIT  (53124 -> 53244)  ion 29: T4 -> Seg4 (swap_cnt=1, swap_hops=4, ion_hops=0, i1=29, i2=30)
    - MOVE   (53244 -> 53258)  ion 29: Seg4 -> Seg6 via J1
    - MOVE   (53258 -> 53272)  ion 29: Seg6 -> Seg0 via J0
    - MERGE  (53272 -> 53352)  ion 29: Seg0 -> T0
[SHUTTLE 196] ion=28  T0 -> T4  route=T0->J0->J1->T4
    - SPLIT  (53392 -> 53512)  ion 28: T0 -> Seg0 (swap_cnt=1, swap_hops=3, ion_hops=0, i1=28, i2=29)
    - MOVE   (53512 -> 53526)  ion 28: Seg0 -> Seg6 via J0
    - MOVE   (53526 -> 53540)  ion 28: Seg6 -> Seg4 via J1
    - MERGE  (53540 -> 53620)  ion 28: Seg4 -> T4
[SHUTTLE 197] ion=10  T3 -> T4  route=T3->J0->J1->T4
    - SPLIT  (53660 -> 53780)  ion 10: T3 -> Seg3 (swap_cnt=1, swap_hops=3, ion_hops=0, i1=10, i2=13)
    - MOVE   (53780 -> 53794)  ion 10: Seg3 -> Seg6 via J0
    - MOVE   (53794 -> 53808)  ion 10: Seg6 -> Seg4 via J1
    - MERGE  (53808 -> 53888)  ion 10: Seg4 -> T4
[SHUTTLE 198] ion=14  T1 -> T3  route=T1->J1->J0->T3
    - SPLIT  (53928 -> 54048)  ion 14: T1 -> Seg1 (swap_cnt=1, swap_hops=3, ion_hops=0, i1=14, i2=17)
    - MOVE   (54048 -> 54062)  ion 14: Seg1 -> Seg6 via J1
    - MOVE   (54062 -> 54076)  ion 14: Seg6 -> Seg3 via J0
    - MERGE  (54076 -> 54156)  ion 14: Seg3 -> T3
[SHUTTLE 199] ion=18  T2 -> T1  route=T2->J2->J1->T1
    - SPLIT  (54196 -> 54316)  ion 18: T2 -> Seg2 (swap_cnt=1, swap_hops=3, ion_hops=0, i1=18, i2=2)
    - MOVE   (54316 -> 54330)  ion 18: Seg2 -> Seg7 via J2
    - MOVE   (54330 -> 54344)  ion 18: Seg7 -> Seg1 via J1
    - MERGE  (54344 -> 54424)  ion 18: Seg1 -> T1
[SHUTTLE 200] ion=7  T4 -> T0  route=T4->J1->J0->T0
    - SPLIT  (54544 -> 54664)  ion 7: T4 -> Seg4 (swap_cnt=1, swap_hops=4, ion_hops=0, i1=7, i2=10)
    - MOVE   (54664 -> 54678)  ion 7: Seg4 -> Seg6 via J1
    - MOVE   (54678 -> 54692)  ion 7: Seg6 -> Seg0 via J0
    - MERGE  (54692 -> 54772)  ion 7: Seg0 -> T0
[SHUTTLE 201] ion=8  T0 -> T4  route=T0->J0->J1->T4
    - SPLIT  (54812 -> 54932)  ion 8: T0 -> Seg0 (swap_cnt=1, swap_hops=2, ion_hops=0, i1=8, i2=7)
    - MOVE   (54932 -> 54946)  ion 8: Seg0 -> Seg6 via J0
    - MOVE   (54946 -> 54960)  ion 8: Seg6 -> Seg4 via J1
    - MERGE  (54960 -> 55040)  ion 8: Seg4 -> T4
[SHUTTLE 202] ion=9  T4 -> T0  route=T4->J1->J0->T0
    - SPLIT  (55080 -> 55200)  ion 9: T4 -> Seg4 (swap_cnt=1, swap_hops=4, ion_hops=0, i1=9, i2=8)
    - MOVE   (55200 -> 55214)  ion 9: Seg4 -> Seg6 via J1
    - MOVE   (55214 -> 55228)  ion 9: Seg6 -> Seg0 via J0
    - MERGE  (55228 -> 55308)  ion 9: Seg0 -> T0
[SHUTTLE 203] ion=11  T3 -> T4  route=T3->J0->J1->T4
    - SPLIT  (55348 -> 55468)  ion 11: T3 -> Seg3 (swap_cnt=1, swap_hops=3, ion_hops=0, i1=11, i2=14)
    - MOVE   (55468 -> 55482)  ion 11: Seg3 -> Seg6 via J0
    - MOVE   (55482 -> 55496)  ion 11: Seg6 -> Seg4 via J1
    - MERGE  (55496 -> 55576)  ion 11: Seg4 -> T4
[SHUTTLE 204] ion=15  T1 -> T3  route=T1->J1->J0->T3
    - SPLIT  (55616 -> 55736)  ion 15: T1 -> Seg1 (swap_cnt=1, swap_hops=3, ion_hops=0, i1=15, i2=18)
    - MOVE   (55736 -> 55750)  ion 15: Seg1 -> Seg6 via J1
    - MOVE   (55750 -> 55764)  ion 15: Seg6 -> Seg3 via J0
    - MERGE  (55764 -> 55844)  ion 15: Seg3 -> T3
[SHUTTLE 205] ion=31  T0 -> T4  route=T0->J0->J1->T4
    - SPLIT  (55964 -> 56084)  ion 31: T0 -> Seg0 (swap_cnt=1, swap_hops=5, ion_hops=0, i1=31, i2=9)
    - MOVE   (56084 -> 56098)  ion 31: Seg0 -> Seg6 via J0
    - MOVE   (56098 -> 56112)  ion 31: Seg6 -> Seg4 via J1
    - MERGE  (56112 -> 56192)  ion 31: Seg4 -> T4
[SHUTTLE 206] ion=30  T4 -> T0  route=T4->J1->J0->T0
    - SPLIT  (56232 -> 56352)  ion 30: T4 -> Seg4 (swap_cnt=1, swap_hops=5, ion_hops=0, i1=30, i2=31)
    - MOVE   (56352 -> 56366)  ion 30: Seg4 -> Seg6 via J1
    - MOVE   (56366 -> 56380)  ion 30: Seg6 -> Seg0 via J0
    - MERGE  (56380 -> 56460)  ion 30: Seg0 -> T0
[SHUTTLE 207] ion=29  T0 -> T4  route=T0->J0->J1->T4
    - SPLIT  (56500 -> 56620)  ion 29: T0 -> Seg0 (swap_cnt=1, swap_hops=3, ion_hops=0, i1=29, i2=30)
    - MOVE   (56620 -> 56634)  ion 29: Seg0 -> Seg6 via J0
    - MOVE   (56634 -> 56648)  ion 29: Seg6 -> Seg4 via J1
    - MERGE  (56648 -> 56728)  ion 29: Seg4 -> T4
[SHUTTLE 208] ion=12  T3 -> T4  route=T3->J0->J1->T4
    - SPLIT  (56768 -> 56888)  ion 12: T3 -> Seg3 (swap_cnt=1, swap_hops=3, ion_hops=0, i1=12, i2=15)
    - MOVE   (56888 -> 56902)  ion 12: Seg3 -> Seg6 via J0
    - MOVE   (56902 -> 56916)  ion 12: Seg6 -> Seg4 via J1
    - MERGE  (56916 -> 56996)  ion 12: Seg4 -> T4
[SHUTTLE 209] ion=23  T3 -> T1  route=T3->J0->J1->T1
    - SPLIT  (57036 -> 57156)  ion 23: T3 -> Seg3 (swap_cnt=1, swap_hops=6, ion_hops=0, i1=23, i2=15)
    - MOVE   (57156 -> 57170)  ion 23: Seg3 -> Seg6 via J0
    - MOVE   (57170 -> 57184)  ion 23: Seg6 -> Seg1 via J1
    - MERGE  (57184 -> 57264)  ion 23: Seg1 -> T1
[SHUTTLE 210] ion=31  T4 -> T0  route=T4->J1->J0->T0
    - SPLIT  (57384 -> 57504)  ion 31: T4 -> Seg4 (swap_cnt=1, swap_hops=2, ion_hops=0, i1=31, i2=12)
    - MOVE   (57504 -> 57518)  ion 31: Seg4 -> Seg6 via J1
    - MOVE   (57518 -> 57532)  ion 31: Seg6 -> Seg0 via J0
    - MERGE  (57532 -> 57612)  ion 31: Seg0 -> T0
[SHUTTLE 211] ion=30  T0 -> T4  route=T0->J0->J1->T4
    - SPLIT  (57652 -> 57772)  ion 30: T0 -> Seg0 (swap_cnt=1, swap_hops=1, ion_hops=0, i1=30, i2=31)
    - MOVE   (57772 -> 57786)  ion 30: Seg0 -> Seg6 via J0
    - MOVE   (57786 -> 57800)  ion 30: Seg6 -> Seg4 via J1
    - MERGE  (57800 -> 57880)  ion 30: Seg4 -> T4
[SHUTTLE 212] ion=27  T4 -> T3  route=T4->J1->J0->T3
    - SPLIT  (57920 -> 58040)  ion 27: T4 -> Seg4 (swap_cnt=1, swap_hops=7, ion_hops=0, i1=27, i2=30)
    - MOVE   (58040 -> 58054)  ion 27: Seg4 -> Seg6 via J1
    - MOVE   (58054 -> 58068)  ion 27: Seg6 -> Seg3 via J0
    - MERGE  (58068 -> 58148)  ion 27: Seg3 -> T3
[SHUTTLE 213] ion=16  T1 -> T3  route=T1->J1->J0->T3
    - SPLIT  (58188 -> 58308)  ion 16: T1 -> Seg1 (swap_cnt=1, swap_hops=3, ion_hops=0, i1=16, i2=23)
    - MOVE   (58308 -> 58322)  ion 16: Seg1 -> Seg6 via J1
    - MOVE   (58322 -> 58336)  ion 16: Seg6 -> Seg3 via J0
    - MERGE  (58336 -> 58416)  ion 16: Seg3 -> T3
[SHUTTLE 214] ion=10  T4 -> T0  route=T4->J1->J0->T0
    - SPLIT  (58536 -> 58656)  ion 10: T4 -> Seg4 (swap_cnt=1, swap_hops=5, ion_hops=0, i1=10, i2=30)
    - MOVE   (58656 -> 58670)  ion 10: Seg4 -> Seg6 via J1
    - MOVE   (58670 -> 58684)  ion 10: Seg6 -> Seg0 via J0
    - MERGE  (58684 -> 58764)  ion 10: Seg0 -> T0
[SHUTTLE 215] ion=13  T3 -> T4  route=T3->J0->J1->T4
    - SPLIT  (58804 -> 58924)  ion 13: T3 -> Seg3 (swap_cnt=1, swap_hops=4, ion_hops=0, i1=13, i2=16)
    - MOVE   (58924 -> 58938)  ion 13: Seg3 -> Seg6 via J0
    - MOVE   (58938 -> 58952)  ion 13: Seg6 -> Seg4 via J1
    - MERGE  (58952 -> 59032)  ion 13: Seg4 -> T4
[SHUTTLE 216] ion=24  T3 -> T1  route=T3->J0->J1->T1
    - SPLIT  (59072 -> 59192)  ion 24: T3 -> Seg3 (swap_cnt=1, swap_hops=6, ion_hops=0, i1=24, i2=16)
    - MOVE   (59192 -> 59206)  ion 24: Seg3 -> Seg6 via J0
    - MOVE   (59206 -> 59220)  ion 24: Seg6 -> Seg1 via J1
    - MERGE  (59220 -> 59300)  ion 24: Seg1 -> T1
[SHUTTLE 217] ion=31  T0 -> T4  route=T0->J0->J1->T4
    - SPLIT  (59420 -> 59540)  ion 31: T0 -> Seg0 (swap_cnt=1, swap_hops=1, ion_hops=0, i1=31, i2=10)
    - MOVE   (59540 -> 59554)  ion 31: Seg0 -> Seg6 via J0
    - MOVE   (59554 -> 59568)  ion 31: Seg6 -> Seg4 via J1
    - MERGE  (59568 -> 59648)  ion 31: Seg4 -> T4
[SHUTTLE 218] ion=28  T4 -> T3  route=T4->J1->J0->T3
    - SPLIT  (59688 -> 59808)  ion 28: T4 -> Seg4 (swap_cnt=1, swap_hops=7, ion_hops=0, i1=28, i2=31)
    - MOVE   (59808 -> 59822)  ion 28: Seg4 -> Seg6 via J1
    - MOVE   (59822 -> 59836)  ion 28: Seg6 -> Seg3 via J0
    - MERGE  (59836 -> 59916)  ion 28: Seg3 -> T3
[SHUTTLE 219] ion=17  T1 -> T3  route=T1->J1->J0->T3
    - SPLIT  (59956 -> 60076)  ion 17: T1 -> Seg1 (swap_cnt=1, swap_hops=3, ion_hops=0, i1=17, i2=24)
    - MOVE   (60076 -> 60090)  ion 17: Seg1 -> Seg6 via J1
    - MOVE   (60090 -> 60104)  ion 17: Seg6 -> Seg3 via J0
    - MERGE  (60104 -> 60184)  ion 17: Seg3 -> T3
[SHUTTLE 220] ion=14  T3 -> T4  route=T3->J0->J1->T4
    - SPLIT  (60304 -> 60424)  ion 14: T3 -> Seg3 (swap_cnt=1, swap_hops=5, ion_hops=0, i1=14, i2=17)
    - MOVE   (60424 -> 60438)  ion 14: Seg3 -> Seg6 via J0
    - MOVE   (60438 -> 60452)  ion 14: Seg6 -> Seg4 via J1
    - MERGE  (60452 -> 60532)  ion 14: Seg4 -> T4
[SHUTTLE 221] ion=25  T3 -> T1  route=T3->J0->J1->T1
    - SPLIT  (60572 -> 60692)  ion 25: T3 -> Seg3 (swap_cnt=1, swap_hops=6, ion_hops=0, i1=25, i2=17)
    - MOVE   (60692 -> 60706)  ion 25: Seg3 -> Seg6 via J0
    - MOVE   (60706 -> 60720)  ion 25: Seg6 -> Seg1 via J1
    - MERGE  (60720 -> 60800)  ion 25: Seg1 -> T1
[SHUTTLE 222] ion=29  T4 -> T3  route=T4->J1->J0->T3
    - SPLIT  (60920 -> 61040)  ion 29: T4 -> Seg4 (swap_cnt=1, swap_hops=5, ion_hops=0, i1=29, i2=14)
    - MOVE   (61040 -> 61054)  ion 29: Seg4 -> Seg6 via J1
    - MOVE   (61054 -> 61068)  ion 29: Seg6 -> Seg3 via J0
    - MERGE  (61068 -> 61148)  ion 29: Seg3 -> T3
[SHUTTLE 223] ion=18  T1 -> T3  route=T1->J1->J0->T3
    - SPLIT  (61188 -> 61308)  ion 18: T1 -> Seg1 (swap_cnt=1, swap_hops=3, ion_hops=0, i1=18, i2=25)
    - MOVE   (61308 -> 61322)  ion 18: Seg1 -> Seg6 via J1
    - MOVE   (61322 -> 61336)  ion 18: Seg6 -> Seg3 via J0
    - MERGE  (61336 -> 61416)  ion 18: Seg3 -> T3
[SHUTTLE 224] ion=15  T3 -> T4  route=T3->J0->J1->T4
    - SPLIT  (61536 -> 61656)  ion 15: T3 -> Seg3 (swap_cnt=1, swap_hops=6, ion_hops=0, i1=15, i2=18)
    - MOVE   (61656 -> 61670)  ion 15: Seg3 -> Seg6 via J0
    - MOVE   (61670 -> 61684)  ion 15: Seg6 -> Seg4 via J1
    - MERGE  (61684 -> 61764)  ion 15: Seg4 -> T4
[SHUTTLE 225] ion=26  T3 -> T1  route=T3->J0->J1->T1
    - SPLIT  (61804 -> 61924)  ion 26: T3 -> Seg3 (swap_cnt=1, swap_hops=6, ion_hops=0, i1=26, i2=18)
    - MOVE   (61924 -> 61938)  ion 26: Seg3 -> Seg6 via J0
    - MOVE   (61938 -> 61952)  ion 26: Seg6 -> Seg1 via J1
    - MERGE  (61952 -> 62032)  ion 26: Seg1 -> T1
[SHUTTLE 226] ion=30  T4 -> T3  route=T4->J1->J0->T3
    - SPLIT  (62152 -> 62272)  ion 30: T4 -> Seg4 (swap_cnt=1, swap_hops=4, ion_hops=0, i1=30, i2=15)
    - MOVE   (62272 -> 62286)  ion 30: Seg4 -> Seg6 via J1
    - MOVE   (62286 -> 62300)  ion 30: Seg6 -> Seg3 via J0
    - MERGE  (62300 -> 62380)  ion 30: Seg3 -> T3
[SHUTTLE 227] ion=19  T1 -> T3  route=T1->J1->J0->T3
    - SPLIT  (62420 -> 62540)  ion 19: T1 -> Seg1 (swap_cnt=1, swap_hops=7, ion_hops=0, i1=19, i2=26)
    - MOVE   (62540 -> 62554)  ion 19: Seg1 -> Seg6 via J1
    - MOVE   (62554 -> 62568)  ion 19: Seg6 -> Seg3 via J0
    - MERGE  (62568 -> 62648)  ion 19: Seg3 -> T3
[SHUTTLE 228] ion=16  T3 -> T4  route=T3->J0->J1->T4
    - SPLIT  (62768 -> 62888)  ion 16: T3 -> Seg3 (swap_cnt=1, swap_hops=6, ion_hops=0, i1=16, i2=19)
    - MOVE   (62888 -> 62902)  ion 16: Seg3 -> Seg6 via J0
    - MOVE   (62902 -> 62916)  ion 16: Seg6 -> Seg4 via J1
    - MERGE  (62916 -> 62996)  ion 16: Seg4 -> T4
[SHUTTLE 229] ion=27  T3 -> T1  route=T3->J0->J1->T1
    - SPLIT  (63036 -> 63156)  ion 27: T3 -> Seg3 (swap_cnt=1, swap_hops=6, ion_hops=0, i1=27, i2=19)
    - MOVE   (63156 -> 63170)  ion 27: Seg3 -> Seg6 via J0
    - MOVE   (63170 -> 63184)  ion 27: Seg6 -> Seg1 via J1
    - MERGE  (63184 -> 63264)  ion 27: Seg1 -> T1
[SHUTTLE 230] ion=31  T4 -> T3  route=T4->J1->J0->T3
    - SPLIT  (63384 -> 63504)  ion 31: T4 -> Seg4 (swap_cnt=1, swap_hops=3, ion_hops=0, i1=31, i2=16)
    - MOVE   (63504 -> 63518)  ion 31: Seg4 -> Seg6 via J1
    - MOVE   (63518 -> 63532)  ion 31: Seg6 -> Seg3 via J0
    - MERGE  (63532 -> 63612)  ion 31: Seg3 -> T3
[SHUTTLE 231] ion=20  T1 -> T3  route=T1->J1->J0->T3
    - SPLIT  (63652 -> 63772)  ion 20: T1 -> Seg1 (swap_cnt=1, swap_hops=7, ion_hops=0, i1=20, i2=27)
    - MOVE   (63772 -> 63786)  ion 20: Seg1 -> Seg6 via J1
    - MOVE   (63786 -> 63800)  ion 20: Seg6 -> Seg3 via J0
    - MERGE  (63800 -> 63880)  ion 20: Seg3 -> T3
[SHUTTLE 232] ion=17  T3 -> T4  route=T3->J0->J1->T4
    - SPLIT  (64000 -> 64120)  ion 17: T3 -> Seg3 (swap_cnt=1, swap_hops=6, ion_hops=0, i1=17, i2=20)
    - MOVE   (64120 -> 64134)  ion 17: Seg3 -> Seg6 via J0
    - MOVE   (64134 -> 64148)  ion 17: Seg6 -> Seg4 via J1
    - MERGE  (64148 -> 64228)  ion 17: Seg4 -> T4
[SHUTTLE 233] ion=28  T3 -> T1  route=T3->J0->J1->T1
    - SPLIT  (64348 -> 64468)  ion 28: T3 -> Seg3 (swap_cnt=1, swap_hops=6, ion_hops=0, i1=28, i2=20)
    - MOVE   (64468 -> 64482)  ion 28: Seg3 -> Seg6 via J0
    - MOVE   (64482 -> 64496)  ion 28: Seg6 -> Seg1 via J1
    - MERGE  (64496 -> 64576)  ion 28: Seg1 -> T1
[SHUTTLE 234] ion=13  T4 -> T3  route=T4->J1->J0->T3
    - SPLIT  (64656 -> 64776)  ion 13: T4 -> Seg4 (swap_cnt=1, swap_hops=4, ion_hops=0, i1=13, i2=17)
    - MOVE   (64776 -> 64790)  ion 13: Seg4 -> Seg6 via J1
    - MOVE   (64790 -> 64804)  ion 13: Seg6 -> Seg3 via J0
    - MERGE  (64804 -> 64884)  ion 13: Seg3 -> T3
[SHUTTLE 235] ion=21  T1 -> T3  route=T1->J1->J0->T3
    - SPLIT  (65004 -> 65124)  ion 21: T1 -> Seg1 (swap_cnt=1, swap_hops=7, ion_hops=0, i1=21, i2=28)
    - MOVE   (65124 -> 65138)  ion 21: Seg1 -> Seg6 via J1
    - MOVE   (65138 -> 65152)  ion 21: Seg6 -> Seg3 via J0
    - MERGE  (65152 -> 65232)  ion 21: Seg3 -> T3
[SHUTTLE 236] ion=19  T3 -> T4  route=T3->J0->J1->T4
    - SPLIT  (65272 -> 65392)  ion 19: T3 -> Seg3 (swap_cnt=1, swap_hops=4, ion_hops=0, i1=19, i2=21)
    - MOVE   (65392 -> 65406)  ion 19: Seg3 -> Seg6 via J0
    - MOVE   (65406 -> 65420)  ion 19: Seg6 -> Seg4 via J1
    - MERGE  (65420 -> 65500)  ion 19: Seg4 -> T4
[SHUTTLE 237] ion=11  T4 -> T3  route=T4->J1->J0->T3
    - SPLIT  (65620 -> 65740)  ion 11: T4 -> Seg4 (swap_cnt=1, swap_hops=6, ion_hops=0, i1=11, i2=19)
    - MOVE   (65740 -> 65754)  ion 11: Seg4 -> Seg6 via J1
    - MOVE   (65754 -> 65768)  ion 11: Seg6 -> Seg3 via J0
    - MERGE  (65768 -> 65848)  ion 11: Seg3 -> T3
[SHUTTLE 238] ion=29  T3 -> T1  route=T3->J0->J1->T1
    - SPLIT  (65968 -> 66088)  ion 29: T3 -> Seg3 (swap_cnt=1, swap_hops=7, ion_hops=0, i1=29, i2=11)
    - MOVE   (66088 -> 66102)  ion 29: Seg3 -> Seg6 via J0
    - MOVE   (66102 -> 66116)  ion 29: Seg6 -> Seg1 via J1
    - MERGE  (66116 -> 66196)  ion 29: Seg1 -> T1
[SHUTTLE 239] ion=22  T1 -> T3  route=T1->J1->J0->T3
    - SPLIT  (66316 -> 66436)  ion 22: T1 -> Seg1 (swap_cnt=1, swap_hops=7, ion_hops=0, i1=22, i2=29)
    - MOVE   (66436 -> 66450)  ion 22: Seg1 -> Seg6 via J1
    - MOVE   (66450 -> 66464)  ion 22: Seg6 -> Seg3 via J0
    - MERGE  (66464 -> 66544)  ion 22: Seg3 -> T3
[SHUTTLE 240] ion=21  T3 -> T0  route=T3->J0->T0
    - SPLIT  (66584 -> 66704)  ion 21: T3 -> Seg3 (swap_cnt=1, swap_hops=2, ion_hops=0, i1=21, i2=22)
    - MOVE   (66704 -> 66718)  ion 21: Seg3 -> Seg0 via J0
    - MERGE  (66718 -> 66798)  ion 21: Seg0 -> T0
[SHUTTLE 241] ion=30  T3 -> T1  route=T3->J0->J1->T1
    - SPLIT  (66918 -> 67038)  ion 30: T3 -> Seg3 (swap_cnt=1, swap_hops=5, ion_hops=0, i1=30, i2=22)
    - MOVE   (67038 -> 67052)  ion 30: Seg3 -> Seg6 via J0
    - MOVE   (67052 -> 67066)  ion 30: Seg6 -> Seg1 via J1
    - MERGE  (67066 -> 67146)  ion 30: Seg1 -> T1
[SHUTTLE 242] ion=9  T0 -> T3  route=T0->J0->T3
    - SPLIT  (67226 -> 67346)  ion 9: T0 -> Seg0 (swap_cnt=1, swap_hops=2, ion_hops=0, i1=9, i2=21)
    - MOVE   (67346 -> 67360)  ion 9: Seg0 -> Seg3 via J0
    - MERGE  (67360 -> 67440)  ion 9: Seg3 -> T3
[SHUTTLE 243] ion=23  T1 -> T3  route=T1->J1->J0->T3
    - SPLIT  (67560 -> 67680)  ion 23: T1 -> Seg1 (swap_cnt=1, swap_hops=7, ion_hops=0, i1=23, i2=30)
    - MOVE   (67680 -> 67694)  ion 23: Seg1 -> Seg6 via J1
    - MOVE   (67694 -> 67708)  ion 23: Seg6 -> Seg3 via J0
    - MERGE  (67708 -> 67788)  ion 23: Seg3 -> T3
[SHUTTLE 244] ion=23  T3 -> T4  route=T3->J0->J1->T4
    - SPLIT  (67868 -> 67948)  ion 23: T3 -> Seg3 (swap_cnt=0, swap_hops=0, ion_hops=0, i1=0, i2=0)
    - MOVE   (67948 -> 67962)  ion 23: Seg3 -> Seg6 via J0
    - MOVE   (67962 -> 67976)  ion 23: Seg6 -> Seg4 via J1
    - MERGE  (67976 -> 68056)  ion 23: Seg4 -> T4
[SHUTTLE 245] ion=31  T3 -> T1  route=T3->J0->J1->T1
    - SPLIT  (68176 -> 68296)  ion 31: T3 -> Seg3 (swap_cnt=1, swap_hops=5, ion_hops=0, i1=31, i2=9)
    - MOVE   (68296 -> 68310)  ion 31: Seg3 -> Seg6 via J0
    - MOVE   (68310 -> 68324)  ion 31: Seg6 -> Seg1 via J1
    - MERGE  (68324 -> 68404)  ion 31: Seg1 -> T1
[SHUTTLE 246] ion=24  T1 -> T0  route=T1->J1->J0->T0
    - SPLIT  (68524 -> 68644)  ion 24: T1 -> Seg1 (swap_cnt=1, swap_hops=7, ion_hops=0, i1=24, i2=31)
    - MOVE   (68644 -> 68658)  ion 24: Seg1 -> Seg6 via J1
    - MOVE   (68658 -> 68672)  ion 24: Seg6 -> Seg0 via J0
    - MERGE  (68672 -> 68752)  ion 24: Seg0 -> T0
[SHUTTLE 247] ion=6  T0 -> T1  route=T0->J0->J1->T1
    - SPLIT  (68872 -> 68992)  ion 6: T0 -> Seg0 (swap_cnt=1, swap_hops=4, ion_hops=0, i1=6, i2=24)
    - MOVE   (68992 -> 69006)  ion 6: Seg0 -> Seg6 via J0
    - MOVE   (69006 -> 69020)  ion 6: Seg6 -> Seg1 via J1
    - MERGE  (69020 -> 69100)  ion 6: Seg1 -> T1
[SHUTTLE 248] ion=26  T1 -> T0  route=T1->J1->J0->T0
    - SPLIT  (69220 -> 69340)  ion 26: T1 -> Seg1 (swap_cnt=1, swap_hops=6, ion_hops=0, i1=26, i2=6)
    - MOVE   (69340 -> 69354)  ion 26: Seg1 -> Seg6 via J1
    - MOVE   (69354 -> 69368)  ion 26: Seg6 -> Seg0 via J0
    - MERGE  (69368 -> 69448)  ion 26: Seg0 -> T0
[SHUTTLE 249] ion=4  T0 -> T1  route=T0->J0->J1->T1
    - SPLIT  (69568 -> 69688)  ion 4: T0 -> Seg0 (swap_cnt=1, swap_hops=7, ion_hops=0, i1=4, i2=26)
    - MOVE   (69688 -> 69702)  ion 4: Seg0 -> Seg6 via J0
    - MOVE   (69702 -> 69716)  ion 4: Seg6 -> Seg1 via J1
    - MERGE  (69716 -> 69796)  ion 4: Seg1 -> T1
[SHUTTLE 250] ion=28  T1 -> T0  route=T1->J1->J0->T0
    - SPLIT  (69916 -> 70036)  ion 28: T1 -> Seg1 (swap_cnt=1, swap_hops=5, ion_hops=0, i1=28, i2=4)
    - MOVE   (70036 -> 70050)  ion 28: Seg1 -> Seg6 via J1
    - MOVE   (70050 -> 70064)  ion 28: Seg6 -> Seg0 via J0
    - MERGE  (70064 -> 70144)  ion 28: Seg0 -> T0
[SHUTTLE 251] ion=2  T2 -> T1  route=T2->J2->J1->T1
    - SPLIT  (70264 -> 70344)  ion 2: T2 -> Seg2 (swap_cnt=0, swap_hops=0, ion_hops=0, i1=0, i2=0)
    - MOVE   (70344 -> 70358)  ion 2: Seg2 -> Seg7 via J2
    - MOVE   (70358 -> 70372)  ion 2: Seg7 -> Seg1 via J1
    - MERGE  (70372 -> 70452)  ion 2: Seg1 -> T1
[SHUTTLE 252] ion=30  T1 -> T2  route=T1->J1->J2->T2
    - SPLIT  (70572 -> 70692)  ion 30: T1 -> Seg1 (swap_cnt=1, swap_hops=4, ion_hops=0, i1=30, i2=2)
    - MOVE   (70692 -> 70706)  ion 30: Seg1 -> Seg7 via J1
    - MOVE   (70706 -> 70720)  ion 30: Seg7 -> Seg2 via J2
    - MERGE  (70720 -> 70800)  ion 30: Seg2 -> T2
[SHUTTLE 253] ion=0  T2 -> T1  route=T2->J2->J1->T1
    - SPLIT  (70920 -> 71040)  ion 0: T2 -> Seg2 (swap_cnt=1, swap_hops=2, ion_hops=0, i1=0, i2=30)
    - MOVE   (71040 -> 71054)  ion 0: Seg2 -> Seg7 via J2
    - MOVE   (71054 -> 71068)  ion 0: Seg7 -> Seg1 via J1
    - MERGE  (71068 -> 71148)  ion 0: Seg1 -> T1
SplitSWAP: 236
SchedulerFiredShuttle: 254
ReportedTotalShuttle: 254
----------------
SUMMARY|program=programs\qft32_swap|machine=G2x3|version=V6|mapper=SABRE2|total_shuttle=254|execution_time_us=71588|fidelity=0.027491311806498876
