========== Gate Set Summary ==========
barrier: 1
cx: 1040
h: 32
measure: 32
rz: 1488
======================================
Simulation
Program:           programs\qft32_swap.qasm
Machine:           G2x3
Model:             MUSS_Params
Program Qubits:    32
Ions/Region(arg):  8
Effective Cap:     8
Mapper:            SABRE
Reorder:           Naive
SerialTrap:        1
SerialComm:        1
SerialAll:         1
GateType:          FM
SwapType:          PaperSwapDirect
Scheduler Family:  MUSS
Scheduler Version: V2
Analyzer Mode:     PAPER
Arch Scale:        SMALL
Strict Repro:      False
Large.Env.K:       None
Large.Env.T:       None
Large.Env.MaxQCCD: 32
Large.Env.OptZone: 1
Large.Env.SWAP:    False
#Traps=6 #Junctions=3 #Segments=8
TrapCapacity(default)=8
Parse object map:
{2: [1, 0], 4: [1, 0], 8: [2, 0], 10: [2, 0], 13: [2, 1], 15: [2, 1], 19: [3, 0], 21: [3, 0], 24: [3, 1], 26: [3, 1], 29: [3, 2], 31: [3, 2], 35: [4, 0], 37: [4, 0], 40: [4, 1], 42: [4, 1], 45: [4, 2], 47: [4, 2], 50: [4, 3], 52: [4, 3], 56: [5, 0], 58: [5, 0], 61: [5, 1], 63: [5, 1], 66: [5, 2], 68: [5, 2], 71: [5, 3], 73: [5, 3], 76: [5, 4], 78: [5, 4], 82: [6, 0], 84: [6, 0], 87: [6, 1], 89: [6, 1], 92: [6, 2], 94: [6, 2], 97: [6, 3], 99: [6, 3], 102: [6, 4], 104: [6, 4], 107: [6, 5], 109: [6, 5], 113: [7, 0], 115: [7, 0], 118: [7, 1], 120: [7, 1], 123: [7, 2], 125: [7, 2], 128: [7, 3], 130: [7, 3], 133: [7, 4], 135: [7, 4], 138: [7, 5], 140: [7, 5], 143: [7, 6], 145: [7, 6], 149: [8, 0], 151: [8, 0], 154: [8, 1], 156: [8, 1], 159: [8, 2], 161: [8, 2], 164: [8, 3], 166: [8, 3], 169: [8, 4], 171: [8, 4], 174: [8, 5], 176: [8, 5], 179: [8, 6], 181: [8, 6], 184: [8, 7], 186: [8, 7], 190: [9, 0], 192: [9, 0], 195: [9, 1], 197: [9, 1], 200: [9, 2], 202: [9, 2], 205: [9, 3], 207: [9, 3], 210: [9, 4], 212: [9, 4], 215: [9, 5], 217: [9, 5], 220: [9, 6], 222: [9, 6], 225: [9, 7], 227: [9, 7], 230: [9, 8], 232: [9, 8], 236: [10, 0], 238: [10, 0], 241: [10, 1], 243: [10, 1], 246: [10, 2], 248: [10, 2], 251: [10, 3], 253: [10, 3], 256: [10, 4], 258: [10, 4], 261: [10, 5], 263: [10, 5], 266: [10, 6], 268: [10, 6], 271: [10, 7], 273: [10, 7], 276: [10, 8], 278: [10, 8], 281: [10, 9], 283: [10, 9], 287: [11, 0], 289: [11, 0], 292: [11, 1], 294: [11, 1], 297: [11, 2], 299: [11, 2], 302: [11, 3], 304: [11, 3], 307: [11, 4], 309: [11, 4], 312: [11, 5], 314: [11, 5], 317: [11, 6], 319: [11, 6], 322: [11, 7], 324: [11, 7], 327: [11, 8], 329: [11, 8], 332: [11, 9], 334: [11, 9], 337: [11, 10], 339: [11, 10], 343: [12, 0], 345: [12, 0], 348: [12, 1], 350: [12, 1], 353: [12, 2], 355: [12, 2], 358: [12, 3], 360: [12, 3], 363: [12, 4], 365: [12, 4], 368: [12, 5], 370: [12, 5], 373: [12, 6], 375: [12, 6], 378: [12, 7], 380: [12, 7], 383: [12, 8], 385: [12, 8], 388: [12, 9], 390: [12, 9], 393: [12, 10], 395: [12, 10], 398: [12, 11], 400: [12, 11], 404: [13, 0], 406: [13, 0], 409: [13, 1], 411: [13, 1], 414: [13, 2], 416: [13, 2], 419: [13, 3], 421: [13, 3], 424: [13, 4], 426: [13, 4], 429: [13, 5], 431: [13, 5], 434: [13, 6], 436: [13, 6], 439: [13, 7], 441: [13, 7], 444: [13, 8], 446: [13, 8], 449: [13, 9], 451: [13, 9], 454: [13, 10], 456: [13, 10], 459: [13, 11], 461: [13, 11], 464: [13, 12], 466: [13, 12], 470: [14, 0], 472: [14, 0], 475: [14, 1], 477: [14, 1], 480: [14, 2], 482: [14, 2], 485: [14, 3], 487: [14, 3], 490: [14, 4], 492: [14, 4], 495: [14, 5], 497: [14, 5], 500: [14, 6], 502: [14, 6], 505: [14, 7], 507: [14, 7], 510: [14, 8], 512: [14, 8], 515: [14, 9], 517: [14, 9], 520: [14, 10], 522: [14, 10], 525: [14, 11], 527: [14, 11], 530: [14, 12], 532: [14, 12], 535: [14, 13], 537: [14, 13], 541: [15, 0], 543: [15, 0], 546: [15, 1], 548: [15, 1], 551: [15, 2], 553: [15, 2], 556: [15, 3], 558: [15, 3], 561: [15, 4], 563: [15, 4], 566: [15, 5], 568: [15, 5], 571: [15, 6], 573: [15, 6], 576: [15, 7], 578: [15, 7], 581: [15, 8], 583: [15, 8], 586: [15, 9], 588: [15, 9], 591: [15, 10], 593: [15, 10], 596: [15, 11], 598: [15, 11], 601: [15, 12], 603: [15, 12], 606: [15, 13], 608: [15, 13], 611: [15, 14], 613: [15, 14], 617: [16, 0], 619: [16, 0], 622: [16, 1], 624: [16, 1], 627: [16, 2], 629: [16, 2], 632: [16, 3], 634: [16, 3], 637: [16, 4], 639: [16, 4], 642: [16, 5], 644: [16, 5], 647: [16, 6], 649: [16, 6], 652: [16, 7], 654: [16, 7], 657: [16, 8], 659: [16, 8], 662: [16, 9], 664: [16, 9], 667: [16, 10], 669: [16, 10], 672: [16, 11], 674: [16, 11], 677: [16, 12], 679: [16, 12], 682: [16, 13], 684: [16, 13], 687: [16, 14], 689: [16, 14], 692: [16, 15], 694: [16, 15], 698: [17, 0], 700: [17, 0], 703: [17, 1], 705: [17, 1], 708: [17, 2], 710: [17, 2], 713: [17, 3], 715: [17, 3], 718: [17, 4], 720: [17, 4], 723: [17, 5], 725: [17, 5], 728: [17, 6], 730: [17, 6], 733: [17, 7], 735: [17, 7], 738: [17, 8], 740: [17, 8], 743: [17, 9], 745: [17, 9], 748: [17, 10], 750: [17, 10], 753: [17, 11], 755: [17, 11], 758: [17, 12], 760: [17, 12], 763: [17, 13], 765: [17, 13], 768: [17, 14], 770: [17, 14], 773: [17, 15], 775: [17, 15], 778: [17, 16], 780: [17, 16], 784: [18, 0], 786: [18, 0], 789: [18, 1], 791: [18, 1], 794: [18, 2], 796: [18, 2], 799: [18, 3], 801: [18, 3], 804: [18, 4], 806: [18, 4], 809: [18, 5], 811: [18, 5], 814: [18, 6], 816: [18, 6], 819: [18, 7], 821: [18, 7], 824: [18, 8], 826: [18, 8], 829: [18, 9], 831: [18, 9], 834: [18, 10], 836: [18, 10], 839: [18, 11], 841: [18, 11], 844: [18, 12], 846: [18, 12], 849: [18, 13], 851: [18, 13], 854: [18, 14], 856: [18, 14], 859: [18, 15], 861: [18, 15], 864: [18, 16], 866: [18, 16], 869: [18, 17], 871: [18, 17], 875: [19, 0], 877: [19, 0], 880: [19, 1], 882: [19, 1], 885: [19, 2], 887: [19, 2], 890: [19, 3], 892: [19, 3], 895: [19, 4], 897: [19, 4], 900: [19, 5], 902: [19, 5], 905: [19, 6], 907: [19, 6], 910: [19, 7], 912: [19, 7], 915: [19, 8], 917: [19, 8], 920: [19, 9], 922: [19, 9], 925: [19, 10], 927: [19, 10], 930: [19, 11], 932: [19, 11], 935: [19, 12], 937: [19, 12], 940: [19, 13], 942: [19, 13], 945: [19, 14], 947: [19, 14], 950: [19, 15], 952: [19, 15], 955: [19, 16], 957: [19, 16], 960: [19, 17], 962: [19, 17], 965: [19, 18], 967: [19, 18], 971: [20, 0], 973: [20, 0], 976: [20, 1], 978: [20, 1], 981: [20, 2], 983: [20, 2], 986: [20, 3], 988: [20, 3], 991: [20, 4], 993: [20, 4], 996: [20, 5], 998: [20, 5], 1001: [20, 6], 1003: [20, 6], 1006: [20, 7], 1008: [20, 7], 1011: [20, 8], 1013: [20, 8], 1016: [20, 9], 1018: [20, 9], 1021: [20, 10], 1023: [20, 10], 1026: [20, 11], 1028: [20, 11], 1031: [20, 12], 1033: [20, 12], 1036: [20, 13], 1038: [20, 13], 1041: [20, 14], 1043: [20, 14], 1046: [20, 15], 1048: [20, 15], 1051: [20, 16], 1053: [20, 16], 1056: [20, 17], 1058: [20, 17], 1061: [20, 18], 1063: [20, 18], 1066: [20, 19], 1068: [20, 19], 1072: [21, 0], 1074: [21, 0], 1077: [21, 1], 1079: [21, 1], 1082: [21, 2], 1084: [21, 2], 1087: [21, 3], 1089: [21, 3], 1092: [21, 4], 1094: [21, 4], 1097: [21, 5], 1099: [21, 5], 1102: [21, 6], 1104: [21, 6], 1107: [21, 7], 1109: [21, 7], 1112: [21, 8], 1114: [21, 8], 1117: [21, 9], 1119: [21, 9], 1122: [21, 10], 1124: [21, 10], 1127: [21, 11], 1129: [21, 11], 1132: [21, 12], 1134: [21, 12], 1137: [21, 13], 1139: [21, 13], 1142: [21, 14], 1144: [21, 14], 1147: [21, 15], 1149: [21, 15], 1152: [21, 16], 1154: [21, 16], 1157: [21, 17], 1159: [21, 17], 1162: [21, 18], 1164: [21, 18], 1167: [21, 19], 1169: [21, 19], 1172: [21, 20], 1174: [21, 20], 1178: [22, 0], 1180: [22, 0], 1183: [22, 1], 1185: [22, 1], 1188: [22, 2], 1190: [22, 2], 1193: [22, 3], 1195: [22, 3], 1198: [22, 4], 1200: [22, 4], 1203: [22, 5], 1205: [22, 5], 1208: [22, 6], 1210: [22, 6], 1213: [22, 7], 1215: [22, 7], 1218: [22, 8], 1220: [22, 8], 1223: [22, 9], 1225: [22, 9], 1228: [22, 10], 1230: [22, 10], 1233: [22, 11], 1235: [22, 11], 1238: [22, 12], 1240: [22, 12], 1243: [22, 13], 1245: [22, 13], 1248: [22, 14], 1250: [22, 14], 1253: [22, 15], 1255: [22, 15], 1258: [22, 16], 1260: [22, 16], 1263: [22, 17], 1265: [22, 17], 1268: [22, 18], 1270: [22, 18], 1273: [22, 19], 1275: [22, 19], 1278: [22, 20], 1280: [22, 20], 1283: [22, 21], 1285: [22, 21], 1289: [23, 0], 1291: [23, 0], 1294: [23, 1], 1296: [23, 1], 1299: [23, 2], 1301: [23, 2], 1304: [23, 3], 1306: [23, 3], 1309: [23, 4], 1311: [23, 4], 1314: [23, 5], 1316: [23, 5], 1319: [23, 6], 1321: [23, 6], 1324: [23, 7], 1326: [23, 7], 1329: [23, 8], 1331: [23, 8], 1334: [23, 9], 1336: [23, 9], 1339: [23, 10], 1341: [23, 10], 1344: [23, 11], 1346: [23, 11], 1349: [23, 12], 1351: [23, 12], 1354: [23, 13], 1356: [23, 13], 1359: [23, 14], 1361: [23, 14], 1364: [23, 15], 1366: [23, 15], 1369: [23, 16], 1371: [23, 16], 1374: [23, 17], 1376: [23, 17], 1379: [23, 18], 1381: [23, 18], 1384: [23, 19], 1386: [23, 19], 1389: [23, 20], 1391: [23, 20], 1394: [23, 21], 1396: [23, 21], 1399: [23, 22], 1401: [23, 22], 1405: [24, 0], 1407: [24, 0], 1410: [24, 1], 1412: [24, 1], 1415: [24, 2], 1417: [24, 2], 1420: [24, 3], 1422: [24, 3], 1425: [24, 4], 1427: [24, 4], 1430: [24, 5], 1432: [24, 5], 1435: [24, 6], 1437: [24, 6], 1440: [24, 7], 1442: [24, 7], 1445: [24, 8], 1447: [24, 8], 1450: [24, 9], 1452: [24, 9], 1455: [24, 10], 1457: [24, 10], 1460: [24, 11], 1462: [24, 11], 1465: [24, 12], 1467: [24, 12], 1470: [24, 13], 1472: [24, 13], 1475: [24, 14], 1477: [24, 14], 1480: [24, 15], 1482: [24, 15], 1485: [24, 16], 1487: [24, 16], 1490: [24, 17], 1492: [24, 17], 1495: [24, 18], 1497: [24, 18], 1500: [24, 19], 1502: [24, 19], 1505: [24, 20], 1507: [24, 20], 1510: [24, 21], 1512: [24, 21], 1515: [24, 22], 1517: [24, 22], 1520: [24, 23], 1522: [24, 23], 1526: [25, 0], 1528: [25, 0], 1531: [25, 1], 1533: [25, 1], 1536: [25, 2], 1538: [25, 2], 1541: [25, 3], 1543: [25, 3], 1546: [25, 4], 1548: [25, 4], 1551: [25, 5], 1553: [25, 5], 1556: [25, 6], 1558: [25, 6], 1561: [25, 7], 1563: [25, 7], 1566: [25, 8], 1568: [25, 8], 1571: [25, 9], 1573: [25, 9], 1576: [25, 10], 1578: [25, 10], 1581: [25, 11], 1583: [25, 11], 1586: [25, 12], 1588: [25, 12], 1591: [25, 13], 1593: [25, 13], 1596: [25, 14], 1598: [25, 14], 1601: [25, 15], 1603: [25, 15], 1606: [25, 16], 1608: [25, 16], 1611: [25, 17], 1613: [25, 17], 1616: [25, 18], 1618: [25, 18], 1621: [25, 19], 1623: [25, 19], 1626: [25, 20], 1628: [25, 20], 1631: [25, 21], 1633: [25, 21], 1636: [25, 22], 1638: [25, 22], 1641: [25, 23], 1643: [25, 23], 1646: [25, 24], 1648: [25, 24], 1652: [26, 0], 1654: [26, 0], 1657: [26, 1], 1659: [26, 1], 1662: [26, 2], 1664: [26, 2], 1667: [26, 3], 1669: [26, 3], 1672: [26, 4], 1674: [26, 4], 1677: [26, 5], 1679: [26, 5], 1682: [26, 6], 1684: [26, 6], 1687: [26, 7], 1689: [26, 7], 1692: [26, 8], 1694: [26, 8], 1697: [26, 9], 1699: [26, 9], 1702: [26, 10], 1704: [26, 10], 1707: [26, 11], 1709: [26, 11], 1712: [26, 12], 1714: [26, 12], 1717: [26, 13], 1719: [26, 13], 1722: [26, 14], 1724: [26, 14], 1727: [26, 15], 1729: [26, 15], 1732: [26, 16], 1734: [26, 16], 1737: [26, 17], 1739: [26, 17], 1742: [26, 18], 1744: [26, 18], 1747: [26, 19], 1749: [26, 19], 1752: [26, 20], 1754: [26, 20], 1757: [26, 21], 1759: [26, 21], 1762: [26, 22], 1764: [26, 22], 1767: [26, 23], 1769: [26, 23], 1772: [26, 24], 1774: [26, 24], 1777: [26, 25], 1779: [26, 25], 1783: [27, 0], 1785: [27, 0], 1788: [27, 1], 1790: [27, 1], 1793: [27, 2], 1795: [27, 2], 1798: [27, 3], 1800: [27, 3], 1803: [27, 4], 1805: [27, 4], 1808: [27, 5], 1810: [27, 5], 1813: [27, 6], 1815: [27, 6], 1818: [27, 7], 1820: [27, 7], 1823: [27, 8], 1825: [27, 8], 1828: [27, 9], 1830: [27, 9], 1833: [27, 10], 1835: [27, 10], 1838: [27, 11], 1840: [27, 11], 1843: [27, 12], 1845: [27, 12], 1848: [27, 13], 1850: [27, 13], 1853: [27, 14], 1855: [27, 14], 1858: [27, 15], 1860: [27, 15], 1863: [27, 16], 1865: [27, 16], 1868: [27, 17], 1870: [27, 17], 1873: [27, 18], 1875: [27, 18], 1878: [27, 19], 1880: [27, 19], 1883: [27, 20], 1885: [27, 20], 1888: [27, 21], 1890: [27, 21], 1893: [27, 22], 1895: [27, 22], 1898: [27, 23], 1900: [27, 23], 1903: [27, 24], 1905: [27, 24], 1908: [27, 25], 1910: [27, 25], 1913: [27, 26], 1915: [27, 26], 1919: [28, 0], 1921: [28, 0], 1924: [28, 1], 1926: [28, 1], 1929: [28, 2], 1931: [28, 2], 1934: [28, 3], 1936: [28, 3], 1939: [28, 4], 1941: [28, 4], 1944: [28, 5], 1946: [28, 5], 1949: [28, 6], 1951: [28, 6], 1954: [28, 7], 1956: [28, 7], 1959: [28, 8], 1961: [28, 8], 1964: [28, 9], 1966: [28, 9], 1969: [28, 10], 1971: [28, 10], 1974: [28, 11], 1976: [28, 11], 1979: [28, 12], 1981: [28, 12], 1984: [28, 13], 1986: [28, 13], 1989: [28, 14], 1991: [28, 14], 1994: [28, 15], 1996: [28, 15], 1999: [28, 16], 2001: [28, 16], 2004: [28, 17], 2006: [28, 17], 2009: [28, 18], 2011: [28, 18], 2014: [28, 19], 2016: [28, 19], 2019: [28, 20], 2021: [28, 20], 2024: [28, 21], 2026: [28, 21], 2029: [28, 22], 2031: [28, 22], 2034: [28, 23], 2036: [28, 23], 2039: [28, 24], 2041: [28, 24], 2044: [28, 25], 2046: [28, 25], 2049: [28, 26], 2051: [28, 26], 2054: [28, 27], 2056: [28, 27], 2060: [29, 0], 2062: [29, 0], 2065: [29, 1], 2067: [29, 1], 2070: [29, 2], 2072: [29, 2], 2075: [29, 3], 2077: [29, 3], 2080: [29, 4], 2082: [29, 4], 2085: [29, 5], 2087: [29, 5], 2090: [29, 6], 2092: [29, 6], 2095: [29, 7], 2097: [29, 7], 2100: [29, 8], 2102: [29, 8], 2105: [29, 9], 2107: [29, 9], 2110: [29, 10], 2112: [29, 10], 2115: [29, 11], 2117: [29, 11], 2120: [29, 12], 2122: [29, 12], 2125: [29, 13], 2127: [29, 13], 2130: [29, 14], 2132: [29, 14], 2135: [29, 15], 2137: [29, 15], 2140: [29, 16], 2142: [29, 16], 2145: [29, 17], 2147: [29, 17], 2150: [29, 18], 2152: [29, 18], 2155: [29, 19], 2157: [29, 19], 2160: [29, 20], 2162: [29, 20], 2165: [29, 21], 2167: [29, 21], 2170: [29, 22], 2172: [29, 22], 2175: [29, 23], 2177: [29, 23], 2180: [29, 24], 2182: [29, 24], 2185: [29, 25], 2187: [29, 25], 2190: [29, 26], 2192: [29, 26], 2195: [29, 27], 2197: [29, 27], 2200: [29, 28], 2202: [29, 28], 2206: [30, 0], 2208: [30, 0], 2211: [30, 1], 2213: [30, 1], 2216: [30, 2], 2218: [30, 2], 2221: [30, 3], 2223: [30, 3], 2226: [30, 4], 2228: [30, 4], 2231: [30, 5], 2233: [30, 5], 2236: [30, 6], 2238: [30, 6], 2241: [30, 7], 2243: [30, 7], 2246: [30, 8], 2248: [30, 8], 2251: [30, 9], 2253: [30, 9], 2256: [30, 10], 2258: [30, 10], 2261: [30, 11], 2263: [30, 11], 2266: [30, 12], 2268: [30, 12], 2271: [30, 13], 2273: [30, 13], 2276: [30, 14], 2278: [30, 14], 2281: [30, 15], 2283: [30, 15], 2286: [30, 16], 2288: [30, 16], 2291: [30, 17], 2293: [30, 17], 2296: [30, 18], 2298: [30, 18], 2301: [30, 19], 2303: [30, 19], 2306: [30, 20], 2308: [30, 20], 2311: [30, 21], 2313: [30, 21], 2316: [30, 22], 2318: [30, 22], 2321: [30, 23], 2323: [30, 23], 2326: [30, 24], 2328: [30, 24], 2331: [30, 25], 2333: [30, 25], 2336: [30, 26], 2338: [30, 26], 2341: [30, 27], 2343: [30, 27], 2346: [30, 28], 2348: [30, 28], 2351: [30, 29], 2353: [30, 29], 2357: [31, 0], 2359: [31, 0], 2362: [31, 1], 2364: [31, 1], 2367: [31, 2], 2369: [31, 2], 2372: [31, 3], 2374: [31, 3], 2377: [31, 4], 2379: [31, 4], 2382: [31, 5], 2384: [31, 5], 2387: [31, 6], 2389: [31, 6], 2392: [31, 7], 2394: [31, 7], 2397: [31, 8], 2399: [31, 8], 2402: [31, 9], 2404: [31, 9], 2407: [31, 10], 2409: [31, 10], 2412: [31, 11], 2414: [31, 11], 2417: [31, 12], 2419: [31, 12], 2422: [31, 13], 2424: [31, 13], 2427: [31, 14], 2429: [31, 14], 2432: [31, 15], 2434: [31, 15], 2437: [31, 16], 2439: [31, 16], 2442: [31, 17], 2444: [31, 17], 2447: [31, 18], 2449: [31, 18], 2452: [31, 19], 2454: [31, 19], 2457: [31, 20], 2459: [31, 20], 2462: [31, 21], 2464: [31, 21], 2467: [31, 22], 2469: [31, 22], 2472: [31, 23], 2474: [31, 23], 2477: [31, 24], 2479: [31, 24], 2482: [31, 25], 2484: [31, 25], 2487: [31, 26], 2489: [31, 26], 2492: [31, 27], 2494: [31, 27], 2497: [31, 28], 2499: [31, 28], 2502: [31, 29], 2504: [31, 29], 2507: [31, 30], 2509: [31, 30], 2512: [0, 31], 2513: [31, 0], 2514: [0, 31], 2515: [1, 30], 2516: [30, 1], 2517: [1, 30], 2518: [2, 29], 2519: [29, 2], 2520: [2, 29], 2521: [3, 28], 2522: [28, 3], 2523: [3, 28], 2524: [4, 27], 2525: [27, 4], 2526: [4, 27], 2527: [5, 26], 2528: [26, 5], 2529: [5, 26], 2530: [6, 25], 2531: [25, 6], 2532: [6, 25], 2533: [7, 24], 2534: [24, 7], 2535: [7, 24], 2536: [8, 23], 2537: [23, 8], 2538: [8, 23], 2539: [9, 22], 2540: [22, 9], 2541: [9, 22], 2542: [10, 21], 2543: [21, 10], 2544: [10, 21], 2545: [11, 20], 2546: [20, 11], 2547: [11, 20], 2548: [12, 19], 2549: [19, 12], 2550: [12, 19], 2551: [13, 18], 2552: [18, 13], 2553: [13, 18], 2554: [14, 17], 2555: [17, 14], 2556: [14, 17], 2557: [15, 16], 2558: [16, 15], 2559: [15, 16]}
Parse object graph:
DiGraph with 2592 nodes and 4048 edges
Using QubitMapSABRE2 mapper (matches muss_schedule2 paper version)
Raw mapping:
{'layout': {0: 2, 1: 2, 2: 2, 3: 1, 4: 3, 5: 0, 6: 2, 7: 0, 8: 2, 9: 0, 10: 2, 11: 1, 12: 3, 13: 3, 14: 3, 15: 0, 16: 0, 17: 1, 18: 3, 19: 1, 20: 3, 21: 1, 22: 3, 23: 1, 24: 1, 25: 2, 26: 0, 27: 0, 28: 1, 29: 0, 30: 2, 31: 3}, 'trap_to_qubits': {0: [9, 7, 29, 27, 26, 15, 16, 5], 1: [11, 17, 24, 3, 21, 28, 23, 19], 2: [2, 0, 10, 8, 1, 6, 30, 25], 3: [12, 14, 18, 22, 20, 31, 4, 13], 4: [], 5: []}}
Initial layout policy: mapping_bundle(layout + trap_to_qubits_from_mapper)
Note: reorder_choice='Naive' is ignored because mapper already provides ordered trap layout
Use mapper-provided ordered trap layout for mapper 'SABRE'
Initial qubit layout:
{0: [9, 7, 29, 27, 26, 15, 16, 5], 1: [11, 17, 24, 3, 21, 28, 23, 19], 2: [2, 0, 10, 8, 1, 6, 30, 25], 3: [12, 14, 18, 22, 20, 31, 4, 13], 4: [], 5: []}
Using MUSS Scheduler (V2) with SABRE Mapping
Using muss_schedule2.py paper-faithful fixed version
Scheduler object construction time: 0.003896s
Scheduler run time: 28.004030s
Analyzer shuttle mode: aggregate (detected shuttle_id annotations)
Using legacy analyzer.py
Analyzer parameter wiring: alpha_bg=0.0, T1=600000000.0, k_heating=0.001, epsilon_2q=3.90625e-05, strict_paper_mainline=True
Analyzer mode: paper
Program Finish Time: 47038 us
OPCOUNTS Gate: 2592 Split: 102 Move: 174 Merge: 102

Two-qubit gate chain statistics
Mean: 7.686538461538461 Max: 8.0
Fidelity: 0.05065090881942208

Shuttle count summary
  logical_shuttle_count      = 86   # High-level shuttle count aggregated by shuttle_id
  physical_shuttle_leg_count = 102   # Paper-facing count: each complete trap-to-trap split+move+merge leg
  split_count                = 102
  merge_count                = 102
  move_count                 = 174
[DBG SUMMARY] gates=2592  gate_mult=0.073874  avg_gate_nbar=0.0000
[DBG SUMMARY] logical_shuttles=86  shuttle_mult=0.685639  min_shuttle=0.9949
[DBG SUMMARY] worst_B: Trap 0 -> 1.000000 (heat_state=0.000000, alpha_bg=0.0, move_bg_fraction=0.0, model=exp, strict_paper_mainline=True)
Analyzer time: 0.006906s

========== ANALYSIS RESULT ==========
{'fidelity': 0.05065090881942208, 'total_shuttle': 102, 'logical_shuttle_count': 86, 'physical_shuttle_leg_count': 102, 'split_count': 102, 'merge_count': 102, 'move_count': 174, 'time': 47038}

========== SHUTTLE TRACE ==========
[SHUTTLE 0] ion=0  T2 -> T4  route=T2->J2->J1->T4
    - SPLIT  (1160 -> 1280)  ion 0: T2 -> Seg2 (swap_cnt=1, swap_hops=6, ion_hops=0, i1=0, i2=25)
    - MOVE   (1280 -> 1294)  ion 0: Seg2 -> Seg7 via J2
    - MOVE   (1294 -> 1308)  ion 0: Seg7 -> Seg4 via J1
    - MERGE  (1308 -> 1388)  ion 0: Seg4 -> T4
[SHUTTLE 1] ion=3  T1 -> T4  route=T1->J1->T4
    - SPLIT  (1388 -> 1508)  ion 3: T1 -> Seg1 (swap_cnt=1, swap_hops=4, ion_hops=0, i1=3, i2=19)
    - MOVE   (1508 -> 1522)  ion 3: Seg1 -> Seg4 via J1
    - MERGE  (1522 -> 1602)  ion 3: Seg4 -> T4
[SHUTTLE 2] ion=3  T4 -> T2  route=T4->J1->J2->T2
    - SPLIT  (1682 -> 1762)  ion 3: T4 -> Seg4 (swap_cnt=0, swap_hops=0, ion_hops=0, i1=0, i2=0)
    - MOVE   (1762 -> 1776)  ion 3: Seg4 -> Seg7 via J1
    - MOVE   (1776 -> 1790)  ion 3: Seg7 -> Seg2 via J2
    - MERGE  (1790 -> 1870)  ion 3: Seg2 -> T2
[SHUTTLE 3] ion=4  T3 -> T4  route=T3->J0->J1->T4
    - SPLIT  (1870 -> 1990)  ion 4: T3 -> Seg3 (swap_cnt=1, swap_hops=6, ion_hops=0, i1=4, i2=12)
    - MOVE   (1990 -> 2004)  ion 4: Seg3 -> Seg6 via J0
    - MOVE   (2004 -> 2018)  ion 4: Seg6 -> Seg4 via J1
    - MERGE  (2018 -> 2098)  ion 4: Seg4 -> T4
[SHUTTLE 4] ion=1  T2 -> T4  route=T2->J2->J1->T4
    - SPLIT  (2430 -> 2550)  ion 1: T2 -> Seg2 (swap_cnt=1, swap_hops=4, ion_hops=0, i1=1, i2=3)
    - MOVE   (2550 -> 2564)  ion 1: Seg2 -> Seg7 via J2
    - MOVE   (2564 -> 2578)  ion 1: Seg7 -> Seg4 via J1
    - MERGE  (2578 -> 2658)  ion 1: Seg4 -> T4
[SHUTTLE 5] ion=4  T4 -> T2  route=T4->J1->J2->T2
    - SPLIT  (2738 -> 2858)  ion 4: T4 -> Seg4 (swap_cnt=1, swap_hops=1, ion_hops=0, i1=4, i2=1)
    - MOVE   (2858 -> 2872)  ion 4: Seg4 -> Seg7 via J1
    - MOVE   (2872 -> 2886)  ion 4: Seg7 -> Seg2 via J2
    - MERGE  (2886 -> 2966)  ion 4: Seg2 -> T2
[SHUTTLE 6] ion=5  T0 -> T4  route=T0->J0->J1->T4
    - SPLIT  (2966 -> 3046)  ion 5: T0 -> Seg0 (swap_cnt=0, swap_hops=0, ion_hops=0, i1=0, i2=0)
    - MOVE   (3046 -> 3060)  ion 5: Seg0 -> Seg6 via J0
    - MOVE   (3060 -> 3074)  ion 5: Seg6 -> Seg4 via J1
    - MERGE  (3074 -> 3154)  ion 5: Seg4 -> T4
[SHUTTLE 7] ion=2  T2 -> T4  route=T2->J2->J1->T4
    - SPLIT  (3526 -> 3646)  ion 2: T2 -> Seg2 (swap_cnt=1, swap_hops=7, ion_hops=0, i1=2, i2=4)
    - MOVE   (3646 -> 3660)  ion 2: Seg2 -> Seg7 via J2
    - MOVE   (3660 -> 3674)  ion 2: Seg7 -> Seg4 via J1
    - MERGE  (3674 -> 3754)  ion 2: Seg4 -> T4
[SHUTTLE 8] ion=5  T4 -> T2  route=T4->J1->J2->T2
    - SPLIT  (3834 -> 3954)  ion 5: T4 -> Seg4 (swap_cnt=1, swap_hops=1, ion_hops=0, i1=5, i2=2)
    - MOVE   (3954 -> 3968)  ion 5: Seg4 -> Seg7 via J1
    - MOVE   (3968 -> 3982)  ion 5: Seg7 -> Seg2 via J2
    - MERGE  (3982 -> 4062)  ion 5: Seg2 -> T2
[SHUTTLE 9] ion=0  T4 -> T0  route=T4->J1->J0->T0
    - SPLIT  (4062 -> 4182)  ion 0: T4 -> Seg4 (swap_cnt=1, swap_hops=2, ion_hops=0, i1=0, i2=2)
    - MOVE   (4182 -> 4196)  ion 0: Seg4 -> Seg6 via J1
    - MOVE   (4196 -> 4210)  ion 0: Seg6 -> Seg0 via J0
    - MERGE  (4210 -> 4290)  ion 0: Seg0 -> T0
[SHUTTLE 10] ion=7  T0 -> T4  route=T0->J0->J1->T4
    - SPLIT  (4850 -> 4970)  ion 7: T0 -> Seg0 (swap_cnt=1, swap_hops=6, ion_hops=0, i1=7, i2=0)
    - MOVE   (4970 -> 4984)  ion 7: Seg0 -> Seg6 via J0
    - MOVE   (4984 -> 4998)  ion 7: Seg6 -> Seg4 via J1
    - MERGE  (4998 -> 5078)  ion 7: Seg4 -> T4
[SHUTTLE 11] ion=3  T2 -> T4  route=T2->J2->J1->T4
    - SPLIT  (5238 -> 5358)  ion 3: T2 -> Seg2 (swap_cnt=1, swap_hops=2, ion_hops=0, i1=3, i2=5)
    - MOVE   (5358 -> 5372)  ion 3: Seg2 -> Seg7 via J2
    - MOVE   (5372 -> 5386)  ion 3: Seg7 -> Seg4 via J1
    - MERGE  (5386 -> 5466)  ion 3: Seg4 -> T4
[SHUTTLE 12] ion=7  T4 -> T2  route=T4->J1->J2->T2
    - SPLIT  (5546 -> 5666)  ion 7: T4 -> Seg4 (swap_cnt=1, swap_hops=1, ion_hops=0, i1=7, i2=3)
    - MOVE   (5666 -> 5680)  ion 7: Seg4 -> Seg7 via J1
    - MOVE   (5680 -> 5694)  ion 7: Seg7 -> Seg2 via J2
    - MERGE  (5694 -> 5774)  ion 7: Seg2 -> T2
[SHUTTLE 13] ion=1  T4 -> T0  route=T4->J1->J0->T0
    - SPLIT  (5774 -> 5894)  ion 1: T4 -> Seg4 (swap_cnt=1, swap_hops=2, ion_hops=0, i1=1, i2=3)
    - MOVE   (5894 -> 5908)  ion 1: Seg4 -> Seg6 via J1
    - MOVE   (5908 -> 5922)  ion 1: Seg6 -> Seg0 via J0
    - MERGE  (5922 -> 6002)  ion 1: Seg0 -> T0
[SHUTTLE 14] ion=9  T0 -> T4  route=T0->J0->J1->T4
    - SPLIT  (6482 -> 6602)  ion 9: T0 -> Seg0 (swap_cnt=1, swap_hops=7, ion_hops=0, i1=9, i2=1)
    - MOVE   (6602 -> 6616)  ion 9: Seg0 -> Seg6 via J0
    - MOVE   (6616 -> 6630)  ion 9: Seg6 -> Seg4 via J1
    - MERGE  (6630 -> 6710)  ion 9: Seg4 -> T4
[SHUTTLE 15] ion=4  T2 -> T4  route=T2->J2->J1->T4
    - SPLIT  (6870 -> 6990)  ion 4: T2 -> Seg2 (swap_cnt=1, swap_hops=2, ion_hops=0, i1=4, i2=7)
    - MOVE   (6990 -> 7004)  ion 4: Seg2 -> Seg7 via J2
    - MOVE   (7004 -> 7018)  ion 4: Seg7 -> Seg4 via J1
    - MERGE  (7018 -> 7098)  ion 4: Seg4 -> T4
[SHUTTLE 16] ion=9  T4 -> T2  route=T4->J1->J2->T2
    - SPLIT  (7178 -> 7298)  ion 9: T4 -> Seg4 (swap_cnt=1, swap_hops=1, ion_hops=0, i1=9, i2=4)
    - MOVE   (7298 -> 7312)  ion 9: Seg4 -> Seg7 via J1
    - MOVE   (7312 -> 7326)  ion 9: Seg7 -> Seg2 via J2
    - MERGE  (7326 -> 7406)  ion 9: Seg2 -> T2
[SHUTTLE 17] ion=11  T1 -> T0  route=T1->J1->J0->T0
    - SPLIT  (7406 -> 7526)  ion 11: T1 -> Seg1 (swap_cnt=1, swap_hops=6, ion_hops=0, i1=11, i2=19)
    - MOVE   (7526 -> 7540)  ion 11: Seg1 -> Seg6 via J1
    - MOVE   (7540 -> 7554)  ion 11: Seg6 -> Seg0 via J0
    - MERGE  (7554 -> 7634)  ion 11: Seg0 -> T0
[SHUTTLE 18] ion=11  T0 -> T4  route=T0->J0->J1->T4
    - SPLIT  (8194 -> 8274)  ion 11: T0 -> Seg0 (swap_cnt=0, swap_hops=0, ion_hops=0, i1=0, i2=0)
    - MOVE   (8274 -> 8288)  ion 11: Seg0 -> Seg6 via J0
    - MOVE   (8288 -> 8302)  ion 11: Seg6 -> Seg4 via J1
    - MERGE  (8302 -> 8382)  ion 11: Seg4 -> T4
[SHUTTLE 19] ion=5  T2 -> T4  route=T2->J2->J1->T4
    - SPLIT  (8542 -> 8662)  ion 5: T2 -> Seg2 (swap_cnt=1, swap_hops=2, ion_hops=0, i1=5, i2=9)
    - MOVE   (8662 -> 8676)  ion 5: Seg2 -> Seg7 via J2
    - MOVE   (8676 -> 8690)  ion 5: Seg7 -> Seg4 via J1
    - MERGE  (8690 -> 8770)  ion 5: Seg4 -> T4
[SHUTTLE 20] ion=11  T4 -> T2  route=T4->J1->J2->T2
    - SPLIT  (8850 -> 8970)  ion 11: T4 -> Seg4 (swap_cnt=1, swap_hops=1, ion_hops=0, i1=11, i2=5)
    - MOVE   (8970 -> 8984)  ion 11: Seg4 -> Seg7 via J1
    - MOVE   (8984 -> 8998)  ion 11: Seg7 -> Seg2 via J2
    - MERGE  (8998 -> 9078)  ion 11: Seg2 -> T2
[SHUTTLE 21] ion=12  T3 -> T0  route=T3->J0->T0
    - SPLIT  (9078 -> 9158)  ion 12: T3 -> Seg3 (swap_cnt=0, swap_hops=0, ion_hops=0, i1=0, i2=0)
    - MOVE   (9158 -> 9172)  ion 12: Seg3 -> Seg0 via J0
    - MERGE  (9172 -> 9252)  ion 12: Seg0 -> T0
[SHUTTLE 22] ion=12  T0 -> T4  route=T0->J0->J1->T4
    - SPLIT  (9812 -> 9892)  ion 12: T0 -> Seg0 (swap_cnt=0, swap_hops=0, ion_hops=0, i1=0, i2=0)
    - MOVE   (9892 -> 9906)  ion 12: Seg0 -> Seg6 via J0
    - MOVE   (9906 -> 9920)  ion 12: Seg6 -> Seg4 via J1
    - MERGE  (9920 -> 10000)  ion 12: Seg4 -> T4
[SHUTTLE 23] ion=6  T2 -> T4  route=T2->J2->J1->T4
    - SPLIT  (10240 -> 10360)  ion 6: T2 -> Seg2 (swap_cnt=1, swap_hops=5, ion_hops=0, i1=6, i2=11)
    - MOVE   (10360 -> 10374)  ion 6: Seg2 -> Seg7 via J2
    - MOVE   (10374 -> 10388)  ion 6: Seg7 -> Seg4 via J1
    - MERGE  (10388 -> 10468)  ion 6: Seg4 -> T4
[SHUTTLE 24] ion=12  T4 -> T2  route=T4->J1->J2->T2
    - SPLIT  (10548 -> 10668)  ion 12: T4 -> Seg4 (swap_cnt=1, swap_hops=1, ion_hops=0, i1=12, i2=6)
    - MOVE   (10668 -> 10682)  ion 12: Seg4 -> Seg7 via J1
    - MOVE   (10682 -> 10696)  ion 12: Seg7 -> Seg2 via J2
    - MERGE  (10696 -> 10776)  ion 12: Seg2 -> T2
[SHUTTLE 25] ion=13  T3 -> T0  route=T3->J0->T0
    - SPLIT  (10776 -> 10896)  ion 13: T3 -> Seg3 (swap_cnt=1, swap_hops=5, ion_hops=0, i1=13, i2=14)
    - MOVE   (10896 -> 10910)  ion 13: Seg3 -> Seg0 via J0
    - MERGE  (10910 -> 10990)  ion 13: Seg0 -> T0
[SHUTTLE 26] ion=13  T0 -> T4  route=T0->J0->J1->T4
    - SPLIT  (11550 -> 11630)  ion 13: T0 -> Seg0 (swap_cnt=0, swap_hops=0, ion_hops=0, i1=0, i2=0)
    - MOVE   (11630 -> 11644)  ion 13: Seg0 -> Seg6 via J0
    - MOVE   (11644 -> 11658)  ion 13: Seg6 -> Seg4 via J1
    - MERGE  (11658 -> 11738)  ion 13: Seg4 -> T4
[SHUTTLE 27] ion=7  T2 -> T4  route=T2->J2->J1->T4
    - SPLIT  (12058 -> 12178)  ion 7: T2 -> Seg2 (swap_cnt=1, swap_hops=3, ion_hops=0, i1=7, i2=12)
    - MOVE   (12178 -> 12192)  ion 7: Seg2 -> Seg7 via J2
    - MOVE   (12192 -> 12206)  ion 7: Seg7 -> Seg4 via J1
    - MERGE  (12206 -> 12286)  ion 7: Seg4 -> T4
[SHUTTLE 28] ion=13  T4 -> T2  route=T4->J1->J2->T2
    - SPLIT  (12366 -> 12486)  ion 13: T4 -> Seg4 (swap_cnt=1, swap_hops=1, ion_hops=0, i1=13, i2=7)
    - MOVE   (12486 -> 12500)  ion 13: Seg4 -> Seg7 via J1
    - MOVE   (12500 -> 12514)  ion 13: Seg7 -> Seg2 via J2
    - MERGE  (12514 -> 12594)  ion 13: Seg2 -> T2
[SHUTTLE 29] ion=14  T3 -> T0  route=T3->J0->T0
    - SPLIT  (12594 -> 12674)  ion 14: T3 -> Seg3 (swap_cnt=0, swap_hops=0, ion_hops=0, i1=0, i2=0)
    - MOVE   (12674 -> 12688)  ion 14: Seg3 -> Seg0 via J0
    - MERGE  (12688 -> 12768)  ion 14: Seg0 -> T0
[SHUTTLE 30] ion=14  T0 -> T4  route=T0->J0->J1->T4
    - SPLIT  (13328 -> 13408)  ion 14: T0 -> Seg0 (swap_cnt=0, swap_hops=0, ion_hops=0, i1=0, i2=0)
    - MOVE   (13408 -> 13422)  ion 14: Seg0 -> Seg6 via J0
    - MOVE   (13422 -> 13436)  ion 14: Seg6 -> Seg4 via J1
    - MERGE  (13436 -> 13516)  ion 14: Seg4 -> T4
[SHUTTLE 31] ion=8  T2 -> T4  route=T2->J2->J1->T4
    - SPLIT  (13916 -> 14036)  ion 8: T2 -> Seg2 (swap_cnt=1, swap_hops=6, ion_hops=0, i1=8, i2=13)
    - MOVE   (14036 -> 14050)  ion 8: Seg2 -> Seg7 via J2
    - MOVE   (14050 -> 14064)  ion 8: Seg7 -> Seg4 via J1
    - MERGE  (14064 -> 14144)  ion 8: Seg4 -> T4
[SHUTTLE 32] ion=14  T4 -> T2  route=T4->J1->J2->T2
    - SPLIT  (14224 -> 14344)  ion 14: T4 -> Seg4 (swap_cnt=1, swap_hops=1, ion_hops=0, i1=14, i2=8)
    - MOVE   (14344 -> 14358)  ion 14: Seg4 -> Seg7 via J1
    - MOVE   (14358 -> 14372)  ion 14: Seg7 -> Seg2 via J2
    - MERGE  (14372 -> 14452)  ion 14: Seg2 -> T2
[SHUTTLE 33] ion=2  T4 -> T0  route=T4->J1->J0->T0
    - SPLIT  (14452 -> 14572)  ion 2: T4 -> Seg4 (swap_cnt=1, swap_hops=6, ion_hops=0, i1=2, i2=8)
    - MOVE   (14572 -> 14586)  ion 2: Seg4 -> Seg6 via J1
    - MOVE   (14586 -> 14600)  ion 2: Seg6 -> Seg0 via J0
    - MERGE  (14600 -> 14680)  ion 2: Seg0 -> T0
[SHUTTLE 34] ion=15  T0 -> T4  route=T0->J0->J1->T4
    - SPLIT  (15200 -> 15320)  ion 15: T0 -> Seg0 (swap_cnt=1, swap_hops=4, ion_hops=0, i1=15, i2=2)
    - MOVE   (15320 -> 15334)  ion 15: Seg0 -> Seg6 via J0
    - MOVE   (15334 -> 15348)  ion 15: Seg6 -> Seg4 via J1
    - MERGE  (15348 -> 15428)  ion 15: Seg4 -> T4
[SHUTTLE 35] ion=10  T2 -> T4  route=T2->J2->J1->T4
    - SPLIT  (15748 -> 15868)  ion 10: T2 -> Seg2 (swap_cnt=1, swap_hops=7, ion_hops=0, i1=10, i2=14)
    - MOVE   (15868 -> 15882)  ion 10: Seg2 -> Seg7 via J2
    - MOVE   (15882 -> 15896)  ion 10: Seg7 -> Seg4 via J1
    - MERGE  (15896 -> 15976)  ion 10: Seg4 -> T4
[SHUTTLE 36] ion=3  T4 -> T0  route=T4->J1->J0->T0
    - SPLIT  (16056 -> 16176)  ion 3: T4 -> Seg4 (swap_cnt=1, swap_hops=7, ion_hops=0, i1=3, i2=10)
    - MOVE   (16176 -> 16190)  ion 3: Seg4 -> Seg6 via J1
    - MOVE   (16190 -> 16204)  ion 3: Seg6 -> Seg0 via J0
    - MERGE  (16204 -> 16284)  ion 3: Seg0 -> T0
[SHUTTLE 37] ion=16  T0 -> T4  route=T0->J0->J1->T4
    - SPLIT  (16604 -> 16724)  ion 16: T0 -> Seg0 (swap_cnt=1, swap_hops=4, ion_hops=0, i1=16, i2=3)
    - MOVE   (16724 -> 16738)  ion 16: Seg0 -> Seg6 via J0
    - MOVE   (16738 -> 16752)  ion 16: Seg6 -> Seg4 via J1
    - MERGE  (16752 -> 16832)  ion 16: Seg4 -> T4
[SHUTTLE 38] ion=17  T1 -> T0  route=T1->J1->J0->T0
    - SPLIT  (16832 -> 16952)  ion 17: T1 -> Seg1 (swap_cnt=1, swap_hops=5, ion_hops=0, i1=17, i2=19)
    - MOVE   (16952 -> 16966)  ion 17: Seg1 -> Seg6 via J1
    - MOVE   (16966 -> 16980)  ion 17: Seg6 -> Seg0 via J0
    - MERGE  (16980 -> 17060)  ion 17: Seg0 -> T0
[SHUTTLE 39] ion=4  T4 -> T1  route=T4->J1->T1
    - SPLIT  (17540 -> 17660)  ion 4: T4 -> Seg4 (swap_cnt=1, swap_hops=7, ion_hops=0, i1=4, i2=16)
    - MOVE   (17660 -> 17674)  ion 4: Seg4 -> Seg1 via J1
    - MERGE  (17674 -> 17754)  ion 4: Seg1 -> T1
[SHUTTLE 40] ion=17  T0 -> T1  route=T0->J0->J1->T1
    - SPLIT  (17754 -> 17834)  ion 17: T0 -> Seg0 (swap_cnt=0, swap_hops=0, ion_hops=0, i1=0, i2=0)
    - MOVE   (17834 -> 17848)  ion 17: Seg0 -> Seg6 via J0
    - MOVE   (17848 -> 17862)  ion 17: Seg6 -> Seg1 via J1
    - MERGE  (17862 -> 17942)  ion 17: Seg1 -> T1
[SHUTTLE 41] ion=5  T4 -> T1  route=T4->J1->T1
    - SPLIT  (18222 -> 18342)  ion 5: T4 -> Seg4 (swap_cnt=1, swap_hops=6, ion_hops=0, i1=5, i2=16)
    - MOVE   (18342 -> 18356)  ion 5: Seg4 -> Seg1 via J1
    - MERGE  (18422 -> 18502)  ion 5: Seg1 -> T1
[SHUTTLE 42] ion=17  T1 -> T4  route=T1->J1->T4
    - SPLIT  (18982 -> 19102)  ion 17: T1 -> Seg1 (swap_cnt=1, swap_hops=1, ion_hops=0, i1=17, i2=5)
    - MOVE   (19102 -> 19116)  ion 17: Seg1 -> Seg4 via J1
    - MERGE  (19116 -> 19196)  ion 17: Seg4 -> T4
[SHUTTLE 43] ion=17  T4 -> T2  route=T4->J1->J2->T2
    - SPLIT  (19676 -> 19756)  ion 17: T4 -> Seg4 (swap_cnt=0, swap_hops=0, ion_hops=0, i1=0, i2=0)
    - MOVE   (19756 -> 19770)  ion 17: Seg4 -> Seg7 via J1
    - MOVE   (19770 -> 19784)  ion 17: Seg7 -> Seg2 via J2
    - MERGE  (19784 -> 19864)  ion 17: Seg2 -> T2
[SHUTTLE 44] ion=18  T3 -> T0  route=T3->J0->T0
    - SPLIT  (19864 -> 19944)  ion 18: T3 -> Seg3 (swap_cnt=0, swap_hops=0, ion_hops=0, i1=0, i2=0)
    - MOVE   (19944 -> 19958)  ion 18: Seg3 -> Seg0 via J0
    - MERGE  (19958 -> 20038)  ion 18: Seg0 -> T0
[SHUTTLE 45] ion=18  T0 -> T1  route=T0->J0->J1->T1
    - SPLIT  (20598 -> 20678)  ion 18: T0 -> Seg0 (swap_cnt=0, swap_hops=0, ion_hops=0, i1=0, i2=0)
    - MOVE   (20678 -> 20692)  ion 18: Seg0 -> Seg6 via J0
    - MOVE   (20692 -> 20706)  ion 18: Seg6 -> Seg1 via J1
    - MERGE  (20706 -> 20786)  ion 18: Seg1 -> T1
[SHUTTLE 46] ion=18  T1 -> T4  route=T1->J1->T4
    - SPLIT  (21266 -> 21346)  ion 18: T1 -> Seg1 (swap_cnt=0, swap_hops=0, ion_hops=0, i1=0, i2=0)
    - MOVE   (21346 -> 21360)  ion 18: Seg1 -> Seg4 via J1
    - MERGE  (21360 -> 21440)  ion 18: Seg4 -> T4
[SHUTTLE 47] ion=9  T2 -> T4  route=T2->J2->J1->T4
    - SPLIT  (21920 -> 22040)  ion 9: T2 -> Seg2 (swap_cnt=1, swap_hops=5, ion_hops=0, i1=9, i2=17)
    - MOVE   (22040 -> 22054)  ion 9: Seg2 -> Seg7 via J2
    - MOVE   (22054 -> 22068)  ion 9: Seg7 -> Seg4 via J1
    - MERGE  (22068 -> 22148)  ion 9: Seg4 -> T4
[SHUTTLE 48] ion=18  T4 -> T2  route=T4->J1->J2->T2
    - SPLIT  (22228 -> 22348)  ion 18: T4 -> Seg4 (swap_cnt=1, swap_hops=1, ion_hops=0, i1=18, i2=9)
    - MOVE   (22348 -> 22362)  ion 18: Seg4 -> Seg7 via J1
    - MOVE   (22362 -> 22376)  ion 18: Seg7 -> Seg2 via J2
    - MERGE  (22376 -> 22456)  ion 18: Seg2 -> T2
[SHUTTLE 49] ion=19  T1 -> T0  route=T1->J1->J0->T0
    - SPLIT  (22456 -> 22576)  ion 19: T1 -> Seg1 (swap_cnt=1, swap_hops=2, ion_hops=0, i1=19, i2=5)
    - MOVE   (22576 -> 22590)  ion 19: Seg1 -> Seg6 via J1
    - MOVE   (22590 -> 22604)  ion 19: Seg6 -> Seg0 via J0
    - MERGE  (22604 -> 22684)  ion 19: Seg0 -> T0
[SHUTTLE 50] ion=19  T0 -> T4  route=T0->J0->J1->T4
    - SPLIT  (23164 -> 23244)  ion 19: T0 -> Seg0 (swap_cnt=0, swap_hops=0, ion_hops=0, i1=0, i2=0)
    - MOVE   (23244 -> 23258)  ion 19: Seg0 -> Seg6 via J0
    - MOVE   (23258 -> 23272)  ion 19: Seg6 -> Seg4 via J1
    - MERGE  (23272 -> 23352)  ion 19: Seg4 -> T4
[SHUTTLE 51] ion=12  T2 -> T1  route=T2->J2->J1->T1
    - SPLIT  (23912 -> 24032)  ion 12: T2 -> Seg2 (swap_cnt=1, swap_hops=4, ion_hops=0, i1=12, i2=18)
    - MOVE   (24032 -> 24046)  ion 12: Seg2 -> Seg7 via J2
    - MOVE   (24046 -> 24060)  ion 12: Seg7 -> Seg1 via J1
    - MERGE  (24060 -> 24140)  ion 12: Seg1 -> T1
[SHUTTLE 52] ion=19  T4 -> T1  route=T4->J1->T1
    - SPLIT  (24140 -> 24220)  ion 19: T4 -> Seg4 (swap_cnt=0, swap_hops=0, ion_hops=0, i1=0, i2=0)
    - MOVE   (24220 -> 24234)  ion 19: Seg4 -> Seg1 via J1
    - MERGE  (24234 -> 24314)  ion 19: Seg1 -> T1
[SHUTTLE 53] ion=19  T1 -> T2  route=T1->J1->J2->T2
    - SPLIT  (24834 -> 24914)  ion 19: T1 -> Seg1 (swap_cnt=0, swap_hops=0, ion_hops=0, i1=0, i2=0)
    - MOVE   (24914 -> 24928)  ion 19: Seg1 -> Seg7 via J1
    - MOVE   (24928 -> 24942)  ion 19: Seg7 -> Seg2 via J2
    - MERGE  (24942 -> 25022)  ion 19: Seg2 -> T2
[SHUTTLE 54] ion=20  T3 -> T0  route=T3->J0->T0
    - SPLIT  (25022 -> 25142)  ion 20: T3 -> Seg3 (swap_cnt=1, swap_hops=1, ion_hops=0, i1=20, i2=22)
    - MOVE   (25142 -> 25156)  ion 20: Seg3 -> Seg0 via J0
    - MERGE  (25156 -> 25236)  ion 20: Seg0 -> T0
[SHUTTLE 55] ion=20  T0 -> T1  route=T0->J0->J1->T1
    - SPLIT  (25796 -> 25876)  ion 20: T0 -> Seg0 (swap_cnt=0, swap_hops=0, ion_hops=0, i1=0, i2=0)
    - MOVE   (25876 -> 25890)  ion 20: Seg0 -> Seg6 via J0
    - MOVE   (25890 -> 25904)  ion 20: Seg6 -> Seg1 via J1
    - MERGE  (25904 -> 25984)  ion 20: Seg1 -> T1
[SHUTTLE 56] ion=20  T1 -> T4  route=T1->J1->T4
    - SPLIT  (26384 -> 26464)  ion 20: T1 -> Seg1 (swap_cnt=0, swap_hops=0, ion_hops=0, i1=0, i2=0)
    - MOVE   (26464 -> 26478)  ion 20: Seg1 -> Seg4 via J1
    - MERGE  (26478 -> 26558)  ion 20: Seg4 -> T4
[SHUTTLE 57] ion=11  T2 -> T5  route=T2->J2->T5
    - SPLIT  (27118 -> 27238)  ion 11: T2 -> Seg2 (swap_cnt=1, swap_hops=5, ion_hops=0, i1=11, i2=19)
    - MOVE   (27238 -> 27252)  ion 11: Seg2 -> Seg5 via J2
    - MERGE  (27252 -> 27332)  ion 11: Seg5 -> T5
[SHUTTLE 58] ion=20  T4 -> T5  route=T4->J1->J2->T5
    - SPLIT  (27332 -> 27412)  ion 20: T4 -> Seg4 (swap_cnt=0, swap_hops=0, ion_hops=0, i1=0, i2=0)
    - MOVE   (27412 -> 27426)  ion 20: Seg4 -> Seg7 via J1
    - MOVE   (27426 -> 27440)  ion 20: Seg7 -> Seg5 via J2
    - MERGE  (27440 -> 27520)  ion 20: Seg5 -> T5
[SHUTTLE 59] ion=20  T5 -> T2  route=T5->J2->T2
    - SPLIT  (27720 -> 27800)  ion 20: T5 -> Seg5 (swap_cnt=0, swap_hops=0, ion_hops=0, i1=0, i2=0)
    - MOVE   (27800 -> 27814)  ion 20: Seg5 -> Seg2 via J2
    - MERGE  (27814 -> 27894)  ion 20: Seg2 -> T2
[SHUTTLE 60] ion=21  T1 -> T0  route=T1->J1->J0->T0
    - SPLIT  (27894 -> 28014)  ion 21: T1 -> Seg1 (swap_cnt=1, swap_hops=5, ion_hops=0, i1=21, i2=12)
    - MOVE   (28014 -> 28028)  ion 21: Seg1 -> Seg6 via J1
    - MOVE   (28028 -> 28042)  ion 21: Seg6 -> Seg0 via J0
    - MERGE  (28042 -> 28122)  ion 21: Seg0 -> T0
[SHUTTLE 61] ion=21  T0 -> T4  route=T0->J0->J1->T4
    - SPLIT  (28602 -> 28682)  ion 21: T0 -> Seg0 (swap_cnt=0, swap_hops=0, ion_hops=0, i1=0, i2=0)
    - MOVE   (28682 -> 28696)  ion 21: Seg0 -> Seg6 via J0
    - MOVE   (28696 -> 28710)  ion 21: Seg6 -> Seg4 via J1
    - MERGE  (28710 -> 28790)  ion 21: Seg4 -> T4
[SHUTTLE 62] ion=13  T2 -> T1  route=T2->J2->J1->T1
    - SPLIT  (29470 -> 29590)  ion 13: T2 -> Seg2 (swap_cnt=1, swap_hops=5, ion_hops=0, i1=13, i2=20)
    - MOVE   (29590 -> 29604)  ion 13: Seg2 -> Seg7 via J2
    - MOVE   (29604 -> 29618)  ion 13: Seg7 -> Seg1 via J1
    - MERGE  (29618 -> 29698)  ion 13: Seg1 -> T1
[SHUTTLE 63] ion=21  T4 -> T1  route=T4->J1->T1
    - SPLIT  (29698 -> 29778)  ion 21: T4 -> Seg4 (swap_cnt=0, swap_hops=0, ion_hops=0, i1=0, i2=0)
    - MOVE   (29778 -> 29792)  ion 21: Seg4 -> Seg1 via J1
    - MERGE  (29792 -> 29872)  ion 21: Seg1 -> T1
[SHUTTLE 64] ion=21  T1 -> T2  route=T1->J1->J2->T2
    - SPLIT  (30192 -> 30272)  ion 21: T1 -> Seg1 (swap_cnt=0, swap_hops=0, ion_hops=0, i1=0, i2=0)
    - MOVE   (30272 -> 30286)  ion 21: Seg1 -> Seg7 via J1
    - MOVE   (30286 -> 30300)  ion 21: Seg7 -> Seg2 via J2
    - MERGE  (30300 -> 30380)  ion 21: Seg2 -> T2
[SHUTTLE 65] ion=22  T3 -> T0  route=T3->J0->T0
    - SPLIT  (30380 -> 30460)  ion 22: T3 -> Seg3 (swap_cnt=0, swap_hops=0, ion_hops=0, i1=0, i2=0)
    - MOVE   (30460 -> 30474)  ion 22: Seg3 -> Seg0 via J0
    - MERGE  (30474 -> 30554)  ion 22: Seg0 -> T0
[SHUTTLE 66] ion=22  T0 -> T1  route=T0->J0->J1->T1
    - SPLIT  (31114 -> 31194)  ion 22: T0 -> Seg0 (swap_cnt=0, swap_hops=0, ion_hops=0, i1=0, i2=0)
    - MOVE   (31194 -> 31208)  ion 22: Seg0 -> Seg6 via J0
    - MOVE   (31208 -> 31222)  ion 22: Seg6 -> Seg1 via J1
    - MERGE  (31222 -> 31302)  ion 22: Seg1 -> T1
[SHUTTLE 67] ion=22  T1 -> T4  route=T1->J1->T4
    - SPLIT  (31622 -> 31702)  ion 22: T1 -> Seg1 (swap_cnt=0, swap_hops=0, ion_hops=0, i1=0, i2=0)
    - MOVE   (31702 -> 31716)  ion 22: Seg1 -> Seg4 via J1
    - MERGE  (31716 -> 31796)  ion 22: Seg4 -> T4
[SHUTTLE 68] ion=22  T4 -> T5  route=T4->J1->J2->T5
    - SPLIT  (32476 -> 32556)  ion 22: T4 -> Seg4 (swap_cnt=0, swap_hops=0, ion_hops=0, i1=0, i2=0)
    - MOVE   (32556 -> 32570)  ion 22: Seg4 -> Seg7 via J1
    - MOVE   (32570 -> 32584)  ion 22: Seg7 -> Seg5 via J2
    - MERGE  (32584 -> 32664)  ion 22: Seg5 -> T5
[SHUTTLE 69] ion=17  T2 -> T5  route=T2->J2->T5
    - SPLIT  (32744 -> 32864)  ion 17: T2 -> Seg2 (swap_cnt=1, swap_hops=4, ion_hops=0, i1=17, i2=21)
    - MOVE   (32864 -> 32878)  ion 17: Seg2 -> Seg5 via J2
    - MERGE  (32878 -> 32958)  ion 17: Seg5 -> T5
[SHUTTLE 70] ion=22  T5 -> T2  route=T5->J2->T2
    - SPLIT  (33038 -> 33158)  ion 22: T5 -> Seg5 (swap_cnt=1, swap_hops=1, ion_hops=0, i1=22, i2=17)
    - MOVE   (33158 -> 33172)  ion 22: Seg5 -> Seg2 via J2
    - MERGE  (33172 -> 33252)  ion 22: Seg2 -> T2
[SHUTTLE 71] ion=23  T1 -> T0  route=T1->J1->J0->T0
    - SPLIT  (33252 -> 33372)  ion 23: T1 -> Seg1 (swap_cnt=1, swap_hops=4, ion_hops=0, i1=23, i2=13)
    - MOVE   (33372 -> 33386)  ion 23: Seg1 -> Seg6 via J1
    - MOVE   (33386 -> 33400)  ion 23: Seg6 -> Seg0 via J0
    - MERGE  (33400 -> 33480)  ion 23: Seg0 -> T0
[SHUTTLE 72] ion=23  T0 -> T4  route=T0->J0->J1->T4
    - SPLIT  (33960 -> 34040)  ion 23: T0 -> Seg0 (swap_cnt=0, swap_hops=0, ion_hops=0, i1=0, i2=0)
    - MOVE   (34040 -> 34054)  ion 23: Seg0 -> Seg6 via J0
    - MOVE   (34054 -> 34068)  ion 23: Seg6 -> Seg4 via J1
    - MERGE  (34068 -> 34148)  ion 23: Seg4 -> T4
[SHUTTLE 73] ion=14  T2 -> T1  route=T2->J2->J1->T1
    - SPLIT  (34828 -> 34948)  ion 14: T2 -> Seg2 (swap_cnt=1, swap_hops=5, ion_hops=0, i1=14, i2=22)
    - MOVE   (34948 -> 34962)  ion 14: Seg2 -> Seg7 via J2
    - MOVE   (34962 -> 34976)  ion 14: Seg7 -> Seg1 via J1
    - MERGE  (34976 -> 35056)  ion 14: Seg1 -> T1
[SHUTTLE 74] ion=23  T4 -> T1  route=T4->J1->T1
    - SPLIT  (35056 -> 35136)  ion 23: T4 -> Seg4 (swap_cnt=0, swap_hops=0, ion_hops=0, i1=0, i2=0)
    - MOVE   (35136 -> 35150)  ion 23: Seg4 -> Seg1 via J1
    - MERGE  (35150 -> 35230)  ion 23: Seg1 -> T1
[SHUTTLE 75] ion=24  T1 -> T0  route=T1->J1->J0->T0
    - SPLIT  (35470 -> 35590)  ion 24: T1 -> Seg1 (swap_cnt=1, swap_hops=7, ion_hops=0, i1=24, i2=23)
    - MOVE   (35590 -> 35604)  ion 24: Seg1 -> Seg6 via J1
    - MOVE   (35604 -> 35618)  ion 24: Seg6 -> Seg0 via J0
    - MERGE  (35618 -> 35698)  ion 24: Seg0 -> T0
[SHUTTLE 76] ion=24  T0 -> T4  route=T0->J0->J1->T4
    - SPLIT  (36178 -> 36258)  ion 24: T0 -> Seg0 (swap_cnt=0, swap_hops=0, ion_hops=0, i1=0, i2=0)
    - MOVE   (36258 -> 36272)  ion 24: Seg0 -> Seg6 via J0
    - MOVE   (36272 -> 36286)  ion 24: Seg6 -> Seg4 via J1
    - MERGE  (36286 -> 36366)  ion 24: Seg4 -> T4
[SHUTTLE 77] ion=15  T4 -> T2  route=T4->J1->J2->T2
    - SPLIT  (37046 -> 37166)  ion 15: T4 -> Seg4 (swap_cnt=1, swap_hops=4, ion_hops=0, i1=15, i2=24)
    - MOVE   (37166 -> 37180)  ion 15: Seg4 -> Seg7 via J1
    - MOVE   (37180 -> 37194)  ion 15: Seg7 -> Seg2 via J2
    - MERGE  (37194 -> 37274)  ion 15: Seg2 -> T2
[SHUTTLE 78] ion=25  T2 -> T4  route=T2->J2->J1->T4
    - SPLIT  (37434 -> 37554)  ion 25: T2 -> Seg2 (swap_cnt=1, swap_hops=6, ion_hops=0, i1=25, i2=15)
    - MOVE   (37554 -> 37568)  ion 25: Seg2 -> Seg7 via J2
    - MOVE   (37568 -> 37582)  ion 25: Seg7 -> Seg4 via J1
    - MERGE  (37582 -> 37662)  ion 25: Seg4 -> T4
[SHUTTLE 79] ion=25  T4 -> T1  route=T4->J1->T1
    - SPLIT  (37822 -> 37902)  ion 25: T4 -> Seg4 (swap_cnt=0, swap_hops=0, ion_hops=0, i1=0, i2=0)
    - MOVE   (37902 -> 37916)  ion 25: Seg4 -> Seg1 via J1
    - MERGE  (37916 -> 37996)  ion 25: Seg1 -> T1
[SHUTTLE 80] ion=4  T1 -> T0  route=T1->J1->J0->T0
    - SPLIT  (38156 -> 38276)  ion 4: T1 -> Seg1 (swap_cnt=1, swap_hops=6, ion_hops=0, i1=4, i2=25)
    - MOVE   (38276 -> 38290)  ion 4: Seg1 -> Seg6 via J1
    - MOVE   (38290 -> 38304)  ion 4: Seg6 -> Seg0 via J0
    - MERGE  (38304 -> 38384)  ion 4: Seg0 -> T0
[SHUTTLE 81] ion=26  T0 -> T4  route=T0->J0->J1->T4
    - SPLIT  (38744 -> 38864)  ion 26: T0 -> Seg0 (swap_cnt=1, swap_hops=5, ion_hops=0, i1=26, i2=4)
    - MOVE   (38864 -> 38878)  ion 26: Seg0 -> Seg6 via J0
    - MOVE   (38878 -> 38892)  ion 26: Seg6 -> Seg4 via J1
    - MERGE  (38892 -> 38972)  ion 26: Seg4 -> T4
[SHUTTLE 82] ion=26  T4 -> T1  route=T4->J1->T1
    - SPLIT  (39212 -> 39292)  ion 26: T4 -> Seg4 (swap_cnt=0, swap_hops=0, ion_hops=0, i1=0, i2=0)
    - MOVE   (39292 -> 39306)  ion 26: Seg4 -> Seg1 via J1
    - MERGE  (39306 -> 39386)  ion 26: Seg1 -> T1
[SHUTTLE 83] ion=6  T4 -> T0  route=T4->J1->J0->T0
    - SPLIT  (39386 -> 39506)  ion 6: T4 -> Seg4 (swap_cnt=1, swap_hops=6, ion_hops=0, i1=6, i2=24)
    - MOVE   (39506 -> 39520)  ion 6: Seg4 -> Seg6 via J1
    - MOVE   (39520 -> 39534)  ion 6: Seg6 -> Seg0 via J0
    - MERGE  (39534 -> 39614)  ion 6: Seg0 -> T0
[SHUTTLE 84] ion=27  T0 -> T4  route=T0->J0->J1->T4
    - SPLIT  (39774 -> 39894)  ion 27: T0 -> Seg0 (swap_cnt=1, swap_hops=6, ion_hops=0, i1=27, i2=6)
    - MOVE   (39894 -> 39908)  ion 27: Seg0 -> Seg6 via J0
    - MOVE   (39908 -> 39922)  ion 27: Seg6 -> Seg4 via J1
    - MERGE  (39922 -> 40002)  ion 27: Seg4 -> T4
[SHUTTLE 85] ion=25  T1 -> T4  route=T1->J1->T4
    - SPLIT  (40162 -> 40282)  ion 25: T1 -> Seg1 (swap_cnt=1, swap_hops=1, ion_hops=0, i1=25, i2=26)
    - MOVE   (40282 -> 40296)  ion 25: Seg1 -> Seg4 via J1
    - MERGE  (40296 -> 40376)  ion 25: Seg4 -> T4
[SHUTTLE 86] ion=28  T1 -> T0  route=T1->J1->J0->T0
    - SPLIT  (40376 -> 40496)  ion 28: T1 -> Seg1 (swap_cnt=1, swap_hops=6, ion_hops=0, i1=28, i2=26)
    - MOVE   (40496 -> 40510)  ion 28: Seg1 -> Seg6 via J1
    - MOVE   (40510 -> 40524)  ion 28: Seg6 -> Seg0 via J0
    - MERGE  (40524 -> 40604)  ion 28: Seg0 -> T0
[SHUTTLE 87] ion=7  T4 -> T1  route=T4->J1->T1
    - SPLIT  (41004 -> 41124)  ion 7: T4 -> Seg4 (swap_cnt=1, swap_hops=7, ion_hops=0, i1=7, i2=25)
    - MOVE   (41124 -> 41138)  ion 7: Seg4 -> Seg1 via J1
    - MERGE  (41138 -> 41218)  ion 7: Seg1 -> T1
[SHUTTLE 88] ion=28  T0 -> T1  route=T0->J0->J1->T1
    - SPLIT  (41218 -> 41298)  ion 28: T0 -> Seg0 (swap_cnt=0, swap_hops=0, ion_hops=0, i1=0, i2=0)
    - MOVE   (41298 -> 41312)  ion 28: Seg0 -> Seg6 via J0
    - MOVE   (41312 -> 41326)  ion 28: Seg6 -> Seg1 via J1
    - MERGE  (41326 -> 41406)  ion 28: Seg1 -> T1
[SHUTTLE 89] ion=28  T1 -> T4  route=T1->J1->T4
    - SPLIT  (41486 -> 41566)  ion 28: T1 -> Seg1 (swap_cnt=0, swap_hops=0, ion_hops=0, i1=0, i2=0)
    - MOVE   (41566 -> 41580)  ion 28: Seg1 -> Seg4 via J1
    - MERGE  (41580 -> 41660)  ion 28: Seg4 -> T4
[SHUTTLE 90] ion=28  T4 -> T2  route=T4->J1->J2->T2
    - SPLIT  (42060 -> 42140)  ion 28: T4 -> Seg4 (swap_cnt=0, swap_hops=0, ion_hops=0, i1=0, i2=0)
    - MOVE   (42140 -> 42154)  ion 28: Seg4 -> Seg7 via J1
    - MOVE   (42154 -> 42168)  ion 28: Seg7 -> Seg2 via J2
    - MERGE  (42168 -> 42248)  ion 28: Seg2 -> T2
[SHUTTLE 91] ion=8  T4 -> T0  route=T4->J1->J0->T0
    - SPLIT  (42248 -> 42368)  ion 8: T4 -> Seg4 (swap_cnt=1, swap_hops=6, ion_hops=0, i1=8, i2=25)
    - MOVE   (42368 -> 42382)  ion 8: Seg4 -> Seg6 via J1
    - MOVE   (42382 -> 42396)  ion 8: Seg6 -> Seg0 via J0
    - MERGE  (42396 -> 42476)  ion 8: Seg0 -> T0
[SHUTTLE 92] ion=29  T0 -> T4  route=T0->J0->J1->T4
    - SPLIT  (42556 -> 42676)  ion 29: T0 -> Seg0 (swap_cnt=1, swap_hops=7, ion_hops=0, i1=29, i2=8)
    - MOVE   (42676 -> 42690)  ion 29: Seg0 -> Seg6 via J0
    - MOVE   (42690 -> 42704)  ion 29: Seg6 -> Seg4 via J1
    - MERGE  (42704 -> 42784)  ion 29: Seg4 -> T4
[SHUTTLE 93] ion=30  T2 -> T4  route=T2->J2->J1->T4
    - SPLIT  (42784 -> 42904)  ion 30: T2 -> Seg2 (swap_cnt=1, swap_hops=7, ion_hops=0, i1=30, i2=28)
    - MOVE   (42904 -> 42918)  ion 30: Seg2 -> Seg7 via J2
    - MOVE   (42918 -> 42932)  ion 30: Seg7 -> Seg4 via J1
    - MERGE  (42944 -> 43024)  ion 30: Seg4 -> T4
[SHUTTLE 94] ion=30  T4 -> T1  route=T4->J1->T1
    - SPLIT  (43344 -> 43424)  ion 30: T4 -> Seg4 (swap_cnt=0, swap_hops=0, ion_hops=0, i1=0, i2=0)
    - MOVE   (43424 -> 43438)  ion 30: Seg4 -> Seg1 via J1
    - MERGE  (43438 -> 43518)  ion 30: Seg1 -> T1
[SHUTTLE 95] ion=31  T3 -> T0  route=T3->J0->T0
    - SPLIT  (43518 -> 43598)  ion 31: T3 -> Seg3 (swap_cnt=0, swap_hops=0, ion_hops=0, i1=0, i2=0)
    - MOVE   (43598 -> 43612)  ion 31: Seg3 -> Seg0 via J0
    - MERGE  (43612 -> 43692)  ion 31: Seg0 -> T0
[SHUTTLE 96] ion=5  T1 -> T3  route=T1->J1->J0->T3
    - SPLIT  (44292 -> 44412)  ion 5: T1 -> Seg1 (swap_cnt=1, swap_hops=7, ion_hops=0, i1=5, i2=30)
    - MOVE   (44412 -> 44426)  ion 5: Seg1 -> Seg6 via J1
    - MOVE   (44426 -> 44440)  ion 5: Seg6 -> Seg3 via J0
    - MERGE  (44440 -> 44520)  ion 5: Seg3 -> T3
[SHUTTLE 97] ion=31  T0 -> T3  route=T0->J0->T3
    - SPLIT  (44520 -> 44600)  ion 31: T0 -> Seg0 (swap_cnt=0, swap_hops=0, ion_hops=0, i1=0, i2=0)
    - MOVE   (44600 -> 44614)  ion 31: Seg0 -> Seg3 via J0
    - MERGE  (44614 -> 44694)  ion 31: Seg3 -> T3
[SHUTTLE 98] ion=31  T3 -> T1  route=T3->J0->J1->T1
    - SPLIT  (44774 -> 44854)  ion 31: T3 -> Seg3 (swap_cnt=0, swap_hops=0, ion_hops=0, i1=0, i2=0)
    - MOVE   (44854 -> 44868)  ion 31: Seg3 -> Seg6 via J0
    - MOVE   (44868 -> 44882)  ion 31: Seg6 -> Seg1 via J1
    - MERGE  (44882 -> 44962)  ion 31: Seg1 -> T1
[SHUTTLE 99] ion=31  T1 -> T4  route=T1->J1->T4
    - SPLIT  (45282 -> 45362)  ion 31: T1 -> Seg1 (swap_cnt=0, swap_hops=0, ion_hops=0, i1=0, i2=0)
    - MOVE   (45362 -> 45376)  ion 31: Seg1 -> Seg4 via J1
    - MERGE  (45376 -> 45456)  ion 31: Seg4 -> T4
[SHUTTLE 100] ion=31  T4 -> T5  route=T4->J1->J2->T5
    - SPLIT  (46016 -> 46096)  ion 31: T4 -> Seg4 (swap_cnt=0, swap_hops=0, ion_hops=0, i1=0, i2=0)
    - MOVE   (46096 -> 46110)  ion 31: Seg4 -> Seg7 via J1
    - MOVE   (46110 -> 46124)  ion 31: Seg7 -> Seg5 via J2
    - MERGE  (46124 -> 46204)  ion 31: Seg5 -> T5
[SHUTTLE 101] ion=31  T5 -> T2  route=T5->J2->T2
    - SPLIT  (46364 -> 46444)  ion 31: T5 -> Seg5 (swap_cnt=0, swap_hops=0, ion_hops=0, i1=0, i2=0)
    - MOVE   (46444 -> 46458)  ion 31: Seg5 -> Seg2 via J2
    - MERGE  (46458 -> 46538)  ion 31: Seg2 -> T2
SplitSWAP: 60
SchedulerFiredShuttle: 102
ReportedTotalShuttle: 102
----------------
SUMMARY|program=programs\qft32_swap|machine=G2x3|version=V2|mapper=SABRE2|scale=SMALL|total_shuttle=102|execution_time_us=47038|fidelity=0.05065090881942208|trap_capacity=8|lookahead_k=None|swap_threshold=None|num_optical_zones=1|max_qubits_per_qccd=32|enable_swap_insert=0|num_modules=0|remote_gate_count=None|compile_time_s=28.014832|logical_shuttle_count=86|physical_shuttle_leg_count=102|split_count=102|merge_count=102|move_count=174
