Simulation
Program:           programs\QFT32.qasm
Machine:           G2x3
Model:             MUSS_Params
Ions/Region:       8
Mapper:            SABRE
Reorder:           Naive
SerialTrap:        1
SerialComm:        1
SerialAll:         1
GateType:          FM
SwapType:          PaperSwapDirect
Scheduler Family:  MUSS
Scheduler Version: V2
Analyzer Mode:     PAPER
Arch Scale:        SMALL
parse object map:
{1: [1, 0], 2: [1, 0], 4: [2, 0], 5: [2, 0], 6: [2, 1], 7: [2, 1], 9: [3, 0], 10: [3, 0], 11: [3, 1], 12: [3, 1], 13: [3, 2], 14: [3, 2], 16: [4, 0], 17: [4, 0], 18: [4, 1], 19: [4, 1], 20: [4, 2], 21: [4, 2], 22: [4, 3], 23: [4, 3], 25: [5, 0], 26: [5, 0], 27: [5, 1], 28: [5, 1], 29: [5, 2], 30: [5, 2], 31: [5, 3], 32: [5, 3], 33: [5, 4], 34: [5, 4], 36: [6, 0], 37: [6, 0], 38: [6, 1], 39: [6, 1], 40: [6, 2], 41: [6, 2], 42: [6, 3], 43: [6, 3], 44: [6, 4], 45: [6, 4], 46: [6, 5], 47: [6, 5], 49: [7, 0], 50: [7, 0], 51: [7, 1], 52: [7, 1], 53: [7, 2], 54: [7, 2], 55: [7, 3], 56: [7, 3], 57: [7, 4], 58: [7, 4], 59: [7, 5], 60: [7, 5], 61: [7, 6], 62: [7, 6], 64: [8, 0], 65: [8, 0], 66: [8, 1], 67: [8, 1], 68: [8, 2], 69: [8, 2], 70: [8, 3], 71: [8, 3], 72: [8, 4], 73: [8, 4], 74: [8, 5], 75: [8, 5], 76: [8, 6], 77: [8, 6], 78: [8, 7], 79: [8, 7], 81: [9, 0], 82: [9, 0], 83: [9, 1], 84: [9, 1], 85: [9, 2], 86: [9, 2], 87: [9, 3], 88: [9, 3], 89: [9, 4], 90: [9, 4], 91: [9, 5], 92: [9, 5], 93: [9, 6], 94: [9, 6], 95: [9, 7], 96: [9, 7], 97: [9, 8], 98: [9, 8], 100: [10, 0], 101: [10, 0], 102: [10, 1], 103: [10, 1], 104: [10, 2], 105: [10, 2], 106: [10, 3], 107: [10, 3], 108: [10, 4], 109: [10, 4], 110: [10, 5], 111: [10, 5], 112: [10, 6], 113: [10, 6], 114: [10, 7], 115: [10, 7], 116: [10, 8], 117: [10, 8], 118: [10, 9], 119: [10, 9], 121: [11, 0], 122: [11, 0], 123: [11, 1], 124: [11, 1], 125: [11, 2], 126: [11, 2], 127: [11, 3], 128: [11, 3], 129: [11, 4], 130: [11, 4], 131: [11, 5], 132: [11, 5], 133: [11, 6], 134: [11, 6], 135: [11, 7], 136: [11, 7], 137: [11, 8], 138: [11, 8], 139: [11, 9], 140: [11, 9], 141: [11, 10], 142: [11, 10], 144: [12, 0], 145: [12, 0], 146: [12, 1], 147: [12, 1], 148: [12, 2], 149: [12, 2], 150: [12, 3], 151: [12, 3], 152: [12, 4], 153: [12, 4], 154: [12, 5], 155: [12, 5], 156: [12, 6], 157: [12, 6], 158: [12, 7], 159: [12, 7], 160: [12, 8], 161: [12, 8], 162: [12, 9], 163: [12, 9], 164: [12, 10], 165: [12, 10], 166: [12, 11], 167: [12, 11], 169: [13, 0], 170: [13, 0], 171: [13, 1], 172: [13, 1], 173: [13, 2], 174: [13, 2], 175: [13, 3], 176: [13, 3], 177: [13, 4], 178: [13, 4], 179: [13, 5], 180: [13, 5], 181: [13, 6], 182: [13, 6], 183: [13, 7], 184: [13, 7], 185: [13, 8], 186: [13, 8], 187: [13, 9], 188: [13, 9], 189: [13, 10], 190: [13, 10], 191: [13, 11], 192: [13, 11], 193: [13, 12], 194: [13, 12], 196: [14, 0], 197: [14, 0], 198: [14, 1], 199: [14, 1], 200: [14, 2], 201: [14, 2], 202: [14, 3], 203: [14, 3], 204: [14, 4], 205: [14, 4], 206: [14, 5], 207: [14, 5], 208: [14, 6], 209: [14, 6], 210: [14, 7], 211: [14, 7], 212: [14, 8], 213: [14, 8], 214: [14, 9], 215: [14, 9], 216: [14, 10], 217: [14, 10], 218: [14, 11], 219: [14, 11], 220: [14, 12], 221: [14, 12], 222: [14, 13], 223: [14, 13], 225: [15, 0], 226: [15, 0], 227: [15, 1], 228: [15, 1], 229: [15, 2], 230: [15, 2], 231: [15, 3], 232: [15, 3], 233: [15, 4], 234: [15, 4], 235: [15, 5], 236: [15, 5], 237: [15, 6], 238: [15, 6], 239: [15, 7], 240: [15, 7], 241: [15, 8], 242: [15, 8], 243: [15, 9], 244: [15, 9], 245: [15, 10], 246: [15, 10], 247: [15, 11], 248: [15, 11], 249: [15, 12], 250: [15, 12], 251: [15, 13], 252: [15, 13], 253: [15, 14], 254: [15, 14], 256: [16, 0], 257: [16, 0], 258: [16, 1], 259: [16, 1], 260: [16, 2], 261: [16, 2], 262: [16, 3], 263: [16, 3], 264: [16, 4], 265: [16, 4], 266: [16, 5], 267: [16, 5], 268: [16, 6], 269: [16, 6], 270: [16, 7], 271: [16, 7], 272: [16, 8], 273: [16, 8], 274: [16, 9], 275: [16, 9], 276: [16, 10], 277: [16, 10], 278: [16, 11], 279: [16, 11], 280: [16, 12], 281: [16, 12], 282: [16, 13], 283: [16, 13], 284: [16, 14], 285: [16, 14], 286: [16, 15], 287: [16, 15], 289: [17, 0], 290: [17, 0], 291: [17, 1], 292: [17, 1], 293: [17, 2], 294: [17, 2], 295: [17, 3], 296: [17, 3], 297: [17, 4], 298: [17, 4], 299: [17, 5], 300: [17, 5], 301: [17, 6], 302: [17, 6], 303: [17, 7], 304: [17, 7], 305: [17, 8], 306: [17, 8], 307: [17, 9], 308: [17, 9], 309: [17, 10], 310: [17, 10], 311: [17, 11], 312: [17, 11], 313: [17, 12], 314: [17, 12], 315: [17, 13], 316: [17, 13], 317: [17, 14], 318: [17, 14], 319: [17, 15], 320: [17, 15], 321: [17, 16], 322: [17, 16], 324: [18, 0], 325: [18, 0], 326: [18, 1], 327: [18, 1], 328: [18, 2], 329: [18, 2], 330: [18, 3], 331: [18, 3], 332: [18, 4], 333: [18, 4], 334: [18, 5], 335: [18, 5], 336: [18, 6], 337: [18, 6], 338: [18, 7], 339: [18, 7], 340: [18, 8], 341: [18, 8], 342: [18, 9], 343: [18, 9], 344: [18, 10], 345: [18, 10], 346: [18, 11], 347: [18, 11], 348: [18, 12], 349: [18, 12], 350: [18, 13], 351: [18, 13], 352: [18, 14], 353: [18, 14], 354: [18, 15], 355: [18, 15], 356: [18, 16], 357: [18, 16], 358: [18, 17], 359: [18, 17], 361: [19, 0], 362: [19, 0], 363: [19, 1], 364: [19, 1], 365: [19, 2], 366: [19, 2], 367: [19, 3], 368: [19, 3], 369: [19, 4], 370: [19, 4], 371: [19, 5], 372: [19, 5], 373: [19, 6], 374: [19, 6], 375: [19, 7], 376: [19, 7], 377: [19, 8], 378: [19, 8], 379: [19, 9], 380: [19, 9], 381: [19, 10], 382: [19, 10], 383: [19, 11], 384: [19, 11], 385: [19, 12], 386: [19, 12], 387: [19, 13], 388: [19, 13], 389: [19, 14], 390: [19, 14], 391: [19, 15], 392: [19, 15], 393: [19, 16], 394: [19, 16], 395: [19, 17], 396: [19, 17], 397: [19, 18], 398: [19, 18], 400: [20, 0], 401: [20, 0], 402: [20, 1], 403: [20, 1], 404: [20, 2], 405: [20, 2], 406: [20, 3], 407: [20, 3], 408: [20, 4], 409: [20, 4], 410: [20, 5], 411: [20, 5], 412: [20, 6], 413: [20, 6], 414: [20, 7], 415: [20, 7], 416: [20, 8], 417: [20, 8], 418: [20, 9], 419: [20, 9], 420: [20, 10], 421: [20, 10], 422: [20, 11], 423: [20, 11], 424: [20, 12], 425: [20, 12], 426: [20, 13], 427: [20, 13], 428: [20, 14], 429: [20, 14], 430: [20, 15], 431: [20, 15], 432: [20, 16], 433: [20, 16], 434: [20, 17], 435: [20, 17], 436: [20, 18], 437: [20, 18], 438: [20, 19], 439: [20, 19], 441: [21, 0], 442: [21, 0], 443: [21, 1], 444: [21, 1], 445: [21, 2], 446: [21, 2], 447: [21, 3], 448: [21, 3], 449: [21, 4], 450: [21, 4], 451: [21, 5], 452: [21, 5], 453: [21, 6], 454: [21, 6], 455: [21, 7], 456: [21, 7], 457: [21, 8], 458: [21, 8], 459: [21, 9], 460: [21, 9], 461: [21, 10], 462: [21, 10], 463: [21, 11], 464: [21, 11], 465: [21, 12], 466: [21, 12], 467: [21, 13], 468: [21, 13], 469: [21, 14], 470: [21, 14], 471: [21, 15], 472: [21, 15], 473: [21, 16], 474: [21, 16], 475: [21, 17], 476: [21, 17], 477: [21, 18], 478: [21, 18], 479: [21, 19], 480: [21, 19], 481: [21, 20], 482: [21, 20], 484: [22, 0], 485: [22, 0], 486: [22, 1], 487: [22, 1], 488: [22, 2], 489: [22, 2], 490: [22, 3], 491: [22, 3], 492: [22, 4], 493: [22, 4], 494: [22, 5], 495: [22, 5], 496: [22, 6], 497: [22, 6], 498: [22, 7], 499: [22, 7], 500: [22, 8], 501: [22, 8], 502: [22, 9], 503: [22, 9], 504: [22, 10], 505: [22, 10], 506: [22, 11], 507: [22, 11], 508: [22, 12], 509: [22, 12], 510: [22, 13], 511: [22, 13], 512: [22, 14], 513: [22, 14], 514: [22, 15], 515: [22, 15], 516: [22, 16], 517: [22, 16], 518: [22, 17], 519: [22, 17], 520: [22, 18], 521: [22, 18], 522: [22, 19], 523: [22, 19], 524: [22, 20], 525: [22, 20], 526: [22, 21], 527: [22, 21], 529: [23, 0], 530: [23, 0], 531: [23, 1], 532: [23, 1], 533: [23, 2], 534: [23, 2], 535: [23, 3], 536: [23, 3], 537: [23, 4], 538: [23, 4], 539: [23, 5], 540: [23, 5], 541: [23, 6], 542: [23, 6], 543: [23, 7], 544: [23, 7], 545: [23, 8], 546: [23, 8], 547: [23, 9], 548: [23, 9], 549: [23, 10], 550: [23, 10], 551: [23, 11], 552: [23, 11], 553: [23, 12], 554: [23, 12], 555: [23, 13], 556: [23, 13], 557: [23, 14], 558: [23, 14], 559: [23, 15], 560: [23, 15], 561: [23, 16], 562: [23, 16], 563: [23, 17], 564: [23, 17], 565: [23, 18], 566: [23, 18], 567: [23, 19], 568: [23, 19], 569: [23, 20], 570: [23, 20], 571: [23, 21], 572: [23, 21], 573: [23, 22], 574: [23, 22], 576: [24, 0], 577: [24, 0], 578: [24, 1], 579: [24, 1], 580: [24, 2], 581: [24, 2], 582: [24, 3], 583: [24, 3], 584: [24, 4], 585: [24, 4], 586: [24, 5], 587: [24, 5], 588: [24, 6], 589: [24, 6], 590: [24, 7], 591: [24, 7], 592: [24, 8], 593: [24, 8], 594: [24, 9], 595: [24, 9], 596: [24, 10], 597: [24, 10], 598: [24, 11], 599: [24, 11], 600: [24, 12], 601: [24, 12], 602: [24, 13], 603: [24, 13], 604: [24, 14], 605: [24, 14], 606: [24, 15], 607: [24, 15], 608: [24, 16], 609: [24, 16], 610: [24, 17], 611: [24, 17], 612: [24, 18], 613: [24, 18], 614: [24, 19], 615: [24, 19], 616: [24, 20], 617: [24, 20], 618: [24, 21], 619: [24, 21], 620: [24, 22], 621: [24, 22], 622: [24, 23], 623: [24, 23], 625: [25, 0], 626: [25, 0], 627: [25, 1], 628: [25, 1], 629: [25, 2], 630: [25, 2], 631: [25, 3], 632: [25, 3], 633: [25, 4], 634: [25, 4], 635: [25, 5], 636: [25, 5], 637: [25, 6], 638: [25, 6], 639: [25, 7], 640: [25, 7], 641: [25, 8], 642: [25, 8], 643: [25, 9], 644: [25, 9], 645: [25, 10], 646: [25, 10], 647: [25, 11], 648: [25, 11], 649: [25, 12], 650: [25, 12], 651: [25, 13], 652: [25, 13], 653: [25, 14], 654: [25, 14], 655: [25, 15], 656: [25, 15], 657: [25, 16], 658: [25, 16], 659: [25, 17], 660: [25, 17], 661: [25, 18], 662: [25, 18], 663: [25, 19], 664: [25, 19], 665: [25, 20], 666: [25, 20], 667: [25, 21], 668: [25, 21], 669: [25, 22], 670: [25, 22], 671: [25, 23], 672: [25, 23], 673: [25, 24], 674: [25, 24], 676: [26, 0], 677: [26, 0], 678: [26, 1], 679: [26, 1], 680: [26, 2], 681: [26, 2], 682: [26, 3], 683: [26, 3], 684: [26, 4], 685: [26, 4], 686: [26, 5], 687: [26, 5], 688: [26, 6], 689: [26, 6], 690: [26, 7], 691: [26, 7], 692: [26, 8], 693: [26, 8], 694: [26, 9], 695: [26, 9], 696: [26, 10], 697: [26, 10], 698: [26, 11], 699: [26, 11], 700: [26, 12], 701: [26, 12], 702: [26, 13], 703: [26, 13], 704: [26, 14], 705: [26, 14], 706: [26, 15], 707: [26, 15], 708: [26, 16], 709: [26, 16], 710: [26, 17], 711: [26, 17], 712: [26, 18], 713: [26, 18], 714: [26, 19], 715: [26, 19], 716: [26, 20], 717: [26, 20], 718: [26, 21], 719: [26, 21], 720: [26, 22], 721: [26, 22], 722: [26, 23], 723: [26, 23], 724: [26, 24], 725: [26, 24], 726: [26, 25], 727: [26, 25], 729: [27, 0], 730: [27, 0], 731: [27, 1], 732: [27, 1], 733: [27, 2], 734: [27, 2], 735: [27, 3], 736: [27, 3], 737: [27, 4], 738: [27, 4], 739: [27, 5], 740: [27, 5], 741: [27, 6], 742: [27, 6], 743: [27, 7], 744: [27, 7], 745: [27, 8], 746: [27, 8], 747: [27, 9], 748: [27, 9], 749: [27, 10], 750: [27, 10], 751: [27, 11], 752: [27, 11], 753: [27, 12], 754: [27, 12], 755: [27, 13], 756: [27, 13], 757: [27, 14], 758: [27, 14], 759: [27, 15], 760: [27, 15], 761: [27, 16], 762: [27, 16], 763: [27, 17], 764: [27, 17], 765: [27, 18], 766: [27, 18], 767: [27, 19], 768: [27, 19], 769: [27, 20], 770: [27, 20], 771: [27, 21], 772: [27, 21], 773: [27, 22], 774: [27, 22], 775: [27, 23], 776: [27, 23], 777: [27, 24], 778: [27, 24], 779: [27, 25], 780: [27, 25], 781: [27, 26], 782: [27, 26], 784: [28, 0], 785: [28, 0], 786: [28, 1], 787: [28, 1], 788: [28, 2], 789: [28, 2], 790: [28, 3], 791: [28, 3], 792: [28, 4], 793: [28, 4], 794: [28, 5], 795: [28, 5], 796: [28, 6], 797: [28, 6], 798: [28, 7], 799: [28, 7], 800: [28, 8], 801: [28, 8], 802: [28, 9], 803: [28, 9], 804: [28, 10], 805: [28, 10], 806: [28, 11], 807: [28, 11], 808: [28, 12], 809: [28, 12], 810: [28, 13], 811: [28, 13], 812: [28, 14], 813: [28, 14], 814: [28, 15], 815: [28, 15], 816: [28, 16], 817: [28, 16], 818: [28, 17], 819: [28, 17], 820: [28, 18], 821: [28, 18], 822: [28, 19], 823: [28, 19], 824: [28, 20], 825: [28, 20], 826: [28, 21], 827: [28, 21], 828: [28, 22], 829: [28, 22], 830: [28, 23], 831: [28, 23], 832: [28, 24], 833: [28, 24], 834: [28, 25], 835: [28, 25], 836: [28, 26], 837: [28, 26], 838: [28, 27], 839: [28, 27], 841: [29, 0], 842: [29, 0], 843: [29, 1], 844: [29, 1], 845: [29, 2], 846: [29, 2], 847: [29, 3], 848: [29, 3], 849: [29, 4], 850: [29, 4], 851: [29, 5], 852: [29, 5], 853: [29, 6], 854: [29, 6], 855: [29, 7], 856: [29, 7], 857: [29, 8], 858: [29, 8], 859: [29, 9], 860: [29, 9], 861: [29, 10], 862: [29, 10], 863: [29, 11], 864: [29, 11], 865: [29, 12], 866: [29, 12], 867: [29, 13], 868: [29, 13], 869: [29, 14], 870: [29, 14], 871: [29, 15], 872: [29, 15], 873: [29, 16], 874: [29, 16], 875: [29, 17], 876: [29, 17], 877: [29, 18], 878: [29, 18], 879: [29, 19], 880: [29, 19], 881: [29, 20], 882: [29, 20], 883: [29, 21], 884: [29, 21], 885: [29, 22], 886: [29, 22], 887: [29, 23], 888: [29, 23], 889: [29, 24], 890: [29, 24], 891: [29, 25], 892: [29, 25], 893: [29, 26], 894: [29, 26], 895: [29, 27], 896: [29, 27], 897: [29, 28], 898: [29, 28], 900: [30, 0], 901: [30, 0], 902: [30, 1], 903: [30, 1], 904: [30, 2], 905: [30, 2], 906: [30, 3], 907: [30, 3], 908: [30, 4], 909: [30, 4], 910: [30, 5], 911: [30, 5], 912: [30, 6], 913: [30, 6], 914: [30, 7], 915: [30, 7], 916: [30, 8], 917: [30, 8], 918: [30, 9], 919: [30, 9], 920: [30, 10], 921: [30, 10], 922: [30, 11], 923: [30, 11], 924: [30, 12], 925: [30, 12], 926: [30, 13], 927: [30, 13], 928: [30, 14], 929: [30, 14], 930: [30, 15], 931: [30, 15], 932: [30, 16], 933: [30, 16], 934: [30, 17], 935: [30, 17], 936: [30, 18], 937: [30, 18], 938: [30, 19], 939: [30, 19], 940: [30, 20], 941: [30, 20], 942: [30, 21], 943: [30, 21], 944: [30, 22], 945: [30, 22], 946: [30, 23], 947: [30, 23], 948: [30, 24], 949: [30, 24], 950: [30, 25], 951: [30, 25], 952: [30, 26], 953: [30, 26], 954: [30, 27], 955: [30, 27], 956: [30, 28], 957: [30, 28], 958: [30, 29], 959: [30, 29], 961: [31, 0], 962: [31, 0], 963: [31, 1], 964: [31, 1], 965: [31, 2], 966: [31, 2], 967: [31, 3], 968: [31, 3], 969: [31, 4], 970: [31, 4], 971: [31, 5], 972: [31, 5], 973: [31, 6], 974: [31, 6], 975: [31, 7], 976: [31, 7], 977: [31, 8], 978: [31, 8], 979: [31, 9], 980: [31, 9], 981: [31, 10], 982: [31, 10], 983: [31, 11], 984: [31, 11], 985: [31, 12], 986: [31, 12], 987: [31, 13], 988: [31, 13], 989: [31, 14], 990: [31, 14], 991: [31, 15], 992: [31, 15], 993: [31, 16], 994: [31, 16], 995: [31, 17], 996: [31, 17], 997: [31, 18], 998: [31, 18], 999: [31, 19], 1000: [31, 19], 1001: [31, 20], 1002: [31, 20], 1003: [31, 21], 1004: [31, 21], 1005: [31, 22], 1006: [31, 22], 1007: [31, 23], 1008: [31, 23], 1009: [31, 24], 1010: [31, 24], 1011: [31, 25], 1012: [31, 25], 1013: [31, 26], 1014: [31, 26], 1015: [31, 27], 1016: [31, 27], 1017: [31, 28], 1018: [31, 28], 1019: [31, 29], 1020: [31, 29], 1021: [31, 30], 1022: [31, 30]}
parse object graph:
DiGraph with 1056 nodes and 1520 edges
ˇú Using SABRE2 mapper (matches muss_schedule2 paper version)
init_qubit_layout:
{0: [23, 24, 25, 26, 27, 28, 29, 30], 1: [0, 1, 2, 3, 4, 10, 11, 12], 2: [5, 6, 7, 8, 9, 13, 14, 15], 3: [16, 17, 18, 19, 20, 21, 22, 31], 4: [], 5: []}
Using MUSS Scheduler (V2) with SABRE Mapping
ˇú muss_schedule2.py old_vision
Analyzer shuttle mode: aggregate (detected shuttle_id annotations)
Analyzer mode: paper
Program Finish Time: 37928 us
OPCOUNTS Gate: 1056 Split: 57 Move: 135 Merge: 57

Two-qubit gate chain statistics
Mean: 17.268145161290324 Max: 32.0
Fidelity: 1.1768149152503343e-06
[DBG SUMMARY] gates=1056  gate_mult=1.32831e-06  avg_gate_nbar=27.2668
[DBG SUMMARY] shuttles=47  shuttle_mult=0.885949  min_shuttle=0.9935
[DBG SUMMARY] worst_B: Trap 0 -> 1.000000 (heat_state=0.000000, alpha_bg=0.0, move_bg_fraction=0.0, model=none)

========== ANALYSIS RESULT ==========
{'fidelity': 1.1768149152503343e-06, 'total_shuttle': 57, 'time': 37928}

========== SHUTTLE TRACE ==========
[SHUTTLE 0] ion=23  T0 -> T4  route=T0->J0->J1->T4
    - SPLIT  (320 -> 440)  ion 23: T0 -> Seg0 (swap_cnt=1, swap_hops=7, ion_hops=0, i1=23, i2=30)
    - MOVE   (440 -> 454)  ion 23: Seg0 -> Seg6 via J0
    - MOVE   (454 -> 468)  ion 23: Seg6 -> Seg4 via J1
    - MERGE  (468 -> 548)  ion 23: Seg4 -> T4
[SHUTTLE 1] ion=10  T1 -> T4  route=T1->J1->T4
    - SPLIT  (560 -> 680)  ion 10: T1 -> Seg1 (swap_cnt=1, swap_hops=2, ion_hops=0, i1=10, i2=12)
    - MOVE   (680 -> 694)  ion 10: Seg1 -> Seg4 via J1
    - MERGE  (694 -> 774)  ion 10: Seg4 -> T4
[SHUTTLE 2] ion=6  T2 -> T4  route=T2->J2->J1->T4
    - SPLIT  (774 -> 894)  ion 6: T2 -> Seg2 (swap_cnt=1, swap_hops=6, ion_hops=0, i1=6, i2=15)
    - MOVE   (894 -> 908)  ion 6: Seg2 -> Seg7 via J2
    - MOVE   (908 -> 922)  ion 6: Seg7 -> Seg4 via J1
    - MERGE  (922 -> 1002)  ion 6: Seg4 -> T4
[SHUTTLE 3] ion=16  T3 -> T4  route=T3->J2->J1->T4
    - SPLIT  (1002 -> 1082)  ion 16: T3 -> Seg3 (swap_cnt=0, swap_hops=0, ion_hops=0, i1=0, i2=0)
    - MOVE   (1082 -> 1096)  ion 16: Seg3 -> Seg7 via J2
    - MOVE   (1096 -> 1110)  ion 16: Seg7 -> Seg4 via J1
    - MERGE  (1110 -> 1190)  ion 16: Seg4 -> T4
[SHUTTLE 4] ion=5  T2 -> T1  route=T2->J2->J1->T1
    - SPLIT  (1190 -> 1310)  ion 5: T2 -> Seg2 (swap_cnt=1, swap_hops=6, ion_hops=0, i1=5, i2=15)
    - MOVE   (1310 -> 1324)  ion 5: Seg2 -> Seg7 via J2
    - MOVE   (1324 -> 1338)  ion 5: Seg7 -> Seg1 via J1
    - MERGE  (1338 -> 1418)  ion 5: Seg1 -> T1
[SHUTTLE 5] ion=6  T4 -> T1  route=T4->J1->T1
    - SPLIT  (1498 -> 1618)  ion 6: T4 -> Seg4 (swap_cnt=1, swap_hops=1, ion_hops=0, i1=6, i2=16)
    - MOVE   (1618 -> 1632)  ion 6: Seg4 -> Seg1 via J1
    - MERGE  (1818 -> 1898)  ion 6: Seg1 -> T1
[SHUTTLE 6] ion=7  T2 -> T1  route=T2->J2->J1->T1
    - SPLIT  (1978 -> 2098)  ion 7: T2 -> Seg2 (swap_cnt=1, swap_hops=5, ion_hops=0, i1=7, i2=15)
    - MOVE   (2098 -> 2112)  ion 7: Seg2 -> Seg7 via J2
    - MOVE   (2112 -> 2126)  ion 7: Seg7 -> Seg1 via J1
    - MERGE  (2378 -> 2458)  ion 7: Seg1 -> T1
[SHUTTLE 7] ion=8  T2 -> T1  route=T2->J2->J1->T1
    - SPLIT  (2538 -> 2658)  ion 8: T2 -> Seg2 (swap_cnt=1, swap_hops=4, ion_hops=0, i1=8, i2=15)
    - MOVE   (2658 -> 2672)  ion 8: Seg2 -> Seg7 via J2
    - MOVE   (2672 -> 2686)  ion 8: Seg7 -> Seg1 via J1
    - MERGE  (3018 -> 3098)  ion 8: Seg1 -> T1
[SHUTTLE 8] ion=9  T2 -> T1  route=T2->J2->J1->T1
    - SPLIT  (3178 -> 3298)  ion 9: T2 -> Seg2 (swap_cnt=1, swap_hops=3, ion_hops=0, i1=9, i2=15)
    - MOVE   (3298 -> 3312)  ion 9: Seg2 -> Seg7 via J2
    - MOVE   (3312 -> 3326)  ion 9: Seg7 -> Seg1 via J1
    - MERGE  (3738 -> 3818)  ion 9: Seg1 -> T1
[SHUTTLE 9] ion=10  T4 -> T1  route=T4->J1->T1
    - SPLIT  (3898 -> 4018)  ion 10: T4 -> Seg4 (swap_cnt=1, swap_hops=1, ion_hops=0, i1=10, i2=16)
    - MOVE   (4018 -> 4032)  ion 10: Seg4 -> Seg1 via J1
    - MERGE  (4538 -> 4618)  ion 10: Seg1 -> T1
[SHUTTLE 10] ion=13  T2 -> T1  route=T2->J2->J1->T1
    - SPLIT  (4858 -> 4978)  ion 13: T2 -> Seg2 (swap_cnt=1, swap_hops=2, ion_hops=0, i1=13, i2=15)
    - MOVE   (4978 -> 4992)  ion 13: Seg2 -> Seg7 via J2
    - MOVE   (4992 -> 5006)  ion 13: Seg7 -> Seg1 via J1
    - MERGE  (5738 -> 5818)  ion 13: Seg1 -> T1
[SHUTTLE 11] ion=14  T2 -> T1  route=T2->J2->J1->T1
    - SPLIT  (5898 -> 6018)  ion 14: T2 -> Seg2 (swap_cnt=1, swap_hops=1, ion_hops=0, i1=14, i2=15)
    - MOVE   (6018 -> 6032)  ion 14: Seg2 -> Seg7 via J2
    - MOVE   (6032 -> 6046)  ion 14: Seg7 -> Seg1 via J1
    - MERGE  (6858 -> 6938)  ion 14: Seg1 -> T1
[SHUTTLE 12] ion=15  T2 -> T1  route=T2->J2->J1->T1
    - SPLIT  (7018 -> 7098)  ion 15: T2 -> Seg2 (swap_cnt=0, swap_hops=0, ion_hops=0, i1=0, i2=0)
    - MOVE   (7098 -> 7112)  ion 15: Seg2 -> Seg7 via J2
    - MOVE   (7112 -> 7126)  ion 15: Seg7 -> Seg1 via J1
    - MERGE  (8058 -> 8138)  ion 15: Seg1 -> T1
[SHUTTLE 13] ion=16  T4 -> T1  route=T4->J1->T1
    - SPLIT  (8218 -> 8298)  ion 16: T4 -> Seg4 (swap_cnt=0, swap_hops=0, ion_hops=0, i1=0, i2=0)
    - MOVE   (8298 -> 8312)  ion 16: Seg4 -> Seg1 via J1
    - MERGE  (9338 -> 9418)  ion 16: Seg1 -> T1
[SHUTTLE 14] ion=0  T1 -> T3  route=T1->J1->J2->T3
    - SPLIT  (10698 -> 10818)  ion 0: T1 -> Seg1 (swap_cnt=1, swap_hops=16, ion_hops=0, i1=0, i2=16)
    - MOVE   (10818 -> 10832)  ion 0: Seg1 -> Seg7 via J1
    - MOVE   (10832 -> 10846)  ion 0: Seg7 -> Seg3 via J2
    - MERGE  (10846 -> 10926)  ion 0: Seg3 -> T3
[SHUTTLE 15] ion=1  T1 -> T3  route=T1->J1->J2->T3
    - SPLIT  (11006 -> 11126)  ion 1: T1 -> Seg1 (swap_cnt=1, swap_hops=15, ion_hops=0, i1=1, i2=16)
    - MOVE   (11126 -> 11140)  ion 1: Seg1 -> Seg7 via J1
    - MOVE   (11140 -> 11154)  ion 1: Seg7 -> Seg3 via J2
    - MERGE  (11406 -> 11486)  ion 1: Seg3 -> T3
[SHUTTLE 16] ion=2  T1 -> T3  route=T1->J1->J2->T3
    - SPLIT  (11566 -> 11686)  ion 2: T1 -> Seg1 (swap_cnt=1, swap_hops=14, ion_hops=0, i1=2, i2=16)
    - MOVE   (11686 -> 11700)  ion 2: Seg1 -> Seg7 via J1
    - MOVE   (11700 -> 11714)  ion 2: Seg7 -> Seg3 via J2
    - MERGE  (11966 -> 12046)  ion 2: Seg3 -> T3
[SHUTTLE 17] ion=3  T1 -> T3  route=T1->J1->J2->T3
    - SPLIT  (12126 -> 12246)  ion 3: T1 -> Seg1 (swap_cnt=1, swap_hops=13, ion_hops=0, i1=3, i2=16)
    - MOVE   (12246 -> 12260)  ion 3: Seg1 -> Seg7 via J1
    - MOVE   (12260 -> 12274)  ion 3: Seg7 -> Seg3 via J2
    - MERGE  (12526 -> 12606)  ion 3: Seg3 -> T3
[SHUTTLE 18] ion=4  T1 -> T3  route=T1->J1->J2->T3
    - SPLIT  (12686 -> 12806)  ion 4: T1 -> Seg1 (swap_cnt=1, swap_hops=12, ion_hops=0, i1=4, i2=16)
    - MOVE   (12806 -> 12820)  ion 4: Seg1 -> Seg7 via J1
    - MOVE   (12820 -> 12834)  ion 4: Seg7 -> Seg3 via J2
    - MERGE  (13086 -> 13166)  ion 4: Seg3 -> T3
[SHUTTLE 19] ion=5  T1 -> T3  route=T1->J1->J2->T3
    - SPLIT  (13246 -> 13366)  ion 5: T1 -> Seg1 (swap_cnt=1, swap_hops=9, ion_hops=0, i1=5, i2=16)
    - MOVE   (13366 -> 13380)  ion 5: Seg1 -> Seg7 via J1
    - MOVE   (13380 -> 13394)  ion 5: Seg7 -> Seg3 via J2
    - MERGE  (13646 -> 13726)  ion 5: Seg3 -> T3
[SHUTTLE 20] ion=6  T1 -> T3  route=T1->J1->J2->T3
    - SPLIT  (13806 -> 13926)  ion 6: T1 -> Seg1 (swap_cnt=1, swap_hops=8, ion_hops=0, i1=6, i2=16)
    - MOVE   (13926 -> 13940)  ion 6: Seg1 -> Seg7 via J1
    - MOVE   (13940 -> 13954)  ion 6: Seg7 -> Seg3 via J2
    - MERGE  (14206 -> 14286)  ion 6: Seg3 -> T3
[SHUTTLE 21] ion=23  T4 -> T3  route=T4->J1->J2->T3
    - SPLIT  (14286 -> 14366)  ion 23: T4 -> Seg4 (swap_cnt=0, swap_hops=0, ion_hops=0, i1=0, i2=0)
    - MOVE   (14366 -> 14380)  ion 23: Seg4 -> Seg7 via J1
    - MOVE   (14380 -> 14394)  ion 23: Seg7 -> Seg3 via J2
    - MERGE  (14766 -> 14846)  ion 23: Seg3 -> T3
[SHUTTLE 22] ion=7  T1 -> T3  route=T1->J1->J2->T3
    - SPLIT  (14846 -> 14966)  ion 7: T1 -> Seg1 (swap_cnt=1, swap_hops=7, ion_hops=0, i1=7, i2=16)
    - MOVE   (14966 -> 14980)  ion 7: Seg1 -> Seg7 via J1
    - MOVE   (14980 -> 14994)  ion 7: Seg7 -> Seg3 via J2
    - MERGE  (15406 -> 15486)  ion 7: Seg3 -> T3
[SHUTTLE 23] ion=0  T3 -> T0  route=T3->J2->J1->J0->T0
    - SPLIT  (16046 -> 16166)  ion 0: T3 -> Seg3 (swap_cnt=1, swap_hops=8, ion_hops=0, i1=0, i2=7)
    - MOVE   (16166 -> 16180)  ion 0: Seg3 -> Seg7 via J2
    - MOVE   (16180 -> 16194)  ion 0: Seg7 -> Seg6 via J1
    - MOVE   (16194 -> 16208)  ion 0: Seg6 -> Seg0 via J0
    - MERGE  (16208 -> 16288)  ion 0: Seg0 -> T0
[SHUTTLE 24] ion=8  T1 -> T3  route=T1->J1->J2->T3
    - SPLIT  (16288 -> 16408)  ion 8: T1 -> Seg1 (swap_cnt=1, swap_hops=6, ion_hops=0, i1=8, i2=16)
    - MOVE   (16408 -> 16422)  ion 8: Seg1 -> Seg7 via J1
    - MOVE   (16422 -> 16436)  ion 8: Seg7 -> Seg3 via J2
    - MERGE  (16436 -> 16516)  ion 8: Seg3 -> T3
[SHUTTLE 25] ion=1  T3 -> T0  route=T3->J2->J1->J0->T0
    - SPLIT  (17076 -> 17196)  ion 1: T3 -> Seg3 (swap_cnt=1, swap_hops=8, ion_hops=0, i1=1, i2=8)
    - MOVE   (17196 -> 17210)  ion 1: Seg3 -> Seg7 via J2
    - MOVE   (17210 -> 17224)  ion 1: Seg7 -> Seg6 via J1
    - MOVE   (17224 -> 17238)  ion 1: Seg6 -> Seg0 via J0
    - MERGE  (17238 -> 17318)  ion 1: Seg0 -> T0
[SHUTTLE 26] ion=9  T1 -> T3  route=T1->J1->J2->T3
    - SPLIT  (17318 -> 17438)  ion 9: T1 -> Seg1 (swap_cnt=1, swap_hops=5, ion_hops=0, i1=9, i2=16)
    - MOVE   (17438 -> 17452)  ion 9: Seg1 -> Seg7 via J1
    - MOVE   (17452 -> 17466)  ion 9: Seg7 -> Seg3 via J2
    - MERGE  (17466 -> 17546)  ion 9: Seg3 -> T3
[SHUTTLE 27] ion=2  T3 -> T0  route=T3->J2->J1->J0->T0
    - SPLIT  (18106 -> 18226)  ion 2: T3 -> Seg3 (swap_cnt=1, swap_hops=8, ion_hops=0, i1=2, i2=9)
    - MOVE   (18226 -> 18240)  ion 2: Seg3 -> Seg7 via J2
    - MOVE   (18240 -> 18254)  ion 2: Seg7 -> Seg6 via J1
    - MOVE   (18254 -> 18268)  ion 2: Seg6 -> Seg0 via J0
    - MERGE  (18268 -> 18348)  ion 2: Seg0 -> T0
[SHUTTLE 28] ion=10  T1 -> T3  route=T1->J1->J2->T3
    - SPLIT  (18348 -> 18468)  ion 10: T1 -> Seg1 (swap_cnt=1, swap_hops=4, ion_hops=0, i1=10, i2=16)
    - MOVE   (18468 -> 18482)  ion 10: Seg1 -> Seg7 via J1
    - MOVE   (18482 -> 18496)  ion 10: Seg7 -> Seg3 via J2
    - MERGE  (18496 -> 18576)  ion 10: Seg3 -> T3
[SHUTTLE 29] ion=3  T3 -> T0  route=T3->J2->J1->J0->T0
    - SPLIT  (19136 -> 19256)  ion 3: T3 -> Seg3 (swap_cnt=1, swap_hops=8, ion_hops=0, i1=3, i2=10)
    - MOVE   (19256 -> 19270)  ion 3: Seg3 -> Seg7 via J2
    - MOVE   (19270 -> 19284)  ion 3: Seg7 -> Seg6 via J1
    - MOVE   (19284 -> 19298)  ion 3: Seg6 -> Seg0 via J0
    - MERGE  (19298 -> 19378)  ion 3: Seg0 -> T0
[SHUTTLE 30] ion=11  T1 -> T3  route=T1->J1->J2->T3
    - SPLIT  (19378 -> 19498)  ion 11: T1 -> Seg1 (swap_cnt=1, swap_hops=5, ion_hops=0, i1=11, i2=16)
    - MOVE   (19498 -> 19512)  ion 11: Seg1 -> Seg7 via J1
    - MOVE   (19512 -> 19526)  ion 11: Seg7 -> Seg3 via J2
    - MERGE  (19526 -> 19606)  ion 11: Seg3 -> T3
[SHUTTLE 31] ion=4  T3 -> T0  route=T3->J2->J1->J0->T0
    - SPLIT  (20166 -> 20286)  ion 4: T3 -> Seg3 (swap_cnt=1, swap_hops=8, ion_hops=0, i1=4, i2=11)
    - MOVE   (20286 -> 20300)  ion 4: Seg3 -> Seg7 via J2
    - MOVE   (20300 -> 20314)  ion 4: Seg7 -> Seg6 via J1
    - MOVE   (20314 -> 20328)  ion 4: Seg6 -> Seg0 via J0
    - MERGE  (20328 -> 20408)  ion 4: Seg0 -> T0
[SHUTTLE 32] ion=12  T1 -> T3  route=T1->J1->J2->T3
    - SPLIT  (20408 -> 20528)  ion 12: T1 -> Seg1 (swap_cnt=1, swap_hops=4, ion_hops=0, i1=12, i2=16)
    - MOVE   (20528 -> 20542)  ion 12: Seg1 -> Seg7 via J1
    - MOVE   (20542 -> 20556)  ion 12: Seg7 -> Seg3 via J2
    - MERGE  (20556 -> 20636)  ion 12: Seg3 -> T3
[SHUTTLE 33] ion=5  T3 -> T0  route=T3->J2->J1->J0->T0
    - SPLIT  (21196 -> 21316)  ion 5: T3 -> Seg3 (swap_cnt=1, swap_hops=8, ion_hops=0, i1=5, i2=12)
    - MOVE   (21316 -> 21330)  ion 5: Seg3 -> Seg7 via J2
    - MOVE   (21330 -> 21344)  ion 5: Seg7 -> Seg6 via J1
    - MOVE   (21344 -> 21358)  ion 5: Seg6 -> Seg0 via J0
    - MERGE  (21358 -> 21438)  ion 5: Seg0 -> T0
[SHUTTLE 34] ion=13  T1 -> T3  route=T1->J1->J2->T3
    - SPLIT  (21438 -> 21558)  ion 13: T1 -> Seg1 (swap_cnt=1, swap_hops=3, ion_hops=0, i1=13, i2=16)
    - MOVE   (21558 -> 21572)  ion 13: Seg1 -> Seg7 via J1
    - MOVE   (21572 -> 21586)  ion 13: Seg7 -> Seg3 via J2
    - MERGE  (21586 -> 21666)  ion 13: Seg3 -> T3
[SHUTTLE 35] ion=6  T3 -> T0  route=T3->J2->J1->J0->T0
    - SPLIT  (22226 -> 22346)  ion 6: T3 -> Seg3 (swap_cnt=1, swap_hops=8, ion_hops=0, i1=6, i2=13)
    - MOVE   (22346 -> 22360)  ion 6: Seg3 -> Seg7 via J2
    - MOVE   (22360 -> 22374)  ion 6: Seg7 -> Seg6 via J1
    - MOVE   (22374 -> 22388)  ion 6: Seg6 -> Seg0 via J0
    - MERGE  (22388 -> 22468)  ion 6: Seg0 -> T0
[SHUTTLE 36] ion=14  T1 -> T3  route=T1->J1->J2->T3
    - SPLIT  (22468 -> 22588)  ion 14: T1 -> Seg1 (swap_cnt=1, swap_hops=2, ion_hops=0, i1=14, i2=16)
    - MOVE   (22588 -> 22602)  ion 14: Seg1 -> Seg7 via J1
    - MOVE   (22602 -> 22616)  ion 14: Seg7 -> Seg3 via J2
    - MERGE  (22616 -> 22696)  ion 14: Seg3 -> T3
[SHUTTLE 37] ion=7  T3 -> T0  route=T3->J2->J1->J0->T0
    - SPLIT  (23256 -> 23376)  ion 7: T3 -> Seg3 (swap_cnt=1, swap_hops=7, ion_hops=0, i1=7, i2=14)
    - MOVE   (23376 -> 23390)  ion 7: Seg3 -> Seg7 via J2
    - MOVE   (23390 -> 23404)  ion 7: Seg7 -> Seg6 via J1
    - MOVE   (23404 -> 23418)  ion 7: Seg6 -> Seg0 via J0
    - MERGE  (23418 -> 23498)  ion 7: Seg0 -> T0
[SHUTTLE 38] ion=31  T3 -> T0  route=T3->J2->J1->J0->T0
    - SPLIT  (23498 -> 23618)  ion 31: T3 -> Seg3 (swap_cnt=1, swap_hops=14, ion_hops=0, i1=31, i2=14)
    - MOVE   (23618 -> 23632)  ion 31: Seg3 -> Seg7 via J2
    - MOVE   (23632 -> 23646)  ion 31: Seg7 -> Seg6 via J1
    - MOVE   (23646 -> 23660)  ion 31: Seg6 -> Seg0 via J0
    - MERGE  (24058 -> 24138)  ion 31: Seg0 -> T0
[SHUTTLE 39] ion=15  T1 -> T3  route=T1->J1->J2->T3
    - SPLIT  (24138 -> 24258)  ion 15: T1 -> Seg1 (swap_cnt=1, swap_hops=1, ion_hops=0, i1=15, i2=16)
    - MOVE   (24258 -> 24272)  ion 15: Seg1 -> Seg7 via J1
    - MOVE   (24272 -> 24286)  ion 15: Seg7 -> Seg3 via J2
    - MERGE  (24286 -> 24366)  ion 15: Seg3 -> T3
[SHUTTLE 40] ion=8  T3 -> T0  route=T3->J2->J1->J0->T0
    - SPLIT  (24926 -> 25046)  ion 8: T3 -> Seg3 (swap_cnt=1, swap_hops=7, ion_hops=0, i1=8, i2=15)
    - MOVE   (25046 -> 25060)  ion 8: Seg3 -> Seg7 via J2
    - MOVE   (25060 -> 25074)  ion 8: Seg7 -> Seg6 via J1
    - MOVE   (25074 -> 25088)  ion 8: Seg6 -> Seg0 via J0
    - MERGE  (25088 -> 25168)  ion 8: Seg0 -> T0
[SHUTTLE 41] ion=16  T1 -> T3  route=T1->J1->J2->T3
    - SPLIT  (25168 -> 25248)  ion 16: T1 -> Seg1 (swap_cnt=0, swap_hops=0, ion_hops=0, i1=0, i2=0)
    - MOVE   (25248 -> 25262)  ion 16: Seg1 -> Seg7 via J1
    - MOVE   (25262 -> 25276)  ion 16: Seg7 -> Seg3 via J2
    - MERGE  (25276 -> 25356)  ion 16: Seg3 -> T3
[SHUTTLE 42] ion=9  T3 -> T0  route=T3->J2->J1->J0->T0
    - SPLIT  (26396 -> 26516)  ion 9: T3 -> Seg3 (swap_cnt=1, swap_hops=7, ion_hops=0, i1=9, i2=16)
    - MOVE   (26516 -> 26530)  ion 9: Seg3 -> Seg7 via J2
    - MOVE   (26530 -> 26544)  ion 9: Seg7 -> Seg6 via J1
    - MOVE   (26544 -> 26558)  ion 9: Seg6 -> Seg0 via J0
    - MERGE  (26558 -> 26638)  ion 9: Seg0 -> T0
[SHUTTLE 43] ion=10  T3 -> T0  route=T3->J2->J1->J0->T0
    - SPLIT  (26718 -> 26838)  ion 10: T3 -> Seg3 (swap_cnt=1, swap_hops=6, ion_hops=0, i1=10, i2=16)
    - MOVE   (26838 -> 26852)  ion 10: Seg3 -> Seg7 via J2
    - MOVE   (26852 -> 26866)  ion 10: Seg7 -> Seg6 via J1
    - MOVE   (26866 -> 26880)  ion 10: Seg6 -> Seg0 via J0
    - MERGE  (27278 -> 27358)  ion 10: Seg0 -> T0
[SHUTTLE 44] ion=11  T3 -> T0  route=T3->J2->J1->J0->T0
    - SPLIT  (27438 -> 27558)  ion 11: T3 -> Seg3 (swap_cnt=1, swap_hops=5, ion_hops=0, i1=11, i2=16)
    - MOVE   (27558 -> 27572)  ion 11: Seg3 -> Seg7 via J2
    - MOVE   (27572 -> 27586)  ion 11: Seg7 -> Seg6 via J1
    - MOVE   (27586 -> 27600)  ion 11: Seg6 -> Seg0 via J0
    - MERGE  (27998 -> 28078)  ion 11: Seg0 -> T0
[SHUTTLE 45] ion=12  T3 -> T0  route=T3->J2->J1->J0->T0
    - SPLIT  (28158 -> 28278)  ion 12: T3 -> Seg3 (swap_cnt=1, swap_hops=4, ion_hops=0, i1=12, i2=16)
    - MOVE   (28278 -> 28292)  ion 12: Seg3 -> Seg7 via J2
    - MOVE   (28292 -> 28306)  ion 12: Seg7 -> Seg6 via J1
    - MOVE   (28306 -> 28320)  ion 12: Seg6 -> Seg0 via J0
    - MERGE  (28718 -> 28798)  ion 12: Seg0 -> T0
[SHUTTLE 46] ion=13  T3 -> T0  route=T3->J2->J1->J0->T0
    - SPLIT  (28878 -> 28998)  ion 13: T3 -> Seg3 (swap_cnt=1, swap_hops=3, ion_hops=0, i1=13, i2=16)
    - MOVE   (28998 -> 29012)  ion 13: Seg3 -> Seg7 via J2
    - MOVE   (29012 -> 29026)  ion 13: Seg7 -> Seg6 via J1
    - MOVE   (29026 -> 29040)  ion 13: Seg6 -> Seg0 via J0
    - MERGE  (29438 -> 29518)  ion 13: Seg0 -> T0
[SHUTTLE 47] ion=14  T3 -> T0  route=T3->J2->J1->J0->T0
    - SPLIT  (29598 -> 29718)  ion 14: T3 -> Seg3 (swap_cnt=1, swap_hops=2, ion_hops=0, i1=14, i2=16)
    - MOVE   (29718 -> 29732)  ion 14: Seg3 -> Seg7 via J2
    - MOVE   (29732 -> 29746)  ion 14: Seg7 -> Seg6 via J1
    - MOVE   (29746 -> 29760)  ion 14: Seg6 -> Seg0 via J0
    - MERGE  (30158 -> 30238)  ion 14: Seg0 -> T0
[SHUTTLE 48] ion=15  T3 -> T0  route=T3->J2->J1->J0->T0
    - SPLIT  (30318 -> 30438)  ion 15: T3 -> Seg3 (swap_cnt=1, swap_hops=1, ion_hops=0, i1=15, i2=16)
    - MOVE   (30438 -> 30452)  ion 15: Seg3 -> Seg7 via J2
    - MOVE   (30452 -> 30466)  ion 15: Seg7 -> Seg6 via J1
    - MOVE   (30466 -> 30480)  ion 15: Seg6 -> Seg0 via J0
    - MERGE  (30878 -> 30958)  ion 15: Seg0 -> T0
[SHUTTLE 49] ion=16  T3 -> T0  route=T3->J2->J1->J0->T0
    - SPLIT  (31038 -> 31118)  ion 16: T3 -> Seg3 (swap_cnt=0, swap_hops=0, ion_hops=0, i1=0, i2=0)
    - MOVE   (31118 -> 31132)  ion 16: Seg3 -> Seg7 via J2
    - MOVE   (31132 -> 31146)  ion 16: Seg7 -> Seg6 via J1
    - MOVE   (31146 -> 31160)  ion 16: Seg6 -> Seg0 via J0
    - MERGE  (31598 -> 31678)  ion 16: Seg0 -> T0
[SHUTTLE 50] ion=17  T3 -> T0  route=T3->J2->J1->J0->T0
    - SPLIT  (31758 -> 31878)  ion 17: T3 -> Seg3 (swap_cnt=1, swap_hops=1, ion_hops=0, i1=17, i2=23)
    - MOVE   (31878 -> 31892)  ion 17: Seg3 -> Seg7 via J2
    - MOVE   (31892 -> 31906)  ion 17: Seg7 -> Seg6 via J1
    - MOVE   (31906 -> 31920)  ion 17: Seg6 -> Seg0 via J0
    - MERGE  (32318 -> 32398)  ion 17: Seg0 -> T0
[SHUTTLE 51] ion=18  T3 -> T0  route=T3->J2->J1->J0->T0
    - SPLIT  (32478 -> 32598)  ion 18: T3 -> Seg3 (swap_cnt=1, swap_hops=1, ion_hops=0, i1=18, i2=23)
    - MOVE   (32598 -> 32612)  ion 18: Seg3 -> Seg7 via J2
    - MOVE   (32612 -> 32626)  ion 18: Seg7 -> Seg6 via J1
    - MOVE   (32626 -> 32640)  ion 18: Seg6 -> Seg0 via J0
    - MERGE  (33038 -> 33118)  ion 18: Seg0 -> T0
[SHUTTLE 52] ion=19  T3 -> T0  route=T3->J2->J1->J0->T0
    - SPLIT  (33198 -> 33318)  ion 19: T3 -> Seg3 (swap_cnt=1, swap_hops=1, ion_hops=0, i1=19, i2=23)
    - MOVE   (33318 -> 33332)  ion 19: Seg3 -> Seg7 via J2
    - MOVE   (33332 -> 33346)  ion 19: Seg7 -> Seg6 via J1
    - MOVE   (33346 -> 33360)  ion 19: Seg6 -> Seg0 via J0
    - MERGE  (33758 -> 33838)  ion 19: Seg0 -> T0
[SHUTTLE 53] ion=20  T3 -> T0  route=T3->J2->J1->J0->T0
    - SPLIT  (33918 -> 34038)  ion 20: T3 -> Seg3 (swap_cnt=1, swap_hops=1, ion_hops=0, i1=20, i2=23)
    - MOVE   (34038 -> 34052)  ion 20: Seg3 -> Seg7 via J2
    - MOVE   (34052 -> 34066)  ion 20: Seg7 -> Seg6 via J1
    - MOVE   (34066 -> 34080)  ion 20: Seg6 -> Seg0 via J0
    - MERGE  (34478 -> 34558)  ion 20: Seg0 -> T0
[SHUTTLE 54] ion=21  T3 -> T0  route=T3->J2->J1->J0->T0
    - SPLIT  (34638 -> 34758)  ion 21: T3 -> Seg3 (swap_cnt=1, swap_hops=1, ion_hops=0, i1=21, i2=23)
    - MOVE   (34758 -> 34772)  ion 21: Seg3 -> Seg7 via J2
    - MOVE   (34772 -> 34786)  ion 21: Seg7 -> Seg6 via J1
    - MOVE   (34786 -> 34800)  ion 21: Seg6 -> Seg0 via J0
    - MERGE  (35198 -> 35278)  ion 21: Seg0 -> T0
[SHUTTLE 55] ion=22  T3 -> T0  route=T3->J2->J1->J0->T0
    - SPLIT  (35358 -> 35478)  ion 22: T3 -> Seg3 (swap_cnt=1, swap_hops=1, ion_hops=0, i1=22, i2=23)
    - MOVE   (35478 -> 35492)  ion 22: Seg3 -> Seg7 via J2
    - MOVE   (35492 -> 35506)  ion 22: Seg7 -> Seg6 via J1
    - MOVE   (35506 -> 35520)  ion 22: Seg6 -> Seg0 via J0
    - MERGE  (35918 -> 35998)  ion 22: Seg0 -> T0
[SHUTTLE 56] ion=23  T3 -> T0  route=T3->J2->J1->J0->T0
    - SPLIT  (36078 -> 36158)  ion 23: T3 -> Seg3 (swap_cnt=0, swap_hops=0, ion_hops=0, i1=0, i2=0)
    - MOVE   (36158 -> 36172)  ion 23: Seg3 -> Seg7 via J2
    - MOVE   (36172 -> 36186)  ion 23: Seg7 -> Seg6 via J1
    - MOVE   (36186 -> 36200)  ion 23: Seg6 -> Seg0 via J0
    - MERGE  (36638 -> 36718)  ion 23: Seg0 -> T0
SplitSWAP: 50
TotalShuttle: 57
----------------
