Simulation
Program:           ./programs/SQRT30.qasm
Machine:           G2x3
Model:             MUSS_Params
Ions/Region:       8
Mapper:            SABRE
Reorder:           Naive
SerialTrap:        1
SerialComm:        1
SerialAll:         1
GateType:          FM
SwapType:          PaperSwapDirect
Scheduler Family:  MUSS
Scheduler Version: V2
qbit 1: 21 qbit 2: 25 dep gates: 0
qbit 1: 22 qbit 2: 27 dep gates: 1
qbit 1: 23 qbit 2: 25 dep gates: 2
qbit 1: 23 qbit 2: 25 dep gates: 4
qbit 1: 23 qbit 2: 26 dep gates: 6
qbit 1: 24 qbit 2: 27 dep gates: 3
qbit 1: 24 qbit 2: 27 dep gates: 5
qbit 1: 24 qbit 2: 28 dep gates: 8
qbit 25 dep gates: 6
qbit 27 dep gates: 8
qbit 28 dep gates: 9
qbit 26 dep gates: 7
qbit 25 dep gates: 10
qbit 0 dep gates: 13
qbit 1: 25 qbit 2: 26 dep gates: 15
qbit 1: 25 qbit 2: 26 dep gates: 14
qbit 1: 0 qbit 2: 25 dep gates: 16
qbit 1: 0 qbit 2: 25 dep gates: 17
qbit 1: 26 qbit 2: 0 dep gates: 17
qbit 1: 26 qbit 2: 0 dep gates: 18
qbit 25 dep gates: 18
qbit 0 dep gates: 19
qbit 1: 26 qbit 2: 25 dep gates: 19
qbit 1: 26 qbit 2: 25 dep gates: 20
qbit 26 dep gates: 22
qbit 25 dep gates: 22
qbit 1: 0 qbit 2: 25 dep gates: 21
qbit 1: 0 qbit 2: 25 dep gates: 24
qbit 1: 26 qbit 2: 0 dep gates: 23
qbit 1: 26 qbit 2: 0 dep gates: 25
qbit 1: 25 qbit 2: 26 dep gates: 25
qbit 1: 25 qbit 2: 26 dep gates: 26
qbit 0 dep gates: 26
qbit 0 dep gates: 28
qbit 27 dep gates: 11
qbit 1 dep gates: 29
qbit 1: 27 qbit 2: 0 dep gates: 31
qbit 1: 27 qbit 2: 0 dep gates: 30
qbit 1: 1 qbit 2: 27 dep gates: 32
qbit 1: 1 qbit 2: 27 dep gates: 33
qbit 1: 0 qbit 2: 1 dep gates: 33
qbit 1: 0 qbit 2: 1 dep gates: 34
qbit 27 dep gates: 34
qbit 1 dep gates: 35
qbit 1: 0 qbit 2: 27 dep gates: 35
qbit 1: 0 qbit 2: 27 dep gates: 36
qbit 0 dep gates: 38
qbit 27 dep gates: 38
qbit 1: 1 qbit 2: 27 dep gates: 37
qbit 1: 1 qbit 2: 27 dep gates: 40
qbit 1: 0 qbit 2: 1 dep gates: 39
qbit 1: 0 qbit 2: 1 dep gates: 41
qbit 1: 27 qbit 2: 0 dep gates: 41
qbit 1: 27 qbit 2: 0 dep gates: 42
qbit 1 dep gates: 42
qbit 1 dep gates: 44
qbit 28 dep gates: 12
qbit 2 dep gates: 45
qbit 1: 28 qbit 2: 1 dep gates: 47
qbit 1: 28 qbit 2: 1 dep gates: 46
qbit 1: 2 qbit 2: 28 dep gates: 48
qbit 1: 2 qbit 2: 28 dep gates: 49
qbit 1: 1 qbit 2: 2 dep gates: 49
qbit 1: 1 qbit 2: 2 dep gates: 50
qbit 28 dep gates: 50
qbit 2 dep gates: 51
qbit 1: 1 qbit 2: 28 dep gates: 51
qbit 1: 1 qbit 2: 28 dep gates: 52
qbit 1 dep gates: 54
qbit 28 dep gates: 54
qbit 1: 2 qbit 2: 28 dep gates: 53
qbit 1: 2 qbit 2: 28 dep gates: 56
qbit 1: 1 qbit 2: 2 dep gates: 55
qbit 1: 1 qbit 2: 2 dep gates: 57
qbit 1: 28 qbit 2: 1 dep gates: 57
qbit 1: 28 qbit 2: 1 dep gates: 58
qbit 2 dep gates: 58
qbit 2 dep gates: 60
qbit 2 dep gates: 61
qbit 1 dep gates: 59
qbit 28 dep gates: 59
qbit 2 dep gates: 62
qbit 1: 28 qbit 2: 1 dep gates: 64
qbit 1: 28 qbit 2: 1 dep gates: 63
qbit 1: 2 qbit 2: 28 dep gates: 65
qbit 1: 2 qbit 2: 28 dep gates: 66
qbit 1: 1 qbit 2: 2 dep gates: 66
qbit 1: 1 qbit 2: 2 dep gates: 67
qbit 28 dep gates: 67
qbit 2 dep gates: 68
qbit 1: 1 qbit 2: 28 dep gates: 68
qbit 1: 1 qbit 2: 28 dep gates: 69
qbit 1 dep gates: 71
qbit 28 dep gates: 71
qbit 1: 2 qbit 2: 28 dep gates: 70
qbit 1: 2 qbit 2: 28 dep gates: 73
qbit 1: 1 qbit 2: 2 dep gates: 72
qbit 1: 1 qbit 2: 2 dep gates: 74
qbit 1: 28 qbit 2: 1 dep gates: 74
qbit 1: 28 qbit 2: 1 dep gates: 75
qbit 2 dep gates: 75
qbit 1 dep gates: 76
qbit 0 dep gates: 43
qbit 27 dep gates: 43
qbit 1 dep gates: 78
qbit 1: 27 qbit 2: 0 dep gates: 80
qbit 1: 27 qbit 2: 0 dep gates: 79
qbit 1: 1 qbit 2: 27 dep gates: 81
qbit 1: 1 qbit 2: 27 dep gates: 82
qbit 1: 0 qbit 2: 1 dep gates: 82
qbit 1: 0 qbit 2: 1 dep gates: 83
qbit 27 dep gates: 83
qbit 1 dep gates: 84
qbit 1: 0 qbit 2: 27 dep gates: 84
qbit 1: 0 qbit 2: 27 dep gates: 85
qbit 0 dep gates: 87
qbit 27 dep gates: 87
qbit 1: 1 qbit 2: 27 dep gates: 86
qbit 1: 1 qbit 2: 27 dep gates: 89
qbit 1: 0 qbit 2: 1 dep gates: 88
qbit 1: 0 qbit 2: 1 dep gates: 90
qbit 1: 27 qbit 2: 0 dep gates: 90
qbit 1: 27 qbit 2: 0 dep gates: 91
qbit 1 dep gates: 91
qbit 0 dep gates: 92
qbit 26 dep gates: 27
qbit 25 dep gates: 27
qbit 0 dep gates: 94
qbit 1: 25 qbit 2: 26 dep gates: 96
qbit 1: 25 qbit 2: 26 dep gates: 95
qbit 1: 0 qbit 2: 25 dep gates: 97
qbit 1: 0 qbit 2: 25 dep gates: 98
qbit 1: 26 qbit 2: 0 dep gates: 98
qbit 1: 26 qbit 2: 0 dep gates: 99
qbit 25 dep gates: 99
qbit 0 dep gates: 100
qbit 1: 26 qbit 2: 25 dep gates: 100
qbit 1: 26 qbit 2: 25 dep gates: 101
qbit 26 dep gates: 103
qbit 25 dep gates: 103
qbit 1: 0 qbit 2: 25 dep gates: 102
qbit 1: 0 qbit 2: 25 dep gates: 105
qbit 1: 26 qbit 2: 0 dep gates: 104
qbit 1: 26 qbit 2: 0 dep gates: 106
qbit 1: 25 qbit 2: 26 dep gates: 106
qbit 1: 25 qbit 2: 26 dep gates: 107
qbit 0 dep gates: 107
qbit 25 dep gates: 108
qbit 27 dep gates: 92
qbit 28 dep gates: 76
qbit 1: 21 qbit 2: 25 dep gates: 4
qbit 1: 21 qbit 2: 25 dep gates: 110
qbit 1: 22 qbit 2: 27 dep gates: 5
qbit 1: 22 qbit 2: 27 dep gates: 111
qbit 1: 23 qbit 2: 25 dep gates: 7
qbit 1: 23 qbit 2: 25 dep gates: 113
qbit 1: 23 qbit 2: 26 dep gates: 115
qbit 1: 23 qbit 2: 26 dep gates: 108
qbit 1: 24 qbit 2: 27 dep gates: 9
qbit 1: 24 qbit 2: 27 dep gates: 114
qbit 1: 24 qbit 2: 28 dep gates: 117
qbit 1: 24 qbit 2: 28 dep gates: 112
qbit 21 dep gates: 113
qbit 22 dep gates: 114
qbit 23 dep gates: 116
qbit 24 dep gates: 118
qbit 21 dep gates: 119
qbit 22 dep gates: 120
qbit 23 dep gates: 121
qbit 24 dep gates: 122
qbit 22 dep gates: 124
qbit 21 dep gates: 123
qbit 9 dep gates: 127
qbit 1: 21 qbit 2: 22 dep gates: 129
qbit 1: 21 qbit 2: 22 dep gates: 128
qbit 1: 9 qbit 2: 21 dep gates: 130
qbit 1: 9 qbit 2: 21 dep gates: 131
qbit 1: 22 qbit 2: 9 dep gates: 131
qbit 1: 22 qbit 2: 9 dep gates: 132
qbit 21 dep gates: 132
qbit 9 dep gates: 133
qbit 1: 22 qbit 2: 21 dep gates: 133
qbit 1: 22 qbit 2: 21 dep gates: 134
qbit 22 dep gates: 136
qbit 21 dep gates: 136
qbit 1: 9 qbit 2: 21 dep gates: 135
qbit 1: 9 qbit 2: 21 dep gates: 138
qbit 1: 22 qbit 2: 9 dep gates: 137
qbit 1: 22 qbit 2: 9 dep gates: 139
qbit 1: 21 qbit 2: 22 dep gates: 139
qbit 1: 21 qbit 2: 22 dep gates: 140
qbit 9 dep gates: 140
qbit 9 dep gates: 142
qbit 23 dep gates: 125
qbit 10 dep gates: 143
qbit 1: 23 qbit 2: 9 dep gates: 145
qbit 1: 23 qbit 2: 9 dep gates: 144
qbit 1: 10 qbit 2: 23 dep gates: 146
qbit 1: 10 qbit 2: 23 dep gates: 147
qbit 1: 9 qbit 2: 10 dep gates: 147
qbit 1: 9 qbit 2: 10 dep gates: 148
qbit 23 dep gates: 148
qbit 10 dep gates: 149
qbit 1: 9 qbit 2: 23 dep gates: 149
qbit 1: 9 qbit 2: 23 dep gates: 150
qbit 9 dep gates: 152
qbit 23 dep gates: 152
qbit 1: 10 qbit 2: 23 dep gates: 151
qbit 1: 10 qbit 2: 23 dep gates: 154
qbit 1: 9 qbit 2: 10 dep gates: 153
qbit 1: 9 qbit 2: 10 dep gates: 155
qbit 1: 23 qbit 2: 9 dep gates: 155
qbit 1: 23 qbit 2: 9 dep gates: 156
qbit 10 dep gates: 156
qbit 10 dep gates: 158
qbit 24 dep gates: 126
qbit 11 dep gates: 159
qbit 1: 24 qbit 2: 10 dep gates: 161
qbit 1: 24 qbit 2: 10 dep gates: 160
qbit 1: 11 qbit 2: 24 dep gates: 162
qbit 1: 11 qbit 2: 24 dep gates: 163
qbit 1: 10 qbit 2: 11 dep gates: 163
qbit 1: 10 qbit 2: 11 dep gates: 164
qbit 24 dep gates: 164
qbit 11 dep gates: 165
qbit 1: 10 qbit 2: 24 dep gates: 165
qbit 1: 10 qbit 2: 24 dep gates: 166
qbit 10 dep gates: 168
qbit 24 dep gates: 168
qbit 1: 11 qbit 2: 24 dep gates: 167
qbit 1: 11 qbit 2: 24 dep gates: 170
qbit 1: 10 qbit 2: 11 dep gates: 169
qbit 1: 10 qbit 2: 11 dep gates: 171
qbit 1: 24 qbit 2: 10 dep gates: 171
qbit 1: 24 qbit 2: 10 dep gates: 172
qbit 11 dep gates: 172
qbit 11 dep gates: 174
qbit 11 dep gates: 175
qbit 10 dep gates: 173
qbit 24 dep gates: 173
qbit 11 dep gates: 176
qbit 1: 24 qbit 2: 10 dep gates: 178
qbit 1: 24 qbit 2: 10 dep gates: 177
qbit 1: 11 qbit 2: 24 dep gates: 179
qbit 1: 11 qbit 2: 24 dep gates: 180
qbit 1: 10 qbit 2: 11 dep gates: 180
qbit 1: 10 qbit 2: 11 dep gates: 181
qbit 24 dep gates: 181
qbit 11 dep gates: 182
qbit 1: 10 qbit 2: 24 dep gates: 182
qbit 1: 10 qbit 2: 24 dep gates: 183
qbit 10 dep gates: 185
qbit 24 dep gates: 185
qbit 1: 11 qbit 2: 24 dep gates: 184
qbit 1: 11 qbit 2: 24 dep gates: 187
qbit 1: 10 qbit 2: 11 dep gates: 186
qbit 1: 10 qbit 2: 11 dep gates: 188
qbit 1: 24 qbit 2: 10 dep gates: 188
qbit 1: 24 qbit 2: 10 dep gates: 189
qbit 11 dep gates: 189
qbit 10 dep gates: 190
qbit 9 dep gates: 157
qbit 23 dep gates: 157
qbit 10 dep gates: 192
qbit 1: 23 qbit 2: 9 dep gates: 194
qbit 1: 23 qbit 2: 9 dep gates: 193
qbit 1: 10 qbit 2: 23 dep gates: 195
qbit 1: 10 qbit 2: 23 dep gates: 196
qbit 1: 9 qbit 2: 10 dep gates: 196
qbit 1: 9 qbit 2: 10 dep gates: 197
qbit 23 dep gates: 197
qbit 10 dep gates: 198
qbit 1: 9 qbit 2: 23 dep gates: 198
qbit 1: 9 qbit 2: 23 dep gates: 199
qbit 9 dep gates: 201
qbit 23 dep gates: 201
qbit 1: 10 qbit 2: 23 dep gates: 200
qbit 1: 10 qbit 2: 23 dep gates: 203
qbit 1: 9 qbit 2: 10 dep gates: 202
qbit 1: 9 qbit 2: 10 dep gates: 204
qbit 1: 23 qbit 2: 9 dep gates: 204
qbit 1: 23 qbit 2: 9 dep gates: 205
qbit 10 dep gates: 205
qbit 9 dep gates: 206
qbit 22 dep gates: 141
qbit 21 dep gates: 141
qbit 9 dep gates: 208
qbit 1: 21 qbit 2: 22 dep gates: 210
qbit 1: 21 qbit 2: 22 dep gates: 209
qbit 1: 9 qbit 2: 21 dep gates: 211
qbit 1: 9 qbit 2: 21 dep gates: 212
qbit 1: 22 qbit 2: 9 dep gates: 212
qbit 1: 22 qbit 2: 9 dep gates: 213
qbit 21 dep gates: 213
qbit 9 dep gates: 214
qbit 1: 22 qbit 2: 21 dep gates: 214
qbit 1: 22 qbit 2: 21 dep gates: 215
qbit 22 dep gates: 217
qbit 21 dep gates: 217
qbit 1: 9 qbit 2: 21 dep gates: 216
qbit 1: 9 qbit 2: 21 dep gates: 219
qbit 1: 22 qbit 2: 9 dep gates: 218
qbit 1: 22 qbit 2: 9 dep gates: 220
qbit 1: 21 qbit 2: 22 dep gates: 220
qbit 1: 21 qbit 2: 22 dep gates: 221
qbit 9 dep gates: 221
qbit 21 dep gates: 222
qbit 22 dep gates: 222
qbit 23 dep gates: 206
qbit 24 dep gates: 190
qbit 21 dep gates: 224
qbit 22 dep gates: 225
qbit 23 dep gates: 226
qbit 24 dep gates: 227
qbit 1: 21 qbit 2: 25 dep gates: 228
qbit 1: 21 qbit 2: 25 dep gates: 115
qbit 1: 22 qbit 2: 27 dep gates: 229
qbit 1: 22 qbit 2: 27 dep gates: 117
qbit 1: 23 qbit 2: 25 dep gates: 230
qbit 1: 23 qbit 2: 25 dep gates: 232
qbit 1: 23 qbit 2: 26 dep gates: 234
qbit 1: 23 qbit 2: 26 dep gates: 116
qbit 1: 24 qbit 2: 27 dep gates: 231
qbit 1: 24 qbit 2: 27 dep gates: 233
qbit 1: 24 qbit 2: 28 dep gates: 236
qbit 1: 24 qbit 2: 28 dep gates: 118
qbit 25 dep gates: 234
qbit 27 dep gates: 236
qbit 28 dep gates: 237
qbit 26 dep gates: 235
qbit 25 dep gates: 238
qbit 3 dep gates: 241
qbit 1: 25 qbit 2: 26 dep gates: 243
qbit 1: 25 qbit 2: 26 dep gates: 242
qbit 1: 3 qbit 2: 25 dep gates: 244
qbit 1: 3 qbit 2: 25 dep gates: 245
qbit 1: 26 qbit 2: 3 dep gates: 245
qbit 1: 26 qbit 2: 3 dep gates: 246
qbit 25 dep gates: 246
qbit 3 dep gates: 247
qbit 1: 26 qbit 2: 25 dep gates: 247
qbit 1: 26 qbit 2: 25 dep gates: 248
qbit 26 dep gates: 250
qbit 25 dep gates: 250
qbit 1: 3 qbit 2: 25 dep gates: 249
qbit 1: 3 qbit 2: 25 dep gates: 252
qbit 1: 26 qbit 2: 3 dep gates: 251
qbit 1: 26 qbit 2: 3 dep gates: 253
qbit 1: 25 qbit 2: 26 dep gates: 253
qbit 1: 25 qbit 2: 26 dep gates: 254
qbit 3 dep gates: 254
qbit 3 dep gates: 256
qbit 27 dep gates: 239
qbit 4 dep gates: 257
qbit 1: 27 qbit 2: 3 dep gates: 259
qbit 1: 27 qbit 2: 3 dep gates: 258
qbit 1: 4 qbit 2: 27 dep gates: 260
qbit 1: 4 qbit 2: 27 dep gates: 261
qbit 1: 3 qbit 2: 4 dep gates: 261
qbit 1: 3 qbit 2: 4 dep gates: 262
qbit 27 dep gates: 262
qbit 4 dep gates: 263
qbit 1: 3 qbit 2: 27 dep gates: 263
qbit 1: 3 qbit 2: 27 dep gates: 264
qbit 3 dep gates: 266
qbit 27 dep gates: 266
qbit 1: 4 qbit 2: 27 dep gates: 265
qbit 1: 4 qbit 2: 27 dep gates: 268
qbit 1: 3 qbit 2: 4 dep gates: 267
qbit 1: 3 qbit 2: 4 dep gates: 269
qbit 1: 27 qbit 2: 3 dep gates: 269
qbit 1: 27 qbit 2: 3 dep gates: 270
qbit 4 dep gates: 270
qbit 4 dep gates: 272
qbit 28 dep gates: 240
qbit 5 dep gates: 273
qbit 1: 28 qbit 2: 4 dep gates: 275
qbit 1: 28 qbit 2: 4 dep gates: 274
qbit 1: 5 qbit 2: 28 dep gates: 276
qbit 1: 5 qbit 2: 28 dep gates: 277
qbit 1: 4 qbit 2: 5 dep gates: 277
qbit 1: 4 qbit 2: 5 dep gates: 278
qbit 28 dep gates: 278
qbit 5 dep gates: 279
qbit 1: 4 qbit 2: 28 dep gates: 279
qbit 1: 4 qbit 2: 28 dep gates: 280
qbit 4 dep gates: 282
qbit 28 dep gates: 282
qbit 1: 5 qbit 2: 28 dep gates: 281
qbit 1: 5 qbit 2: 28 dep gates: 284
qbit 1: 4 qbit 2: 5 dep gates: 283
qbit 1: 4 qbit 2: 5 dep gates: 285
qbit 1: 28 qbit 2: 4 dep gates: 285
qbit 1: 28 qbit 2: 4 dep gates: 286
qbit 5 dep gates: 286
qbit 5 dep gates: 288
qbit 5 dep gates: 289
qbit 4 dep gates: 287
qbit 28 dep gates: 287
qbit 5 dep gates: 290
qbit 1: 28 qbit 2: 4 dep gates: 292
qbit 1: 28 qbit 2: 4 dep gates: 291
qbit 1: 5 qbit 2: 28 dep gates: 293
qbit 1: 5 qbit 2: 28 dep gates: 294
qbit 1: 4 qbit 2: 5 dep gates: 294
qbit 1: 4 qbit 2: 5 dep gates: 295
qbit 28 dep gates: 295
qbit 5 dep gates: 296
qbit 1: 4 qbit 2: 28 dep gates: 296
qbit 1: 4 qbit 2: 28 dep gates: 297
qbit 4 dep gates: 299
qbit 28 dep gates: 299
qbit 1: 5 qbit 2: 28 dep gates: 298
qbit 1: 5 qbit 2: 28 dep gates: 301
qbit 1: 4 qbit 2: 5 dep gates: 300
qbit 1: 4 qbit 2: 5 dep gates: 302
qbit 1: 28 qbit 2: 4 dep gates: 302
qbit 1: 28 qbit 2: 4 dep gates: 303
qbit 5 dep gates: 303
qbit 4 dep gates: 304
qbit 3 dep gates: 271
qbit 27 dep gates: 271
qbit 4 dep gates: 306
qbit 1: 27 qbit 2: 3 dep gates: 308
qbit 1: 27 qbit 2: 3 dep gates: 307
qbit 1: 4 qbit 2: 27 dep gates: 309
qbit 1: 4 qbit 2: 27 dep gates: 310
qbit 1: 3 qbit 2: 4 dep gates: 310
qbit 1: 3 qbit 2: 4 dep gates: 311
qbit 27 dep gates: 311
qbit 4 dep gates: 312
qbit 1: 3 qbit 2: 27 dep gates: 312
qbit 1: 3 qbit 2: 27 dep gates: 313
qbit 3 dep gates: 315
qbit 27 dep gates: 315
qbit 1: 4 qbit 2: 27 dep gates: 314
qbit 1: 4 qbit 2: 27 dep gates: 317
qbit 1: 3 qbit 2: 4 dep gates: 316
qbit 1: 3 qbit 2: 4 dep gates: 318
qbit 1: 27 qbit 2: 3 dep gates: 318
qbit 1: 27 qbit 2: 3 dep gates: 319
qbit 4 dep gates: 319
qbit 3 dep gates: 320
qbit 26 dep gates: 255
qbit 25 dep gates: 255
qbit 3 dep gates: 322
qbit 1: 25 qbit 2: 26 dep gates: 324
qbit 1: 25 qbit 2: 26 dep gates: 323
qbit 1: 3 qbit 2: 25 dep gates: 325
qbit 1: 3 qbit 2: 25 dep gates: 326
qbit 1: 26 qbit 2: 3 dep gates: 326
qbit 1: 26 qbit 2: 3 dep gates: 327
qbit 25 dep gates: 327
qbit 3 dep gates: 328
qbit 1: 26 qbit 2: 25 dep gates: 328
qbit 1: 26 qbit 2: 25 dep gates: 329
qbit 26 dep gates: 331
qbit 25 dep gates: 331
qbit 1: 3 qbit 2: 25 dep gates: 330
qbit 1: 3 qbit 2: 25 dep gates: 333
qbit 1: 26 qbit 2: 3 dep gates: 332
qbit 1: 26 qbit 2: 3 dep gates: 334
qbit 1: 25 qbit 2: 26 dep gates: 334
qbit 1: 25 qbit 2: 26 dep gates: 335
qbit 3 dep gates: 335
qbit 25 dep gates: 336
qbit 27 dep gates: 320
qbit 28 dep gates: 304
qbit 1: 21 qbit 2: 25 dep gates: 232
qbit 1: 21 qbit 2: 25 dep gates: 338
qbit 1: 22 qbit 2: 27 dep gates: 233
qbit 1: 22 qbit 2: 27 dep gates: 339
qbit 1: 23 qbit 2: 25 dep gates: 235
qbit 1: 23 qbit 2: 25 dep gates: 341
qbit 1: 23 qbit 2: 26 dep gates: 343
qbit 1: 23 qbit 2: 26 dep gates: 336
qbit 1: 24 qbit 2: 27 dep gates: 237
qbit 1: 24 qbit 2: 27 dep gates: 342
qbit 1: 24 qbit 2: 28 dep gates: 345
qbit 1: 24 qbit 2: 28 dep gates: 340
qbit 21 dep gates: 341
qbit 22 dep gates: 342
qbit 23 dep gates: 344
qbit 24 dep gates: 346
qbit 21 dep gates: 347
qbit 22 dep gates: 348
qbit 23 dep gates: 349
qbit 24 dep gates: 350
qbit 22 dep gates: 352
qbit 21 dep gates: 351
qbit 12 dep gates: 355
qbit 1: 21 qbit 2: 22 dep gates: 357
qbit 1: 21 qbit 2: 22 dep gates: 356
qbit 1: 12 qbit 2: 21 dep gates: 358
qbit 1: 12 qbit 2: 21 dep gates: 359
qbit 1: 22 qbit 2: 12 dep gates: 359
qbit 1: 22 qbit 2: 12 dep gates: 360
qbit 21 dep gates: 360
qbit 12 dep gates: 361
qbit 1: 22 qbit 2: 21 dep gates: 361
qbit 1: 22 qbit 2: 21 dep gates: 362
qbit 22 dep gates: 364
qbit 21 dep gates: 364
qbit 1: 12 qbit 2: 21 dep gates: 363
qbit 1: 12 qbit 2: 21 dep gates: 366
qbit 1: 22 qbit 2: 12 dep gates: 365
qbit 1: 22 qbit 2: 12 dep gates: 367
qbit 1: 21 qbit 2: 22 dep gates: 367
qbit 1: 21 qbit 2: 22 dep gates: 368
qbit 12 dep gates: 368
qbit 12 dep gates: 370
qbit 23 dep gates: 353
qbit 13 dep gates: 371
qbit 1: 23 qbit 2: 12 dep gates: 373
qbit 1: 23 qbit 2: 12 dep gates: 372
qbit 1: 13 qbit 2: 23 dep gates: 374
qbit 1: 13 qbit 2: 23 dep gates: 375
qbit 1: 12 qbit 2: 13 dep gates: 375
qbit 1: 12 qbit 2: 13 dep gates: 376
qbit 23 dep gates: 376
qbit 13 dep gates: 377
qbit 1: 12 qbit 2: 23 dep gates: 377
qbit 1: 12 qbit 2: 23 dep gates: 378
qbit 12 dep gates: 380
qbit 23 dep gates: 380
qbit 1: 13 qbit 2: 23 dep gates: 379
qbit 1: 13 qbit 2: 23 dep gates: 382
qbit 1: 12 qbit 2: 13 dep gates: 381
qbit 1: 12 qbit 2: 13 dep gates: 383
qbit 1: 23 qbit 2: 12 dep gates: 383
qbit 1: 23 qbit 2: 12 dep gates: 384
qbit 13 dep gates: 384
qbit 13 dep gates: 386
qbit 24 dep gates: 354
qbit 14 dep gates: 387
qbit 1: 24 qbit 2: 13 dep gates: 389
qbit 1: 24 qbit 2: 13 dep gates: 388
qbit 1: 14 qbit 2: 24 dep gates: 390
qbit 1: 14 qbit 2: 24 dep gates: 391
qbit 1: 13 qbit 2: 14 dep gates: 391
qbit 1: 13 qbit 2: 14 dep gates: 392
qbit 24 dep gates: 392
qbit 14 dep gates: 393
qbit 1: 13 qbit 2: 24 dep gates: 393
qbit 1: 13 qbit 2: 24 dep gates: 394
qbit 13 dep gates: 396
qbit 24 dep gates: 396
qbit 1: 14 qbit 2: 24 dep gates: 395
qbit 1: 14 qbit 2: 24 dep gates: 398
qbit 1: 13 qbit 2: 14 dep gates: 397
qbit 1: 13 qbit 2: 14 dep gates: 399
qbit 1: 24 qbit 2: 13 dep gates: 399
qbit 1: 24 qbit 2: 13 dep gates: 400
qbit 14 dep gates: 400
qbit 14 dep gates: 402
qbit 14 dep gates: 403
qbit 13 dep gates: 401
qbit 24 dep gates: 401
qbit 14 dep gates: 404
qbit 1: 24 qbit 2: 13 dep gates: 406
qbit 1: 24 qbit 2: 13 dep gates: 405
qbit 1: 14 qbit 2: 24 dep gates: 407
qbit 1: 14 qbit 2: 24 dep gates: 408
qbit 1: 13 qbit 2: 14 dep gates: 408
qbit 1: 13 qbit 2: 14 dep gates: 409
qbit 24 dep gates: 409
qbit 14 dep gates: 410
qbit 1: 13 qbit 2: 24 dep gates: 410
qbit 1: 13 qbit 2: 24 dep gates: 411
qbit 13 dep gates: 413
qbit 24 dep gates: 413
qbit 1: 14 qbit 2: 24 dep gates: 412
qbit 1: 14 qbit 2: 24 dep gates: 415
qbit 1: 13 qbit 2: 14 dep gates: 414
qbit 1: 13 qbit 2: 14 dep gates: 416
qbit 1: 24 qbit 2: 13 dep gates: 416
qbit 1: 24 qbit 2: 13 dep gates: 417
qbit 14 dep gates: 417
qbit 13 dep gates: 418
qbit 12 dep gates: 385
qbit 23 dep gates: 385
qbit 13 dep gates: 420
qbit 1: 23 qbit 2: 12 dep gates: 422
qbit 1: 23 qbit 2: 12 dep gates: 421
qbit 1: 13 qbit 2: 23 dep gates: 423
qbit 1: 13 qbit 2: 23 dep gates: 424
qbit 1: 12 qbit 2: 13 dep gates: 424
qbit 1: 12 qbit 2: 13 dep gates: 425
qbit 23 dep gates: 425
qbit 13 dep gates: 426
qbit 1: 12 qbit 2: 23 dep gates: 426
qbit 1: 12 qbit 2: 23 dep gates: 427
qbit 12 dep gates: 429
qbit 23 dep gates: 429
qbit 1: 13 qbit 2: 23 dep gates: 428
qbit 1: 13 qbit 2: 23 dep gates: 431
qbit 1: 12 qbit 2: 13 dep gates: 430
qbit 1: 12 qbit 2: 13 dep gates: 432
qbit 1: 23 qbit 2: 12 dep gates: 432
qbit 1: 23 qbit 2: 12 dep gates: 433
qbit 13 dep gates: 433
qbit 12 dep gates: 434
qbit 22 dep gates: 369
qbit 21 dep gates: 369
qbit 12 dep gates: 436
qbit 1: 21 qbit 2: 22 dep gates: 438
qbit 1: 21 qbit 2: 22 dep gates: 437
qbit 1: 12 qbit 2: 21 dep gates: 439
qbit 1: 12 qbit 2: 21 dep gates: 440
qbit 1: 22 qbit 2: 12 dep gates: 440
qbit 1: 22 qbit 2: 12 dep gates: 441
qbit 21 dep gates: 441
qbit 12 dep gates: 442
qbit 1: 22 qbit 2: 21 dep gates: 442
qbit 1: 22 qbit 2: 21 dep gates: 443
qbit 22 dep gates: 445
qbit 21 dep gates: 445
qbit 1: 12 qbit 2: 21 dep gates: 444
qbit 1: 12 qbit 2: 21 dep gates: 447
qbit 1: 22 qbit 2: 12 dep gates: 446
qbit 1: 22 qbit 2: 12 dep gates: 448
qbit 1: 21 qbit 2: 22 dep gates: 448
qbit 1: 21 qbit 2: 22 dep gates: 449
qbit 12 dep gates: 449
qbit 21 dep gates: 450
qbit 22 dep gates: 450
qbit 23 dep gates: 434
qbit 24 dep gates: 418
qbit 21 dep gates: 452
qbit 22 dep gates: 453
qbit 23 dep gates: 454
qbit 24 dep gates: 455
qbit 1: 21 qbit 2: 25 dep gates: 456
qbit 1: 21 qbit 2: 25 dep gates: 343
qbit 1: 22 qbit 2: 27 dep gates: 457
qbit 1: 22 qbit 2: 27 dep gates: 345
qbit 1: 23 qbit 2: 25 dep gates: 458
qbit 1: 23 qbit 2: 25 dep gates: 460
qbit 1: 23 qbit 2: 26 dep gates: 462
qbit 1: 23 qbit 2: 26 dep gates: 344
qbit 1: 24 qbit 2: 27 dep gates: 459
qbit 1: 24 qbit 2: 27 dep gates: 461
qbit 1: 24 qbit 2: 28 dep gates: 464
qbit 1: 24 qbit 2: 28 dep gates: 346
qbit 25 dep gates: 462
qbit 27 dep gates: 464
qbit 28 dep gates: 465
qbit 26 dep gates: 463
qbit 25 dep gates: 466
qbit 6 dep gates: 469
qbit 1: 25 qbit 2: 26 dep gates: 471
qbit 1: 25 qbit 2: 26 dep gates: 470
qbit 1: 6 qbit 2: 25 dep gates: 472
qbit 1: 6 qbit 2: 25 dep gates: 473
qbit 1: 26 qbit 2: 6 dep gates: 473
qbit 1: 26 qbit 2: 6 dep gates: 474
qbit 25 dep gates: 474
qbit 6 dep gates: 475
qbit 1: 26 qbit 2: 25 dep gates: 475
qbit 1: 26 qbit 2: 25 dep gates: 476
qbit 26 dep gates: 478
qbit 25 dep gates: 478
qbit 1: 6 qbit 2: 25 dep gates: 477
qbit 1: 6 qbit 2: 25 dep gates: 480
qbit 1: 26 qbit 2: 6 dep gates: 479
qbit 1: 26 qbit 2: 6 dep gates: 481
qbit 1: 25 qbit 2: 26 dep gates: 481
qbit 1: 25 qbit 2: 26 dep gates: 482
qbit 6 dep gates: 482
qbit 6 dep gates: 484
qbit 27 dep gates: 467
qbit 7 dep gates: 485
qbit 1: 27 qbit 2: 6 dep gates: 487
qbit 1: 27 qbit 2: 6 dep gates: 486
qbit 1: 7 qbit 2: 27 dep gates: 488
qbit 1: 7 qbit 2: 27 dep gates: 489
qbit 1: 6 qbit 2: 7 dep gates: 489
qbit 1: 6 qbit 2: 7 dep gates: 490
qbit 27 dep gates: 490
qbit 7 dep gates: 491
qbit 1: 6 qbit 2: 27 dep gates: 491
qbit 1: 6 qbit 2: 27 dep gates: 492
qbit 6 dep gates: 494
qbit 27 dep gates: 494
qbit 1: 7 qbit 2: 27 dep gates: 493
qbit 1: 7 qbit 2: 27 dep gates: 496
qbit 1: 6 qbit 2: 7 dep gates: 495
qbit 1: 6 qbit 2: 7 dep gates: 497
qbit 1: 27 qbit 2: 6 dep gates: 497
qbit 1: 27 qbit 2: 6 dep gates: 498
qbit 7 dep gates: 498
qbit 7 dep gates: 500
qbit 28 dep gates: 468
qbit 8 dep gates: 501
qbit 1: 28 qbit 2: 7 dep gates: 503
qbit 1: 28 qbit 2: 7 dep gates: 502
qbit 1: 8 qbit 2: 28 dep gates: 504
qbit 1: 8 qbit 2: 28 dep gates: 505
qbit 1: 7 qbit 2: 8 dep gates: 505
qbit 1: 7 qbit 2: 8 dep gates: 506
qbit 28 dep gates: 506
qbit 8 dep gates: 507
qbit 1: 7 qbit 2: 28 dep gates: 507
qbit 1: 7 qbit 2: 28 dep gates: 508
qbit 7 dep gates: 510
qbit 28 dep gates: 510
qbit 1: 8 qbit 2: 28 dep gates: 509
qbit 1: 8 qbit 2: 28 dep gates: 512
qbit 1: 7 qbit 2: 8 dep gates: 511
qbit 1: 7 qbit 2: 8 dep gates: 513
qbit 1: 28 qbit 2: 7 dep gates: 513
qbit 1: 28 qbit 2: 7 dep gates: 514
qbit 8 dep gates: 514
qbit 8 dep gates: 516
qbit 8 dep gates: 517
qbit 7 dep gates: 515
qbit 28 dep gates: 515
qbit 8 dep gates: 518
qbit 1: 28 qbit 2: 7 dep gates: 520
qbit 1: 28 qbit 2: 7 dep gates: 519
qbit 1: 8 qbit 2: 28 dep gates: 521
qbit 1: 8 qbit 2: 28 dep gates: 522
qbit 1: 7 qbit 2: 8 dep gates: 522
qbit 1: 7 qbit 2: 8 dep gates: 523
qbit 28 dep gates: 523
qbit 8 dep gates: 524
qbit 1: 7 qbit 2: 28 dep gates: 524
qbit 1: 7 qbit 2: 28 dep gates: 525
qbit 7 dep gates: 527
qbit 28 dep gates: 527
qbit 1: 8 qbit 2: 28 dep gates: 526
qbit 1: 8 qbit 2: 28 dep gates: 529
qbit 1: 7 qbit 2: 8 dep gates: 528
qbit 1: 7 qbit 2: 8 dep gates: 530
qbit 1: 28 qbit 2: 7 dep gates: 530
qbit 1: 28 qbit 2: 7 dep gates: 531
qbit 8 dep gates: 531
qbit 7 dep gates: 532
qbit 6 dep gates: 499
qbit 27 dep gates: 499
qbit 7 dep gates: 534
qbit 1: 27 qbit 2: 6 dep gates: 536
qbit 1: 27 qbit 2: 6 dep gates: 535
qbit 1: 7 qbit 2: 27 dep gates: 537
qbit 1: 7 qbit 2: 27 dep gates: 538
qbit 1: 6 qbit 2: 7 dep gates: 538
qbit 1: 6 qbit 2: 7 dep gates: 539
qbit 27 dep gates: 539
qbit 7 dep gates: 540
qbit 1: 6 qbit 2: 27 dep gates: 540
qbit 1: 6 qbit 2: 27 dep gates: 541
qbit 6 dep gates: 543
qbit 27 dep gates: 543
qbit 1: 7 qbit 2: 27 dep gates: 542
qbit 1: 7 qbit 2: 27 dep gates: 545
qbit 1: 6 qbit 2: 7 dep gates: 544
qbit 1: 6 qbit 2: 7 dep gates: 546
qbit 1: 27 qbit 2: 6 dep gates: 546
qbit 1: 27 qbit 2: 6 dep gates: 547
qbit 7 dep gates: 547
qbit 6 dep gates: 548
qbit 26 dep gates: 483
qbit 25 dep gates: 483
qbit 6 dep gates: 550
qbit 1: 25 qbit 2: 26 dep gates: 552
qbit 1: 25 qbit 2: 26 dep gates: 551
qbit 1: 6 qbit 2: 25 dep gates: 553
qbit 1: 6 qbit 2: 25 dep gates: 554
qbit 1: 26 qbit 2: 6 dep gates: 554
qbit 1: 26 qbit 2: 6 dep gates: 555
qbit 25 dep gates: 555
qbit 6 dep gates: 556
qbit 1: 26 qbit 2: 25 dep gates: 556
qbit 1: 26 qbit 2: 25 dep gates: 557
qbit 26 dep gates: 559
qbit 25 dep gates: 559
qbit 1: 6 qbit 2: 25 dep gates: 558
qbit 1: 6 qbit 2: 25 dep gates: 561
qbit 1: 26 qbit 2: 6 dep gates: 560
qbit 1: 26 qbit 2: 6 dep gates: 562
qbit 1: 25 qbit 2: 26 dep gates: 562
qbit 1: 25 qbit 2: 26 dep gates: 563
qbit 6 dep gates: 563
qbit 25 dep gates: 564
qbit 27 dep gates: 548
qbit 28 dep gates: 532
qbit 1: 21 qbit 2: 25 dep gates: 460
qbit 1: 21 qbit 2: 25 dep gates: 566
qbit 1: 22 qbit 2: 27 dep gates: 461
qbit 1: 22 qbit 2: 27 dep gates: 567
qbit 1: 23 qbit 2: 25 dep gates: 463
qbit 1: 23 qbit 2: 25 dep gates: 569
qbit 1: 23 qbit 2: 26 dep gates: 571
qbit 1: 23 qbit 2: 26 dep gates: 564
qbit 1: 24 qbit 2: 27 dep gates: 465
qbit 1: 24 qbit 2: 27 dep gates: 570
qbit 1: 24 qbit 2: 28 dep gates: 573
qbit 1: 24 qbit 2: 28 dep gates: 568
qbit 21 dep gates: 569
qbit 22 dep gates: 570
qbit 23 dep gates: 572
qbit 24 dep gates: 574
qbit 21 dep gates: 575
qbit 22 dep gates: 576
qbit 23 dep gates: 577
qbit 24 dep gates: 578
qbit 22 dep gates: 580
qbit 21 dep gates: 579
qbit 15 dep gates: 583
qbit 1: 21 qbit 2: 22 dep gates: 585
qbit 1: 21 qbit 2: 22 dep gates: 584
qbit 1: 15 qbit 2: 21 dep gates: 586
qbit 1: 15 qbit 2: 21 dep gates: 587
qbit 1: 22 qbit 2: 15 dep gates: 587
qbit 1: 22 qbit 2: 15 dep gates: 588
qbit 21 dep gates: 588
qbit 15 dep gates: 589
qbit 1: 22 qbit 2: 21 dep gates: 589
qbit 1: 22 qbit 2: 21 dep gates: 590
qbit 22 dep gates: 592
qbit 21 dep gates: 592
qbit 1: 15 qbit 2: 21 dep gates: 591
qbit 1: 15 qbit 2: 21 dep gates: 594
qbit 1: 22 qbit 2: 15 dep gates: 593
qbit 1: 22 qbit 2: 15 dep gates: 595
qbit 1: 21 qbit 2: 22 dep gates: 595
qbit 1: 21 qbit 2: 22 dep gates: 596
qbit 15 dep gates: 596
qbit 15 dep gates: 598
qbit 23 dep gates: 581
qbit 16 dep gates: 599
qbit 1: 23 qbit 2: 15 dep gates: 601
qbit 1: 23 qbit 2: 15 dep gates: 600
qbit 1: 16 qbit 2: 23 dep gates: 602
qbit 1: 16 qbit 2: 23 dep gates: 603
qbit 1: 15 qbit 2: 16 dep gates: 603
qbit 1: 15 qbit 2: 16 dep gates: 604
qbit 23 dep gates: 604
qbit 16 dep gates: 605
qbit 1: 15 qbit 2: 23 dep gates: 605
qbit 1: 15 qbit 2: 23 dep gates: 606
qbit 15 dep gates: 608
qbit 23 dep gates: 608
qbit 1: 16 qbit 2: 23 dep gates: 607
qbit 1: 16 qbit 2: 23 dep gates: 610
qbit 1: 15 qbit 2: 16 dep gates: 609
qbit 1: 15 qbit 2: 16 dep gates: 611
qbit 1: 23 qbit 2: 15 dep gates: 611
qbit 1: 23 qbit 2: 15 dep gates: 612
qbit 16 dep gates: 612
qbit 16 dep gates: 614
qbit 24 dep gates: 582
qbit 17 dep gates: 615
qbit 1: 24 qbit 2: 16 dep gates: 617
qbit 1: 24 qbit 2: 16 dep gates: 616
qbit 1: 17 qbit 2: 24 dep gates: 618
qbit 1: 17 qbit 2: 24 dep gates: 619
qbit 1: 16 qbit 2: 17 dep gates: 619
qbit 1: 16 qbit 2: 17 dep gates: 620
qbit 24 dep gates: 620
qbit 17 dep gates: 621
qbit 1: 16 qbit 2: 24 dep gates: 621
qbit 1: 16 qbit 2: 24 dep gates: 622
qbit 16 dep gates: 624
qbit 24 dep gates: 624
qbit 1: 17 qbit 2: 24 dep gates: 623
qbit 1: 17 qbit 2: 24 dep gates: 626
qbit 1: 16 qbit 2: 17 dep gates: 625
qbit 1: 16 qbit 2: 17 dep gates: 627
qbit 1: 24 qbit 2: 16 dep gates: 627
qbit 1: 24 qbit 2: 16 dep gates: 628
qbit 17 dep gates: 628
qbit 17 dep gates: 630
qbit 17 dep gates: 631
qbit 16 dep gates: 629
qbit 24 dep gates: 629
qbit 17 dep gates: 632
qbit 1: 24 qbit 2: 16 dep gates: 634
qbit 1: 24 qbit 2: 16 dep gates: 633
qbit 1: 17 qbit 2: 24 dep gates: 635
qbit 1: 17 qbit 2: 24 dep gates: 636
qbit 1: 16 qbit 2: 17 dep gates: 636
qbit 1: 16 qbit 2: 17 dep gates: 637
qbit 24 dep gates: 637
qbit 17 dep gates: 638
qbit 1: 16 qbit 2: 24 dep gates: 638
qbit 1: 16 qbit 2: 24 dep gates: 639
qbit 16 dep gates: 641
qbit 24 dep gates: 641
qbit 1: 17 qbit 2: 24 dep gates: 640
qbit 1: 17 qbit 2: 24 dep gates: 643
qbit 1: 16 qbit 2: 17 dep gates: 642
qbit 1: 16 qbit 2: 17 dep gates: 644
qbit 1: 24 qbit 2: 16 dep gates: 644
qbit 1: 24 qbit 2: 16 dep gates: 645
qbit 17 dep gates: 645
qbit 16 dep gates: 646
qbit 15 dep gates: 613
qbit 23 dep gates: 613
qbit 16 dep gates: 648
qbit 1: 23 qbit 2: 15 dep gates: 650
qbit 1: 23 qbit 2: 15 dep gates: 649
qbit 1: 16 qbit 2: 23 dep gates: 651
qbit 1: 16 qbit 2: 23 dep gates: 652
qbit 1: 15 qbit 2: 16 dep gates: 652
qbit 1: 15 qbit 2: 16 dep gates: 653
qbit 23 dep gates: 653
qbit 16 dep gates: 654
qbit 1: 15 qbit 2: 23 dep gates: 654
qbit 1: 15 qbit 2: 23 dep gates: 655
qbit 15 dep gates: 657
qbit 23 dep gates: 657
qbit 1: 16 qbit 2: 23 dep gates: 656
qbit 1: 16 qbit 2: 23 dep gates: 659
qbit 1: 15 qbit 2: 16 dep gates: 658
qbit 1: 15 qbit 2: 16 dep gates: 660
qbit 1: 23 qbit 2: 15 dep gates: 660
qbit 1: 23 qbit 2: 15 dep gates: 661
qbit 16 dep gates: 661
qbit 15 dep gates: 662
qbit 22 dep gates: 597
qbit 21 dep gates: 597
qbit 15 dep gates: 664
qbit 1: 21 qbit 2: 22 dep gates: 666
qbit 1: 21 qbit 2: 22 dep gates: 665
qbit 1: 15 qbit 2: 21 dep gates: 667
qbit 1: 15 qbit 2: 21 dep gates: 668
qbit 1: 22 qbit 2: 15 dep gates: 668
qbit 1: 22 qbit 2: 15 dep gates: 669
qbit 21 dep gates: 669
qbit 15 dep gates: 670
qbit 1: 22 qbit 2: 21 dep gates: 670
qbit 1: 22 qbit 2: 21 dep gates: 671
qbit 22 dep gates: 673
qbit 21 dep gates: 673
qbit 1: 15 qbit 2: 21 dep gates: 672
qbit 1: 15 qbit 2: 21 dep gates: 675
qbit 1: 22 qbit 2: 15 dep gates: 674
qbit 1: 22 qbit 2: 15 dep gates: 676
qbit 1: 21 qbit 2: 22 dep gates: 676
qbit 1: 21 qbit 2: 22 dep gates: 677
qbit 15 dep gates: 677
qbit 21 dep gates: 678
qbit 22 dep gates: 678
qbit 23 dep gates: 662
qbit 24 dep gates: 646
qbit 21 dep gates: 680
qbit 22 dep gates: 681
qbit 23 dep gates: 682
qbit 24 dep gates: 683
qbit 1: 21 qbit 2: 25 dep gates: 684
qbit 1: 21 qbit 2: 25 dep gates: 571
qbit 1: 22 qbit 2: 27 dep gates: 685
qbit 1: 22 qbit 2: 27 dep gates: 573
qbit 1: 23 qbit 2: 25 dep gates: 686
qbit 1: 23 qbit 2: 25 dep gates: 688
qbit 1: 23 qbit 2: 26 dep gates: 690
qbit 1: 23 qbit 2: 26 dep gates: 572
qbit 1: 24 qbit 2: 27 dep gates: 687
qbit 1: 24 qbit 2: 27 dep gates: 689
qbit 1: 24 qbit 2: 28 dep gates: 692
qbit 1: 24 qbit 2: 28 dep gates: 574
qbit 25 dep gates: 690
qbit 27 dep gates: 692
qbit 28 dep gates: 693
qbit 26 dep gates: 691
qbit 25 dep gates: 694
qbit 18 dep gates: 697
qbit 1: 25 qbit 2: 26 dep gates: 699
qbit 1: 25 qbit 2: 26 dep gates: 698
qbit 1: 18 qbit 2: 25 dep gates: 700
qbit 1: 18 qbit 2: 25 dep gates: 701
qbit 1: 26 qbit 2: 18 dep gates: 701
qbit 1: 26 qbit 2: 18 dep gates: 702
qbit 25 dep gates: 702
qbit 18 dep gates: 703
qbit 1: 26 qbit 2: 25 dep gates: 703
qbit 1: 26 qbit 2: 25 dep gates: 704
qbit 26 dep gates: 706
qbit 25 dep gates: 706
qbit 1: 18 qbit 2: 25 dep gates: 705
qbit 1: 18 qbit 2: 25 dep gates: 708
qbit 1: 26 qbit 2: 18 dep gates: 707
qbit 1: 26 qbit 2: 18 dep gates: 709
qbit 1: 25 qbit 2: 26 dep gates: 709
qbit 1: 25 qbit 2: 26 dep gates: 710
qbit 18 dep gates: 710
qbit 18 dep gates: 712
qbit 27 dep gates: 695
qbit 19 dep gates: 713
qbit 1: 27 qbit 2: 18 dep gates: 715
qbit 1: 27 qbit 2: 18 dep gates: 714
qbit 1: 19 qbit 2: 27 dep gates: 716
qbit 1: 19 qbit 2: 27 dep gates: 717
qbit 1: 18 qbit 2: 19 dep gates: 717
qbit 1: 18 qbit 2: 19 dep gates: 718
qbit 27 dep gates: 718
qbit 19 dep gates: 719
qbit 1: 18 qbit 2: 27 dep gates: 719
qbit 1: 18 qbit 2: 27 dep gates: 720
qbit 18 dep gates: 722
qbit 27 dep gates: 722
qbit 1: 19 qbit 2: 27 dep gates: 721
qbit 1: 19 qbit 2: 27 dep gates: 724
qbit 1: 18 qbit 2: 19 dep gates: 723
qbit 1: 18 qbit 2: 19 dep gates: 725
qbit 1: 27 qbit 2: 18 dep gates: 725
qbit 1: 27 qbit 2: 18 dep gates: 726
qbit 19 dep gates: 726
qbit 19 dep gates: 728
qbit 28 dep gates: 696
qbit 20 dep gates: 729
qbit 1: 28 qbit 2: 19 dep gates: 731
qbit 1: 28 qbit 2: 19 dep gates: 730
qbit 1: 20 qbit 2: 28 dep gates: 732
qbit 1: 20 qbit 2: 28 dep gates: 733
qbit 1: 19 qbit 2: 20 dep gates: 733
qbit 1: 19 qbit 2: 20 dep gates: 734
qbit 28 dep gates: 734
qbit 20 dep gates: 735
qbit 1: 19 qbit 2: 28 dep gates: 735
qbit 1: 19 qbit 2: 28 dep gates: 736
qbit 19 dep gates: 738
qbit 28 dep gates: 738
qbit 1: 20 qbit 2: 28 dep gates: 737
qbit 1: 20 qbit 2: 28 dep gates: 740
qbit 1: 19 qbit 2: 20 dep gates: 739
qbit 1: 19 qbit 2: 20 dep gates: 741
qbit 1: 28 qbit 2: 19 dep gates: 741
qbit 1: 28 qbit 2: 19 dep gates: 742
qbit 20 dep gates: 742
qbit 1: 20 qbit 2: 29 dep gates: 744
qbit 20 dep gates: 745
qbit 19 dep gates: 743
qbit 28 dep gates: 743
qbit 20 dep gates: 746
qbit 1: 28 qbit 2: 19 dep gates: 748
qbit 1: 28 qbit 2: 19 dep gates: 747
qbit 1: 20 qbit 2: 28 dep gates: 749
qbit 1: 20 qbit 2: 28 dep gates: 750
qbit 1: 19 qbit 2: 20 dep gates: 750
qbit 1: 19 qbit 2: 20 dep gates: 751
qbit 28 dep gates: 751
qbit 20 dep gates: 752
qbit 1: 19 qbit 2: 28 dep gates: 752
qbit 1: 19 qbit 2: 28 dep gates: 753
qbit 19 dep gates: 755
qbit 28 dep gates: 755
qbit 1: 20 qbit 2: 28 dep gates: 754
qbit 1: 20 qbit 2: 28 dep gates: 757
qbit 1: 19 qbit 2: 20 dep gates: 756
qbit 1: 19 qbit 2: 20 dep gates: 758
qbit 1: 28 qbit 2: 19 dep gates: 758
qbit 1: 28 qbit 2: 19 dep gates: 759
qbit 20 dep gates: 759
qbit 19 dep gates: 760
qbit 18 dep gates: 727
qbit 27 dep gates: 727
qbit 19 dep gates: 762
qbit 1: 27 qbit 2: 18 dep gates: 764
qbit 1: 27 qbit 2: 18 dep gates: 763
qbit 1: 19 qbit 2: 27 dep gates: 765
qbit 1: 19 qbit 2: 27 dep gates: 766
qbit 1: 18 qbit 2: 19 dep gates: 766
qbit 1: 18 qbit 2: 19 dep gates: 767
qbit 27 dep gates: 767
qbit 19 dep gates: 768
qbit 1: 18 qbit 2: 27 dep gates: 768
qbit 1: 18 qbit 2: 27 dep gates: 769
qbit 18 dep gates: 771
qbit 27 dep gates: 771
qbit 1: 19 qbit 2: 27 dep gates: 770
qbit 1: 19 qbit 2: 27 dep gates: 773
qbit 1: 18 qbit 2: 19 dep gates: 772
qbit 1: 18 qbit 2: 19 dep gates: 774
qbit 1: 27 qbit 2: 18 dep gates: 774
qbit 1: 27 qbit 2: 18 dep gates: 775
qbit 19 dep gates: 775
qbit 18 dep gates: 776
qbit 26 dep gates: 711
qbit 25 dep gates: 711
qbit 18 dep gates: 778
qbit 1: 25 qbit 2: 26 dep gates: 780
qbit 1: 25 qbit 2: 26 dep gates: 779
qbit 1: 18 qbit 2: 25 dep gates: 781
qbit 1: 18 qbit 2: 25 dep gates: 782
qbit 1: 26 qbit 2: 18 dep gates: 782
qbit 1: 26 qbit 2: 18 dep gates: 783
qbit 25 dep gates: 783
qbit 18 dep gates: 784
qbit 1: 26 qbit 2: 25 dep gates: 784
qbit 1: 26 qbit 2: 25 dep gates: 785
qbit 26 dep gates: 787
qbit 25 dep gates: 787
qbit 1: 18 qbit 2: 25 dep gates: 786
qbit 1: 18 qbit 2: 25 dep gates: 789
qbit 1: 26 qbit 2: 18 dep gates: 788
qbit 1: 26 qbit 2: 18 dep gates: 790
qbit 1: 25 qbit 2: 26 dep gates: 790
qbit 1: 25 qbit 2: 26 dep gates: 791
qbit 18 dep gates: 791
qbit 25 dep gates: 792
qbit 27 dep gates: 776
qbit 28 dep gates: 760
qbit 29 dep gates: 745
qbit 21 dep gates: 688
qbit 22 dep gates: 689
qbit 23 dep gates: 691
qbit 24 dep gates: 693
parse object map:
{4: [21, 25], 5: [22, 27], 6: [23, 25], 7: [23, 26], 8: [24, 27], 9: [24, 28], 17: [25, 26], 18: [0, 25], 19: [26, 0], 22: [26, 25], 25: [0, 25], 26: [26, 0], 27: [25, 26], 33: [27, 0], 34: [1, 27], 35: [0, 1], 38: [0, 27], 41: [1, 27], 42: [0, 1], 43: [27, 0], 49: [28, 1], 50: [2, 28], 51: [1, 2], 54: [1, 28], 57: [2, 28], 58: [1, 2], 59: [28, 1], 66: [28, 1], 67: [2, 28], 68: [1, 2], 71: [1, 28], 74: [2, 28], 75: [1, 2], 76: [28, 1], 82: [27, 0], 83: [1, 27], 84: [0, 1], 87: [0, 27], 90: [1, 27], 91: [0, 1], 92: [27, 0], 98: [25, 26], 99: [0, 25], 100: [26, 0], 103: [26, 25], 106: [0, 25], 107: [26, 0], 108: [25, 26], 113: [21, 25], 114: [22, 27], 115: [23, 25], 116: [23, 26], 117: [24, 27], 118: [24, 28], 131: [21, 22], 132: [9, 21], 133: [22, 9], 136: [22, 21], 139: [9, 21], 140: [22, 9], 141: [21, 22], 147: [23, 9], 148: [10, 23], 149: [9, 10], 152: [9, 23], 155: [10, 23], 156: [9, 10], 157: [23, 9], 163: [24, 10], 164: [11, 24], 165: [10, 11], 168: [10, 24], 171: [11, 24], 172: [10, 11], 173: [24, 10], 180: [24, 10], 181: [11, 24], 182: [10, 11], 185: [10, 24], 188: [11, 24], 189: [10, 11], 190: [24, 10], 196: [23, 9], 197: [10, 23], 198: [9, 10], 201: [9, 23], 204: [10, 23], 205: [9, 10], 206: [23, 9], 212: [21, 22], 213: [9, 21], 214: [22, 9], 217: [22, 21], 220: [9, 21], 221: [22, 9], 222: [21, 22], 232: [21, 25], 233: [22, 27], 234: [23, 25], 235: [23, 26], 236: [24, 27], 237: [24, 28], 245: [25, 26], 246: [3, 25], 247: [26, 3], 250: [26, 25], 253: [3, 25], 254: [26, 3], 255: [25, 26], 261: [27, 3], 262: [4, 27], 263: [3, 4], 266: [3, 27], 269: [4, 27], 270: [3, 4], 271: [27, 3], 277: [28, 4], 278: [5, 28], 279: [4, 5], 282: [4, 28], 285: [5, 28], 286: [4, 5], 287: [28, 4], 294: [28, 4], 295: [5, 28], 296: [4, 5], 299: [4, 28], 302: [5, 28], 303: [4, 5], 304: [28, 4], 310: [27, 3], 311: [4, 27], 312: [3, 4], 315: [3, 27], 318: [4, 27], 319: [3, 4], 320: [27, 3], 326: [25, 26], 327: [3, 25], 328: [26, 3], 331: [26, 25], 334: [3, 25], 335: [26, 3], 336: [25, 26], 341: [21, 25], 342: [22, 27], 343: [23, 25], 344: [23, 26], 345: [24, 27], 346: [24, 28], 359: [21, 22], 360: [12, 21], 361: [22, 12], 364: [22, 21], 367: [12, 21], 368: [22, 12], 369: [21, 22], 375: [23, 12], 376: [13, 23], 377: [12, 13], 380: [12, 23], 383: [13, 23], 384: [12, 13], 385: [23, 12], 391: [24, 13], 392: [14, 24], 393: [13, 14], 396: [13, 24], 399: [14, 24], 400: [13, 14], 401: [24, 13], 408: [24, 13], 409: [14, 24], 410: [13, 14], 413: [13, 24], 416: [14, 24], 417: [13, 14], 418: [24, 13], 424: [23, 12], 425: [13, 23], 426: [12, 13], 429: [12, 23], 432: [13, 23], 433: [12, 13], 434: [23, 12], 440: [21, 22], 441: [12, 21], 442: [22, 12], 445: [22, 21], 448: [12, 21], 449: [22, 12], 450: [21, 22], 460: [21, 25], 461: [22, 27], 462: [23, 25], 463: [23, 26], 464: [24, 27], 465: [24, 28], 473: [25, 26], 474: [6, 25], 475: [26, 6], 478: [26, 25], 481: [6, 25], 482: [26, 6], 483: [25, 26], 489: [27, 6], 490: [7, 27], 491: [6, 7], 494: [6, 27], 497: [7, 27], 498: [6, 7], 499: [27, 6], 505: [28, 7], 506: [8, 28], 507: [7, 8], 510: [7, 28], 513: [8, 28], 514: [7, 8], 515: [28, 7], 522: [28, 7], 523: [8, 28], 524: [7, 8], 527: [7, 28], 530: [8, 28], 531: [7, 8], 532: [28, 7], 538: [27, 6], 539: [7, 27], 540: [6, 7], 543: [6, 27], 546: [7, 27], 547: [6, 7], 548: [27, 6], 554: [25, 26], 555: [6, 25], 556: [26, 6], 559: [26, 25], 562: [6, 25], 563: [26, 6], 564: [25, 26], 569: [21, 25], 570: [22, 27], 571: [23, 25], 572: [23, 26], 573: [24, 27], 574: [24, 28], 587: [21, 22], 588: [15, 21], 589: [22, 15], 592: [22, 21], 595: [15, 21], 596: [22, 15], 597: [21, 22], 603: [23, 15], 604: [16, 23], 605: [15, 16], 608: [15, 23], 611: [16, 23], 612: [15, 16], 613: [23, 15], 619: [24, 16], 620: [17, 24], 621: [16, 17], 624: [16, 24], 627: [17, 24], 628: [16, 17], 629: [24, 16], 636: [24, 16], 637: [17, 24], 638: [16, 17], 641: [16, 24], 644: [17, 24], 645: [16, 17], 646: [24, 16], 652: [23, 15], 653: [16, 23], 654: [15, 16], 657: [15, 23], 660: [16, 23], 661: [15, 16], 662: [23, 15], 668: [21, 22], 669: [15, 21], 670: [22, 15], 673: [22, 21], 676: [15, 21], 677: [22, 15], 678: [21, 22], 688: [21, 25], 689: [22, 27], 690: [23, 25], 691: [23, 26], 692: [24, 27], 693: [24, 28], 701: [25, 26], 702: [18, 25], 703: [26, 18], 706: [26, 25], 709: [18, 25], 710: [26, 18], 711: [25, 26], 717: [27, 18], 718: [19, 27], 719: [18, 19], 722: [18, 27], 725: [19, 27], 726: [18, 19], 727: [27, 18], 733: [28, 19], 734: [20, 28], 735: [19, 20], 738: [19, 28], 741: [20, 28], 742: [19, 20], 743: [28, 19], 745: [20, 29], 750: [28, 19], 751: [20, 28], 752: [19, 20], 755: [19, 28], 758: [20, 28], 759: [19, 20], 760: [28, 19], 766: [27, 18], 767: [19, 27], 768: [18, 19], 771: [18, 27], 774: [19, 27], 775: [18, 19], 776: [27, 18], 782: [25, 26], 783: [18, 25], 784: [26, 18], 787: [26, 25], 790: [18, 25], 791: [26, 18], 792: [25, 26]}
parse object graph:
DiGraph with 802 nodes and 1109 edges
°˙ Using SABRE2 mapper (matches muss_schedule2 paper version)
SABRE (Strict): Starting iterative optimization (20 rounds)...
SABRE (Strict): Optimization Done. Best Forward Cost: 121
init_qubit_layout:
{0: [1, 4, 13, 18, 26], 1: [3, 6, 7, 9, 10, 22, 27], 2: [8, 16, 17, 19, 29], 3: [2, 5, 14, 20, 24, 28], 4: [], 5: [0, 11, 12, 15, 21, 23, 25]}
Using MUSS Scheduler (V2) with SABRE Mapping
°˙ muss_schedule2.py old_vision
Analyzer mode: aggregate shuttle fidelity (detected shuttle_id annotations)
Program Finish Time: 32522 us
OPCOUNTS Gate: 337 Split: 80 Move: 157 Merge: 80

Two-qubit gate chain statistics
Mean: 7.382789317507418 Max: 8.0
Fidelity: 1.1354676232953799e-05
[DBG SUMMARY] gates=337  gate_mult=2.05962e-05  avg_gate_nbar=32.6036
[DBG SUMMARY] shuttles=80  shuttle_mult=0.551299  min_shuttle=0.98975
[DBG SUMMARY] worst_B: Trap 1 -> 0.917831 (heat_state=85.742500, alpha_bg=0.001, move_bg_fraction=0.175, model=exp)

========== ANALYSIS RESULT ==========
{'fidelity': 1.1354676232953799e-05, 'total_shuttle': 80, 'time': 32522}

========== SHUTTLE TRACE ==========
[SHUTTLE 0] ion=24  T3 -> T1  route=T3->J2->J1->T1
    - SPLIT  (80 -> 200)  ion 24: T3 -> Seg3 (swap_cnt=1, swap_hops=4, ion_hops=0, i1=24, i2=2)
    - MOVE   (200 -> 226)  ion 24: Seg3 -> Seg7 via J2
    - MOVE   (226 -> 252)  ion 24: Seg7 -> Seg1 via J1
    - MERGE  (252 -> 332)  ion 24: Seg1 -> T1
[SHUTTLE 1] ion=26  T0 -> T5  route=T0->J0->T5
    - SPLIT  (372 -> 452)  ion 26: T0 -> Seg0 (swap_cnt=0, swap_hops=0, ion_hops=0, i1=0, i2=0)
    - MOVE   (452 -> 478)  ion 26: Seg0 -> Seg5 via J0
    - MERGE  (478 -> 558)  ion 26: Seg5 -> T5
[SHUTTLE 2] ion=24  T1 -> T3  route=T1->J1->J2->T3
    - SPLIT  (918 -> 998)  ion 24: T1 -> Seg1 (swap_cnt=0, swap_hops=0, ion_hops=0, i1=0, i2=0)
    - MOVE   (998 -> 1024)  ion 24: Seg1 -> Seg7 via J1
    - MOVE   (1024 -> 1050)  ion 24: Seg7 -> Seg3 via J2
    - MERGE  (1050 -> 1130)  ion 24: Seg3 -> T3
[SHUTTLE 3] ion=0  T5 -> T1  route=T5->J0->J1->T1
    - SPLIT  (1170 -> 1290)  ion 0: T5 -> Seg5 (swap_cnt=1, swap_hops=1, ion_hops=0, i1=0, i2=26)
    - MOVE   (1290 -> 1316)  ion 0: Seg5 -> Seg6 via J0
    - MOVE   (1316 -> 1342)  ion 0: Seg6 -> Seg1 via J1
    - MERGE  (1342 -> 1422)  ion 0: Seg1 -> T1
[SHUTTLE 4] ion=27  T1 -> T0  route=T1->J1->J0->T0
    - SPLIT  (1462 -> 1582)  ion 27: T1 -> Seg1 (swap_cnt=1, swap_hops=1, ion_hops=0, i1=27, i2=0)
    - MOVE   (1582 -> 1608)  ion 27: Seg1 -> Seg6 via J1
    - MOVE   (1608 -> 1634)  ion 27: Seg6 -> Seg0 via J0
    - MERGE  (1634 -> 1714)  ion 27: Seg0 -> T0
[SHUTTLE 5] ion=0  T1 -> T0  route=T1->J1->J0->T0
    - SPLIT  (1754 -> 1834)  ion 0: T1 -> Seg1 (swap_cnt=0, swap_hops=0, ion_hops=0, i1=0, i2=0)
    - MOVE   (1834 -> 1860)  ion 0: Seg1 -> Seg6 via J1
    - MOVE   (1860 -> 1886)  ion 0: Seg6 -> Seg0 via J0
    - MERGE  (1886 -> 1966)  ion 0: Seg0 -> T0
[SHUTTLE 6] ion=1  T0 -> T3  route=T0->J0->J1->J2->T3
    - SPLIT  (2206 -> 2326)  ion 1: T0 -> Seg0 (swap_cnt=1, swap_hops=5, ion_hops=0, i1=1, i2=0)
    - MOVE   (2326 -> 2352)  ion 1: Seg0 -> Seg6 via J0
    - MOVE   (2352 -> 2378)  ion 1: Seg6 -> Seg7 via J1
    - MOVE   (2378 -> 2404)  ion 1: Seg7 -> Seg3 via J2
    - MERGE  (2404 -> 2484)  ion 1: Seg3 -> T3
[SHUTTLE 7] ion=1  T3 -> T0  route=T3->J2->J1->J0->T0
    - SPLIT  (3044 -> 3124)  ion 1: T3 -> Seg3 (swap_cnt=0, swap_hops=0, ion_hops=0, i1=0, i2=0)
    - MOVE   (3124 -> 3150)  ion 1: Seg3 -> Seg7 via J2
    - MOVE   (3150 -> 3176)  ion 1: Seg7 -> Seg6 via J1
    - MOVE   (3176 -> 3202)  ion 1: Seg6 -> Seg0 via J0
    - MERGE  (3202 -> 3282)  ion 1: Seg0 -> T0
[SHUTTLE 8] ion=27  T0 -> T1  route=T0->J0->J1->T1
    - SPLIT  (3522 -> 3642)  ion 27: T0 -> Seg0 (swap_cnt=1, swap_hops=2, ion_hops=0, i1=27, i2=1)
    - MOVE   (3642 -> 3668)  ion 27: Seg0 -> Seg6 via J0
    - MOVE   (3668 -> 3694)  ion 27: Seg6 -> Seg1 via J1
    - MERGE  (3694 -> 3774)  ion 27: Seg1 -> T1
[SHUTTLE 9] ion=0  T0 -> T5  route=T0->J0->T5
    - SPLIT  (3814 -> 3934)  ion 0: T0 -> Seg0 (swap_cnt=1, swap_hops=1, ion_hops=0, i1=0, i2=1)
    - MOVE   (3934 -> 3960)  ion 0: Seg0 -> Seg5 via J0
    - MERGE  (3960 -> 4040)  ion 0: Seg5 -> T5
[SHUTTLE 10] ion=24  T3 -> T1  route=T3->J2->J1->T1
    - SPLIT  (4400 -> 4480)  ion 24: T3 -> Seg3 (swap_cnt=0, swap_hops=0, ion_hops=0, i1=0, i2=0)
    - MOVE   (4480 -> 4506)  ion 24: Seg3 -> Seg7 via J2
    - MOVE   (4506 -> 4532)  ion 24: Seg7 -> Seg1 via J1
    - MERGE  (4532 -> 4612)  ion 24: Seg1 -> T1
[SHUTTLE 11] ion=24  T1 -> T3  route=T1->J1->J2->T3
    - SPLIT  (4652 -> 4732)  ion 24: T1 -> Seg1 (swap_cnt=0, swap_hops=0, ion_hops=0, i1=0, i2=0)
    - MOVE   (4732 -> 4758)  ion 24: Seg1 -> Seg7 via J1
    - MOVE   (4758 -> 4784)  ion 24: Seg7 -> Seg3 via J2
    - MERGE  (4784 -> 4864)  ion 24: Seg3 -> T3
[SHUTTLE 12] ion=21  T5 -> T1  route=T5->J0->J1->T1
    - SPLIT  (4904 -> 5024)  ion 21: T5 -> Seg5 (swap_cnt=1, swap_hops=5, ion_hops=0, i1=21, i2=0)
    - MOVE   (5024 -> 5050)  ion 21: Seg5 -> Seg6 via J0
    - MOVE   (5050 -> 5076)  ion 21: Seg6 -> Seg1 via J1
    - MERGE  (5076 -> 5156)  ion 21: Seg1 -> T1
[SHUTTLE 13] ion=9  T1 -> T5  route=T1->J1->J0->T5
    - SPLIT  (5476 -> 5596)  ion 9: T1 -> Seg1 (swap_cnt=1, swap_hops=4, ion_hops=0, i1=9, i2=21)
    - MOVE   (5596 -> 5622)  ion 9: Seg1 -> Seg6 via J1
    - MOVE   (5622 -> 5648)  ion 9: Seg6 -> Seg5 via J0
    - MERGE  (5648 -> 5728)  ion 9: Seg5 -> T5
[SHUTTLE 14] ion=23  T5 -> T1  route=T5->J0->J1->T1
    - SPLIT  (5768 -> 5888)  ion 23: T5 -> Seg5 (swap_cnt=1, swap_hops=6, ion_hops=0, i1=23, i2=9)
    - MOVE   (5888 -> 5914)  ion 23: Seg5 -> Seg6 via J0
    - MOVE   (5914 -> 5940)  ion 23: Seg6 -> Seg1 via J1
    - MERGE  (5940 -> 6020)  ion 23: Seg1 -> T1
[SHUTTLE 15] ion=10  T1 -> T5  route=T1->J1->J0->T5
    - SPLIT  (6060 -> 6180)  ion 10: T1 -> Seg1 (swap_cnt=1, swap_hops=4, ion_hops=0, i1=10, i2=23)
    - MOVE   (6180 -> 6206)  ion 10: Seg1 -> Seg6 via J1
    - MOVE   (6206 -> 6232)  ion 10: Seg6 -> Seg5 via J0
    - MERGE  (6232 -> 6312)  ion 10: Seg5 -> T5
[SHUTTLE 16] ion=9  T5 -> T1  route=T5->J0->J1->T1
    - SPLIT  (6352 -> 6472)  ion 9: T5 -> Seg5 (swap_cnt=1, swap_hops=1, ion_hops=0, i1=9, i2=10)
    - MOVE   (6472 -> 6498)  ion 9: Seg5 -> Seg6 via J0
    - MOVE   (6498 -> 6524)  ion 9: Seg6 -> Seg1 via J1
    - MERGE  (6524 -> 6604)  ion 9: Seg1 -> T1
[SHUTTLE 17] ion=23  T1 -> T5  route=T1->J1->J0->T5
    - SPLIT  (6644 -> 6764)  ion 23: T1 -> Seg1 (swap_cnt=1, swap_hops=1, ion_hops=0, i1=23, i2=9)
    - MOVE   (6764 -> 6790)  ion 23: Seg1 -> Seg6 via J1
    - MOVE   (6790 -> 6816)  ion 23: Seg6 -> Seg5 via J0
    - MERGE  (6816 -> 6896)  ion 23: Seg5 -> T5
[SHUTTLE 18] ion=10  T5 -> T1  route=T5->J0->J1->T1
    - SPLIT  (6936 -> 7056)  ion 10: T5 -> Seg5 (swap_cnt=1, swap_hops=1, ion_hops=0, i1=10, i2=23)
    - MOVE   (7056 -> 7082)  ion 10: Seg5 -> Seg6 via J0
    - MOVE   (7082 -> 7108)  ion 10: Seg6 -> Seg1 via J1
    - MERGE  (7108 -> 7188)  ion 10: Seg1 -> T1
[SHUTTLE 19] ion=9  T1 -> T5  route=T1->J1->J0->T5
    - SPLIT  (7228 -> 7348)  ion 9: T1 -> Seg1 (swap_cnt=1, swap_hops=1, ion_hops=0, i1=9, i2=10)
    - MOVE   (7348 -> 7374)  ion 9: Seg1 -> Seg6 via J1
    - MOVE   (7374 -> 7400)  ion 9: Seg6 -> Seg5 via J0
    - MERGE  (7400 -> 7480)  ion 9: Seg5 -> T5
[SHUTTLE 20] ion=24  T3 -> T1  route=T3->J2->J1->T1
    - SPLIT  (7560 -> 7640)  ion 24: T3 -> Seg3 (swap_cnt=0, swap_hops=0, ion_hops=0, i1=0, i2=0)
    - MOVE   (7640 -> 7666)  ion 24: Seg3 -> Seg7 via J2
    - MOVE   (7666 -> 7692)  ion 24: Seg7 -> Seg1 via J1
    - MERGE  (7692 -> 7772)  ion 24: Seg1 -> T1
[SHUTTLE 21] ion=3  T1 -> T0  route=T1->J1->J0->T0
    - SPLIT  (7812 -> 7932)  ion 3: T1 -> Seg1 (swap_cnt=1, swap_hops=7, ion_hops=0, i1=3, i2=24)
    - MOVE   (7932 -> 7958)  ion 3: Seg1 -> Seg6 via J1
    - MOVE   (7958 -> 7984)  ion 3: Seg6 -> Seg0 via J0
    - MERGE  (7984 -> 8064)  ion 3: Seg0 -> T0
[SHUTTLE 22] ion=12  T5 -> T0  route=T5->J0->T0
    - SPLIT  (8064 -> 8184)  ion 12: T5 -> Seg5 (swap_cnt=1, swap_hops=5, ion_hops=0, i1=12, i2=9)
    - MOVE   (8184 -> 8210)  ion 12: Seg5 -> Seg0 via J0
    - MERGE  (8210 -> 8290)  ion 12: Seg0 -> T0
[SHUTTLE 23] ion=11  T5 -> T1  route=T5->J0->J1->T1
    - SPLIT  (8290 -> 8410)  ion 11: T5 -> Seg5 (swap_cnt=1, swap_hops=4, ion_hops=0, i1=11, i2=9)
    - MOVE   (8410 -> 8436)  ion 11: Seg5 -> Seg6 via J0
    - MOVE   (8436 -> 8462)  ion 11: Seg6 -> Seg1 via J1
    - MERGE  (8462 -> 8542)  ion 11: Seg1 -> T1
[SHUTTLE 24] ion=10  T1 -> T5  route=T1->J1->J0->T5
    - SPLIT  (9062 -> 9182)  ion 10: T1 -> Seg1 (swap_cnt=1, swap_hops=2, ion_hops=0, i1=10, i2=11)
    - MOVE   (9182 -> 9208)  ion 10: Seg1 -> Seg6 via J1
    - MOVE   (9208 -> 9234)  ion 10: Seg6 -> Seg5 via J0
    - MERGE  (9234 -> 9314)  ion 10: Seg5 -> T5
[SHUTTLE 25] ion=9  T5 -> T1  route=T5->J0->J1->T1
    - SPLIT  (9554 -> 9674)  ion 9: T5 -> Seg5 (swap_cnt=1, swap_hops=1, ion_hops=0, i1=9, i2=10)
    - MOVE   (9674 -> 9700)  ion 9: Seg5 -> Seg6 via J0
    - MOVE   (9700 -> 9726)  ion 9: Seg6 -> Seg1 via J1
    - MERGE  (9726 -> 9806)  ion 9: Seg1 -> T1
[SHUTTLE 26] ion=21  T1 -> T5  route=T1->J1->J0->T5
    - SPLIT  (10126 -> 10246)  ion 21: T1 -> Seg1 (swap_cnt=1, swap_hops=3, ion_hops=0, i1=21, i2=9)
    - MOVE   (10246 -> 10272)  ion 21: Seg1 -> Seg6 via J1
    - MOVE   (10272 -> 10298)  ion 21: Seg6 -> Seg5 via J0
    - MERGE  (10298 -> 10378)  ion 21: Seg5 -> T5
[SHUTTLE 27] ion=24  T1 -> T3  route=T1->J1->J2->T3
    - SPLIT  (10538 -> 10658)  ion 24: T1 -> Seg1 (swap_cnt=1, swap_hops=2, ion_hops=0, i1=24, i2=9)
    - MOVE   (10658 -> 10684)  ion 24: Seg1 -> Seg7 via J1
    - MOVE   (10684 -> 10710)  ion 24: Seg7 -> Seg3 via J2
    - MERGE  (10710 -> 10790)  ion 24: Seg3 -> T3
[SHUTTLE 28] ion=3  T0 -> T5  route=T0->J0->T5
    - SPLIT  (10830 -> 10950)  ion 3: T0 -> Seg0 (swap_cnt=1, swap_hops=1, ion_hops=0, i1=3, i2=12)
    - MOVE   (10950 -> 10976)  ion 3: Seg0 -> Seg5 via J0
    - MERGE  (10976 -> 11056)  ion 3: Seg5 -> T5
[SHUTTLE 29] ion=3  T5 -> T1  route=T5->J0->J1->T1
    - SPLIT  (11336 -> 11416)  ion 3: T5 -> Seg5 (swap_cnt=0, swap_hops=0, ion_hops=0, i1=0, i2=0)
    - MOVE   (11416 -> 11442)  ion 3: Seg5 -> Seg6 via J0
    - MOVE   (11442 -> 11468)  ion 3: Seg6 -> Seg1 via J1
    - MERGE  (11468 -> 11548)  ion 3: Seg1 -> T1
[SHUTTLE 30] ion=4  T0 -> T1  route=T0->J0->J1->T1
    - SPLIT  (11588 -> 11708)  ion 4: T0 -> Seg0 (swap_cnt=1, swap_hops=4, ion_hops=0, i1=4, i2=12)
    - MOVE   (11708 -> 11734)  ion 4: Seg0 -> Seg6 via J0
    - MOVE   (11734 -> 11760)  ion 4: Seg6 -> Seg1 via J1
    - MERGE  (11760 -> 11840)  ion 4: Seg1 -> T1
[SHUTTLE 31] ion=4  T1 -> T3  route=T1->J1->J2->T3
    - SPLIT  (12120 -> 12200)  ion 4: T1 -> Seg1 (swap_cnt=0, swap_hops=0, ion_hops=0, i1=0, i2=0)
    - MOVE   (12200 -> 12226)  ion 4: Seg1 -> Seg7 via J1
    - MOVE   (12226 -> 12252)  ion 4: Seg7 -> Seg3 via J2
    - MERGE  (12252 -> 12332)  ion 4: Seg3 -> T3
[SHUTTLE 32] ion=4  T3 -> T1  route=T3->J2->J1->T1
    - SPLIT  (12892 -> 12972)  ion 4: T3 -> Seg3 (swap_cnt=0, swap_hops=0, ion_hops=0, i1=0, i2=0)
    - MOVE   (12972 -> 12998)  ion 4: Seg3 -> Seg7 via J2
    - MOVE   (12998 -> 13024)  ion 4: Seg7 -> Seg1 via J1
    - MERGE  (13024 -> 13104)  ion 4: Seg1 -> T1
[SHUTTLE 33] ion=3  T1 -> T5  route=T1->J1->J0->T5
    - SPLIT  (13384 -> 13504)  ion 3: T1 -> Seg1 (swap_cnt=1, swap_hops=1, ion_hops=0, i1=3, i2=4)
    - MOVE   (13504 -> 13530)  ion 3: Seg1 -> Seg6 via J1
    - MOVE   (13530 -> 13556)  ion 3: Seg6 -> Seg5 via J0
    - MERGE  (13556 -> 13636)  ion 3: Seg5 -> T5
[SHUTTLE 34] ion=24  T3 -> T1  route=T3->J2->J1->T1
    - SPLIT  (13996 -> 14076)  ion 24: T3 -> Seg3 (swap_cnt=0, swap_hops=0, ion_hops=0, i1=0, i2=0)
    - MOVE   (14076 -> 14102)  ion 24: Seg3 -> Seg7 via J2
    - MOVE   (14102 -> 14128)  ion 24: Seg7 -> Seg1 via J1
    - MERGE  (14128 -> 14208)  ion 24: Seg1 -> T1
[SHUTTLE 35] ion=24  T1 -> T3  route=T1->J1->J2->T3
    - SPLIT  (14248 -> 14328)  ion 24: T1 -> Seg1 (swap_cnt=0, swap_hops=0, ion_hops=0, i1=0, i2=0)
    - MOVE   (14328 -> 14354)  ion 24: Seg1 -> Seg7 via J1
    - MOVE   (14354 -> 14380)  ion 24: Seg7 -> Seg3 via J2
    - MERGE  (14380 -> 14460)  ion 24: Seg3 -> T3
[SHUTTLE 36] ion=21  T5 -> T1  route=T5->J0->J1->T1
    - SPLIT  (14500 -> 14620)  ion 21: T5 -> Seg5 (swap_cnt=1, swap_hops=1, ion_hops=0, i1=21, i2=3)
    - MOVE   (14620 -> 14646)  ion 21: Seg5 -> Seg6 via J0
    - MOVE   (14646 -> 14672)  ion 21: Seg6 -> Seg1 via J1
    - MERGE  (14672 -> 14752)  ion 21: Seg1 -> T1
[SHUTTLE 37] ion=21  T1 -> T0  route=T1->J1->J0->T0
    - SPLIT  (14792 -> 14872)  ion 21: T1 -> Seg1 (swap_cnt=0, swap_hops=0, ion_hops=0, i1=0, i2=0)
    - MOVE   (14872 -> 14898)  ion 21: Seg1 -> Seg6 via J1
    - MOVE   (14898 -> 14924)  ion 21: Seg6 -> Seg0 via J0
    - MERGE  (14924 -> 15004)  ion 21: Seg0 -> T0
[SHUTTLE 38] ion=22  T1 -> T0  route=T1->J1->J0->T0
    - SPLIT  (15044 -> 15164)  ion 22: T1 -> Seg1 (swap_cnt=1, swap_hops=4, ion_hops=0, i1=22, i2=4)
    - MOVE   (15164 -> 15190)  ion 22: Seg1 -> Seg6 via J1
    - MOVE   (15190 -> 15216)  ion 22: Seg6 -> Seg0 via J0
    - MERGE  (15216 -> 15296)  ion 22: Seg0 -> T0
[SHUTTLE 39] ion=23  T5 -> T0  route=T5->J0->T0
    - SPLIT  (15536 -> 15656)  ion 23: T5 -> Seg5 (swap_cnt=1, swap_hops=2, ion_hops=0, i1=23, i2=3)
    - MOVE   (15656 -> 15682)  ion 23: Seg5 -> Seg0 via J0
    - MERGE  (15682 -> 15762)  ion 23: Seg0 -> T0
[SHUTTLE 40] ion=13  T0 -> T3  route=T0->J0->J1->J2->T3
    - SPLIT  (16082 -> 16202)  ion 13: T0 -> Seg0 (swap_cnt=1, swap_hops=6, ion_hops=0, i1=13, i2=23)
    - MOVE   (16202 -> 16228)  ion 13: Seg0 -> Seg6 via J0
    - MOVE   (16228 -> 16254)  ion 13: Seg6 -> Seg7 via J1
    - MOVE   (16254 -> 16280)  ion 13: Seg7 -> Seg3 via J2
    - MERGE  (16280 -> 16360)  ion 13: Seg3 -> T3
[SHUTTLE 41] ion=13  T3 -> T0  route=T3->J2->J1->J0->T0
    - SPLIT  (16920 -> 17000)  ion 13: T3 -> Seg3 (swap_cnt=0, swap_hops=0, ion_hops=0, i1=0, i2=0)
    - MOVE   (17000 -> 17026)  ion 13: Seg3 -> Seg7 via J2
    - MOVE   (17026 -> 17052)  ion 13: Seg7 -> Seg6 via J1
    - MOVE   (17052 -> 17078)  ion 13: Seg6 -> Seg0 via J0
    - MERGE  (17078 -> 17158)  ion 13: Seg0 -> T0
[SHUTTLE 42] ion=21  T0 -> T5  route=T0->J0->T5
    - SPLIT  (17638 -> 17758)  ion 21: T0 -> Seg0 (swap_cnt=1, swap_hops=3, ion_hops=0, i1=21, i2=13)
    - MOVE   (17758 -> 17784)  ion 21: Seg0 -> Seg5 via J0
    - MERGE  (17784 -> 17864)  ion 21: Seg5 -> T5
[SHUTTLE 43] ion=22  T0 -> T1  route=T0->J0->J1->T1
    - SPLIT  (17904 -> 18024)  ion 22: T0 -> Seg0 (swap_cnt=1, swap_hops=2, ion_hops=0, i1=22, i2=13)
    - MOVE   (18024 -> 18050)  ion 22: Seg0 -> Seg6 via J0
    - MOVE   (18050 -> 18076)  ion 22: Seg6 -> Seg1 via J1
    - MERGE  (18076 -> 18156)  ion 22: Seg1 -> T1
[SHUTTLE 44] ion=23  T0 -> T5  route=T0->J0->T5
    - SPLIT  (18196 -> 18316)  ion 23: T0 -> Seg0 (swap_cnt=1, swap_hops=1, ion_hops=0, i1=23, i2=13)
    - MOVE   (18316 -> 18342)  ion 23: Seg0 -> Seg5 via J0
    - MERGE  (18342 -> 18422)  ion 23: Seg5 -> T5
[SHUTTLE 45] ion=24  T3 -> T1  route=T3->J2->J1->T1
    - SPLIT  (18542 -> 18622)  ion 24: T3 -> Seg3 (swap_cnt=0, swap_hops=0, ion_hops=0, i1=0, i2=0)
    - MOVE   (18622 -> 18648)  ion 24: Seg3 -> Seg7 via J2
    - MOVE   (18648 -> 18674)  ion 24: Seg7 -> Seg1 via J1
    - MERGE  (18674 -> 18754)  ion 24: Seg1 -> T1
[SHUTTLE 46] ion=24  T1 -> T3  route=T1->J1->J2->T3
    - SPLIT  (18794 -> 18874)  ion 24: T1 -> Seg1 (swap_cnt=0, swap_hops=0, ion_hops=0, i1=0, i2=0)
    - MOVE   (18874 -> 18900)  ion 24: Seg1 -> Seg7 via J1
    - MOVE   (18900 -> 18926)  ion 24: Seg7 -> Seg3 via J2
    - MERGE  (18926 -> 19006)  ion 24: Seg3 -> T3
[SHUTTLE 47] ion=25  T5 -> T1  route=T5->J0->J1->T1
    - SPLIT  (19046 -> 19166)  ion 25: T5 -> Seg5 (swap_cnt=1, swap_hops=7, ion_hops=0, i1=25, i2=23)
    - MOVE   (19166 -> 19192)  ion 25: Seg5 -> Seg6 via J0
    - MOVE   (19192 -> 19218)  ion 25: Seg6 -> Seg1 via J1
    - MERGE  (19218 -> 19298)  ion 25: Seg1 -> T1
[SHUTTLE 48] ion=6  T1 -> T5  route=T1->J1->J0->T5
    - SPLIT  (19338 -> 19458)  ion 6: T1 -> Seg1 (swap_cnt=1, swap_hops=7, ion_hops=0, i1=6, i2=25)
    - MOVE   (19458 -> 19484)  ion 6: Seg1 -> Seg6 via J1
    - MOVE   (19484 -> 19510)  ion 6: Seg6 -> Seg5 via J0
    - MERGE  (19510 -> 19590)  ion 6: Seg5 -> T5
[SHUTTLE 49] ion=26  T5 -> T1  route=T5->J0->J1->T1
    - SPLIT  (19630 -> 19750)  ion 26: T5 -> Seg5 (swap_cnt=1, swap_hops=6, ion_hops=0, i1=26, i2=6)
    - MOVE   (19750 -> 19776)  ion 26: Seg5 -> Seg6 via J0
    - MOVE   (19776 -> 19802)  ion 26: Seg6 -> Seg1 via J1
    - MERGE  (19802 -> 19882)  ion 26: Seg1 -> T1
[SHUTTLE 50] ion=25  T1 -> T5  route=T1->J1->J0->T5
    - SPLIT  (19922 -> 20042)  ion 25: T1 -> Seg1 (swap_cnt=1, swap_hops=1, ion_hops=0, i1=25, i2=26)
    - MOVE   (20042 -> 20068)  ion 25: Seg1 -> Seg6 via J1
    - MOVE   (20068 -> 20094)  ion 25: Seg6 -> Seg5 via J0
    - MERGE  (20094 -> 20174)  ion 25: Seg5 -> T5
[SHUTTLE 51] ion=6  T5 -> T1  route=T5->J0->J1->T1
    - SPLIT  (20214 -> 20334)  ion 6: T5 -> Seg5 (swap_cnt=1, swap_hops=1, ion_hops=0, i1=6, i2=25)
    - MOVE   (20334 -> 20360)  ion 6: Seg5 -> Seg6 via J0
    - MOVE   (20360 -> 20386)  ion 6: Seg6 -> Seg1 via J1
    - MERGE  (20386 -> 20466)  ion 6: Seg1 -> T1
[SHUTTLE 52] ion=26  T1 -> T5  route=T1->J1->J0->T5
    - SPLIT  (20826 -> 20946)  ion 26: T1 -> Seg1 (swap_cnt=1, swap_hops=1, ion_hops=0, i1=26, i2=6)
    - MOVE   (20946 -> 20972)  ion 26: Seg1 -> Seg6 via J1
    - MOVE   (20972 -> 20998)  ion 26: Seg6 -> Seg5 via J0
    - MERGE  (20998 -> 21078)  ion 26: Seg5 -> T5
[SHUTTLE 53] ion=7  T1 -> T3  route=T1->J1->J2->T3
    - SPLIT  (21158 -> 21278)  ion 7: T1 -> Seg1 (swap_cnt=1, swap_hops=6, ion_hops=0, i1=7, i2=6)
    - MOVE   (21278 -> 21304)  ion 7: Seg1 -> Seg7 via J1
    - MOVE   (21304 -> 21330)  ion 7: Seg7 -> Seg3 via J2
    - MERGE  (21330 -> 21410)  ion 7: Seg3 -> T3
[SHUTTLE 54] ion=8  T2 -> T3  route=T2->J2->T3
    - SPLIT  (21450 -> 21570)  ion 8: T2 -> Seg2 (swap_cnt=1, swap_hops=4, ion_hops=0, i1=8, i2=29)
    - MOVE   (21570 -> 21596)  ion 8: Seg2 -> Seg3 via J2
    - MERGE  (21596 -> 21676)  ion 8: Seg3 -> T3
[SHUTTLE 55] ion=7  T3 -> T1  route=T3->J2->J1->T1
    - SPLIT  (22196 -> 22316)  ion 7: T3 -> Seg3 (swap_cnt=1, swap_hops=1, ion_hops=0, i1=7, i2=8)
    - MOVE   (22316 -> 22342)  ion 7: Seg3 -> Seg7 via J2
    - MOVE   (22342 -> 22368)  ion 7: Seg7 -> Seg1 via J1
    - MERGE  (22368 -> 22448)  ion 7: Seg1 -> T1
[SHUTTLE 56] ion=25  T5 -> T1  route=T5->J0->J1->T1
    - SPLIT  (22728 -> 22848)  ion 25: T5 -> Seg5 (swap_cnt=1, swap_hops=1, ion_hops=0, i1=25, i2=26)
    - MOVE   (22848 -> 22874)  ion 25: Seg5 -> Seg6 via J0
    - MOVE   (22874 -> 22900)  ion 25: Seg6 -> Seg1 via J1
    - MERGE  (22900 -> 22980)  ion 25: Seg1 -> T1
[SHUTTLE 57] ion=27  T1 -> T3  route=T1->J1->J2->T3
    - SPLIT  (23020 -> 23140)  ion 27: T1 -> Seg1 (swap_cnt=1, swap_hops=7, ion_hops=0, i1=27, i2=25)
    - MOVE   (23140 -> 23166)  ion 27: Seg1 -> Seg7 via J1
    - MOVE   (23166 -> 23192)  ion 27: Seg7 -> Seg3 via J2
    - MERGE  (23192 -> 23272)  ion 27: Seg3 -> T3
[SHUTTLE 58] ion=26  T5 -> T1  route=T5->J0->J1->T1
    - SPLIT  (23352 -> 23432)  ion 26: T5 -> Seg5 (swap_cnt=0, swap_hops=0, ion_hops=0, i1=0, i2=0)
    - MOVE   (23432 -> 23458)  ion 26: Seg5 -> Seg6 via J0
    - MOVE   (23458 -> 23484)  ion 26: Seg6 -> Seg1 via J1
    - MERGE  (23484 -> 23564)  ion 26: Seg1 -> T1
[SHUTTLE 59] ion=25  T1 -> T5  route=T1->J1->J0->T5
    - SPLIT  (23764 -> 23884)  ion 25: T1 -> Seg1 (swap_cnt=1, swap_hops=1, ion_hops=0, i1=25, i2=26)
    - MOVE   (23884 -> 23910)  ion 25: Seg1 -> Seg6 via J1
    - MOVE   (23910 -> 23936)  ion 25: Seg6 -> Seg5 via J0
    - MERGE  (23936 -> 24016)  ion 25: Seg5 -> T5
[SHUTTLE 60] ion=26  T1 -> T5  route=T1->J1->J0->T5
    - SPLIT  (24096 -> 24176)  ion 26: T1 -> Seg1 (swap_cnt=0, swap_hops=0, ion_hops=0, i1=0, i2=0)
    - MOVE   (24176 -> 24202)  ion 26: Seg1 -> Seg6 via J1
    - MOVE   (24202 -> 24228)  ion 26: Seg6 -> Seg5 via J0
    - MERGE  (24228 -> 24308)  ion 26: Seg5 -> T5
[SHUTTLE 61] ion=21  T5 -> T1  route=T5->J0->J1->T1
    - SPLIT  (24348 -> 24468)  ion 21: T5 -> Seg5 (swap_cnt=1, swap_hops=3, ion_hops=0, i1=21, i2=26)
    - MOVE   (24468 -> 24494)  ion 21: Seg5 -> Seg6 via J0
    - MOVE   (24494 -> 24520)  ion 21: Seg6 -> Seg1 via J1
    - MERGE  (24520 -> 24600)  ion 21: Seg1 -> T1
[SHUTTLE 62] ion=15  T5 -> T1  route=T5->J0->J1->T1
    - SPLIT  (24640 -> 24760)  ion 15: T5 -> Seg5 (swap_cnt=1, swap_hops=6, ion_hops=0, i1=15, i2=26)
    - MOVE   (24760 -> 24786)  ion 15: Seg5 -> Seg6 via J0
    - MOVE   (24786 -> 24812)  ion 15: Seg6 -> Seg1 via J1
    - MERGE  (24812 -> 24892)  ion 15: Seg1 -> T1
[SHUTTLE 63] ion=15  T1 -> T5  route=T1->J1->J0->T5
    - SPLIT  (25172 -> 25252)  ion 15: T1 -> Seg1 (swap_cnt=0, swap_hops=0, ion_hops=0, i1=0, i2=0)
    - MOVE   (25252 -> 25278)  ion 15: Seg1 -> Seg6 via J1
    - MOVE   (25278 -> 25304)  ion 15: Seg6 -> Seg5 via J0
    - MERGE  (25304 -> 25384)  ion 15: Seg5 -> T5
[SHUTTLE 64] ion=16  T2 -> T5  route=T2->J2->J1->J0->T5
    - SPLIT  (25424 -> 25544)  ion 16: T2 -> Seg2 (swap_cnt=1, swap_hops=3, ion_hops=0, i1=16, i2=29)
    - MOVE   (25544 -> 25570)  ion 16: Seg2 -> Seg7 via J2
    - MOVE   (25570 -> 25596)  ion 16: Seg7 -> Seg6 via J1
    - MOVE   (25596 -> 25622)  ion 16: Seg6 -> Seg5 via J0
    - MERGE  (25622 -> 25702)  ion 16: Seg5 -> T5
[SHUTTLE 65] ion=20  T3 -> T0  route=T3->J2->J1->J0->T0
    - SPLIT  (25982 -> 26102)  ion 20: T3 -> Seg3 (swap_cnt=1, swap_hops=6, ion_hops=0, i1=20, i2=27)
    - MOVE   (26102 -> 26128)  ion 20: Seg3 -> Seg7 via J2
    - MOVE   (26128 -> 26154)  ion 20: Seg7 -> Seg6 via J1
    - MOVE   (26154 -> 26180)  ion 20: Seg6 -> Seg0 via J0
    - MERGE  (26180 -> 26260)  ion 20: Seg0 -> T0
[SHUTTLE 66] ion=0  T5 -> T0  route=T5->J0->T0
    - SPLIT  (26260 -> 26380)  ion 0: T5 -> Seg5 (swap_cnt=1, swap_hops=7, ion_hops=0, i1=0, i2=16)
    - MOVE   (26380 -> 26406)  ion 0: Seg5 -> Seg0 via J0
    - MERGE  (26406 -> 26486)  ion 0: Seg0 -> T0
[SHUTTLE 67] ion=16  T5 -> T3  route=T5->J0->J1->J2->T3
    - SPLIT  (26486 -> 26566)  ion 16: T5 -> Seg5 (swap_cnt=0, swap_hops=0, ion_hops=0, i1=0, i2=0)
    - MOVE   (26566 -> 26592)  ion 16: Seg5 -> Seg6 via J0
    - MOVE   (26592 -> 26618)  ion 16: Seg6 -> Seg7 via J1
    - MOVE   (26618 -> 26644)  ion 16: Seg7 -> Seg3 via J2
    - MERGE  (26644 -> 26724)  ion 16: Seg3 -> T3
[SHUTTLE 68] ion=24  T3 -> T2  route=T3->J2->T2
    - SPLIT  (26764 -> 26884)  ion 24: T3 -> Seg3 (swap_cnt=1, swap_hops=3, ion_hops=0, i1=24, i2=16)
    - MOVE   (26884 -> 26910)  ion 24: Seg3 -> Seg2 via J2
    - MERGE  (26910 -> 26990)  ion 24: Seg2 -> T2
[SHUTTLE 69] ion=16  T3 -> T2  route=T3->J2->T2
    - SPLIT  (27030 -> 27110)  ion 16: T3 -> Seg3 (swap_cnt=0, swap_hops=0, ion_hops=0, i1=0, i2=0)
    - MOVE   (27110 -> 27136)  ion 16: Seg3 -> Seg2 via J2
    - MERGE  (27136 -> 27216)  ion 16: Seg2 -> T2
[SHUTTLE 70] ion=16  T2 -> T5  route=T2->J2->J1->J0->T5
    - SPLIT  (27696 -> 27776)  ion 16: T2 -> Seg2 (swap_cnt=0, swap_hops=0, ion_hops=0, i1=0, i2=0)
    - MOVE   (27776 -> 27802)  ion 16: Seg2 -> Seg7 via J2
    - MOVE   (27802 -> 27828)  ion 16: Seg7 -> Seg6 via J1
    - MOVE   (27828 -> 27854)  ion 16: Seg6 -> Seg5 via J0
    - MERGE  (27854 -> 27934)  ion 16: Seg5 -> T5
[SHUTTLE 71] ion=15  T5 -> T1  route=T5->J0->J1->T1
    - SPLIT  (28174 -> 28294)  ion 15: T5 -> Seg5 (swap_cnt=1, swap_hops=1, ion_hops=0, i1=15, i2=16)
    - MOVE   (28294 -> 28320)  ion 15: Seg5 -> Seg6 via J0
    - MOVE   (28320 -> 28346)  ion 15: Seg6 -> Seg1 via J1
    - MERGE  (28346 -> 28426)  ion 15: Seg1 -> T1
[SHUTTLE 72] ion=21  T1 -> T5  route=T1->J1->J0->T5
    - SPLIT  (28666 -> 28786)  ion 21: T1 -> Seg1 (swap_cnt=1, swap_hops=1, ion_hops=0, i1=21, i2=15)
    - MOVE   (28786 -> 28812)  ion 21: Seg1 -> Seg6 via J1
    - MOVE   (28812 -> 28838)  ion 21: Seg6 -> Seg5 via J0
    - MERGE  (28838 -> 28918)  ion 21: Seg5 -> T5
[SHUTTLE 73] ion=22  T1 -> T3  route=T1->J1->J2->T3
    - SPLIT  (29078 -> 29198)  ion 22: T1 -> Seg1 (swap_cnt=1, swap_hops=3, ion_hops=0, i1=22, i2=15)
    - MOVE   (29198 -> 29224)  ion 22: Seg1 -> Seg7 via J1
    - MOVE   (29224 -> 29250)  ion 22: Seg7 -> Seg3 via J2
    - MERGE  (29250 -> 29330)  ion 22: Seg3 -> T3
[SHUTTLE 74] ion=27  T3 -> T2  route=T3->J2->T2
    - SPLIT  (29370 -> 29490)  ion 27: T3 -> Seg3 (swap_cnt=1, swap_hops=1, ion_hops=0, i1=27, i2=22)
    - MOVE   (29490 -> 29516)  ion 27: Seg3 -> Seg2 via J2
    - MERGE  (29516 -> 29596)  ion 27: Seg2 -> T2
[SHUTTLE 75] ion=28  T3 -> T2  route=T3->J2->T2
    - SPLIT  (29636 -> 29756)  ion 28: T3 -> Seg3 (swap_cnt=1, swap_hops=5, ion_hops=0, i1=28, i2=22)
    - MOVE   (29756 -> 29782)  ion 28: Seg3 -> Seg2 via J2
    - MERGE  (29782 -> 29862)  ion 28: Seg2 -> T2
[SHUTTLE 76] ion=18  T0 -> T5  route=T0->J0->T5
    - SPLIT  (29902 -> 30022)  ion 18: T0 -> Seg0 (swap_cnt=1, swap_hops=5, ion_hops=0, i1=18, i2=0)
    - MOVE   (30022 -> 30048)  ion 18: Seg0 -> Seg5 via J0
    - MERGE  (30048 -> 30128)  ion 18: Seg5 -> T5
[SHUTTLE 77] ion=18  T5 -> T2  route=T5->J0->J1->J2->T2
    - SPLIT  (30408 -> 30488)  ion 18: T5 -> Seg5 (swap_cnt=0, swap_hops=0, ion_hops=0, i1=0, i2=0)
    - MOVE   (30488 -> 30514)  ion 18: Seg5 -> Seg6 via J0
    - MOVE   (30514 -> 30540)  ion 18: Seg6 -> Seg7 via J1
    - MOVE   (30540 -> 30566)  ion 18: Seg7 -> Seg2 via J2
    - MERGE  (30566 -> 30646)  ion 18: Seg2 -> T2
[SHUTTLE 78] ion=20  T0 -> T2  route=T0->J0->J1->J2->T2
    - SPLIT  (30966 -> 31086)  ion 20: T0 -> Seg0 (swap_cnt=1, swap_hops=1, ion_hops=0, i1=20, i2=0)
    - MOVE   (31086 -> 31112)  ion 20: Seg0 -> Seg6 via J0
    - MOVE   (31112 -> 31138)  ion 20: Seg6 -> Seg7 via J1
    - MOVE   (31138 -> 31164)  ion 20: Seg7 -> Seg2 via J2
    - MERGE  (31164 -> 31244)  ion 20: Seg2 -> T2
[SHUTTLE 79] ion=18  T2 -> T5  route=T2->J2->J1->J0->T5
    - SPLIT  (32004 -> 32124)  ion 18: T2 -> Seg2 (swap_cnt=1, swap_hops=1, ion_hops=0, i1=18, i2=20)
    - MOVE   (32124 -> 32150)  ion 18: Seg2 -> Seg7 via J2
    - MOVE   (32150 -> 32176)  ion 18: Seg7 -> Seg6 via J1
    - MOVE   (32176 -> 32202)  ion 18: Seg6 -> Seg5 via J0
    - MERGE  (32202 -> 32282)  ion 18: Seg5 -> T5
SplitSWAP: 57
TotalShuttle: 80
----------------
