========== Gate Set Summary ==========
barrier: 1
cx: 127
h: 256
x: 1
======================================
Simulation
Program:           programs\BV128.qasm
Machine:           EML
Model:             MUSS_Params
Program Qubits:    128
Ions/Region(arg):  18
Effective Cap:     18
Mapper:            SABRE
Reorder:           Naive
SerialTrap:        1
SerialComm:        1
SerialAll:         1
GateType:          FM
SwapType:          PaperSwapDirect
Scheduler Family:  MUSS
Scheduler Version: V7
Analyzer Mode:     PAPER
Arch Scale:        LARGE
Strict Repro:      True
Large.Env.K:       8
Large.Env.T:       4
Large.Env.MaxQCCD: 32
Large.Env.OptZone: 1
Large.Env.SWAP:    True
#Traps=16 #Junctions=8 #Segments=20
TrapCapacity(default)=18
#FiberLinks=6 #QCCDs=4
Parse object map:
{129: [0, 127], 130: [1, 127], 131: [2, 127], 132: [3, 127], 133: [4, 127], 134: [5, 127], 135: [6, 127], 136: [7, 127], 137: [8, 127], 138: [9, 127], 139: [10, 127], 140: [11, 127], 141: [12, 127], 142: [13, 127], 143: [14, 127], 144: [15, 127], 145: [16, 127], 146: [17, 127], 147: [18, 127], 148: [19, 127], 149: [20, 127], 150: [21, 127], 151: [22, 127], 152: [23, 127], 153: [24, 127], 154: [25, 127], 155: [26, 127], 156: [27, 127], 157: [28, 127], 158: [29, 127], 159: [30, 127], 160: [31, 127], 161: [32, 127], 162: [33, 127], 163: [34, 127], 164: [35, 127], 165: [36, 127], 166: [37, 127], 167: [38, 127], 168: [39, 127], 169: [40, 127], 170: [41, 127], 171: [42, 127], 172: [43, 127], 173: [44, 127], 174: [45, 127], 175: [46, 127], 176: [47, 127], 177: [48, 127], 178: [49, 127], 179: [50, 127], 180: [51, 127], 181: [52, 127], 182: [53, 127], 183: [54, 127], 184: [55, 127], 185: [56, 127], 186: [57, 127], 187: [58, 127], 188: [59, 127], 189: [60, 127], 190: [61, 127], 191: [62, 127], 192: [63, 127], 193: [64, 127], 194: [65, 127], 195: [66, 127], 196: [67, 127], 197: [68, 127], 198: [69, 127], 199: [70, 127], 200: [71, 127], 201: [72, 127], 202: [73, 127], 203: [74, 127], 204: [75, 127], 205: [76, 127], 206: [77, 127], 207: [78, 127], 208: [79, 127], 209: [80, 127], 210: [81, 127], 211: [82, 127], 212: [83, 127], 213: [84, 127], 214: [85, 127], 215: [86, 127], 216: [87, 127], 217: [88, 127], 218: [89, 127], 219: [90, 127], 220: [91, 127], 221: [92, 127], 222: [93, 127], 223: [94, 127], 224: [95, 127], 225: [96, 127], 226: [97, 127], 227: [98, 127], 228: [99, 127], 229: [100, 127], 230: [101, 127], 231: [102, 127], 232: [103, 127], 233: [104, 127], 234: [105, 127], 235: [106, 127], 236: [107, 127], 237: [108, 127], 238: [109, 127], 239: [110, 127], 240: [111, 127], 241: [112, 127], 242: [113, 127], 243: [114, 127], 244: [115, 127], 245: [116, 127], 246: [117, 127], 247: [118, 127], 248: [119, 127], 249: [120, 127], 250: [121, 127], 251: [122, 127], 252: [123, 127], 253: [124, 127], 254: [125, 127], 255: [126, 127]}
Parse object graph:
DiGraph with 384 nodes and 16511 edges
Using QubitMapSABRELarge mapper (large-scale module-aware / zone-aware version)
Raw mapping:
{'layout': {127: 3, 0: 3, 1: 3, 2: 3, 3: 3, 4: 3, 5: 3, 6: 3, 7: 3, 8: 3, 9: 3, 10: 3, 11: 3, 12: 3, 13: 3, 14: 3, 15: 3, 16: 3, 17: 1, 18: 1, 19: 1, 20: 1, 21: 1, 22: 1, 23: 1, 24: 1, 25: 1, 26: 1, 27: 1, 28: 1, 29: 1, 30: 1, 32: 7, 33: 7, 34: 7, 35: 7, 36: 7, 37: 7, 38: 7, 39: 7, 40: 7, 41: 7, 42: 7, 43: 7, 44: 7, 45: 7, 46: 7, 47: 7, 48: 7, 49: 7, 50: 5, 51: 5, 52: 5, 53: 5, 54: 5, 55: 5, 56: 5, 57: 5, 58: 5, 59: 5, 60: 5, 61: 5, 62: 5, 63: 5, 64: 11, 65: 11, 66: 11, 67: 11, 68: 11, 69: 11, 70: 11, 71: 11, 72: 11, 73: 11, 74: 11, 75: 11, 76: 11, 77: 11, 78: 11, 79: 11, 80: 11, 81: 11, 82: 9, 83: 9, 84: 9, 85: 9, 86: 9, 87: 9, 88: 9, 89: 9, 90: 9, 91: 9, 92: 9, 93: 9, 94: 9, 95: 9, 31: 15, 96: 15, 97: 15, 98: 15, 99: 15, 100: 15, 101: 15, 102: 15, 103: 15, 104: 15, 105: 15, 106: 15, 107: 15, 108: 15, 109: 15, 110: 15, 111: 15, 112: 15, 113: 13, 114: 13, 115: 13, 116: 13, 117: 13, 118: 13, 119: 13, 120: 13, 121: 13, 122: 13, 123: 13, 124: 13, 125: 13, 126: 13}, 'trap_to_qubits': {0: [], 1: [17, 18, 19, 20, 21, 22, 23, 24, 25, 26, 27, 28, 29, 30], 2: [], 3: [127, 0, 1, 2, 3, 4, 5, 6, 7, 8, 9, 10, 11, 12, 13, 14, 15, 16], 4: [], 5: [50, 51, 52, 53, 54, 55, 56, 57, 58, 59, 60, 61, 62, 63], 6: [], 7: [32, 33, 34, 35, 36, 37, 38, 39, 40, 41, 42, 43, 44, 45, 46, 47, 48, 49], 8: [], 9: [82, 83, 84, 85, 86, 87, 88, 89, 90, 91, 92, 93, 94, 95], 10: [], 11: [64, 65, 66, 67, 68, 69, 70, 71, 72, 73, 74, 75, 76, 77, 78, 79, 80, 81], 12: [], 13: [113, 114, 115, 116, 117, 118, 119, 120, 121, 122, 123, 124, 125, 126], 14: [], 15: [31, 96, 97, 98, 99, 100, 101, 102, 103, 104, 105, 106, 107, 108, 109, 110, 111, 112]}}
Initial layout policy: mapping_bundle(layout + trap_to_qubits_from_mapper)
Note: reorder_choice='Naive' is ignored because mapper already provides ordered trap layout
Use mapper-provided ordered trap layout for mapper 'SABRE'
Initial qubit layout:
{0: [], 1: [17, 18, 19, 20, 21, 22, 23, 24, 25, 26, 27, 28, 29, 30], 2: [], 3: [127, 0, 1, 2, 3, 4, 5, 6, 7, 8, 9, 10, 11, 12, 13, 14, 15, 16], 4: [], 5: [50, 51, 52, 53, 54, 55, 56, 57, 58, 59, 60, 61, 62, 63], 6: [], 7: [32, 33, 34, 35, 36, 37, 38, 39, 40, 41, 42, 43, 44, 45, 46, 47, 48, 49], 8: [], 9: [82, 83, 84, 85, 86, 87, 88, 89, 90, 91, 92, 93, 94, 95], 10: [], 11: [64, 65, 66, 67, 68, 69, 70, 71, 72, 73, 74, 75, 76, 77, 78, 79, 80, 81], 12: [], 13: [113, 114, 115, 116, 117, 118, 119, 120, 121, 122, 123, 124, 125, 126], 14: [], 15: [31, 96, 97, 98, 99, 100, 101, 102, 103, 104, 105, 106, 107, 108, 109, 110, 111, 112]}
Using MUSS Scheduler (V7) with SABRE Mapping
Using muss_schedule7.py large-scale version
Scheduler object construction time: 0.004646s
Scheduler run time: 0.081380s
Analyzer shuttle mode: aggregate (detected shuttle_id annotations)
Using analyzer_v7.py (paper-faithful analyzer for MUSS V7)
AnalyzerV7 parameter wiring: alpha_bg=0.0, T1=600000000.0, k_heating=0.001, epsilon_2q=3.90625e-05, split_merge=80.0, ion_swap=40.0, fiber_latency=200.0, fiber_fidelity=0.99, strict_paper_mainline=True
AnalyzerV7 mode: paper-faithful V7
Program Finish Time: 8926.0 us
OPCOUNTS Gate: 393 Split: 7 Move: 14 Merge: 7

Two-qubit gate chain statistics
Mean: 16.808823529411764 Max: 19.0
Fidelity: 0.21442542954522542

Paper-facing shuttle summary
  logical_shuttle_count      = 7
  physical_shuttle_leg_count = 7
  split_count                = 7
  move_count                 = 14
  merge_count                = 7

V7 gate summary
  local_1q_count             = 257
  local_2q_count             = 123
  operation_local_2q_count   = 56
  optical_local_2q_count     = 67
  storage_local_2q_count     = 0
  remote_2q_count            = 13
  fiber_gate_count           = 13
  regular_fiber_gate_count   = 4
  swap_insert_gate_count     = 9
  swap_insert_logical_count  = 3

Zone gate summary
  zone_gate_count[storage] = 0
  zone_gate_count[operation] = 171
  zone_gate_count[optical] = 222
  zone_gate_count[unknown] = 0
  zone_2q_count[storage]   = 0
  zone_2q_count[operation]   = 56
  zone_2q_count[optical]   = 80
  zone_2q_count[unknown]   = 0

Time breakdown (paper-facing)
  local_1q_time        = 1285.0 us
  local_2q_time        = 4920.0 us
  operation_local_2q_time = 2240.0 us
  optical_local_2q_time   = 2680.0 us
  storage_local_2q_time   = 0.0 us
  fiber_gate_time      = 2600.0 us
  swap_insert_time     = 1800.0 us
  split_time_total     = 640.0 us
  move_time_total      = 196.0 us
  merge_time_total     = 560.0 us
  shuttle_time_total   = 1396.0 us
[DBG SUMMARY] gates=393  gate_mult=0.222217  avg_gate_nbar=0.0000
[DBG SUMMARY] logical_shuttles=7  shuttle_mult=0.964936  min_shuttle=0.9942
[DBG SUMMARY] worst_B: Trap 0 -> 1.000000 (heat_state=0.000000, alpha_bg=0.0, strict_paper_mainline=True)
Analyzer time: 0.001695s

========== ANALYSIS RESULT ==========
{'fidelity': 0.21442542954522542, 'total_shuttle': 7, 'logical_shuttle_count': 7, 'physical_shuttle_leg_count': 7, 'split_count': 7, 'merge_count': 7, 'move_count': 14, 'time': 8926.0, 'local_1q_count': 257, 'local_2q_count': 123, 'operation_local_2q_count': 56, 'optical_local_2q_count': 67, 'storage_local_2q_count': 0, 'remote_2q_count': 13, 'fiber_gate_count': 13, 'regular_fiber_gate_count': 4, 'swap_insert_gate_count': 9, 'swap_insert_logical_count': 3, 'swap_insert_gate_remainder': 0, 'zone_gate_counts': {'storage': 0, 'operation': 171, 'optical': 222, 'unknown': 0}, 'zone_2q_counts': {'storage': 0, 'operation': 56, 'optical': 80, 'unknown': 0}, 'local_1q_time': 1285.0, 'local_2q_time': 4920.0, 'operation_local_2q_time': 2240.0, 'optical_local_2q_time': 2680.0, 'storage_local_2q_time': 0.0, 'fiber_gate_time': 2600.0, 'swap_insert_time': 1800.0, 'split_time_total': 640.0, 'move_time_total': 196.0, 'merge_time_total': 560.0, 'shuttle_time_total': 1396.0, 'gate_mult': 0.2222173427639685, 'regular_gate_mult': 0.2432546767738482, 'swap_insert_gate_mult': 0.9135172474836407, 'operation_local_2q_mult': 0.6099592112097925, 'optical_local_2q_mult': 0.4259724899080469, 'shuttle_mult': 0.9649356205873659}

========== SHUTTLE TRACE ==========
[SHUTTLE 0] ion=127  T3 -> T1  route=T3->J0->J1->T1
    - SPLIT  (680 -> 760)  ion 127: T3 -> Seg1 (swap_cnt=0, swap_hops=0, ion_hops=0, i1=0, i2=0)
    - MOVE   (760 -> 774)  ion 127: Seg1 -> Seg4 via J0
    - MOVE   (774 -> 788)  ion 127: Seg4 -> Seg2 via J1
    - MERGE  (788 -> 868)  ion 127: Seg2 -> T1
[SHUTTLE 1] ion=127  T1 -> T3  route=T1->J1->J0->T3
    - SPLIT  (1428 -> 1508)  ion 127: T1 -> Seg2 (swap_cnt=0, swap_hops=0, ion_hops=0, i1=0, i2=0)
    - MOVE   (1508 -> 1522)  ion 127: Seg2 -> Seg4 via J1
    - MOVE   (1522 -> 1536)  ion 127: Seg4 -> Seg1 via J0
    - MERGE  (1536 -> 1616)  ion 127: Seg1 -> T3
[SHUTTLE 2] ion=127  T7 -> T5  route=T7->J2->J3->T5
    - SPLIT  (3296 -> 3416)  ion 127: T7 -> Seg6 (swap_cnt=1, swap_hops=8, ion_hops=0, i1=127, i2=32)
    - MOVE   (3416 -> 3430)  ion 127: Seg6 -> Seg9 via J2
    - MOVE   (3430 -> 3444)  ion 127: Seg9 -> Seg7 via J3
    - MERGE  (3444 -> 3524)  ion 127: Seg7 -> T5
[SHUTTLE 3] ion=127  T5 -> T7  route=T5->J3->J2->T7
    - SPLIT  (4084 -> 4164)  ion 127: T5 -> Seg7 (swap_cnt=0, swap_hops=0, ion_hops=0, i1=0, i2=0)
    - MOVE   (4164 -> 4178)  ion 127: Seg7 -> Seg9 via J3
    - MOVE   (4178 -> 4192)  ion 127: Seg9 -> Seg6 via J2
    - MERGE  (4192 -> 4272)  ion 127: Seg6 -> T7
[SHUTTLE 4] ion=127  T11 -> T9  route=T11->J4->J5->T9
    - SPLIT  (5752 -> 5832)  ion 127: T11 -> Seg11 (swap_cnt=0, swap_hops=0, ion_hops=0, i1=0, i2=0)
    - MOVE   (5832 -> 5846)  ion 127: Seg11 -> Seg14 via J4
    - MOVE   (5846 -> 5860)  ion 127: Seg14 -> Seg12 via J5
    - MERGE  (5860 -> 5940)  ion 127: Seg12 -> T9
[SHUTTLE 5] ion=127  T9 -> T11  route=T9->J5->J4->T11
    - SPLIT  (6500 -> 6580)  ion 127: T9 -> Seg12 (swap_cnt=0, swap_hops=0, ion_hops=0, i1=0, i2=0)
    - MOVE   (6580 -> 6594)  ion 127: Seg12 -> Seg14 via J5
    - MOVE   (6594 -> 6608)  ion 127: Seg14 -> Seg11 via J4
    - MERGE  (6608 -> 6688)  ion 127: Seg11 -> T11
[SHUTTLE 6] ion=127  T15 -> T13  route=T15->J6->J7->T13
    - SPLIT  (8128 -> 8248)  ion 127: T15 -> Seg16 (swap_cnt=1, swap_hops=1, ion_hops=0, i1=127, i2=31)
    - MOVE   (8248 -> 8262)  ion 127: Seg16 -> Seg19 via J6
    - MOVE   (8262 -> 8276)  ion 127: Seg19 -> Seg17 via J7
    - MERGE  (8276 -> 8356)  ion 127: Seg17 -> T13
SplitSWAP: 2
SchedulerFiredShuttle: 7
ReportedTotalShuttle: 7
----------------
SUMMARY|program=programs\BV128|machine=EML|version=V7|mapper=SABRELarge|scale=LARGE|total_shuttle=7|execution_time_us=8926.0|fidelity=0.21442542954522542|trap_capacity=18|lookahead_k=8|swap_threshold=4|num_optical_zones=1|max_qubits_per_qccd=32|enable_swap_insert=1|num_modules=4|remote_gate_count=13|compile_time_s=0.087722|logical_shuttle_count=7|physical_shuttle_leg_count=7|split_count=7|merge_count=7|move_count=14|local_1q_count=257|local_2q_count=123|operation_local_2q_count=56|optical_local_2q_count=67|storage_local_2q_count=0|remote_2q_count=13|fiber_gate_count=13|regular_fiber_gate_count=4|swap_insert_gate_count=9|swap_insert_logical_count=3|local_1q_time=1285.0|local_2q_time=4920.0|operation_local_2q_time=2240.0|optical_local_2q_time=2680.0|storage_local_2q_time=0.0|fiber_gate_time=2600.0|swap_insert_time=1800.0|split_time_total=640.0|move_time_total=196.0|merge_time_total=560.0|shuttle_time_total=1396.0|gate_mult=0.2222173427639685|regular_gate_mult=0.2432546767738482|swap_insert_gate_mult=0.9135172474836407|operation_local_2q_mult=0.6099592112097925|optical_local_2q_mult=0.4259724899080469|shuttle_mult=0.9649356205873659
