========== Gate Set Summary ==========
barrier: 1
cx: 127
h: 256
x: 1
======================================
Simulation
Program:           programs\BV128.qasm
Machine:           EML
Model:             MUSS_Params
Program Qubits:    128
Ions/Region(arg):  16
Effective Cap:     16
Mapper:            SABRE
Reorder:           Naive
SerialTrap:        1
SerialComm:        1
SerialAll:         1
GateType:          FM
SwapType:          PaperSwapDirect
Scheduler Family:  MUSS
Scheduler Version: V7
Analyzer Mode:     PAPER
Arch Scale:        LARGE
Strict Repro:      True
Large.Env.K:       4
Large.Env.T:       4
Large.Env.MaxQCCD: 32
Large.Env.OptZone: 1
Large.Env.SWAP:    True
#Traps=16 #Junctions=8 #Segments=20
TrapCapacity(default)=16
#FiberLinks=6 #QCCDs=4
Parse object map:
{129: [0, 127], 130: [1, 127], 131: [2, 127], 132: [3, 127], 133: [4, 127], 134: [5, 127], 135: [6, 127], 136: [7, 127], 137: [8, 127], 138: [9, 127], 139: [10, 127], 140: [11, 127], 141: [12, 127], 142: [13, 127], 143: [14, 127], 144: [15, 127], 145: [16, 127], 146: [17, 127], 147: [18, 127], 148: [19, 127], 149: [20, 127], 150: [21, 127], 151: [22, 127], 152: [23, 127], 153: [24, 127], 154: [25, 127], 155: [26, 127], 156: [27, 127], 157: [28, 127], 158: [29, 127], 159: [30, 127], 160: [31, 127], 161: [32, 127], 162: [33, 127], 163: [34, 127], 164: [35, 127], 165: [36, 127], 166: [37, 127], 167: [38, 127], 168: [39, 127], 169: [40, 127], 170: [41, 127], 171: [42, 127], 172: [43, 127], 173: [44, 127], 174: [45, 127], 175: [46, 127], 176: [47, 127], 177: [48, 127], 178: [49, 127], 179: [50, 127], 180: [51, 127], 181: [52, 127], 182: [53, 127], 183: [54, 127], 184: [55, 127], 185: [56, 127], 186: [57, 127], 187: [58, 127], 188: [59, 127], 189: [60, 127], 190: [61, 127], 191: [62, 127], 192: [63, 127], 193: [64, 127], 194: [65, 127], 195: [66, 127], 196: [67, 127], 197: [68, 127], 198: [69, 127], 199: [70, 127], 200: [71, 127], 201: [72, 127], 202: [73, 127], 203: [74, 127], 204: [75, 127], 205: [76, 127], 206: [77, 127], 207: [78, 127], 208: [79, 127], 209: [80, 127], 210: [81, 127], 211: [82, 127], 212: [83, 127], 213: [84, 127], 214: [85, 127], 215: [86, 127], 216: [87, 127], 217: [88, 127], 218: [89, 127], 219: [90, 127], 220: [91, 127], 221: [92, 127], 222: [93, 127], 223: [94, 127], 224: [95, 127], 225: [96, 127], 226: [97, 127], 227: [98, 127], 228: [99, 127], 229: [100, 127], 230: [101, 127], 231: [102, 127], 232: [103, 127], 233: [104, 127], 234: [105, 127], 235: [106, 127], 236: [107, 127], 237: [108, 127], 238: [109, 127], 239: [110, 127], 240: [111, 127], 241: [112, 127], 242: [113, 127], 243: [114, 127], 244: [115, 127], 245: [116, 127], 246: [117, 127], 247: [118, 127], 248: [119, 127], 249: [120, 127], 250: [121, 127], 251: [122, 127], 252: [123, 127], 253: [124, 127], 254: [125, 127], 255: [126, 127]}
Parse object graph:
DiGraph with 384 nodes and 16511 edges
Using QubitMapSABRELarge mapper (large-scale module-aware / zone-aware version)
Raw mapping:
{'layout': {127: 3, 0: 3, 1: 3, 2: 3, 3: 3, 4: 3, 5: 3, 6: 3, 7: 3, 8: 3, 9: 3, 10: 3, 11: 3, 12: 3, 13: 3, 14: 3, 15: 1, 16: 1, 17: 1, 18: 1, 19: 1, 20: 1, 21: 1, 22: 1, 23: 1, 24: 1, 25: 1, 26: 1, 27: 1, 28: 1, 29: 1, 30: 1, 32: 7, 33: 7, 34: 7, 35: 7, 36: 7, 37: 7, 38: 7, 39: 7, 40: 7, 41: 7, 42: 7, 43: 7, 44: 7, 45: 7, 46: 7, 47: 7, 48: 5, 49: 5, 50: 5, 51: 5, 52: 5, 53: 5, 54: 5, 55: 5, 56: 5, 57: 5, 58: 5, 59: 5, 60: 5, 61: 5, 62: 5, 63: 5, 64: 11, 65: 11, 66: 11, 67: 11, 68: 11, 69: 11, 70: 11, 71: 11, 72: 11, 73: 11, 74: 11, 75: 11, 76: 11, 77: 11, 78: 11, 79: 11, 80: 9, 81: 9, 82: 9, 83: 9, 84: 9, 85: 9, 86: 9, 87: 9, 88: 9, 89: 9, 90: 9, 91: 9, 92: 9, 93: 9, 94: 9, 95: 9, 31: 15, 96: 15, 97: 15, 98: 15, 99: 15, 100: 15, 101: 15, 102: 15, 103: 15, 104: 15, 105: 15, 106: 15, 107: 15, 108: 15, 109: 15, 110: 15, 111: 13, 112: 13, 113: 13, 114: 13, 115: 13, 116: 13, 117: 13, 118: 13, 119: 13, 120: 13, 121: 13, 122: 13, 123: 13, 124: 13, 125: 13, 126: 13}, 'trap_to_qubits': {0: [], 1: [15, 16, 17, 18, 19, 20, 21, 22, 23, 24, 25, 26, 27, 28, 29, 30], 2: [], 3: [127, 0, 1, 2, 3, 4, 5, 6, 7, 8, 9, 10, 11, 12, 13, 14], 4: [], 5: [48, 49, 50, 51, 52, 53, 54, 55, 56, 57, 58, 59, 60, 61, 62, 63], 6: [], 7: [32, 33, 34, 35, 36, 37, 38, 39, 40, 41, 42, 43, 44, 45, 46, 47], 8: [], 9: [80, 81, 82, 83, 84, 85, 86, 87, 88, 89, 90, 91, 92, 93, 94, 95], 10: [], 11: [64, 65, 66, 67, 68, 69, 70, 71, 72, 73, 74, 75, 76, 77, 78, 79], 12: [], 13: [111, 112, 113, 114, 115, 116, 117, 118, 119, 120, 121, 122, 123, 124, 125, 126], 14: [], 15: [31, 96, 97, 98, 99, 100, 101, 102, 103, 104, 105, 106, 107, 108, 109, 110]}}
Initial layout policy: mapping_bundle(layout + trap_to_qubits_from_mapper)
Note: reorder_choice='Naive' is ignored because mapper already provides ordered trap layout
Use mapper-provided ordered trap layout for mapper 'SABRE'
Initial qubit layout:
{0: [], 1: [15, 16, 17, 18, 19, 20, 21, 22, 23, 24, 25, 26, 27, 28, 29, 30], 2: [], 3: [127, 0, 1, 2, 3, 4, 5, 6, 7, 8, 9, 10, 11, 12, 13, 14], 4: [], 5: [48, 49, 50, 51, 52, 53, 54, 55, 56, 57, 58, 59, 60, 61, 62, 63], 6: [], 7: [32, 33, 34, 35, 36, 37, 38, 39, 40, 41, 42, 43, 44, 45, 46, 47], 8: [], 9: [80, 81, 82, 83, 84, 85, 86, 87, 88, 89, 90, 91, 92, 93, 94, 95], 10: [], 11: [64, 65, 66, 67, 68, 69, 70, 71, 72, 73, 74, 75, 76, 77, 78, 79], 12: [], 13: [111, 112, 113, 114, 115, 116, 117, 118, 119, 120, 121, 122, 123, 124, 125, 126], 14: [], 15: [31, 96, 97, 98, 99, 100, 101, 102, 103, 104, 105, 106, 107, 108, 109, 110]}
Using MUSS Scheduler (V7) with SABRE Mapping
Using muss_schedule7.py large-scale version
Scheduler object construction time: 0.004545s
Scheduler run time: 0.857769s
Analyzer shuttle mode: aggregate (detected shuttle_id annotations)
Using analyzer_v7.py (paper-faithful analyzer for MUSS V7)
AnalyzerV7 parameter wiring: alpha_bg=0.0, T1=600000000.0, k_heating=0.001, epsilon_2q=3.90625e-05, split_merge=80.0, ion_swap=40.0, fiber_latency=200.0, fiber_fidelity=0.99, strict_paper_mainline=True
AnalyzerV7 mode: paper-faithful V7
Program Finish Time: 43034.0 us
OPCOUNTS Gate: 384 Split: 100 Move: 196 Merge: 100

Two-qubit gate chain statistics
Mean: 16.0 Max: 16.0
Fidelity: 0.15348160664116386

Paper-facing shuttle summary
  logical_shuttle_count      = 100
  physical_shuttle_leg_count = 100
  split_count                = 100
  move_count                 = 196
  merge_count                = 100

V7 gate summary
  local_1q_count             = 257
  local_2q_count             = 31
  operation_local_2q_count   = 15
  optical_local_2q_count     = 16
  storage_local_2q_count     = 0
  remote_2q_count            = 96
  fiber_gate_count           = 96
  regular_fiber_gate_count   = 96
  swap_insert_gate_count     = 0
  swap_insert_logical_count  = 0

Zone gate summary
  zone_gate_count[storage] = 8
  zone_gate_count[operation] = 135
  zone_gate_count[optical] = 241
  zone_gate_count[unknown] = 0
  zone_2q_count[storage]   = 0
  zone_2q_count[operation]   = 15
  zone_2q_count[optical]   = 112
  zone_2q_count[unknown]   = 0

Time breakdown (paper-facing)
  local_1q_time        = 1285.0 us
  local_2q_time        = 1240.0 us
  operation_local_2q_time = 600.0 us
  optical_local_2q_time   = 640.0 us
  storage_local_2q_time   = 0.0 us
  fiber_gate_time      = 19200.0 us
  swap_insert_time     = 0.0 us
  split_time_total     = 11840.0 us
  move_time_total      = 2744.0 us
  merge_time_total     = 8000.0 us
  shuttle_time_total   = 22584.0 us
[DBG SUMMARY] gates=384  gate_mult=0.271962  avg_gate_nbar=0.0000
[DBG SUMMARY] logical_shuttles=100  shuttle_mult=0.56435  min_shuttle=0.9942
[DBG SUMMARY] worst_B: Trap 0 -> 1.000000 (heat_state=0.000000, alpha_bg=0.0, strict_paper_mainline=True)
Analyzer time: 0.002676s

========== ANALYSIS RESULT ==========
{'fidelity': 0.15348160664116386, 'total_shuttle': 100, 'logical_shuttle_count': 100, 'physical_shuttle_leg_count': 100, 'split_count': 100, 'merge_count': 100, 'move_count': 196, 'time': 43034.0, 'local_1q_count': 257, 'local_2q_count': 31, 'operation_local_2q_count': 15, 'optical_local_2q_count': 16, 'storage_local_2q_count': 0, 'remote_2q_count': 96, 'fiber_gate_count': 96, 'regular_fiber_gate_count': 96, 'swap_insert_gate_count': 0, 'swap_insert_logical_count': 0, 'swap_insert_gate_remainder': 0, 'zone_gate_counts': {'storage': 8, 'operation': 135, 'optical': 241, 'unknown': 0}, 'zone_2q_counts': {'storage': 0, 'operation': 15, 'optical': 112, 'unknown': 0}, 'local_1q_time': 1285.0, 'local_2q_time': 1240.0, 'operation_local_2q_time': 600.0, 'optical_local_2q_time': 640.0, 'storage_local_2q_time': 0.0, 'fiber_gate_time': 19200.0, 'swap_insert_time': 0.0, 'split_time_total': 11840.0, 'move_time_total': 2744.0, 'merge_time_total': 8000.0, 'shuttle_time_total': 22584.0, 'gate_mult': 0.271961725277157, 'regular_gate_mult': 0.271961725277157, 'swap_insert_gate_mult': 1.0, 'operation_local_2q_mult': 0.8600583546412883, 'optical_local_2q_mult': 0.8514577710948754, 'shuttle_mult': 0.5643500256690548}

========== SHUTTLE TRACE ==========
[SHUTTLE 0] ion=0  T3 -> T0  route=T3->J0->T0
    - SPLIT  (600 -> 720)  ion 0: T3 -> Seg1 (swap_cnt=1, swap_hops=1, ion_hops=0, i1=0, i2=127)
    - MOVE   (720 -> 734)  ion 0: Seg1 -> Seg0 via J0
    - MERGE  (734 -> 814)  ion 0: Seg0 -> T0
[SHUTTLE 1] ion=15  T1 -> T3  route=T1->J1->J0->T3
    - SPLIT  (814 -> 934)  ion 15: T1 -> Seg2 (swap_cnt=1, swap_hops=15, ion_hops=0, i1=15, i2=30)
    - MOVE   (934 -> 948)  ion 15: Seg2 -> Seg4 via J1
    - MOVE   (948 -> 962)  ion 15: Seg4 -> Seg1 via J0
    - MERGE  (962 -> 1042)  ion 15: Seg1 -> T3
[SHUTTLE 2] ion=127  T3 -> T1  route=T3->J0->J1->T1
    - SPLIT  (1082 -> 1202)  ion 127: T3 -> Seg1 (swap_cnt=1, swap_hops=1, ion_hops=0, i1=127, i2=15)
    - MOVE   (1202 -> 1216)  ion 127: Seg1 -> Seg4 via J0
    - MOVE   (1216 -> 1230)  ion 127: Seg4 -> Seg2 via J1
    - MERGE  (1230 -> 1310)  ion 127: Seg2 -> T1
[SHUTTLE 3] ion=127  T1 -> T3  route=T1->J1->J0->T3
    - SPLIT  (1910 -> 1990)  ion 127: T1 -> Seg2 (swap_cnt=0, swap_hops=0, ion_hops=0, i1=0, i2=0)
    - MOVE   (1990 -> 2004)  ion 127: Seg2 -> Seg4 via J1
    - MOVE   (2004 -> 2018)  ion 127: Seg4 -> Seg1 via J0
    - MERGE  (2018 -> 2098)  ion 127: Seg1 -> T3
[SHUTTLE 4] ion=32  T7 -> T4  route=T7->J2->T4
    - SPLIT  (5498 -> 5578)  ion 32: T7 -> Seg6 (swap_cnt=0, swap_hops=0, ion_hops=0, i1=0, i2=0)
    - MOVE   (5578 -> 5592)  ion 32: Seg6 -> Seg5 via J2
    - MERGE  (5592 -> 5672)  ion 32: Seg5 -> T4
[SHUTTLE 5] ion=48  T5 -> T7  route=T5->J3->J2->T7
    - SPLIT  (5672 -> 5792)  ion 48: T5 -> Seg7 (swap_cnt=1, swap_hops=15, ion_hops=0, i1=48, i2=63)
    - MOVE   (5792 -> 5806)  ion 48: Seg7 -> Seg9 via J3
    - MOVE   (5806 -> 5820)  ion 48: Seg9 -> Seg6 via J2
    - MERGE  (5820 -> 5900)  ion 48: Seg6 -> T7
[SHUTTLE 6] ion=33  T7 -> T5  route=T7->J2->J3->T5
    - SPLIT  (6100 -> 6220)  ion 33: T7 -> Seg6 (swap_cnt=1, swap_hops=1, ion_hops=0, i1=33, i2=48)
    - MOVE   (6220 -> 6234)  ion 33: Seg6 -> Seg9 via J2
    - MOVE   (6234 -> 6248)  ion 33: Seg9 -> Seg7 via J3
    - MERGE  (6248 -> 6328)  ion 33: Seg7 -> T5
[SHUTTLE 7] ion=49  T5 -> T7  route=T5->J3->J2->T7
    - SPLIT  (6328 -> 6448)  ion 49: T5 -> Seg7 (swap_cnt=1, swap_hops=15, ion_hops=0, i1=49, i2=33)
    - MOVE   (6448 -> 6462)  ion 49: Seg7 -> Seg9 via J3
    - MOVE   (6462 -> 6476)  ion 49: Seg9 -> Seg6 via J2
    - MERGE  (6476 -> 6556)  ion 49: Seg6 -> T7
[SHUTTLE 8] ion=34  T7 -> T5  route=T7->J2->J3->T5
    - SPLIT  (6756 -> 6876)  ion 34: T7 -> Seg6 (swap_cnt=1, swap_hops=2, ion_hops=0, i1=34, i2=49)
    - MOVE   (6876 -> 6890)  ion 34: Seg6 -> Seg9 via J2
    - MOVE   (6890 -> 6904)  ion 34: Seg9 -> Seg7 via J3
    - MERGE  (6904 -> 6984)  ion 34: Seg7 -> T5
[SHUTTLE 9] ion=50  T5 -> T7  route=T5->J3->J2->T7
    - SPLIT  (6984 -> 7104)  ion 50: T5 -> Seg7 (swap_cnt=1, swap_hops=15, ion_hops=0, i1=50, i2=34)
    - MOVE   (7104 -> 7118)  ion 50: Seg7 -> Seg9 via J3
    - MOVE   (7118 -> 7132)  ion 50: Seg9 -> Seg6 via J2
    - MERGE  (7132 -> 7212)  ion 50: Seg6 -> T7
[SHUTTLE 10] ion=35  T7 -> T5  route=T7->J2->J3->T5
    - SPLIT  (7412 -> 7532)  ion 35: T7 -> Seg6 (swap_cnt=1, swap_hops=3, ion_hops=0, i1=35, i2=50)
    - MOVE   (7532 -> 7546)  ion 35: Seg6 -> Seg9 via J2
    - MOVE   (7546 -> 7560)  ion 35: Seg9 -> Seg7 via J3
    - MERGE  (7560 -> 7640)  ion 35: Seg7 -> T5
[SHUTTLE 11] ion=51  T5 -> T7  route=T5->J3->J2->T7
    - SPLIT  (7640 -> 7760)  ion 51: T5 -> Seg7 (swap_cnt=1, swap_hops=15, ion_hops=0, i1=51, i2=35)
    - MOVE   (7760 -> 7774)  ion 51: Seg7 -> Seg9 via J3
    - MOVE   (7774 -> 7788)  ion 51: Seg9 -> Seg6 via J2
    - MERGE  (7788 -> 7868)  ion 51: Seg6 -> T7
[SHUTTLE 12] ion=36  T7 -> T5  route=T7->J2->J3->T5
    - SPLIT  (8068 -> 8188)  ion 36: T7 -> Seg6 (swap_cnt=1, swap_hops=4, ion_hops=0, i1=36, i2=51)
    - MOVE   (8188 -> 8202)  ion 36: Seg6 -> Seg9 via J2
    - MOVE   (8202 -> 8216)  ion 36: Seg9 -> Seg7 via J3
    - MERGE  (8216 -> 8296)  ion 36: Seg7 -> T5
[SHUTTLE 13] ion=52  T5 -> T7  route=T5->J3->J2->T7
    - SPLIT  (8296 -> 8416)  ion 52: T5 -> Seg7 (swap_cnt=1, swap_hops=15, ion_hops=0, i1=52, i2=36)
    - MOVE   (8416 -> 8430)  ion 52: Seg7 -> Seg9 via J3
    - MOVE   (8430 -> 8444)  ion 52: Seg9 -> Seg6 via J2
    - MERGE  (8444 -> 8524)  ion 52: Seg6 -> T7
[SHUTTLE 14] ion=37  T7 -> T5  route=T7->J2->J3->T5
    - SPLIT  (8724 -> 8844)  ion 37: T7 -> Seg6 (swap_cnt=1, swap_hops=5, ion_hops=0, i1=37, i2=52)
    - MOVE   (8844 -> 8858)  ion 37: Seg6 -> Seg9 via J2
    - MOVE   (8858 -> 8872)  ion 37: Seg9 -> Seg7 via J3
    - MERGE  (8872 -> 8952)  ion 37: Seg7 -> T5
[SHUTTLE 15] ion=53  T5 -> T7  route=T5->J3->J2->T7
    - SPLIT  (8952 -> 9072)  ion 53: T5 -> Seg7 (swap_cnt=1, swap_hops=15, ion_hops=0, i1=53, i2=37)
    - MOVE   (9072 -> 9086)  ion 53: Seg7 -> Seg9 via J3
    - MOVE   (9086 -> 9100)  ion 53: Seg9 -> Seg6 via J2
    - MERGE  (9100 -> 9180)  ion 53: Seg6 -> T7
[SHUTTLE 16] ion=38  T7 -> T5  route=T7->J2->J3->T5
    - SPLIT  (9380 -> 9500)  ion 38: T7 -> Seg6 (swap_cnt=1, swap_hops=6, ion_hops=0, i1=38, i2=53)
    - MOVE   (9500 -> 9514)  ion 38: Seg6 -> Seg9 via J2
    - MOVE   (9514 -> 9528)  ion 38: Seg9 -> Seg7 via J3
    - MERGE  (9528 -> 9608)  ion 38: Seg7 -> T5
[SHUTTLE 17] ion=54  T5 -> T7  route=T5->J3->J2->T7
    - SPLIT  (9608 -> 9728)  ion 54: T5 -> Seg7 (swap_cnt=1, swap_hops=15, ion_hops=0, i1=54, i2=38)
    - MOVE   (9728 -> 9742)  ion 54: Seg7 -> Seg9 via J3
    - MOVE   (9742 -> 9756)  ion 54: Seg9 -> Seg6 via J2
    - MERGE  (9756 -> 9836)  ion 54: Seg6 -> T7
[SHUTTLE 18] ion=39  T7 -> T5  route=T7->J2->J3->T5
    - SPLIT  (10036 -> 10156)  ion 39: T7 -> Seg6 (swap_cnt=1, swap_hops=7, ion_hops=0, i1=39, i2=54)
    - MOVE   (10156 -> 10170)  ion 39: Seg6 -> Seg9 via J2
    - MOVE   (10170 -> 10184)  ion 39: Seg9 -> Seg7 via J3
    - MERGE  (10184 -> 10264)  ion 39: Seg7 -> T5
[SHUTTLE 19] ion=55  T5 -> T7  route=T5->J3->J2->T7
    - SPLIT  (10264 -> 10384)  ion 55: T5 -> Seg7 (swap_cnt=1, swap_hops=15, ion_hops=0, i1=55, i2=39)
    - MOVE   (10384 -> 10398)  ion 55: Seg7 -> Seg9 via J3
    - MOVE   (10398 -> 10412)  ion 55: Seg9 -> Seg6 via J2
    - MERGE  (10412 -> 10492)  ion 55: Seg6 -> T7
[SHUTTLE 20] ion=40  T7 -> T5  route=T7->J2->J3->T5
    - SPLIT  (10692 -> 10812)  ion 40: T7 -> Seg6 (swap_cnt=1, swap_hops=8, ion_hops=0, i1=40, i2=55)
    - MOVE   (10812 -> 10826)  ion 40: Seg6 -> Seg9 via J2
    - MOVE   (10826 -> 10840)  ion 40: Seg9 -> Seg7 via J3
    - MERGE  (10840 -> 10920)  ion 40: Seg7 -> T5
[SHUTTLE 21] ion=56  T5 -> T7  route=T5->J3->J2->T7
    - SPLIT  (10920 -> 11040)  ion 56: T5 -> Seg7 (swap_cnt=1, swap_hops=15, ion_hops=0, i1=56, i2=40)
    - MOVE   (11040 -> 11054)  ion 56: Seg7 -> Seg9 via J3
    - MOVE   (11054 -> 11068)  ion 56: Seg9 -> Seg6 via J2
    - MERGE  (11068 -> 11148)  ion 56: Seg6 -> T7
[SHUTTLE 22] ion=41  T7 -> T5  route=T7->J2->J3->T5
    - SPLIT  (11348 -> 11468)  ion 41: T7 -> Seg6 (swap_cnt=1, swap_hops=9, ion_hops=0, i1=41, i2=56)
    - MOVE   (11468 -> 11482)  ion 41: Seg6 -> Seg9 via J2
    - MOVE   (11482 -> 11496)  ion 41: Seg9 -> Seg7 via J3
    - MERGE  (11496 -> 11576)  ion 41: Seg7 -> T5
[SHUTTLE 23] ion=57  T5 -> T7  route=T5->J3->J2->T7
    - SPLIT  (11576 -> 11696)  ion 57: T5 -> Seg7 (swap_cnt=1, swap_hops=15, ion_hops=0, i1=57, i2=41)
    - MOVE   (11696 -> 11710)  ion 57: Seg7 -> Seg9 via J3
    - MOVE   (11710 -> 11724)  ion 57: Seg9 -> Seg6 via J2
    - MERGE  (11724 -> 11804)  ion 57: Seg6 -> T7
[SHUTTLE 24] ion=42  T7 -> T5  route=T7->J2->J3->T5
    - SPLIT  (12004 -> 12124)  ion 42: T7 -> Seg6 (swap_cnt=1, swap_hops=10, ion_hops=0, i1=42, i2=57)
    - MOVE   (12124 -> 12138)  ion 42: Seg6 -> Seg9 via J2
    - MOVE   (12138 -> 12152)  ion 42: Seg9 -> Seg7 via J3
    - MERGE  (12152 -> 12232)  ion 42: Seg7 -> T5
[SHUTTLE 25] ion=58  T5 -> T7  route=T5->J3->J2->T7
    - SPLIT  (12232 -> 12352)  ion 58: T5 -> Seg7 (swap_cnt=1, swap_hops=15, ion_hops=0, i1=58, i2=42)
    - MOVE   (12352 -> 12366)  ion 58: Seg7 -> Seg9 via J3
    - MOVE   (12366 -> 12380)  ion 58: Seg9 -> Seg6 via J2
    - MERGE  (12380 -> 12460)  ion 58: Seg6 -> T7
[SHUTTLE 26] ion=43  T7 -> T5  route=T7->J2->J3->T5
    - SPLIT  (12660 -> 12780)  ion 43: T7 -> Seg6 (swap_cnt=1, swap_hops=11, ion_hops=0, i1=43, i2=58)
    - MOVE   (12780 -> 12794)  ion 43: Seg6 -> Seg9 via J2
    - MOVE   (12794 -> 12808)  ion 43: Seg9 -> Seg7 via J3
    - MERGE  (12808 -> 12888)  ion 43: Seg7 -> T5
[SHUTTLE 27] ion=59  T5 -> T7  route=T5->J3->J2->T7
    - SPLIT  (12888 -> 13008)  ion 59: T5 -> Seg7 (swap_cnt=1, swap_hops=15, ion_hops=0, i1=59, i2=43)
    - MOVE   (13008 -> 13022)  ion 59: Seg7 -> Seg9 via J3
    - MOVE   (13022 -> 13036)  ion 59: Seg9 -> Seg6 via J2
    - MERGE  (13036 -> 13116)  ion 59: Seg6 -> T7
[SHUTTLE 28] ion=44  T7 -> T5  route=T7->J2->J3->T5
    - SPLIT  (13316 -> 13436)  ion 44: T7 -> Seg6 (swap_cnt=1, swap_hops=12, ion_hops=0, i1=44, i2=59)
    - MOVE   (13436 -> 13450)  ion 44: Seg6 -> Seg9 via J2
    - MOVE   (13450 -> 13464)  ion 44: Seg9 -> Seg7 via J3
    - MERGE  (13464 -> 13544)  ion 44: Seg7 -> T5
[SHUTTLE 29] ion=60  T5 -> T7  route=T5->J3->J2->T7
    - SPLIT  (13544 -> 13664)  ion 60: T5 -> Seg7 (swap_cnt=1, swap_hops=15, ion_hops=0, i1=60, i2=44)
    - MOVE   (13664 -> 13678)  ion 60: Seg7 -> Seg9 via J3
    - MOVE   (13678 -> 13692)  ion 60: Seg9 -> Seg6 via J2
    - MERGE  (13692 -> 13772)  ion 60: Seg6 -> T7
[SHUTTLE 30] ion=45  T7 -> T5  route=T7->J2->J3->T5
    - SPLIT  (13972 -> 14092)  ion 45: T7 -> Seg6 (swap_cnt=1, swap_hops=13, ion_hops=0, i1=45, i2=60)
    - MOVE   (14092 -> 14106)  ion 45: Seg6 -> Seg9 via J2
    - MOVE   (14106 -> 14120)  ion 45: Seg9 -> Seg7 via J3
    - MERGE  (14120 -> 14200)  ion 45: Seg7 -> T5
[SHUTTLE 31] ion=61  T5 -> T7  route=T5->J3->J2->T7
    - SPLIT  (14200 -> 14320)  ion 61: T5 -> Seg7 (swap_cnt=1, swap_hops=15, ion_hops=0, i1=61, i2=45)
    - MOVE   (14320 -> 14334)  ion 61: Seg7 -> Seg9 via J3
    - MOVE   (14334 -> 14348)  ion 61: Seg9 -> Seg6 via J2
    - MERGE  (14348 -> 14428)  ion 61: Seg6 -> T7
[SHUTTLE 32] ion=46  T7 -> T5  route=T7->J2->J3->T5
    - SPLIT  (14628 -> 14748)  ion 46: T7 -> Seg6 (swap_cnt=1, swap_hops=14, ion_hops=0, i1=46, i2=61)
    - MOVE   (14748 -> 14762)  ion 46: Seg6 -> Seg9 via J2
    - MOVE   (14762 -> 14776)  ion 46: Seg9 -> Seg7 via J3
    - MERGE  (14776 -> 14856)  ion 46: Seg7 -> T5
[SHUTTLE 33] ion=62  T5 -> T7  route=T5->J3->J2->T7
    - SPLIT  (14856 -> 14976)  ion 62: T5 -> Seg7 (swap_cnt=1, swap_hops=15, ion_hops=0, i1=62, i2=46)
    - MOVE   (14976 -> 14990)  ion 62: Seg7 -> Seg9 via J3
    - MOVE   (14990 -> 15004)  ion 62: Seg9 -> Seg6 via J2
    - MERGE  (15004 -> 15084)  ion 62: Seg6 -> T7
[SHUTTLE 34] ion=47  T7 -> T5  route=T7->J2->J3->T5
    - SPLIT  (15284 -> 15404)  ion 47: T7 -> Seg6 (swap_cnt=1, swap_hops=15, ion_hops=0, i1=47, i2=62)
    - MOVE   (15404 -> 15418)  ion 47: Seg6 -> Seg9 via J2
    - MOVE   (15418 -> 15432)  ion 47: Seg9 -> Seg7 via J3
    - MERGE  (15432 -> 15512)  ion 47: Seg7 -> T5
[SHUTTLE 35] ion=63  T5 -> T7  route=T5->J3->J2->T7
    - SPLIT  (15512 -> 15632)  ion 63: T5 -> Seg7 (swap_cnt=1, swap_hops=15, ion_hops=0, i1=63, i2=47)
    - MOVE   (15632 -> 15646)  ion 63: Seg7 -> Seg9 via J3
    - MOVE   (15646 -> 15660)  ion 63: Seg9 -> Seg6 via J2
    - MERGE  (15660 -> 15740)  ion 63: Seg6 -> T7
[SHUTTLE 36] ion=64  T11 -> T8  route=T11->J4->T8
    - SPLIT  (19140 -> 19220)  ion 64: T11 -> Seg11 (swap_cnt=0, swap_hops=0, ion_hops=0, i1=0, i2=0)
    - MOVE   (19220 -> 19234)  ion 64: Seg11 -> Seg10 via J4
    - MERGE  (19234 -> 19314)  ion 64: Seg10 -> T8
[SHUTTLE 37] ion=80  T9 -> T11  route=T9->J5->J4->T11
    - SPLIT  (19314 -> 19434)  ion 80: T9 -> Seg12 (swap_cnt=1, swap_hops=15, ion_hops=0, i1=80, i2=95)
    - MOVE   (19434 -> 19448)  ion 80: Seg12 -> Seg14 via J5
    - MOVE   (19448 -> 19462)  ion 80: Seg14 -> Seg11 via J4
    - MERGE  (19462 -> 19542)  ion 80: Seg11 -> T11
[SHUTTLE 38] ion=65  T11 -> T9  route=T11->J4->J5->T9
    - SPLIT  (19742 -> 19862)  ion 65: T11 -> Seg11 (swap_cnt=1, swap_hops=1, ion_hops=0, i1=65, i2=80)
    - MOVE   (19862 -> 19876)  ion 65: Seg11 -> Seg14 via J4
    - MOVE   (19876 -> 19890)  ion 65: Seg14 -> Seg12 via J5
    - MERGE  (19890 -> 19970)  ion 65: Seg12 -> T9
[SHUTTLE 39] ion=81  T9 -> T11  route=T9->J5->J4->T11
    - SPLIT  (19970 -> 20090)  ion 81: T9 -> Seg12 (swap_cnt=1, swap_hops=15, ion_hops=0, i1=81, i2=65)
    - MOVE   (20090 -> 20104)  ion 81: Seg12 -> Seg14 via J5
    - MOVE   (20104 -> 20118)  ion 81: Seg14 -> Seg11 via J4
    - MERGE  (20118 -> 20198)  ion 81: Seg11 -> T11
[SHUTTLE 40] ion=66  T11 -> T9  route=T11->J4->J5->T9
    - SPLIT  (20398 -> 20518)  ion 66: T11 -> Seg11 (swap_cnt=1, swap_hops=2, ion_hops=0, i1=66, i2=81)
    - MOVE   (20518 -> 20532)  ion 66: Seg11 -> Seg14 via J4
    - MOVE   (20532 -> 20546)  ion 66: Seg14 -> Seg12 via J5
    - MERGE  (20546 -> 20626)  ion 66: Seg12 -> T9
[SHUTTLE 41] ion=82  T9 -> T11  route=T9->J5->J4->T11
    - SPLIT  (20626 -> 20746)  ion 82: T9 -> Seg12 (swap_cnt=1, swap_hops=15, ion_hops=0, i1=82, i2=66)
    - MOVE   (20746 -> 20760)  ion 82: Seg12 -> Seg14 via J5
    - MOVE   (20760 -> 20774)  ion 82: Seg14 -> Seg11 via J4
    - MERGE  (20774 -> 20854)  ion 82: Seg11 -> T11
[SHUTTLE 42] ion=67  T11 -> T9  route=T11->J4->J5->T9
    - SPLIT  (21054 -> 21174)  ion 67: T11 -> Seg11 (swap_cnt=1, swap_hops=3, ion_hops=0, i1=67, i2=82)
    - MOVE   (21174 -> 21188)  ion 67: Seg11 -> Seg14 via J4
    - MOVE   (21188 -> 21202)  ion 67: Seg14 -> Seg12 via J5
    - MERGE  (21202 -> 21282)  ion 67: Seg12 -> T9
[SHUTTLE 43] ion=83  T9 -> T11  route=T9->J5->J4->T11
    - SPLIT  (21282 -> 21402)  ion 83: T9 -> Seg12 (swap_cnt=1, swap_hops=15, ion_hops=0, i1=83, i2=67)
    - MOVE   (21402 -> 21416)  ion 83: Seg12 -> Seg14 via J5
    - MOVE   (21416 -> 21430)  ion 83: Seg14 -> Seg11 via J4
    - MERGE  (21430 -> 21510)  ion 83: Seg11 -> T11
[SHUTTLE 44] ion=68  T11 -> T9  route=T11->J4->J5->T9
    - SPLIT  (21710 -> 21830)  ion 68: T11 -> Seg11 (swap_cnt=1, swap_hops=4, ion_hops=0, i1=68, i2=83)
    - MOVE   (21830 -> 21844)  ion 68: Seg11 -> Seg14 via J4
    - MOVE   (21844 -> 21858)  ion 68: Seg14 -> Seg12 via J5
    - MERGE  (21858 -> 21938)  ion 68: Seg12 -> T9
[SHUTTLE 45] ion=84  T9 -> T11  route=T9->J5->J4->T11
    - SPLIT  (21938 -> 22058)  ion 84: T9 -> Seg12 (swap_cnt=1, swap_hops=15, ion_hops=0, i1=84, i2=68)
    - MOVE   (22058 -> 22072)  ion 84: Seg12 -> Seg14 via J5
    - MOVE   (22072 -> 22086)  ion 84: Seg14 -> Seg11 via J4
    - MERGE  (22086 -> 22166)  ion 84: Seg11 -> T11
[SHUTTLE 46] ion=69  T11 -> T9  route=T11->J4->J5->T9
    - SPLIT  (22366 -> 22486)  ion 69: T11 -> Seg11 (swap_cnt=1, swap_hops=5, ion_hops=0, i1=69, i2=84)
    - MOVE   (22486 -> 22500)  ion 69: Seg11 -> Seg14 via J4
    - MOVE   (22500 -> 22514)  ion 69: Seg14 -> Seg12 via J5
    - MERGE  (22514 -> 22594)  ion 69: Seg12 -> T9
[SHUTTLE 47] ion=85  T9 -> T11  route=T9->J5->J4->T11
    - SPLIT  (22594 -> 22714)  ion 85: T9 -> Seg12 (swap_cnt=1, swap_hops=15, ion_hops=0, i1=85, i2=69)
    - MOVE   (22714 -> 22728)  ion 85: Seg12 -> Seg14 via J5
    - MOVE   (22728 -> 22742)  ion 85: Seg14 -> Seg11 via J4
    - MERGE  (22742 -> 22822)  ion 85: Seg11 -> T11
[SHUTTLE 48] ion=70  T11 -> T9  route=T11->J4->J5->T9
    - SPLIT  (23022 -> 23142)  ion 70: T11 -> Seg11 (swap_cnt=1, swap_hops=6, ion_hops=0, i1=70, i2=85)
    - MOVE   (23142 -> 23156)  ion 70: Seg11 -> Seg14 via J4
    - MOVE   (23156 -> 23170)  ion 70: Seg14 -> Seg12 via J5
    - MERGE  (23170 -> 23250)  ion 70: Seg12 -> T9
[SHUTTLE 49] ion=86  T9 -> T11  route=T9->J5->J4->T11
    - SPLIT  (23250 -> 23370)  ion 86: T9 -> Seg12 (swap_cnt=1, swap_hops=15, ion_hops=0, i1=86, i2=70)
    - MOVE   (23370 -> 23384)  ion 86: Seg12 -> Seg14 via J5
    - MOVE   (23384 -> 23398)  ion 86: Seg14 -> Seg11 via J4
    - MERGE  (23398 -> 23478)  ion 86: Seg11 -> T11
[SHUTTLE 50] ion=71  T11 -> T9  route=T11->J4->J5->T9
    - SPLIT  (23678 -> 23798)  ion 71: T11 -> Seg11 (swap_cnt=1, swap_hops=7, ion_hops=0, i1=71, i2=86)
    - MOVE   (23798 -> 23812)  ion 71: Seg11 -> Seg14 via J4
    - MOVE   (23812 -> 23826)  ion 71: Seg14 -> Seg12 via J5
    - MERGE  (23826 -> 23906)  ion 71: Seg12 -> T9
[SHUTTLE 51] ion=87  T9 -> T11  route=T9->J5->J4->T11
    - SPLIT  (23906 -> 24026)  ion 87: T9 -> Seg12 (swap_cnt=1, swap_hops=15, ion_hops=0, i1=87, i2=71)
    - MOVE   (24026 -> 24040)  ion 87: Seg12 -> Seg14 via J5
    - MOVE   (24040 -> 24054)  ion 87: Seg14 -> Seg11 via J4
    - MERGE  (24054 -> 24134)  ion 87: Seg11 -> T11
[SHUTTLE 52] ion=72  T11 -> T9  route=T11->J4->J5->T9
    - SPLIT  (24334 -> 24454)  ion 72: T11 -> Seg11 (swap_cnt=1, swap_hops=8, ion_hops=0, i1=72, i2=87)
    - MOVE   (24454 -> 24468)  ion 72: Seg11 -> Seg14 via J4
    - MOVE   (24468 -> 24482)  ion 72: Seg14 -> Seg12 via J5
    - MERGE  (24482 -> 24562)  ion 72: Seg12 -> T9
[SHUTTLE 53] ion=88  T9 -> T11  route=T9->J5->J4->T11
    - SPLIT  (24562 -> 24682)  ion 88: T9 -> Seg12 (swap_cnt=1, swap_hops=15, ion_hops=0, i1=88, i2=72)
    - MOVE   (24682 -> 24696)  ion 88: Seg12 -> Seg14 via J5
    - MOVE   (24696 -> 24710)  ion 88: Seg14 -> Seg11 via J4
    - MERGE  (24710 -> 24790)  ion 88: Seg11 -> T11
[SHUTTLE 54] ion=73  T11 -> T9  route=T11->J4->J5->T9
    - SPLIT  (24990 -> 25110)  ion 73: T11 -> Seg11 (swap_cnt=1, swap_hops=9, ion_hops=0, i1=73, i2=88)
    - MOVE   (25110 -> 25124)  ion 73: Seg11 -> Seg14 via J4
    - MOVE   (25124 -> 25138)  ion 73: Seg14 -> Seg12 via J5
    - MERGE  (25138 -> 25218)  ion 73: Seg12 -> T9
[SHUTTLE 55] ion=89  T9 -> T11  route=T9->J5->J4->T11
    - SPLIT  (25218 -> 25338)  ion 89: T9 -> Seg12 (swap_cnt=1, swap_hops=15, ion_hops=0, i1=89, i2=73)
    - MOVE   (25338 -> 25352)  ion 89: Seg12 -> Seg14 via J5
    - MOVE   (25352 -> 25366)  ion 89: Seg14 -> Seg11 via J4
    - MERGE  (25366 -> 25446)  ion 89: Seg11 -> T11
[SHUTTLE 56] ion=74  T11 -> T9  route=T11->J4->J5->T9
    - SPLIT  (25646 -> 25766)  ion 74: T11 -> Seg11 (swap_cnt=1, swap_hops=10, ion_hops=0, i1=74, i2=89)
    - MOVE   (25766 -> 25780)  ion 74: Seg11 -> Seg14 via J4
    - MOVE   (25780 -> 25794)  ion 74: Seg14 -> Seg12 via J5
    - MERGE  (25794 -> 25874)  ion 74: Seg12 -> T9
[SHUTTLE 57] ion=90  T9 -> T11  route=T9->J5->J4->T11
    - SPLIT  (25874 -> 25994)  ion 90: T9 -> Seg12 (swap_cnt=1, swap_hops=15, ion_hops=0, i1=90, i2=74)
    - MOVE   (25994 -> 26008)  ion 90: Seg12 -> Seg14 via J5
    - MOVE   (26008 -> 26022)  ion 90: Seg14 -> Seg11 via J4
    - MERGE  (26022 -> 26102)  ion 90: Seg11 -> T11
[SHUTTLE 58] ion=75  T11 -> T9  route=T11->J4->J5->T9
    - SPLIT  (26302 -> 26422)  ion 75: T11 -> Seg11 (swap_cnt=1, swap_hops=11, ion_hops=0, i1=75, i2=90)
    - MOVE   (26422 -> 26436)  ion 75: Seg11 -> Seg14 via J4
    - MOVE   (26436 -> 26450)  ion 75: Seg14 -> Seg12 via J5
    - MERGE  (26450 -> 26530)  ion 75: Seg12 -> T9
[SHUTTLE 59] ion=91  T9 -> T11  route=T9->J5->J4->T11
    - SPLIT  (26530 -> 26650)  ion 91: T9 -> Seg12 (swap_cnt=1, swap_hops=15, ion_hops=0, i1=91, i2=75)
    - MOVE   (26650 -> 26664)  ion 91: Seg12 -> Seg14 via J5
    - MOVE   (26664 -> 26678)  ion 91: Seg14 -> Seg11 via J4
    - MERGE  (26678 -> 26758)  ion 91: Seg11 -> T11
[SHUTTLE 60] ion=76  T11 -> T9  route=T11->J4->J5->T9
    - SPLIT  (26958 -> 27078)  ion 76: T11 -> Seg11 (swap_cnt=1, swap_hops=12, ion_hops=0, i1=76, i2=91)
    - MOVE   (27078 -> 27092)  ion 76: Seg11 -> Seg14 via J4
    - MOVE   (27092 -> 27106)  ion 76: Seg14 -> Seg12 via J5
    - MERGE  (27106 -> 27186)  ion 76: Seg12 -> T9
[SHUTTLE 61] ion=92  T9 -> T11  route=T9->J5->J4->T11
    - SPLIT  (27186 -> 27306)  ion 92: T9 -> Seg12 (swap_cnt=1, swap_hops=15, ion_hops=0, i1=92, i2=76)
    - MOVE   (27306 -> 27320)  ion 92: Seg12 -> Seg14 via J5
    - MOVE   (27320 -> 27334)  ion 92: Seg14 -> Seg11 via J4
    - MERGE  (27334 -> 27414)  ion 92: Seg11 -> T11
[SHUTTLE 62] ion=77  T11 -> T9  route=T11->J4->J5->T9
    - SPLIT  (27614 -> 27734)  ion 77: T11 -> Seg11 (swap_cnt=1, swap_hops=13, ion_hops=0, i1=77, i2=92)
    - MOVE   (27734 -> 27748)  ion 77: Seg11 -> Seg14 via J4
    - MOVE   (27748 -> 27762)  ion 77: Seg14 -> Seg12 via J5
    - MERGE  (27762 -> 27842)  ion 77: Seg12 -> T9
[SHUTTLE 63] ion=93  T9 -> T11  route=T9->J5->J4->T11
    - SPLIT  (27842 -> 27962)  ion 93: T9 -> Seg12 (swap_cnt=1, swap_hops=15, ion_hops=0, i1=93, i2=77)
    - MOVE   (27962 -> 27976)  ion 93: Seg12 -> Seg14 via J5
    - MOVE   (27976 -> 27990)  ion 93: Seg14 -> Seg11 via J4
    - MERGE  (27990 -> 28070)  ion 93: Seg11 -> T11
[SHUTTLE 64] ion=78  T11 -> T9  route=T11->J4->J5->T9
    - SPLIT  (28270 -> 28390)  ion 78: T11 -> Seg11 (swap_cnt=1, swap_hops=14, ion_hops=0, i1=78, i2=93)
    - MOVE   (28390 -> 28404)  ion 78: Seg11 -> Seg14 via J4
    - MOVE   (28404 -> 28418)  ion 78: Seg14 -> Seg12 via J5
    - MERGE  (28418 -> 28498)  ion 78: Seg12 -> T9
[SHUTTLE 65] ion=94  T9 -> T11  route=T9->J5->J4->T11
    - SPLIT  (28498 -> 28618)  ion 94: T9 -> Seg12 (swap_cnt=1, swap_hops=15, ion_hops=0, i1=94, i2=78)
    - MOVE   (28618 -> 28632)  ion 94: Seg12 -> Seg14 via J5
    - MOVE   (28632 -> 28646)  ion 94: Seg14 -> Seg11 via J4
    - MERGE  (28646 -> 28726)  ion 94: Seg11 -> T11
[SHUTTLE 66] ion=79  T11 -> T9  route=T11->J4->J5->T9
    - SPLIT  (28926 -> 29046)  ion 79: T11 -> Seg11 (swap_cnt=1, swap_hops=15, ion_hops=0, i1=79, i2=94)
    - MOVE   (29046 -> 29060)  ion 79: Seg11 -> Seg14 via J4
    - MOVE   (29060 -> 29074)  ion 79: Seg14 -> Seg12 via J5
    - MERGE  (29074 -> 29154)  ion 79: Seg12 -> T9
[SHUTTLE 67] ion=95  T9 -> T11  route=T9->J5->J4->T11
    - SPLIT  (29154 -> 29274)  ion 95: T9 -> Seg12 (swap_cnt=1, swap_hops=15, ion_hops=0, i1=95, i2=79)
    - MOVE   (29274 -> 29288)  ion 95: Seg12 -> Seg14 via J5
    - MOVE   (29288 -> 29302)  ion 95: Seg14 -> Seg11 via J4
    - MERGE  (29302 -> 29382)  ion 95: Seg11 -> T11
[SHUTTLE 68] ion=31  T15 -> T12  route=T15->J6->T12
    - SPLIT  (32582 -> 32662)  ion 31: T15 -> Seg16 (swap_cnt=0, swap_hops=0, ion_hops=0, i1=0, i2=0)
    - MOVE   (32662 -> 32676)  ion 31: Seg16 -> Seg15 via J6
    - MERGE  (32676 -> 32756)  ion 31: Seg15 -> T12
[SHUTTLE 69] ion=111  T13 -> T15  route=T13->J7->J6->T15
    - SPLIT  (32756 -> 32876)  ion 111: T13 -> Seg17 (swap_cnt=1, swap_hops=15, ion_hops=0, i1=111, i2=126)
    - MOVE   (32876 -> 32890)  ion 111: Seg17 -> Seg19 via J7
    - MOVE   (32890 -> 32904)  ion 111: Seg19 -> Seg16 via J6
    - MERGE  (32904 -> 32984)  ion 111: Seg16 -> T15
[SHUTTLE 70] ion=96  T15 -> T13  route=T15->J6->J7->T13
    - SPLIT  (33184 -> 33304)  ion 96: T15 -> Seg16 (swap_cnt=1, swap_hops=1, ion_hops=0, i1=96, i2=111)
    - MOVE   (33304 -> 33318)  ion 96: Seg16 -> Seg19 via J6
    - MOVE   (33318 -> 33332)  ion 96: Seg19 -> Seg17 via J7
    - MERGE  (33332 -> 33412)  ion 96: Seg17 -> T13
[SHUTTLE 71] ion=112  T13 -> T15  route=T13->J7->J6->T15
    - SPLIT  (33412 -> 33532)  ion 112: T13 -> Seg17 (swap_cnt=1, swap_hops=15, ion_hops=0, i1=112, i2=96)
    - MOVE   (33532 -> 33546)  ion 112: Seg17 -> Seg19 via J7
    - MOVE   (33546 -> 33560)  ion 112: Seg19 -> Seg16 via J6
    - MERGE  (33560 -> 33640)  ion 112: Seg16 -> T15
[SHUTTLE 72] ion=97  T15 -> T13  route=T15->J6->J7->T13
    - SPLIT  (33840 -> 33960)  ion 97: T15 -> Seg16 (swap_cnt=1, swap_hops=2, ion_hops=0, i1=97, i2=112)
    - MOVE   (33960 -> 33974)  ion 97: Seg16 -> Seg19 via J6
    - MOVE   (33974 -> 33988)  ion 97: Seg19 -> Seg17 via J7
    - MERGE  (33988 -> 34068)  ion 97: Seg17 -> T13
[SHUTTLE 73] ion=113  T13 -> T15  route=T13->J7->J6->T15
    - SPLIT  (34068 -> 34188)  ion 113: T13 -> Seg17 (swap_cnt=1, swap_hops=15, ion_hops=0, i1=113, i2=97)
    - MOVE   (34188 -> 34202)  ion 113: Seg17 -> Seg19 via J7
    - MOVE   (34202 -> 34216)  ion 113: Seg19 -> Seg16 via J6
    - MERGE  (34216 -> 34296)  ion 113: Seg16 -> T15
[SHUTTLE 74] ion=98  T15 -> T13  route=T15->J6->J7->T13
    - SPLIT  (34496 -> 34616)  ion 98: T15 -> Seg16 (swap_cnt=1, swap_hops=3, ion_hops=0, i1=98, i2=113)
    - MOVE   (34616 -> 34630)  ion 98: Seg16 -> Seg19 via J6
    - MOVE   (34630 -> 34644)  ion 98: Seg19 -> Seg17 via J7
    - MERGE  (34644 -> 34724)  ion 98: Seg17 -> T13
[SHUTTLE 75] ion=114  T13 -> T15  route=T13->J7->J6->T15
    - SPLIT  (34724 -> 34844)  ion 114: T13 -> Seg17 (swap_cnt=1, swap_hops=15, ion_hops=0, i1=114, i2=98)
    - MOVE   (34844 -> 34858)  ion 114: Seg17 -> Seg19 via J7
    - MOVE   (34858 -> 34872)  ion 114: Seg19 -> Seg16 via J6
    - MERGE  (34872 -> 34952)  ion 114: Seg16 -> T15
[SHUTTLE 76] ion=99  T15 -> T13  route=T15->J6->J7->T13
    - SPLIT  (35152 -> 35272)  ion 99: T15 -> Seg16 (swap_cnt=1, swap_hops=4, ion_hops=0, i1=99, i2=114)
    - MOVE   (35272 -> 35286)  ion 99: Seg16 -> Seg19 via J6
    - MOVE   (35286 -> 35300)  ion 99: Seg19 -> Seg17 via J7
    - MERGE  (35300 -> 35380)  ion 99: Seg17 -> T13
[SHUTTLE 77] ion=115  T13 -> T15  route=T13->J7->J6->T15
    - SPLIT  (35380 -> 35500)  ion 115: T13 -> Seg17 (swap_cnt=1, swap_hops=15, ion_hops=0, i1=115, i2=99)
    - MOVE   (35500 -> 35514)  ion 115: Seg17 -> Seg19 via J7
    - MOVE   (35514 -> 35528)  ion 115: Seg19 -> Seg16 via J6
    - MERGE  (35528 -> 35608)  ion 115: Seg16 -> T15
[SHUTTLE 78] ion=100  T15 -> T13  route=T15->J6->J7->T13
    - SPLIT  (35808 -> 35928)  ion 100: T15 -> Seg16 (swap_cnt=1, swap_hops=5, ion_hops=0, i1=100, i2=115)
    - MOVE   (35928 -> 35942)  ion 100: Seg16 -> Seg19 via J6
    - MOVE   (35942 -> 35956)  ion 100: Seg19 -> Seg17 via J7
    - MERGE  (35956 -> 36036)  ion 100: Seg17 -> T13
[SHUTTLE 79] ion=116  T13 -> T15  route=T13->J7->J6->T15
    - SPLIT  (36036 -> 36156)  ion 116: T13 -> Seg17 (swap_cnt=1, swap_hops=15, ion_hops=0, i1=116, i2=100)
    - MOVE   (36156 -> 36170)  ion 116: Seg17 -> Seg19 via J7
    - MOVE   (36170 -> 36184)  ion 116: Seg19 -> Seg16 via J6
    - MERGE  (36184 -> 36264)  ion 116: Seg16 -> T15
[SHUTTLE 80] ion=101  T15 -> T13  route=T15->J6->J7->T13
    - SPLIT  (36464 -> 36584)  ion 101: T15 -> Seg16 (swap_cnt=1, swap_hops=6, ion_hops=0, i1=101, i2=116)
    - MOVE   (36584 -> 36598)  ion 101: Seg16 -> Seg19 via J6
    - MOVE   (36598 -> 36612)  ion 101: Seg19 -> Seg17 via J7
    - MERGE  (36612 -> 36692)  ion 101: Seg17 -> T13
[SHUTTLE 81] ion=117  T13 -> T15  route=T13->J7->J6->T15
    - SPLIT  (36692 -> 36812)  ion 117: T13 -> Seg17 (swap_cnt=1, swap_hops=15, ion_hops=0, i1=117, i2=101)
    - MOVE   (36812 -> 36826)  ion 117: Seg17 -> Seg19 via J7
    - MOVE   (36826 -> 36840)  ion 117: Seg19 -> Seg16 via J6
    - MERGE  (36840 -> 36920)  ion 117: Seg16 -> T15
[SHUTTLE 82] ion=102  T15 -> T13  route=T15->J6->J7->T13
    - SPLIT  (37120 -> 37240)  ion 102: T15 -> Seg16 (swap_cnt=1, swap_hops=7, ion_hops=0, i1=102, i2=117)
    - MOVE   (37240 -> 37254)  ion 102: Seg16 -> Seg19 via J6
    - MOVE   (37254 -> 37268)  ion 102: Seg19 -> Seg17 via J7
    - MERGE  (37268 -> 37348)  ion 102: Seg17 -> T13
[SHUTTLE 83] ion=118  T13 -> T15  route=T13->J7->J6->T15
    - SPLIT  (37348 -> 37468)  ion 118: T13 -> Seg17 (swap_cnt=1, swap_hops=15, ion_hops=0, i1=118, i2=102)
    - MOVE   (37468 -> 37482)  ion 118: Seg17 -> Seg19 via J7
    - MOVE   (37482 -> 37496)  ion 118: Seg19 -> Seg16 via J6
    - MERGE  (37496 -> 37576)  ion 118: Seg16 -> T15
[SHUTTLE 84] ion=103  T15 -> T13  route=T15->J6->J7->T13
    - SPLIT  (37776 -> 37896)  ion 103: T15 -> Seg16 (swap_cnt=1, swap_hops=8, ion_hops=0, i1=103, i2=118)
    - MOVE   (37896 -> 37910)  ion 103: Seg16 -> Seg19 via J6
    - MOVE   (37910 -> 37924)  ion 103: Seg19 -> Seg17 via J7
    - MERGE  (37924 -> 38004)  ion 103: Seg17 -> T13
[SHUTTLE 85] ion=119  T13 -> T15  route=T13->J7->J6->T15
    - SPLIT  (38004 -> 38124)  ion 119: T13 -> Seg17 (swap_cnt=1, swap_hops=15, ion_hops=0, i1=119, i2=103)
    - MOVE   (38124 -> 38138)  ion 119: Seg17 -> Seg19 via J7
    - MOVE   (38138 -> 38152)  ion 119: Seg19 -> Seg16 via J6
    - MERGE  (38152 -> 38232)  ion 119: Seg16 -> T15
[SHUTTLE 86] ion=104  T15 -> T13  route=T15->J6->J7->T13
    - SPLIT  (38432 -> 38552)  ion 104: T15 -> Seg16 (swap_cnt=1, swap_hops=9, ion_hops=0, i1=104, i2=119)
    - MOVE   (38552 -> 38566)  ion 104: Seg16 -> Seg19 via J6
    - MOVE   (38566 -> 38580)  ion 104: Seg19 -> Seg17 via J7
    - MERGE  (38580 -> 38660)  ion 104: Seg17 -> T13
[SHUTTLE 87] ion=120  T13 -> T15  route=T13->J7->J6->T15
    - SPLIT  (38660 -> 38780)  ion 120: T13 -> Seg17 (swap_cnt=1, swap_hops=15, ion_hops=0, i1=120, i2=104)
    - MOVE   (38780 -> 38794)  ion 120: Seg17 -> Seg19 via J7
    - MOVE   (38794 -> 38808)  ion 120: Seg19 -> Seg16 via J6
    - MERGE  (38808 -> 38888)  ion 120: Seg16 -> T15
[SHUTTLE 88] ion=105  T15 -> T13  route=T15->J6->J7->T13
    - SPLIT  (39088 -> 39208)  ion 105: T15 -> Seg16 (swap_cnt=1, swap_hops=10, ion_hops=0, i1=105, i2=120)
    - MOVE   (39208 -> 39222)  ion 105: Seg16 -> Seg19 via J6
    - MOVE   (39222 -> 39236)  ion 105: Seg19 -> Seg17 via J7
    - MERGE  (39236 -> 39316)  ion 105: Seg17 -> T13
[SHUTTLE 89] ion=121  T13 -> T15  route=T13->J7->J6->T15
    - SPLIT  (39316 -> 39436)  ion 121: T13 -> Seg17 (swap_cnt=1, swap_hops=15, ion_hops=0, i1=121, i2=105)
    - MOVE   (39436 -> 39450)  ion 121: Seg17 -> Seg19 via J7
    - MOVE   (39450 -> 39464)  ion 121: Seg19 -> Seg16 via J6
    - MERGE  (39464 -> 39544)  ion 121: Seg16 -> T15
[SHUTTLE 90] ion=106  T15 -> T13  route=T15->J6->J7->T13
    - SPLIT  (39744 -> 39864)  ion 106: T15 -> Seg16 (swap_cnt=1, swap_hops=11, ion_hops=0, i1=106, i2=121)
    - MOVE   (39864 -> 39878)  ion 106: Seg16 -> Seg19 via J6
    - MOVE   (39878 -> 39892)  ion 106: Seg19 -> Seg17 via J7
    - MERGE  (39892 -> 39972)  ion 106: Seg17 -> T13
[SHUTTLE 91] ion=122  T13 -> T15  route=T13->J7->J6->T15
    - SPLIT  (39972 -> 40092)  ion 122: T13 -> Seg17 (swap_cnt=1, swap_hops=15, ion_hops=0, i1=122, i2=106)
    - MOVE   (40092 -> 40106)  ion 122: Seg17 -> Seg19 via J7
    - MOVE   (40106 -> 40120)  ion 122: Seg19 -> Seg16 via J6
    - MERGE  (40120 -> 40200)  ion 122: Seg16 -> T15
[SHUTTLE 92] ion=107  T15 -> T13  route=T15->J6->J7->T13
    - SPLIT  (40400 -> 40520)  ion 107: T15 -> Seg16 (swap_cnt=1, swap_hops=12, ion_hops=0, i1=107, i2=122)
    - MOVE   (40520 -> 40534)  ion 107: Seg16 -> Seg19 via J6
    - MOVE   (40534 -> 40548)  ion 107: Seg19 -> Seg17 via J7
    - MERGE  (40548 -> 40628)  ion 107: Seg17 -> T13
[SHUTTLE 93] ion=123  T13 -> T15  route=T13->J7->J6->T15
    - SPLIT  (40628 -> 40748)  ion 123: T13 -> Seg17 (swap_cnt=1, swap_hops=15, ion_hops=0, i1=123, i2=107)
    - MOVE   (40748 -> 40762)  ion 123: Seg17 -> Seg19 via J7
    - MOVE   (40762 -> 40776)  ion 123: Seg19 -> Seg16 via J6
    - MERGE  (40776 -> 40856)  ion 123: Seg16 -> T15
[SHUTTLE 94] ion=108  T15 -> T13  route=T15->J6->J7->T13
    - SPLIT  (41056 -> 41176)  ion 108: T15 -> Seg16 (swap_cnt=1, swap_hops=13, ion_hops=0, i1=108, i2=123)
    - MOVE   (41176 -> 41190)  ion 108: Seg16 -> Seg19 via J6
    - MOVE   (41190 -> 41204)  ion 108: Seg19 -> Seg17 via J7
    - MERGE  (41204 -> 41284)  ion 108: Seg17 -> T13
[SHUTTLE 95] ion=124  T13 -> T15  route=T13->J7->J6->T15
    - SPLIT  (41284 -> 41404)  ion 124: T13 -> Seg17 (swap_cnt=1, swap_hops=15, ion_hops=0, i1=124, i2=108)
    - MOVE   (41404 -> 41418)  ion 124: Seg17 -> Seg19 via J7
    - MOVE   (41418 -> 41432)  ion 124: Seg19 -> Seg16 via J6
    - MERGE  (41432 -> 41512)  ion 124: Seg16 -> T15
[SHUTTLE 96] ion=109  T15 -> T13  route=T15->J6->J7->T13
    - SPLIT  (41712 -> 41832)  ion 109: T15 -> Seg16 (swap_cnt=1, swap_hops=14, ion_hops=0, i1=109, i2=124)
    - MOVE   (41832 -> 41846)  ion 109: Seg16 -> Seg19 via J6
    - MOVE   (41846 -> 41860)  ion 109: Seg19 -> Seg17 via J7
    - MERGE  (41860 -> 41940)  ion 109: Seg17 -> T13
[SHUTTLE 97] ion=125  T13 -> T15  route=T13->J7->J6->T15
    - SPLIT  (41940 -> 42060)  ion 125: T13 -> Seg17 (swap_cnt=1, swap_hops=15, ion_hops=0, i1=125, i2=109)
    - MOVE   (42060 -> 42074)  ion 125: Seg17 -> Seg19 via J7
    - MOVE   (42074 -> 42088)  ion 125: Seg19 -> Seg16 via J6
    - MERGE  (42088 -> 42168)  ion 125: Seg16 -> T15
[SHUTTLE 98] ion=110  T15 -> T13  route=T15->J6->J7->T13
    - SPLIT  (42368 -> 42488)  ion 110: T15 -> Seg16 (swap_cnt=1, swap_hops=15, ion_hops=0, i1=110, i2=125)
    - MOVE   (42488 -> 42502)  ion 110: Seg16 -> Seg19 via J6
    - MOVE   (42502 -> 42516)  ion 110: Seg19 -> Seg17 via J7
    - MERGE  (42516 -> 42596)  ion 110: Seg17 -> T13
[SHUTTLE 99] ion=126  T13 -> T15  route=T13->J7->J6->T15
    - SPLIT  (42596 -> 42716)  ion 126: T13 -> Seg17 (swap_cnt=1, swap_hops=15, ion_hops=0, i1=126, i2=110)
    - MOVE   (42716 -> 42730)  ion 126: Seg17 -> Seg19 via J7
    - MOVE   (42730 -> 42744)  ion 126: Seg19 -> Seg16 via J6
    - MERGE  (42744 -> 42824)  ion 126: Seg16 -> T15
SplitSWAP: 96
SchedulerFiredShuttle: 100
ReportedTotalShuttle: 100
----------------
SUMMARY|program=programs\BV128|machine=EML|version=V7|mapper=SABRELarge|scale=LARGE|total_shuttle=100|execution_time_us=43034.0|fidelity=0.15348160664116386|trap_capacity=16|lookahead_k=4|swap_threshold=4|num_optical_zones=1|max_qubits_per_qccd=32|enable_swap_insert=1|num_modules=4|remote_gate_count=96|compile_time_s=0.864991|logical_shuttle_count=100|physical_shuttle_leg_count=100|split_count=100|merge_count=100|move_count=196|local_1q_count=257|local_2q_count=31|operation_local_2q_count=15|optical_local_2q_count=16|storage_local_2q_count=0|remote_2q_count=96|fiber_gate_count=96|regular_fiber_gate_count=96|swap_insert_gate_count=0|swap_insert_logical_count=0|local_1q_time=1285.0|local_2q_time=1240.0|operation_local_2q_time=600.0|optical_local_2q_time=640.0|storage_local_2q_time=0.0|fiber_gate_time=19200.0|swap_insert_time=0.0|split_time_total=11840.0|move_time_total=2744.0|merge_time_total=8000.0|shuttle_time_total=22584.0|gate_mult=0.271961725277157|regular_gate_mult=0.271961725277157|swap_insert_gate_mult=1.0|operation_local_2q_mult=0.8600583546412883|optical_local_2q_mult=0.8514577710948754|shuttle_mult=0.5643500256690548
