========== Gate Set Summary ==========
cx: 1599
h: 527
t: 816
tdg: 612
x: 220
z: 16
======================================
Simulation
Program:           programs\SQRT117.qasm
Machine:           EML2Z
Model:             MUSS_Params
Program Qubits:    117
Ions/Region(arg):  16
Effective Cap:     16
Mapper:            SABRE
Reorder:           Naive
SerialTrap:        1
SerialComm:        1
SerialAll:         1
GateType:          FM
SwapType:          PaperSwapDirect
Scheduler Family:  MUSS
Scheduler Version: V7
Analyzer Mode:     PAPER
Arch Scale:        LARGE
Large.Env.K:       8
Large.Env.T:       4
Large.Env.MaxQCCD: 32
Large.Env.OptZone: 2
Large.Env.SWAP:    True
#Traps=16 #Junctions=8 #Segments=20
TrapCapacity(default)=16
#FiberLinks=24 #QCCDs=4
Parse object map:
{7: [102, 109], 8: [103, 111], 9: [104, 113], 10: [105, 115], 11: [106, 110], 12: [106, 111], 13: [107, 112], 14: [107, 113], 15: [108, 114], 16: [108, 115], 27: [109, 110], 28: [0, 109], 29: [110, 0], 32: [110, 109], 35: [0, 109], 36: [110, 0], 37: [109, 110], 43: [111, 0], 44: [1, 111], 45: [0, 1], 48: [0, 111], 51: [1, 111], 52: [0, 1], 53: [111, 0], 59: [112, 1], 60: [2, 112], 61: [1, 2], 64: [1, 112], 67: [2, 112], 68: [1, 2], 69: [112, 1], 75: [113, 2], 76: [3, 113], 77: [2, 3], 80: [2, 113], 83: [3, 113], 84: [2, 3], 85: [113, 2], 91: [114, 3], 92: [4, 114], 93: [3, 4], 96: [3, 114], 99: [4, 114], 100: [3, 4], 101: [114, 3], 107: [115, 4], 108: [5, 115], 109: [4, 5], 112: [4, 115], 115: [5, 115], 116: [4, 5], 117: [115, 4], 124: [115, 4], 125: [5, 115], 126: [4, 5], 129: [4, 115], 132: [5, 115], 133: [4, 5], 134: [115, 4], 140: [114, 3], 141: [4, 114], 142: [3, 4], 145: [3, 114], 148: [4, 114], 149: [3, 4], 150: [114, 3], 156: [113, 2], 157: [3, 113], 158: [2, 3], 161: [2, 113], 164: [3, 113], 165: [2, 3], 166: [113, 2], 172: [112, 1], 173: [2, 112], 174: [1, 2], 177: [1, 112], 180: [2, 112], 181: [1, 2], 182: [112, 1], 188: [111, 0], 189: [1, 111], 190: [0, 1], 193: [0, 111], 196: [1, 111], 197: [0, 1], 198: [111, 0], 204: [109, 110], 205: [0, 109], 206: [110, 0], 209: [110, 109], 212: [0, 109], 213: [110, 0], 214: [109, 110], 222: [102, 109], 223: [103, 111], 224: [104, 113], 225: [105, 115], 226: [106, 110], 227: [106, 111], 228: [107, 112], 229: [107, 113], 230: [108, 114], 231: [108, 115], 250: [102, 103], 251: [6, 102], 252: [103, 6], 255: [103, 102], 258: [6, 102], 259: [103, 6], 260: [102, 103], 266: [104, 6], 267: [7, 104], 268: [6, 7], 271: [6, 104], 274: [7, 104], 275: [6, 7], 276: [104, 6], 282: [105, 7], 283: [8, 105], 284: [7, 8], 287: [7, 105], 290: [8, 105], 291: [7, 8], 292: [105, 7], 298: [106, 8], 299: [9, 106], 300: [8, 9], 303: [8, 106], 306: [9, 106], 307: [8, 9], 308: [106, 8], 314: [107, 9], 315: [10, 107], 316: [9, 10], 319: [9, 107], 322: [10, 107], 323: [9, 10], 324: [107, 9], 330: [108, 10], 331: [11, 108], 332: [10, 11], 335: [10, 108], 338: [11, 108], 339: [10, 11], 340: [108, 10], 347: [108, 10], 348: [11, 108], 349: [10, 11], 352: [10, 108], 355: [11, 108], 356: [10, 11], 357: [108, 10], 363: [107, 9], 364: [10, 107], 365: [9, 10], 368: [9, 107], 371: [10, 107], 372: [9, 10], 373: [107, 9], 379: [106, 8], 380: [9, 106], 381: [8, 9], 384: [8, 106], 387: [9, 106], 388: [8, 9], 389: [106, 8], 395: [105, 7], 396: [8, 105], 397: [7, 8], 400: [7, 105], 403: [8, 105], 404: [7, 8], 405: [105, 7], 411: [104, 6], 412: [7, 104], 413: [6, 7], 416: [6, 104], 419: [7, 104], 420: [6, 7], 421: [104, 6], 427: [102, 103], 428: [6, 102], 429: [103, 6], 432: [103, 102], 435: [6, 102], 436: [103, 6], 437: [102, 103], 453: [102, 109], 454: [103, 111], 455: [104, 113], 456: [105, 115], 457: [106, 110], 458: [106, 111], 459: [107, 112], 460: [107, 113], 461: [108, 114], 462: [108, 115], 473: [109, 110], 474: [12, 109], 475: [110, 12], 478: [110, 109], 481: [12, 109], 482: [110, 12], 483: [109, 110], 489: [111, 12], 490: [13, 111], 491: [12, 13], 494: [12, 111], 497: [13, 111], 498: [12, 13], 499: [111, 12], 505: [112, 13], 506: [14, 112], 507: [13, 14], 510: [13, 112], 513: [14, 112], 514: [13, 14], 515: [112, 13], 521: [113, 14], 522: [15, 113], 523: [14, 15], 526: [14, 113], 529: [15, 113], 530: [14, 15], 531: [113, 14], 537: [114, 15], 538: [16, 114], 539: [15, 16], 542: [15, 114], 545: [16, 114], 546: [15, 16], 547: [114, 15], 553: [115, 16], 554: [17, 115], 555: [16, 17], 558: [16, 115], 561: [17, 115], 562: [16, 17], 563: [115, 16], 570: [115, 16], 571: [17, 115], 572: [16, 17], 575: [16, 115], 578: [17, 115], 579: [16, 17], 580: [115, 16], 586: [114, 15], 587: [16, 114], 588: [15, 16], 591: [15, 114], 594: [16, 114], 595: [15, 16], 596: [114, 15], 602: [113, 14], 603: [15, 113], 604: [14, 15], 607: [14, 113], 610: [15, 113], 611: [14, 15], 612: [113, 14], 618: [112, 13], 619: [14, 112], 620: [13, 14], 623: [13, 112], 626: [14, 112], 627: [13, 14], 628: [112, 13], 634: [111, 12], 635: [13, 111], 636: [12, 13], 639: [12, 111], 642: [13, 111], 643: [12, 13], 644: [111, 12], 650: [109, 110], 651: [12, 109], 652: [110, 12], 655: [110, 109], 658: [12, 109], 659: [110, 12], 660: [109, 110], 668: [102, 109], 669: [103, 111], 670: [104, 113], 671: [105, 115], 672: [106, 110], 673: [106, 111], 674: [107, 112], 675: [107, 113], 676: [108, 114], 677: [108, 115], 696: [102, 103], 697: [18, 102], 698: [103, 18], 701: [103, 102], 704: [18, 102], 705: [103, 18], 706: [102, 103], 712: [104, 18], 713: [19, 104], 714: [18, 19], 717: [18, 104], 720: [19, 104], 721: [18, 19], 722: [104, 18], 728: [105, 19], 729: [20, 105], 730: [19, 20], 733: [19, 105], 736: [20, 105], 737: [19, 20], 738: [105, 19], 744: [106, 20], 745: [21, 106], 746: [20, 21], 749: [20, 106], 752: [21, 106], 753: [20, 21], 754: [106, 20], 760: [107, 21], 761: [22, 107], 762: [21, 22], 765: [21, 107], 768: [22, 107], 769: [21, 22], 770: [107, 21], 776: [108, 22], 777: [23, 108], 778: [22, 23], 781: [22, 108], 784: [23, 108], 785: [22, 23], 786: [108, 22], 793: [108, 22], 794: [23, 108], 795: [22, 23], 798: [22, 108], 801: [23, 108], 802: [22, 23], 803: [108, 22], 809: [107, 21], 810: [22, 107], 811: [21, 22], 814: [21, 107], 817: [22, 107], 818: [21, 22], 819: [107, 21], 825: [106, 20], 826: [21, 106], 827: [20, 21], 830: [20, 106], 833: [21, 106], 834: [20, 21], 835: [106, 20], 841: [105, 19], 842: [20, 105], 843: [19, 20], 846: [19, 105], 849: [20, 105], 850: [19, 20], 851: [105, 19], 857: [104, 18], 858: [19, 104], 859: [18, 19], 862: [18, 104], 865: [19, 104], 866: [18, 19], 867: [104, 18], 873: [102, 103], 874: [18, 102], 875: [103, 18], 878: [103, 102], 881: [18, 102], 882: [103, 18], 883: [102, 103], 899: [102, 109], 900: [103, 111], 901: [104, 113], 902: [105, 115], 903: [106, 110], 904: [106, 111], 905: [107, 112], 906: [107, 113], 907: [108, 114], 908: [108, 115], 919: [109, 110], 920: [24, 109], 921: [110, 24], 924: [110, 109], 927: [24, 109], 928: [110, 24], 929: [109, 110], 935: [111, 24], 936: [25, 111], 937: [24, 25], 940: [24, 111], 943: [25, 111], 944: [24, 25], 945: [111, 24], 951: [112, 25], 952: [26, 112], 953: [25, 26], 956: [25, 112], 959: [26, 112], 960: [25, 26], 961: [112, 25], 967: [113, 26], 968: [27, 113], 969: [26, 27], 972: [26, 113], 975: [27, 113], 976: [26, 27], 977: [113, 26], 983: [114, 27], 984: [28, 114], 985: [27, 28], 988: [27, 114], 991: [28, 114], 992: [27, 28], 993: [114, 27], 999: [115, 28], 1000: [29, 115], 1001: [28, 29], 1004: [28, 115], 1007: [29, 115], 1008: [28, 29], 1009: [115, 28], 1016: [115, 28], 1017: [29, 115], 1018: [28, 29], 1021: [28, 115], 1024: [29, 115], 1025: [28, 29], 1026: [115, 28], 1032: [114, 27], 1033: [28, 114], 1034: [27, 28], 1037: [27, 114], 1040: [28, 114], 1041: [27, 28], 1042: [114, 27], 1048: [113, 26], 1049: [27, 113], 1050: [26, 27], 1053: [26, 113], 1056: [27, 113], 1057: [26, 27], 1058: [113, 26], 1064: [112, 25], 1065: [26, 112], 1066: [25, 26], 1069: [25, 112], 1072: [26, 112], 1073: [25, 26], 1074: [112, 25], 1080: [111, 24], 1081: [25, 111], 1082: [24, 25], 1085: [24, 111], 1088: [25, 111], 1089: [24, 25], 1090: [111, 24], 1096: [109, 110], 1097: [24, 109], 1098: [110, 24], 1101: [110, 109], 1104: [24, 109], 1105: [110, 24], 1106: [109, 110], 1114: [102, 109], 1115: [103, 111], 1116: [104, 113], 1117: [105, 115], 1118: [106, 110], 1119: [106, 111], 1120: [107, 112], 1121: [107, 113], 1122: [108, 114], 1123: [108, 115], 1142: [102, 103], 1143: [30, 102], 1144: [103, 30], 1147: [103, 102], 1150: [30, 102], 1151: [103, 30], 1152: [102, 103], 1158: [104, 30], 1159: [31, 104], 1160: [30, 31], 1163: [30, 104], 1166: [31, 104], 1167: [30, 31], 1168: [104, 30], 1174: [105, 31], 1175: [32, 105], 1176: [31, 32], 1179: [31, 105], 1182: [32, 105], 1183: [31, 32], 1184: [105, 31], 1190: [106, 32], 1191: [33, 106], 1192: [32, 33], 1195: [32, 106], 1198: [33, 106], 1199: [32, 33], 1200: [106, 32], 1206: [107, 33], 1207: [34, 107], 1208: [33, 34], 1211: [33, 107], 1214: [34, 107], 1215: [33, 34], 1216: [107, 33], 1222: [108, 34], 1223: [35, 108], 1224: [34, 35], 1227: [34, 108], 1230: [35, 108], 1231: [34, 35], 1232: [108, 34], 1239: [108, 34], 1240: [35, 108], 1241: [34, 35], 1244: [34, 108], 1247: [35, 108], 1248: [34, 35], 1249: [108, 34], 1255: [107, 33], 1256: [34, 107], 1257: [33, 34], 1260: [33, 107], 1263: [34, 107], 1264: [33, 34], 1265: [107, 33], 1271: [106, 32], 1272: [33, 106], 1273: [32, 33], 1276: [32, 106], 1279: [33, 106], 1280: [32, 33], 1281: [106, 32], 1287: [105, 31], 1288: [32, 105], 1289: [31, 32], 1292: [31, 105], 1295: [32, 105], 1296: [31, 32], 1297: [105, 31], 1303: [104, 30], 1304: [31, 104], 1305: [30, 31], 1308: [30, 104], 1311: [31, 104], 1312: [30, 31], 1313: [104, 30], 1319: [102, 103], 1320: [30, 102], 1321: [103, 30], 1324: [103, 102], 1327: [30, 102], 1328: [103, 30], 1329: [102, 103], 1345: [102, 109], 1346: [103, 111], 1347: [104, 113], 1348: [105, 115], 1349: [106, 110], 1350: [106, 111], 1351: [107, 112], 1352: [107, 113], 1353: [108, 114], 1354: [108, 115], 1365: [109, 110], 1366: [36, 109], 1367: [110, 36], 1370: [110, 109], 1373: [36, 109], 1374: [110, 36], 1375: [109, 110], 1381: [111, 36], 1382: [37, 111], 1383: [36, 37], 1386: [36, 111], 1389: [37, 111], 1390: [36, 37], 1391: [111, 36], 1397: [112, 37], 1398: [38, 112], 1399: [37, 38], 1402: [37, 112], 1405: [38, 112], 1406: [37, 38], 1407: [112, 37], 1413: [113, 38], 1414: [39, 113], 1415: [38, 39], 1418: [38, 113], 1421: [39, 113], 1422: [38, 39], 1423: [113, 38], 1429: [114, 39], 1430: [40, 114], 1431: [39, 40], 1434: [39, 114], 1437: [40, 114], 1438: [39, 40], 1439: [114, 39], 1445: [115, 40], 1446: [41, 115], 1447: [40, 41], 1450: [40, 115], 1453: [41, 115], 1454: [40, 41], 1455: [115, 40], 1462: [115, 40], 1463: [41, 115], 1464: [40, 41], 1467: [40, 115], 1470: [41, 115], 1471: [40, 41], 1472: [115, 40], 1478: [114, 39], 1479: [40, 114], 1480: [39, 40], 1483: [39, 114], 1486: [40, 114], 1487: [39, 40], 1488: [114, 39], 1494: [113, 38], 1495: [39, 113], 1496: [38, 39], 1499: [38, 113], 1502: [39, 113], 1503: [38, 39], 1504: [113, 38], 1510: [112, 37], 1511: [38, 112], 1512: [37, 38], 1515: [37, 112], 1518: [38, 112], 1519: [37, 38], 1520: [112, 37], 1526: [111, 36], 1527: [37, 111], 1528: [36, 37], 1531: [36, 111], 1534: [37, 111], 1535: [36, 37], 1536: [111, 36], 1542: [109, 110], 1543: [36, 109], 1544: [110, 36], 1547: [110, 109], 1550: [36, 109], 1551: [110, 36], 1552: [109, 110], 1560: [102, 109], 1561: [103, 111], 1562: [104, 113], 1563: [105, 115], 1564: [106, 110], 1565: [106, 111], 1566: [107, 112], 1567: [107, 113], 1568: [108, 114], 1569: [108, 115], 1588: [102, 103], 1589: [42, 102], 1590: [103, 42], 1593: [103, 102], 1596: [42, 102], 1597: [103, 42], 1598: [102, 103], 1604: [104, 42], 1605: [43, 104], 1606: [42, 43], 1609: [42, 104], 1612: [43, 104], 1613: [42, 43], 1614: [104, 42], 1620: [105, 43], 1621: [44, 105], 1622: [43, 44], 1625: [43, 105], 1628: [44, 105], 1629: [43, 44], 1630: [105, 43], 1636: [106, 44], 1637: [45, 106], 1638: [44, 45], 1641: [44, 106], 1644: [45, 106], 1645: [44, 45], 1646: [106, 44], 1652: [107, 45], 1653: [46, 107], 1654: [45, 46], 1657: [45, 107], 1660: [46, 107], 1661: [45, 46], 1662: [107, 45], 1668: [108, 46], 1669: [47, 108], 1670: [46, 47], 1673: [46, 108], 1676: [47, 108], 1677: [46, 47], 1678: [108, 46], 1685: [108, 46], 1686: [47, 108], 1687: [46, 47], 1690: [46, 108], 1693: [47, 108], 1694: [46, 47], 1695: [108, 46], 1701: [107, 45], 1702: [46, 107], 1703: [45, 46], 1706: [45, 107], 1709: [46, 107], 1710: [45, 46], 1711: [107, 45], 1717: [106, 44], 1718: [45, 106], 1719: [44, 45], 1722: [44, 106], 1725: [45, 106], 1726: [44, 45], 1727: [106, 44], 1733: [105, 43], 1734: [44, 105], 1735: [43, 44], 1738: [43, 105], 1741: [44, 105], 1742: [43, 44], 1743: [105, 43], 1749: [104, 42], 1750: [43, 104], 1751: [42, 43], 1754: [42, 104], 1757: [43, 104], 1758: [42, 43], 1759: [104, 42], 1765: [102, 103], 1766: [42, 102], 1767: [103, 42], 1770: [103, 102], 1773: [42, 102], 1774: [103, 42], 1775: [102, 103], 1791: [102, 109], 1792: [103, 111], 1793: [104, 113], 1794: [105, 115], 1795: [106, 110], 1796: [106, 111], 1797: [107, 112], 1798: [107, 113], 1799: [108, 114], 1800: [108, 115], 1811: [109, 110], 1812: [48, 109], 1813: [110, 48], 1816: [110, 109], 1819: [48, 109], 1820: [110, 48], 1821: [109, 110], 1827: [111, 48], 1828: [49, 111], 1829: [48, 49], 1832: [48, 111], 1835: [49, 111], 1836: [48, 49], 1837: [111, 48], 1843: [112, 49], 1844: [50, 112], 1845: [49, 50], 1848: [49, 112], 1851: [50, 112], 1852: [49, 50], 1853: [112, 49], 1859: [113, 50], 1860: [51, 113], 1861: [50, 51], 1864: [50, 113], 1867: [51, 113], 1868: [50, 51], 1869: [113, 50], 1875: [114, 51], 1876: [52, 114], 1877: [51, 52], 1880: [51, 114], 1883: [52, 114], 1884: [51, 52], 1885: [114, 51], 1891: [115, 52], 1892: [53, 115], 1893: [52, 53], 1896: [52, 115], 1899: [53, 115], 1900: [52, 53], 1901: [115, 52], 1908: [115, 52], 1909: [53, 115], 1910: [52, 53], 1913: [52, 115], 1916: [53, 115], 1917: [52, 53], 1918: [115, 52], 1924: [114, 51], 1925: [52, 114], 1926: [51, 52], 1929: [51, 114], 1932: [52, 114], 1933: [51, 52], 1934: [114, 51], 1940: [113, 50], 1941: [51, 113], 1942: [50, 51], 1945: [50, 113], 1948: [51, 113], 1949: [50, 51], 1950: [113, 50], 1956: [112, 49], 1957: [50, 112], 1958: [49, 50], 1961: [49, 112], 1964: [50, 112], 1965: [49, 50], 1966: [112, 49], 1972: [111, 48], 1973: [49, 111], 1974: [48, 49], 1977: [48, 111], 1980: [49, 111], 1981: [48, 49], 1982: [111, 48], 1988: [109, 110], 1989: [48, 109], 1990: [110, 48], 1993: [110, 109], 1996: [48, 109], 1997: [110, 48], 1998: [109, 110], 2006: [102, 109], 2007: [103, 111], 2008: [104, 113], 2009: [105, 115], 2010: [106, 110], 2011: [106, 111], 2012: [107, 112], 2013: [107, 113], 2014: [108, 114], 2015: [108, 115], 2034: [102, 103], 2035: [54, 102], 2036: [103, 54], 2039: [103, 102], 2042: [54, 102], 2043: [103, 54], 2044: [102, 103], 2050: [104, 54], 2051: [55, 104], 2052: [54, 55], 2055: [54, 104], 2058: [55, 104], 2059: [54, 55], 2060: [104, 54], 2066: [105, 55], 2067: [56, 105], 2068: [55, 56], 2071: [55, 105], 2074: [56, 105], 2075: [55, 56], 2076: [105, 55], 2082: [106, 56], 2083: [57, 106], 2084: [56, 57], 2087: [56, 106], 2090: [57, 106], 2091: [56, 57], 2092: [106, 56], 2098: [107, 57], 2099: [58, 107], 2100: [57, 58], 2103: [57, 107], 2106: [58, 107], 2107: [57, 58], 2108: [107, 57], 2114: [108, 58], 2115: [59, 108], 2116: [58, 59], 2119: [58, 108], 2122: [59, 108], 2123: [58, 59], 2124: [108, 58], 2131: [108, 58], 2132: [59, 108], 2133: [58, 59], 2136: [58, 108], 2139: [59, 108], 2140: [58, 59], 2141: [108, 58], 2147: [107, 57], 2148: [58, 107], 2149: [57, 58], 2152: [57, 107], 2155: [58, 107], 2156: [57, 58], 2157: [107, 57], 2163: [106, 56], 2164: [57, 106], 2165: [56, 57], 2168: [56, 106], 2171: [57, 106], 2172: [56, 57], 2173: [106, 56], 2179: [105, 55], 2180: [56, 105], 2181: [55, 56], 2184: [55, 105], 2187: [56, 105], 2188: [55, 56], 2189: [105, 55], 2195: [104, 54], 2196: [55, 104], 2197: [54, 55], 2200: [54, 104], 2203: [55, 104], 2204: [54, 55], 2205: [104, 54], 2211: [102, 103], 2212: [54, 102], 2213: [103, 54], 2216: [103, 102], 2219: [54, 102], 2220: [103, 54], 2221: [102, 103], 2237: [102, 109], 2238: [103, 111], 2239: [104, 113], 2240: [105, 115], 2241: [106, 110], 2242: [106, 111], 2243: [107, 112], 2244: [107, 113], 2245: [108, 114], 2246: [108, 115], 2257: [109, 110], 2258: [60, 109], 2259: [110, 60], 2262: [110, 109], 2265: [60, 109], 2266: [110, 60], 2267: [109, 110], 2273: [111, 60], 2274: [61, 111], 2275: [60, 61], 2278: [60, 111], 2281: [61, 111], 2282: [60, 61], 2283: [111, 60], 2289: [112, 61], 2290: [62, 112], 2291: [61, 62], 2294: [61, 112], 2297: [62, 112], 2298: [61, 62], 2299: [112, 61], 2305: [113, 62], 2306: [63, 113], 2307: [62, 63], 2310: [62, 113], 2313: [63, 113], 2314: [62, 63], 2315: [113, 62], 2321: [114, 63], 2322: [64, 114], 2323: [63, 64], 2326: [63, 114], 2329: [64, 114], 2330: [63, 64], 2331: [114, 63], 2337: [115, 64], 2338: [65, 115], 2339: [64, 65], 2342: [64, 115], 2345: [65, 115], 2346: [64, 65], 2347: [115, 64], 2354: [115, 64], 2355: [65, 115], 2356: [64, 65], 2359: [64, 115], 2362: [65, 115], 2363: [64, 65], 2364: [115, 64], 2370: [114, 63], 2371: [64, 114], 2372: [63, 64], 2375: [63, 114], 2378: [64, 114], 2379: [63, 64], 2380: [114, 63], 2386: [113, 62], 2387: [63, 113], 2388: [62, 63], 2391: [62, 113], 2394: [63, 113], 2395: [62, 63], 2396: [113, 62], 2402: [112, 61], 2403: [62, 112], 2404: [61, 62], 2407: [61, 112], 2410: [62, 112], 2411: [61, 62], 2412: [112, 61], 2418: [111, 60], 2419: [61, 111], 2420: [60, 61], 2423: [60, 111], 2426: [61, 111], 2427: [60, 61], 2428: [111, 60], 2434: [109, 110], 2435: [60, 109], 2436: [110, 60], 2439: [110, 109], 2442: [60, 109], 2443: [110, 60], 2444: [109, 110], 2452: [102, 109], 2453: [103, 111], 2454: [104, 113], 2455: [105, 115], 2456: [106, 110], 2457: [106, 111], 2458: [107, 112], 2459: [107, 113], 2460: [108, 114], 2461: [108, 115], 2480: [102, 103], 2481: [66, 102], 2482: [103, 66], 2485: [103, 102], 2488: [66, 102], 2489: [103, 66], 2490: [102, 103], 2496: [104, 66], 2497: [67, 104], 2498: [66, 67], 2501: [66, 104], 2504: [67, 104], 2505: [66, 67], 2506: [104, 66], 2512: [105, 67], 2513: [68, 105], 2514: [67, 68], 2517: [67, 105], 2520: [68, 105], 2521: [67, 68], 2522: [105, 67], 2528: [106, 68], 2529: [69, 106], 2530: [68, 69], 2533: [68, 106], 2536: [69, 106], 2537: [68, 69], 2538: [106, 68], 2544: [107, 69], 2545: [70, 107], 2546: [69, 70], 2549: [69, 107], 2552: [70, 107], 2553: [69, 70], 2554: [107, 69], 2560: [108, 70], 2561: [71, 108], 2562: [70, 71], 2565: [70, 108], 2568: [71, 108], 2569: [70, 71], 2570: [108, 70], 2577: [108, 70], 2578: [71, 108], 2579: [70, 71], 2582: [70, 108], 2585: [71, 108], 2586: [70, 71], 2587: [108, 70], 2593: [107, 69], 2594: [70, 107], 2595: [69, 70], 2598: [69, 107], 2601: [70, 107], 2602: [69, 70], 2603: [107, 69], 2609: [106, 68], 2610: [69, 106], 2611: [68, 69], 2614: [68, 106], 2617: [69, 106], 2618: [68, 69], 2619: [106, 68], 2625: [105, 67], 2626: [68, 105], 2627: [67, 68], 2630: [67, 105], 2633: [68, 105], 2634: [67, 68], 2635: [105, 67], 2641: [104, 66], 2642: [67, 104], 2643: [66, 67], 2646: [66, 104], 2649: [67, 104], 2650: [66, 67], 2651: [104, 66], 2657: [102, 103], 2658: [66, 102], 2659: [103, 66], 2662: [103, 102], 2665: [66, 102], 2666: [103, 66], 2667: [102, 103], 2683: [102, 109], 2684: [103, 111], 2685: [104, 113], 2686: [105, 115], 2687: [106, 110], 2688: [106, 111], 2689: [107, 112], 2690: [107, 113], 2691: [108, 114], 2692: [108, 115], 2703: [109, 110], 2704: [72, 109], 2705: [110, 72], 2708: [110, 109], 2711: [72, 109], 2712: [110, 72], 2713: [109, 110], 2719: [111, 72], 2720: [73, 111], 2721: [72, 73], 2724: [72, 111], 2727: [73, 111], 2728: [72, 73], 2729: [111, 72], 2735: [112, 73], 2736: [74, 112], 2737: [73, 74], 2740: [73, 112], 2743: [74, 112], 2744: [73, 74], 2745: [112, 73], 2751: [113, 74], 2752: [75, 113], 2753: [74, 75], 2756: [74, 113], 2759: [75, 113], 2760: [74, 75], 2761: [113, 74], 2767: [114, 75], 2768: [76, 114], 2769: [75, 76], 2772: [75, 114], 2775: [76, 114], 2776: [75, 76], 2777: [114, 75], 2783: [115, 76], 2784: [77, 115], 2785: [76, 77], 2788: [76, 115], 2791: [77, 115], 2792: [76, 77], 2793: [115, 76], 2800: [115, 76], 2801: [77, 115], 2802: [76, 77], 2805: [76, 115], 2808: [77, 115], 2809: [76, 77], 2810: [115, 76], 2816: [114, 75], 2817: [76, 114], 2818: [75, 76], 2821: [75, 114], 2824: [76, 114], 2825: [75, 76], 2826: [114, 75], 2832: [113, 74], 2833: [75, 113], 2834: [74, 75], 2837: [74, 113], 2840: [75, 113], 2841: [74, 75], 2842: [113, 74], 2848: [112, 73], 2849: [74, 112], 2850: [73, 74], 2853: [73, 112], 2856: [74, 112], 2857: [73, 74], 2858: [112, 73], 2864: [111, 72], 2865: [73, 111], 2866: [72, 73], 2869: [72, 111], 2872: [73, 111], 2873: [72, 73], 2874: [111, 72], 2880: [109, 110], 2881: [72, 109], 2882: [110, 72], 2885: [110, 109], 2888: [72, 109], 2889: [110, 72], 2890: [109, 110], 2898: [102, 109], 2899: [103, 111], 2900: [104, 113], 2901: [105, 115], 2902: [106, 110], 2903: [106, 111], 2904: [107, 112], 2905: [107, 113], 2906: [108, 114], 2907: [108, 115], 2926: [102, 103], 2927: [78, 102], 2928: [103, 78], 2931: [103, 102], 2934: [78, 102], 2935: [103, 78], 2936: [102, 103], 2942: [104, 78], 2943: [79, 104], 2944: [78, 79], 2947: [78, 104], 2950: [79, 104], 2951: [78, 79], 2952: [104, 78], 2958: [105, 79], 2959: [80, 105], 2960: [79, 80], 2963: [79, 105], 2966: [80, 105], 2967: [79, 80], 2968: [105, 79], 2974: [106, 80], 2975: [81, 106], 2976: [80, 81], 2979: [80, 106], 2982: [81, 106], 2983: [80, 81], 2984: [106, 80], 2990: [107, 81], 2991: [82, 107], 2992: [81, 82], 2995: [81, 107], 2998: [82, 107], 2999: [81, 82], 3000: [107, 81], 3006: [108, 82], 3007: [83, 108], 3008: [82, 83], 3011: [82, 108], 3014: [83, 108], 3015: [82, 83], 3016: [108, 82], 3023: [108, 82], 3024: [83, 108], 3025: [82, 83], 3028: [82, 108], 3031: [83, 108], 3032: [82, 83], 3033: [108, 82], 3039: [107, 81], 3040: [82, 107], 3041: [81, 82], 3044: [81, 107], 3047: [82, 107], 3048: [81, 82], 3049: [107, 81], 3055: [106, 80], 3056: [81, 106], 3057: [80, 81], 3060: [80, 106], 3063: [81, 106], 3064: [80, 81], 3065: [106, 80], 3071: [105, 79], 3072: [80, 105], 3073: [79, 80], 3076: [79, 105], 3079: [80, 105], 3080: [79, 80], 3081: [105, 79], 3087: [104, 78], 3088: [79, 104], 3089: [78, 79], 3092: [78, 104], 3095: [79, 104], 3096: [78, 79], 3097: [104, 78], 3103: [102, 103], 3104: [78, 102], 3105: [103, 78], 3108: [103, 102], 3111: [78, 102], 3112: [103, 78], 3113: [102, 103], 3129: [102, 109], 3130: [103, 111], 3131: [104, 113], 3132: [105, 115], 3133: [106, 110], 3134: [106, 111], 3135: [107, 112], 3136: [107, 113], 3137: [108, 114], 3138: [108, 115], 3149: [109, 110], 3150: [84, 109], 3151: [110, 84], 3154: [110, 109], 3157: [84, 109], 3158: [110, 84], 3159: [109, 110], 3165: [111, 84], 3166: [85, 111], 3167: [84, 85], 3170: [84, 111], 3173: [85, 111], 3174: [84, 85], 3175: [111, 84], 3181: [112, 85], 3182: [86, 112], 3183: [85, 86], 3186: [85, 112], 3189: [86, 112], 3190: [85, 86], 3191: [112, 85], 3197: [113, 86], 3198: [87, 113], 3199: [86, 87], 3202: [86, 113], 3205: [87, 113], 3206: [86, 87], 3207: [113, 86], 3213: [114, 87], 3214: [88, 114], 3215: [87, 88], 3218: [87, 114], 3221: [88, 114], 3222: [87, 88], 3223: [114, 87], 3229: [115, 88], 3230: [89, 115], 3231: [88, 89], 3234: [88, 115], 3237: [89, 115], 3238: [88, 89], 3239: [115, 88], 3246: [115, 88], 3247: [89, 115], 3248: [88, 89], 3251: [88, 115], 3254: [89, 115], 3255: [88, 89], 3256: [115, 88], 3262: [114, 87], 3263: [88, 114], 3264: [87, 88], 3267: [87, 114], 3270: [88, 114], 3271: [87, 88], 3272: [114, 87], 3278: [113, 86], 3279: [87, 113], 3280: [86, 87], 3283: [86, 113], 3286: [87, 113], 3287: [86, 87], 3288: [113, 86], 3294: [112, 85], 3295: [86, 112], 3296: [85, 86], 3299: [85, 112], 3302: [86, 112], 3303: [85, 86], 3304: [112, 85], 3310: [111, 84], 3311: [85, 111], 3312: [84, 85], 3315: [84, 111], 3318: [85, 111], 3319: [84, 85], 3320: [111, 84], 3326: [109, 110], 3327: [84, 109], 3328: [110, 84], 3331: [110, 109], 3334: [84, 109], 3335: [110, 84], 3336: [109, 110], 3344: [102, 109], 3345: [103, 111], 3346: [104, 113], 3347: [105, 115], 3348: [106, 110], 3349: [106, 111], 3350: [107, 112], 3351: [107, 113], 3352: [108, 114], 3353: [108, 115], 3372: [102, 103], 3373: [90, 102], 3374: [103, 90], 3377: [103, 102], 3380: [90, 102], 3381: [103, 90], 3382: [102, 103], 3388: [104, 90], 3389: [91, 104], 3390: [90, 91], 3393: [90, 104], 3396: [91, 104], 3397: [90, 91], 3398: [104, 90], 3404: [105, 91], 3405: [92, 105], 3406: [91, 92], 3409: [91, 105], 3412: [92, 105], 3413: [91, 92], 3414: [105, 91], 3420: [106, 92], 3421: [93, 106], 3422: [92, 93], 3425: [92, 106], 3428: [93, 106], 3429: [92, 93], 3430: [106, 92], 3436: [107, 93], 3437: [94, 107], 3438: [93, 94], 3441: [93, 107], 3444: [94, 107], 3445: [93, 94], 3446: [107, 93], 3452: [108, 94], 3453: [95, 108], 3454: [94, 95], 3457: [94, 108], 3460: [95, 108], 3461: [94, 95], 3462: [108, 94], 3469: [108, 94], 3470: [95, 108], 3471: [94, 95], 3474: [94, 108], 3477: [95, 108], 3478: [94, 95], 3479: [108, 94], 3485: [107, 93], 3486: [94, 107], 3487: [93, 94], 3490: [93, 107], 3493: [94, 107], 3494: [93, 94], 3495: [107, 93], 3501: [106, 92], 3502: [93, 106], 3503: [92, 93], 3506: [92, 106], 3509: [93, 106], 3510: [92, 93], 3511: [106, 92], 3517: [105, 91], 3518: [92, 105], 3519: [91, 92], 3522: [91, 105], 3525: [92, 105], 3526: [91, 92], 3527: [105, 91], 3533: [104, 90], 3534: [91, 104], 3535: [90, 91], 3538: [90, 104], 3541: [91, 104], 3542: [90, 91], 3543: [104, 90], 3549: [102, 103], 3550: [90, 102], 3551: [103, 90], 3554: [103, 102], 3557: [90, 102], 3558: [103, 90], 3559: [102, 103], 3575: [102, 109], 3576: [103, 111], 3577: [104, 113], 3578: [105, 115], 3579: [106, 110], 3580: [106, 111], 3581: [107, 112], 3582: [107, 113], 3583: [108, 114], 3584: [108, 115], 3595: [109, 110], 3596: [96, 109], 3597: [110, 96], 3600: [110, 109], 3603: [96, 109], 3604: [110, 96], 3605: [109, 110], 3611: [111, 96], 3612: [97, 111], 3613: [96, 97], 3616: [96, 111], 3619: [97, 111], 3620: [96, 97], 3621: [111, 96], 3627: [112, 97], 3628: [98, 112], 3629: [97, 98], 3632: [97, 112], 3635: [98, 112], 3636: [97, 98], 3637: [112, 97], 3643: [113, 98], 3644: [99, 113], 3645: [98, 99], 3648: [98, 113], 3651: [99, 113], 3652: [98, 99], 3653: [113, 98], 3659: [114, 99], 3660: [100, 114], 3661: [99, 100], 3664: [99, 114], 3667: [100, 114], 3668: [99, 100], 3669: [114, 99], 3675: [115, 100], 3676: [101, 115], 3677: [100, 101], 3680: [100, 115], 3683: [101, 115], 3684: [100, 101], 3685: [115, 100], 3687: [101, 116], 3692: [115, 100], 3693: [101, 115], 3694: [100, 101], 3697: [100, 115], 3700: [101, 115], 3701: [100, 101], 3702: [115, 100], 3708: [114, 99], 3709: [100, 114], 3710: [99, 100], 3713: [99, 114], 3716: [100, 114], 3717: [99, 100], 3718: [114, 99], 3724: [113, 98], 3725: [99, 113], 3726: [98, 99], 3729: [98, 113], 3732: [99, 113], 3733: [98, 99], 3734: [113, 98], 3740: [112, 97], 3741: [98, 112], 3742: [97, 98], 3745: [97, 112], 3748: [98, 112], 3749: [97, 98], 3750: [112, 97], 3756: [111, 96], 3757: [97, 111], 3758: [96, 97], 3761: [96, 111], 3764: [97, 111], 3765: [96, 97], 3766: [111, 96], 3772: [109, 110], 3773: [96, 109], 3774: [110, 96], 3777: [110, 109], 3780: [96, 109], 3781: [110, 96], 3782: [109, 110]}
Parse object graph:
DiGraph with 3790 nodes and 5272 edges
Using QubitMapSABRELarge mapper (large-scale module-aware / zone-aware version)
Raw mapping:
{'layout': {115: 2, 108: 2, 109: 2, 110: 2, 114: 2, 102: 2, 105: 2, 1: 2, 2: 2, 3: 2, 4: 2, 12: 2, 13: 2, 14: 2, 15: 2, 16: 2, 22: 3, 24: 3, 25: 3, 26: 3, 27: 3, 28: 3, 32: 3, 101: 3, 5: 3, 17: 3, 23: 3, 29: 3, 41: 3, 65: 3, 77: 3, 116: 3, 111: 6, 107: 6, 0: 6, 33: 6, 34: 6, 38: 6, 39: 6, 40: 6, 44: 6, 45: 6, 46: 6, 51: 6, 52: 6, 58: 6, 62: 6, 63: 6, 64: 7, 72: 7, 75: 7, 76: 7, 84: 7, 85: 7, 86: 7, 87: 7, 88: 7, 99: 7, 100: 7, 35: 7, 47: 7, 59: 7, 103: 10, 6: 10, 18: 10, 30: 10, 42: 10, 66: 10, 67: 10, 68: 10, 69: 10, 70: 10, 78: 10, 79: 10, 80: 10, 81: 10, 82: 10, 90: 10, 91: 11, 92: 11, 93: 11, 94: 11, 53: 11, 71: 11, 83: 11, 95: 11, 113: 14, 106: 14, 112: 14, 104: 14, 7: 14, 8: 14, 9: 14, 10: 14, 19: 14, 20: 14, 21: 14, 31: 14, 36: 14, 37: 14, 43: 14, 48: 14, 49: 15, 50: 15, 54: 15, 55: 15, 56: 15, 57: 15, 60: 15, 61: 15, 73: 15, 74: 15, 96: 15, 97: 15, 98: 15, 11: 15, 89: 15}, 'trap_to_qubits': {0: [], 1: [], 2: [115, 108, 109, 110, 114, 102, 105, 1, 2, 3, 4, 12, 13, 14, 15, 16], 3: [22, 24, 25, 26, 27, 28, 32, 101, 5, 17, 23, 29, 41, 65, 77, 116], 4: [], 5: [], 6: [111, 107, 0, 33, 34, 38, 39, 40, 44, 45, 46, 51, 52, 58, 62, 63], 7: [64, 72, 75, 76, 84, 85, 86, 87, 88, 99, 100, 35, 47, 59], 8: [], 9: [], 10: [103, 6, 18, 30, 42, 66, 67, 68, 69, 70, 78, 79, 80, 81, 82, 90], 11: [91, 92, 93, 94, 53, 71, 83, 95], 12: [], 13: [], 14: [113, 106, 112, 104, 7, 8, 9, 10, 19, 20, 21, 31, 36, 37, 43, 48], 15: [49, 50, 54, 55, 56, 57, 60, 61, 73, 74, 96, 97, 98, 11, 89]}}
Initial layout policy: mapping_bundle(layout + trap_to_qubits_from_mapper)
Note: reorder_choice='Naive' is ignored because mapper already provides ordered trap layout
Use mapper-provided ordered trap layout for mapper 'SABRE'
Initial qubit layout:
{0: [], 1: [], 2: [115, 108, 109, 110, 114, 102, 105, 1, 2, 3, 4, 12, 13, 14, 15, 16], 3: [22, 24, 25, 26, 27, 28, 32, 101, 5, 17, 23, 29, 41, 65, 77, 116], 4: [], 5: [], 6: [111, 107, 0, 33, 34, 38, 39, 40, 44, 45, 46, 51, 52, 58, 62, 63], 7: [64, 72, 75, 76, 84, 85, 86, 87, 88, 99, 100, 35, 47, 59], 8: [], 9: [], 10: [103, 6, 18, 30, 42, 66, 67, 68, 69, 70, 78, 79, 80, 81, 82, 90], 11: [91, 92, 93, 94, 53, 71, 83, 95], 12: [], 13: [], 14: [113, 106, 112, 104, 7, 8, 9, 10, 19, 20, 21, 31, 36, 37, 43, 48], 15: [49, 50, 54, 55, 56, 57, 60, 61, 73, 74, 96, 97, 98, 11, 89]}
Using MUSS Scheduler (V7) with SABRE Mapping
Using muss_schedule7.py large-scale version
Scheduler object construction time: 0.009268s
Scheduler run time: 7.378833s
Analyzer shuttle mode: aggregate (detected shuttle_id annotations)
Using analyzer_v7.py (paper-faithful analyzer for MUSS V7)
AnalyzerV7 parameter wiring: alpha_bg=0.0, T1=600000000.0, k_heating=0.001, epsilon_2q=3.90625e-05, split_merge=80.0, ion_swap=40.0, fiber_latency=200.0, fiber_fidelity=0.99, strict_paper_mainline=True
AnalyzerV7 mode: paper-faithful V7
Program Finish Time: 234218.0 us
OPCOUNTS Gate: 3790 Split: 112 Move: 212 Merge: 112

Two-qubit gate chain statistics
Mean: 15.440900562851782 Max: 16.0
Fidelity: 6.46991812641139e-08

Paper-facing shuttle summary
  logical_shuttle_count      = 112
  physical_shuttle_leg_count = 112
  split_count                = 112
  move_count                 = 212
  merge_count                = 112

V7 gate summary
  local_1q_count             = 2191
  local_2q_count             = 688
  operation_local_2q_count   = 6
  optical_local_2q_count     = 682
  storage_local_2q_count     = 0
  remote_2q_count            = 911
  fiber_gate_count           = 911
  regular_fiber_gate_count   = 911
  swap_insert_gate_count     = 0
  swap_insert_logical_count  = 0

Zone gate summary
  zone_gate_count[storage] = 0
  zone_gate_count[operation] = 15
  zone_gate_count[optical] = 3775
  zone_gate_count[unknown] = 0
  zone_2q_count[storage]   = 0
  zone_2q_count[operation]   = 6
  zone_2q_count[optical]   = 1593
  zone_2q_count[unknown]   = 0

Time breakdown (paper-facing)
  local_1q_time        = 10955.0 us
  local_2q_time        = 27520.0 us
  operation_local_2q_time = 240.0 us
  optical_local_2q_time   = 27280.0 us
  storage_local_2q_time   = 0.0 us
  fiber_gate_time      = 182200.0 us
  swap_insert_time     = 0.0 us
  split_time_total     = 12560.0 us
  move_time_total      = 2968.0 us
  merge_time_total     = 8960.0 us
  shuttle_time_total   = 24488.0 us
[DBG SUMMARY] gates=3790  gate_mult=1.19376e-07  avg_gate_nbar=0.0000
[DBG SUMMARY] logical_shuttles=112  shuttle_mult=0.541978  min_shuttle=0.9942
[DBG SUMMARY] worst_B: Trap 0 -> 1.000000 (heat_state=0.000000, alpha_bg=0.0, strict_paper_mainline=True)
Analyzer time: 0.012013s

========== ANALYSIS RESULT ==========
{'fidelity': 6.46991812641139e-08, 'total_shuttle': 112, 'logical_shuttle_count': 112, 'physical_shuttle_leg_count': 112, 'split_count': 112, 'merge_count': 112, 'move_count': 212, 'time': 234218.0, 'local_1q_count': 2191, 'local_2q_count': 688, 'operation_local_2q_count': 6, 'optical_local_2q_count': 682, 'storage_local_2q_count': 0, 'remote_2q_count': 911, 'fiber_gate_count': 911, 'regular_fiber_gate_count': 911, 'swap_insert_gate_count': 0, 'swap_insert_logical_count': 0, 'swap_insert_gate_remainder': 0, 'zone_gate_counts': {'storage': 0, 'operation': 15, 'optical': 3775, 'unknown': 0}, 'zone_2q_counts': {'storage': 0, 'operation': 6, 'optical': 1593, 'unknown': 0}, 'local_1q_time': 10955.0, 'local_2q_time': 27520.0, 'operation_local_2q_time': 240.0, 'optical_local_2q_time': 27280.0, 'storage_local_2q_time': 0.0, 'fiber_gate_time': 182200.0, 'swap_insert_time': 0.0, 'split_time_total': 12560.0, 'move_time_total': 2968.0, 'merge_time_total': 8960.0, 'shuttle_time_total': 24488.0, 'gate_mult': 1.1937607565359448e-07, 'regular_gate_mult': 1.1937607565359448e-07, 'swap_insert_gate_mult': 1.0, 'operation_local_2q_mult': 0.9990628661346527, 'optical_local_2q_mult': 0.001408707677073383, 'shuttle_mult': 0.5419777866702368}

========== SHUTTLE TRACE ==========
[SHUTTLE 0] ion=5  T3 -> T1  route=T3->J0->J1->T1
    - SPLIT  (6040 -> 6160)  ion 5: T3 -> Seg1 (swap_cnt=1, swap_hops=8, ion_hops=0, i1=5, i2=22)
    - MOVE   (6160 -> 6174)  ion 5: Seg1 -> Seg4 via J0
    - MOVE   (6174 -> 6188)  ion 5: Seg4 -> Seg2 via J1
    - MERGE  (6188 -> 6268)  ion 5: Seg2 -> T1
[SHUTTLE 1] ion=115  T2 -> T1  route=T2->J1->T1
    - SPLIT  (6268 -> 6348)  ion 115: T2 -> Seg3 (swap_cnt=0, swap_hops=0, ion_hops=0, i1=0, i2=0)
    - MOVE   (6348 -> 6362)  ion 115: Seg3 -> Seg2 via J1
    - MERGE  (6362 -> 6442)  ion 115: Seg2 -> T1
[SHUTTLE 2] ion=5  T1 -> T2  route=T1->J1->T2
    - SPLIT  (6482 -> 6602)  ion 5: T1 -> Seg2 (swap_cnt=1, swap_hops=1, ion_hops=0, i1=5, i2=115)
    - MOVE   (6602 -> 6616)  ion 5: Seg2 -> Seg3 via J1
    - MERGE  (6616 -> 6696)  ion 5: Seg3 -> T2
[SHUTTLE 3] ion=4  T2 -> T1  route=T2->J1->T1
    - SPLIT  (6736 -> 6856)  ion 4: T2 -> Seg3 (swap_cnt=1, swap_hops=10, ion_hops=0, i1=4, i2=5)
    - MOVE   (6856 -> 6870)  ion 4: Seg3 -> Seg2 via J1
    - MERGE  (6870 -> 6950)  ion 4: Seg2 -> T1
[SHUTTLE 4] ion=115  T1 -> T2  route=T1->J1->T2
    - SPLIT  (6990 -> 7110)  ion 115: T1 -> Seg2 (swap_cnt=1, swap_hops=1, ion_hops=0, i1=115, i2=4)
    - MOVE   (7110 -> 7124)  ion 115: Seg2 -> Seg3 via J1
    - MERGE  (7124 -> 7204)  ion 115: Seg3 -> T2
[SHUTTLE 5] ion=5  T2 -> T1  route=T2->J1->T1
    - SPLIT  (7244 -> 7364)  ion 5: T2 -> Seg3 (swap_cnt=1, swap_hops=1, ion_hops=0, i1=5, i2=115)
    - MOVE   (7364 -> 7378)  ion 5: Seg3 -> Seg2 via J1
    - MERGE  (7378 -> 7458)  ion 5: Seg2 -> T1
[SHUTTLE 6] ion=4  T1 -> T2  route=T1->J1->T2
    - SPLIT  (7498 -> 7618)  ion 4: T1 -> Seg2 (swap_cnt=1, swap_hops=1, ion_hops=0, i1=4, i2=5)
    - MOVE   (7618 -> 7632)  ion 4: Seg2 -> Seg3 via J1
    - MERGE  (7632 -> 7712)  ion 4: Seg3 -> T2
[SHUTTLE 7] ion=115  T2 -> T1  route=T2->J1->T1
    - SPLIT  (7792 -> 7912)  ion 115: T2 -> Seg3 (swap_cnt=1, swap_hops=1, ion_hops=0, i1=115, i2=4)
    - MOVE   (7912 -> 7926)  ion 115: Seg3 -> Seg2 via J1
    - MERGE  (7926 -> 8006)  ion 115: Seg2 -> T1
[SHUTTLE 8] ion=5  T1 -> T2  route=T1->J1->T2
    - SPLIT  (8046 -> 8166)  ion 5: T1 -> Seg2 (swap_cnt=1, swap_hops=1, ion_hops=0, i1=5, i2=115)
    - MOVE   (8166 -> 8180)  ion 5: Seg2 -> Seg3 via J1
    - MERGE  (8180 -> 8260)  ion 5: Seg3 -> T2
[SHUTTLE 9] ion=4  T2 -> T1  route=T2->J1->T1
    - SPLIT  (8300 -> 8420)  ion 4: T2 -> Seg3 (swap_cnt=1, swap_hops=1, ion_hops=0, i1=4, i2=5)
    - MOVE   (8420 -> 8434)  ion 4: Seg3 -> Seg2 via J1
    - MERGE  (8434 -> 8514)  ion 4: Seg2 -> T1
[SHUTTLE 10] ion=115  T1 -> T2  route=T1->J1->T2
    - SPLIT  (8554 -> 8674)  ion 115: T1 -> Seg2 (swap_cnt=1, swap_hops=1, ion_hops=0, i1=115, i2=4)
    - MOVE   (8674 -> 8688)  ion 115: Seg2 -> Seg3 via J1
    - MERGE  (8688 -> 8768)  ion 115: Seg3 -> T2
[SHUTTLE 11] ion=5  T2 -> T1  route=T2->J1->T1
    - SPLIT  (8808 -> 8928)  ion 5: T2 -> Seg3 (swap_cnt=1, swap_hops=1, ion_hops=0, i1=5, i2=115)
    - MOVE   (8928 -> 8942)  ion 5: Seg3 -> Seg2 via J1
    - MERGE  (8942 -> 9022)  ion 5: Seg2 -> T1
[SHUTTLE 12] ion=4  T1 -> T2  route=T1->J1->T2
    - SPLIT  (9062 -> 9182)  ion 4: T1 -> Seg2 (swap_cnt=1, swap_hops=1, ion_hops=0, i1=4, i2=5)
    - MOVE   (9182 -> 9196)  ion 4: Seg2 -> Seg3 via J1
    - MERGE  (9196 -> 9276)  ion 4: Seg3 -> T2
[SHUTTLE 13] ion=10  T14 -> T15  route=T14->J7->J6->T15
    - SPLIT  (20116 -> 20236)  ion 10: T14 -> Seg18 (swap_cnt=1, swap_hops=7, ion_hops=0, i1=10, i2=113)
    - MOVE   (20236 -> 20250)  ion 10: Seg18 -> Seg19 via J7
    - MOVE   (20250 -> 20264)  ion 10: Seg19 -> Seg16 via J6
    - MERGE  (20264 -> 20344)  ion 10: Seg16 -> T15
[SHUTTLE 14] ion=10  T15 -> T14  route=T15->J6->J7->T14
    - SPLIT  (22344 -> 22424)  ion 10: T15 -> Seg16 (swap_cnt=0, swap_hops=0, ion_hops=0, i1=0, i2=0)
    - MOVE   (22424 -> 22438)  ion 10: Seg16 -> Seg19 via J6
    - MOVE   (22438 -> 22452)  ion 10: Seg19 -> Seg18 via J7
    - MERGE  (22452 -> 22532)  ion 10: Seg18 -> T14
[SHUTTLE 15] ion=115  T2 -> T3  route=T2->J1->J0->T3
    - SPLIT  (31772 -> 31892)  ion 115: T2 -> Seg3 (swap_cnt=1, swap_hops=1, ion_hops=0, i1=115, i2=4)
    - MOVE   (31892 -> 31906)  ion 115: Seg3 -> Seg4 via J1
    - MOVE   (31906 -> 31920)  ion 115: Seg4 -> Seg1 via J0
    - MERGE  (31920 -> 32000)  ion 115: Seg1 -> T3
[SHUTTLE 16] ion=17  T3 -> T2  route=T3->J0->J1->T2
    - SPLIT  (32040 -> 32160)  ion 17: T3 -> Seg1 (swap_cnt=1, swap_hops=9, ion_hops=0, i1=17, i2=115)
    - MOVE   (32160 -> 32174)  ion 17: Seg1 -> Seg4 via J0
    - MOVE   (32174 -> 32188)  ion 17: Seg4 -> Seg3 via J1
    - MERGE  (32188 -> 32268)  ion 17: Seg3 -> T2
[SHUTTLE 17] ion=16  T2 -> T3  route=T2->J1->J0->T3
    - SPLIT  (32308 -> 32428)  ion 16: T2 -> Seg3 (swap_cnt=1, swap_hops=15, ion_hops=0, i1=16, i2=17)
    - MOVE   (32428 -> 32442)  ion 16: Seg3 -> Seg4 via J1
    - MOVE   (32442 -> 32456)  ion 16: Seg4 -> Seg1 via J0
    - MERGE  (32456 -> 32536)  ion 16: Seg1 -> T3
[SHUTTLE 18] ion=115  T3 -> T2  route=T3->J0->J1->T2
    - SPLIT  (32576 -> 32696)  ion 115: T3 -> Seg1 (swap_cnt=1, swap_hops=1, ion_hops=0, i1=115, i2=16)
    - MOVE   (32696 -> 32710)  ion 115: Seg1 -> Seg4 via J0
    - MOVE   (32710 -> 32724)  ion 115: Seg4 -> Seg3 via J1
    - MERGE  (32724 -> 32804)  ion 115: Seg3 -> T2
[SHUTTLE 19] ion=17  T2 -> T3  route=T2->J1->J0->T3
    - SPLIT  (32844 -> 32964)  ion 17: T2 -> Seg3 (swap_cnt=1, swap_hops=1, ion_hops=0, i1=17, i2=115)
    - MOVE   (32964 -> 32978)  ion 17: Seg3 -> Seg4 via J1
    - MOVE   (32978 -> 32992)  ion 17: Seg4 -> Seg1 via J0
    - MERGE  (32992 -> 33072)  ion 17: Seg1 -> T3
[SHUTTLE 20] ion=16  T3 -> T2  route=T3->J0->J1->T2
    - SPLIT  (33112 -> 33232)  ion 16: T3 -> Seg1 (swap_cnt=1, swap_hops=1, ion_hops=0, i1=16, i2=17)
    - MOVE   (33232 -> 33246)  ion 16: Seg1 -> Seg4 via J0
    - MOVE   (33246 -> 33260)  ion 16: Seg4 -> Seg3 via J1
    - MERGE  (33260 -> 33340)  ion 16: Seg3 -> T2
[SHUTTLE 21] ion=115  T2 -> T3  route=T2->J1->J0->T3
    - SPLIT  (33420 -> 33540)  ion 115: T2 -> Seg3 (swap_cnt=1, swap_hops=1, ion_hops=0, i1=115, i2=16)
    - MOVE   (33540 -> 33554)  ion 115: Seg3 -> Seg4 via J1
    - MOVE   (33554 -> 33568)  ion 115: Seg4 -> Seg1 via J0
    - MERGE  (33568 -> 33648)  ion 115: Seg1 -> T3
[SHUTTLE 22] ion=17  T3 -> T2  route=T3->J0->J1->T2
    - SPLIT  (33688 -> 33808)  ion 17: T3 -> Seg1 (swap_cnt=1, swap_hops=1, ion_hops=0, i1=17, i2=115)
    - MOVE   (33808 -> 33822)  ion 17: Seg1 -> Seg4 via J0
    - MOVE   (33822 -> 33836)  ion 17: Seg4 -> Seg3 via J1
    - MERGE  (33836 -> 33916)  ion 17: Seg3 -> T2
[SHUTTLE 23] ion=16  T2 -> T3  route=T2->J1->J0->T3
    - SPLIT  (33956 -> 34076)  ion 16: T2 -> Seg3 (swap_cnt=1, swap_hops=1, ion_hops=0, i1=16, i2=17)
    - MOVE   (34076 -> 34090)  ion 16: Seg3 -> Seg4 via J1
    - MOVE   (34090 -> 34104)  ion 16: Seg4 -> Seg1 via J0
    - MERGE  (34104 -> 34184)  ion 16: Seg1 -> T3
[SHUTTLE 24] ion=115  T3 -> T2  route=T3->J0->J1->T2
    - SPLIT  (34224 -> 34344)  ion 115: T3 -> Seg1 (swap_cnt=1, swap_hops=1, ion_hops=0, i1=115, i2=16)
    - MOVE   (34344 -> 34358)  ion 115: Seg1 -> Seg4 via J0
    - MOVE   (34358 -> 34372)  ion 115: Seg4 -> Seg3 via J1
    - MERGE  (34372 -> 34452)  ion 115: Seg3 -> T2
[SHUTTLE 25] ion=17  T2 -> T3  route=T2->J1->J0->T3
    - SPLIT  (34492 -> 34612)  ion 17: T2 -> Seg3 (swap_cnt=1, swap_hops=1, ion_hops=0, i1=17, i2=115)
    - MOVE   (34612 -> 34626)  ion 17: Seg3 -> Seg4 via J1
    - MOVE   (34626 -> 34640)  ion 17: Seg4 -> Seg1 via J0
    - MERGE  (34640 -> 34720)  ion 17: Seg1 -> T3
[SHUTTLE 26] ion=16  T3 -> T2  route=T3->J0->J1->T2
    - SPLIT  (34760 -> 34880)  ion 16: T3 -> Seg1 (swap_cnt=1, swap_hops=1, ion_hops=0, i1=16, i2=17)
    - MOVE   (34880 -> 34894)  ion 16: Seg1 -> Seg4 via J0
    - MOVE   (34894 -> 34908)  ion 16: Seg4 -> Seg3 via J1
    - MERGE  (34908 -> 34988)  ion 16: Seg3 -> T2
[SHUTTLE 27] ion=108  T2 -> T3  route=T2->J1->J0->T3
    - SPLIT  (45108 -> 45228)  ion 108: T2 -> Seg3 (swap_cnt=1, swap_hops=3, ion_hops=0, i1=108, i2=16)
    - MOVE   (45228 -> 45242)  ion 108: Seg3 -> Seg4 via J1
    - MOVE   (45242 -> 45256)  ion 108: Seg4 -> Seg1 via J0
    - MERGE  (45256 -> 45336)  ion 108: Seg1 -> T3
[SHUTTLE 28] ion=108  T3 -> T2  route=T3->J0->J1->T2
    - SPLIT  (46496 -> 46576)  ion 108: T3 -> Seg1 (swap_cnt=0, swap_hops=0, ion_hops=0, i1=0, i2=0)
    - MOVE   (46576 -> 46590)  ion 108: Seg1 -> Seg4 via J0
    - MOVE   (46590 -> 46604)  ion 108: Seg4 -> Seg3 via J1
    - MERGE  (46604 -> 46684)  ion 108: Seg3 -> T2
[SHUTTLE 29] ion=109  T2 -> T3  route=T2->J1->J0->T3
    - SPLIT  (51404 -> 51524)  ion 109: T2 -> Seg3 (swap_cnt=1, swap_hops=4, ion_hops=0, i1=109, i2=108)
    - MOVE   (51524 -> 51538)  ion 109: Seg3 -> Seg4 via J1
    - MOVE   (51538 -> 51552)  ion 109: Seg4 -> Seg1 via J0
    - MERGE  (51552 -> 51632)  ion 109: Seg1 -> T3
[SHUTTLE 30] ion=24  T3 -> T2  route=T3->J0->J1->T2
    - SPLIT  (51672 -> 51792)  ion 24: T3 -> Seg1 (swap_cnt=1, swap_hops=3, ion_hops=0, i1=24, i2=109)
    - MOVE   (51792 -> 51806)  ion 24: Seg1 -> Seg4 via J0
    - MOVE   (51806 -> 51820)  ion 24: Seg4 -> Seg3 via J1
    - MERGE  (51820 -> 51900)  ion 24: Seg3 -> T2
[SHUTTLE 31] ion=110  T2 -> T3  route=T2->J1->J0->T3
    - SPLIT  (51940 -> 52060)  ion 110: T2 -> Seg3 (swap_cnt=1, swap_hops=5, ion_hops=0, i1=110, i2=24)
    - MOVE   (52060 -> 52074)  ion 110: Seg3 -> Seg4 via J1
    - MOVE   (52074 -> 52088)  ion 110: Seg4 -> Seg1 via J0
    - MERGE  (52088 -> 52168)  ion 110: Seg1 -> T3
[SHUTTLE 32] ion=109  T3 -> T2  route=T3->J0->J1->T2
    - SPLIT  (52208 -> 52328)  ion 109: T3 -> Seg1 (swap_cnt=1, swap_hops=1, ion_hops=0, i1=109, i2=110)
    - MOVE   (52328 -> 52342)  ion 109: Seg1 -> Seg4 via J0
    - MOVE   (52342 -> 52356)  ion 109: Seg4 -> Seg3 via J1
    - MERGE  (52356 -> 52436)  ion 109: Seg3 -> T2
[SHUTTLE 33] ion=24  T2 -> T3  route=T2->J1->J0->T3
    - SPLIT  (52476 -> 52596)  ion 24: T2 -> Seg3 (swap_cnt=1, swap_hops=1, ion_hops=0, i1=24, i2=109)
    - MOVE   (52596 -> 52610)  ion 24: Seg3 -> Seg4 via J1
    - MOVE   (52610 -> 52624)  ion 24: Seg4 -> Seg1 via J0
    - MERGE  (52624 -> 52704)  ion 24: Seg1 -> T3
[SHUTTLE 34] ion=110  T3 -> T2  route=T3->J0->J1->T2
    - SPLIT  (52744 -> 52864)  ion 110: T3 -> Seg1 (swap_cnt=1, swap_hops=1, ion_hops=0, i1=110, i2=24)
    - MOVE   (52864 -> 52878)  ion 110: Seg1 -> Seg4 via J0
    - MOVE   (52878 -> 52892)  ion 110: Seg4 -> Seg3 via J1
    - MERGE  (52892 -> 52972)  ion 110: Seg3 -> T2
[SHUTTLE 35] ion=114  T2 -> T3  route=T2->J1->J0->T3
    - SPLIT  (56892 -> 57012)  ion 114: T2 -> Seg3 (swap_cnt=1, swap_hops=6, ion_hops=0, i1=114, i2=110)
    - MOVE   (57012 -> 57026)  ion 114: Seg3 -> Seg4 via J1
    - MOVE   (57026 -> 57040)  ion 114: Seg4 -> Seg1 via J0
    - MERGE  (57040 -> 57120)  ion 114: Seg1 -> T3
[SHUTTLE 36] ion=28  T3 -> T2  route=T3->J0->J1->T2
    - SPLIT  (57440 -> 57560)  ion 28: T3 -> Seg1 (swap_cnt=1, swap_hops=7, ion_hops=0, i1=28, i2=114)
    - MOVE   (57560 -> 57574)  ion 28: Seg1 -> Seg4 via J0
    - MOVE   (57574 -> 57588)  ion 28: Seg4 -> Seg3 via J1
    - MERGE  (57588 -> 57668)  ion 28: Seg3 -> T2
[SHUTTLE 37] ion=115  T2 -> T3  route=T2->J1->J0->T3
    - SPLIT  (57708 -> 57828)  ion 115: T2 -> Seg3 (swap_cnt=1, swap_hops=5, ion_hops=0, i1=115, i2=28)
    - MOVE   (57828 -> 57842)  ion 115: Seg3 -> Seg4 via J1
    - MOVE   (57842 -> 57856)  ion 115: Seg4 -> Seg1 via J0
    - MERGE  (57856 -> 57936)  ion 115: Seg1 -> T3
[SHUTTLE 38] ion=29  T3 -> T2  route=T3->J0->J1->T2
    - SPLIT  (57976 -> 58096)  ion 29: T3 -> Seg1 (swap_cnt=1, swap_hops=11, ion_hops=0, i1=29, i2=115)
    - MOVE   (58096 -> 58110)  ion 29: Seg1 -> Seg4 via J0
    - MOVE   (58110 -> 58124)  ion 29: Seg4 -> Seg3 via J1
    - MERGE  (58124 -> 58204)  ion 29: Seg3 -> T2
[SHUTTLE 39] ion=28  T2 -> T3  route=T2->J1->J0->T3
    - SPLIT  (58244 -> 58364)  ion 28: T2 -> Seg3 (swap_cnt=1, swap_hops=1, ion_hops=0, i1=28, i2=29)
    - MOVE   (58364 -> 58378)  ion 28: Seg3 -> Seg4 via J1
    - MOVE   (58378 -> 58392)  ion 28: Seg4 -> Seg1 via J0
    - MERGE  (58392 -> 58472)  ion 28: Seg1 -> T3
[SHUTTLE 40] ion=115  T3 -> T2  route=T3->J0->J1->T2
    - SPLIT  (58512 -> 58632)  ion 115: T3 -> Seg1 (swap_cnt=1, swap_hops=1, ion_hops=0, i1=115, i2=28)
    - MOVE   (58632 -> 58646)  ion 115: Seg1 -> Seg4 via J0
    - MOVE   (58646 -> 58660)  ion 115: Seg4 -> Seg3 via J1
    - MERGE  (58660 -> 58740)  ion 115: Seg3 -> T2
[SHUTTLE 41] ion=29  T2 -> T3  route=T2->J1->J0->T3
    - SPLIT  (58780 -> 58900)  ion 29: T2 -> Seg3 (swap_cnt=1, swap_hops=1, ion_hops=0, i1=29, i2=115)
    - MOVE   (58900 -> 58914)  ion 29: Seg3 -> Seg4 via J1
    - MOVE   (58914 -> 58928)  ion 29: Seg4 -> Seg1 via J0
    - MERGE  (58928 -> 59008)  ion 29: Seg1 -> T3
[SHUTTLE 42] ion=28  T3 -> T2  route=T3->J0->J1->T2
    - SPLIT  (59048 -> 59168)  ion 28: T3 -> Seg1 (swap_cnt=1, swap_hops=1, ion_hops=0, i1=28, i2=29)
    - MOVE   (59168 -> 59182)  ion 28: Seg1 -> Seg4 via J0
    - MOVE   (59182 -> 59196)  ion 28: Seg4 -> Seg3 via J1
    - MERGE  (59196 -> 59276)  ion 28: Seg3 -> T2
[SHUTTLE 43] ion=115  T2 -> T3  route=T2->J1->J0->T3
    - SPLIT  (59356 -> 59476)  ion 115: T2 -> Seg3 (swap_cnt=1, swap_hops=1, ion_hops=0, i1=115, i2=28)
    - MOVE   (59476 -> 59490)  ion 115: Seg3 -> Seg4 via J1
    - MOVE   (59490 -> 59504)  ion 115: Seg4 -> Seg1 via J0
    - MERGE  (59504 -> 59584)  ion 115: Seg1 -> T3
[SHUTTLE 44] ion=29  T3 -> T2  route=T3->J0->J1->T2
    - SPLIT  (59624 -> 59744)  ion 29: T3 -> Seg1 (swap_cnt=1, swap_hops=1, ion_hops=0, i1=29, i2=115)
    - MOVE   (59744 -> 59758)  ion 29: Seg1 -> Seg4 via J0
    - MOVE   (59758 -> 59772)  ion 29: Seg4 -> Seg3 via J1
    - MERGE  (59772 -> 59852)  ion 29: Seg3 -> T2
[SHUTTLE 45] ion=28  T2 -> T3  route=T2->J1->J0->T3
    - SPLIT  (59892 -> 60012)  ion 28: T2 -> Seg3 (swap_cnt=1, swap_hops=1, ion_hops=0, i1=28, i2=29)
    - MOVE   (60012 -> 60026)  ion 28: Seg3 -> Seg4 via J1
    - MOVE   (60026 -> 60040)  ion 28: Seg4 -> Seg1 via J0
    - MERGE  (60040 -> 60120)  ion 28: Seg1 -> T3
[SHUTTLE 46] ion=115  T3 -> T2  route=T3->J0->J1->T2
    - SPLIT  (60160 -> 60280)  ion 115: T3 -> Seg1 (swap_cnt=1, swap_hops=1, ion_hops=0, i1=115, i2=28)
    - MOVE   (60280 -> 60294)  ion 115: Seg1 -> Seg4 via J0
    - MOVE   (60294 -> 60308)  ion 115: Seg4 -> Seg3 via J1
    - MERGE  (60308 -> 60388)  ion 115: Seg3 -> T2
[SHUTTLE 47] ion=29  T2 -> T3  route=T2->J1->J0->T3
    - SPLIT  (60428 -> 60548)  ion 29: T2 -> Seg3 (swap_cnt=1, swap_hops=1, ion_hops=0, i1=29, i2=115)
    - MOVE   (60548 -> 60562)  ion 29: Seg3 -> Seg4 via J1
    - MOVE   (60562 -> 60576)  ion 29: Seg4 -> Seg1 via J0
    - MERGE  (60576 -> 60656)  ion 29: Seg1 -> T3
[SHUTTLE 48] ion=28  T3 -> T2  route=T3->J0->J1->T2
    - SPLIT  (60696 -> 60816)  ion 28: T3 -> Seg1 (swap_cnt=1, swap_hops=1, ion_hops=0, i1=28, i2=29)
    - MOVE   (60816 -> 60830)  ion 28: Seg1 -> Seg4 via J0
    - MOVE   (60830 -> 60844)  ion 28: Seg4 -> Seg3 via J1
    - MERGE  (60844 -> 60924)  ion 28: Seg3 -> T2
[SHUTTLE 49] ion=28  T2 -> T3  route=T2->J1->J0->T3
    - SPLIT  (61004 -> 61084)  ion 28: T2 -> Seg3 (swap_cnt=0, swap_hops=0, ion_hops=0, i1=0, i2=0)
    - MOVE   (61084 -> 61098)  ion 28: Seg3 -> Seg4 via J1
    - MOVE   (61098 -> 61112)  ion 28: Seg4 -> Seg1 via J0
    - MERGE  (61112 -> 61192)  ion 28: Seg1 -> T3
[SHUTTLE 50] ion=114  T3 -> T2  route=T3->J0->J1->T2
    - SPLIT  (61672 -> 61792)  ion 114: T3 -> Seg1 (swap_cnt=1, swap_hops=2, ion_hops=0, i1=114, i2=28)
    - MOVE   (61792 -> 61806)  ion 114: Seg1 -> Seg4 via J0
    - MOVE   (61806 -> 61820)  ion 114: Seg4 -> Seg3 via J1
    - MERGE  (61820 -> 61900)  ion 114: Seg3 -> T2
[SHUTTLE 51] ion=109  T2 -> T3  route=T2->J1->J0->T3
    - SPLIT  (65020 -> 65140)  ion 109: T2 -> Seg3 (swap_cnt=1, swap_hops=3, ion_hops=0, i1=109, i2=114)
    - MOVE   (65140 -> 65154)  ion 109: Seg3 -> Seg4 via J1
    - MOVE   (65154 -> 65168)  ion 109: Seg4 -> Seg1 via J0
    - MERGE  (65168 -> 65248)  ion 109: Seg1 -> T3
[SHUTTLE 52] ion=24  T3 -> T2  route=T3->J0->J1->T2
    - SPLIT  (65288 -> 65408)  ion 24: T3 -> Seg1 (swap_cnt=1, swap_hops=3, ion_hops=0, i1=24, i2=109)
    - MOVE   (65408 -> 65422)  ion 24: Seg1 -> Seg4 via J0
    - MOVE   (65422 -> 65436)  ion 24: Seg4 -> Seg3 via J1
    - MERGE  (65436 -> 65516)  ion 24: Seg3 -> T2
[SHUTTLE 53] ion=110  T2 -> T3  route=T2->J1->J0->T3
    - SPLIT  (65556 -> 65676)  ion 110: T2 -> Seg3 (swap_cnt=1, swap_hops=3, ion_hops=0, i1=110, i2=24)
    - MOVE   (65676 -> 65690)  ion 110: Seg3 -> Seg4 via J1
    - MOVE   (65690 -> 65704)  ion 110: Seg4 -> Seg1 via J0
    - MERGE  (65704 -> 65784)  ion 110: Seg1 -> T3
[SHUTTLE 54] ion=109  T3 -> T2  route=T3->J0->J1->T2
    - SPLIT  (65824 -> 65944)  ion 109: T3 -> Seg1 (swap_cnt=1, swap_hops=1, ion_hops=0, i1=109, i2=110)
    - MOVE   (65944 -> 65958)  ion 109: Seg1 -> Seg4 via J0
    - MOVE   (65958 -> 65972)  ion 109: Seg4 -> Seg3 via J1
    - MERGE  (65972 -> 66052)  ion 109: Seg3 -> T2
[SHUTTLE 55] ion=24  T2 -> T3  route=T2->J1->J0->T3
    - SPLIT  (66092 -> 66212)  ion 24: T2 -> Seg3 (swap_cnt=1, swap_hops=1, ion_hops=0, i1=24, i2=109)
    - MOVE   (66212 -> 66226)  ion 24: Seg3 -> Seg4 via J1
    - MOVE   (66226 -> 66240)  ion 24: Seg4 -> Seg1 via J0
    - MERGE  (66240 -> 66320)  ion 24: Seg1 -> T3
[SHUTTLE 56] ion=110  T3 -> T2  route=T3->J0->J1->T2
    - SPLIT  (66360 -> 66480)  ion 110: T3 -> Seg1 (swap_cnt=1, swap_hops=1, ion_hops=0, i1=110, i2=24)
    - MOVE   (66480 -> 66494)  ion 110: Seg1 -> Seg4 via J0
    - MOVE   (66494 -> 66508)  ion 110: Seg4 -> Seg3 via J1
    - MERGE  (66508 -> 66588)  ion 110: Seg3 -> T2
[SHUTTLE 57] ion=105  T2 -> T3  route=T2->J1->J0->T3
    - SPLIT  (69828 -> 69948)  ion 105: T2 -> Seg3 (swap_cnt=1, swap_hops=8, ion_hops=0, i1=105, i2=110)
    - MOVE   (69948 -> 69962)  ion 105: Seg3 -> Seg4 via J1
    - MOVE   (69962 -> 69976)  ion 105: Seg4 -> Seg1 via J0
    - MERGE  (69976 -> 70056)  ion 105: Seg1 -> T3
[SHUTTLE 58] ion=34  T6 -> T7  route=T6->J3->J2->T7
    - SPLIT  (73456 -> 73576)  ion 34: T6 -> Seg8 (swap_cnt=1, swap_hops=4, ion_hops=0, i1=34, i2=111)
    - MOVE   (73576 -> 73590)  ion 34: Seg8 -> Seg9 via J3
    - MOVE   (73590 -> 73604)  ion 34: Seg9 -> Seg6 via J2
    - MERGE  (73604 -> 73684)  ion 34: Seg6 -> T7
[SHUTTLE 59] ion=34  T7 -> T6  route=T7->J2->J3->T6
    - SPLIT  (75484 -> 75564)  ion 34: T7 -> Seg6 (swap_cnt=0, swap_hops=0, ion_hops=0, i1=0, i2=0)
    - MOVE   (75564 -> 75578)  ion 34: Seg6 -> Seg9 via J2
    - MOVE   (75578 -> 75592)  ion 34: Seg9 -> Seg8 via J3
    - MERGE  (75592 -> 75672)  ion 34: Seg8 -> T6
[SHUTTLE 60] ion=105  T3 -> T2  route=T3->J0->J1->T2
    - SPLIT  (78832 -> 78912)  ion 105: T3 -> Seg1 (swap_cnt=0, swap_hops=0, ion_hops=0, i1=0, i2=0)
    - MOVE   (78912 -> 78926)  ion 105: Seg1 -> Seg4 via J0
    - MOVE   (78926 -> 78940)  ion 105: Seg4 -> Seg3 via J1
    - MERGE  (78940 -> 79020)  ion 105: Seg3 -> T2
[SHUTTLE 61] ion=115  T2 -> T3  route=T2->J1->J0->T3
    - SPLIT  (87060 -> 87180)  ion 115: T2 -> Seg3 (swap_cnt=1, swap_hops=4, ion_hops=0, i1=115, i2=105)
    - MOVE   (87180 -> 87194)  ion 115: Seg3 -> Seg4 via J1
    - MOVE   (87194 -> 87208)  ion 115: Seg4 -> Seg1 via J0
    - MERGE  (87208 -> 87288)  ion 115: Seg1 -> T3
[SHUTTLE 62] ion=115  T3 -> T2  route=T3->J0->J1->T2
    - SPLIT  (89488 -> 89568)  ion 115: T3 -> Seg1 (swap_cnt=0, swap_hops=0, ion_hops=0, i1=0, i2=0)
    - MOVE   (89568 -> 89582)  ion 115: Seg1 -> Seg4 via J0
    - MOVE   (89582 -> 89596)  ion 115: Seg4 -> Seg3 via J1
    - MERGE  (89596 -> 89676)  ion 115: Seg3 -> T2
[SHUTTLE 63] ion=46  T6 -> T7  route=T6->J3->J2->T7
    - SPLIT  (101196 -> 101316)  ion 46: T6 -> Seg8 (swap_cnt=1, swap_hops=10, ion_hops=0, i1=46, i2=34)
    - MOVE   (101316 -> 101330)  ion 46: Seg8 -> Seg9 via J3
    - MOVE   (101330 -> 101344)  ion 46: Seg9 -> Seg6 via J2
    - MERGE  (101344 -> 101424)  ion 46: Seg6 -> T7
[SHUTTLE 64] ion=46  T7 -> T6  route=T7->J2->J3->T6
    - SPLIT  (103224 -> 103304)  ion 46: T7 -> Seg6 (swap_cnt=0, swap_hops=0, ion_hops=0, i1=0, i2=0)
    - MOVE   (103304 -> 103318)  ion 46: Seg6 -> Seg9 via J2
    - MOVE   (103318 -> 103332)  ion 46: Seg9 -> Seg8 via J3
    - MERGE  (103332 -> 103412)  ion 46: Seg8 -> T6
[SHUTTLE 65] ion=48  T14 -> T15  route=T14->J7->J6->T15
    - SPLIT  (110012 -> 110132)  ion 48: T14 -> Seg18 (swap_cnt=1, swap_hops=15, ion_hops=0, i1=48, i2=10)
    - MOVE   (110132 -> 110146)  ion 48: Seg18 -> Seg19 via J7
    - MOVE   (110146 -> 110160)  ion 48: Seg19 -> Seg16 via J6
    - MERGE  (110160 -> 110240)  ion 48: Seg16 -> T15
[SHUTTLE 66] ion=49  T15 -> T14  route=T15->J6->J7->T14
    - SPLIT  (111120 -> 111240)  ion 49: T15 -> Seg16 (swap_cnt=1, swap_hops=1, ion_hops=0, i1=49, i2=48)
    - MOVE   (111240 -> 111254)  ion 49: Seg16 -> Seg19 via J6
    - MOVE   (111254 -> 111268)  ion 49: Seg19 -> Seg18 via J7
    - MERGE  (111268 -> 111348)  ion 49: Seg18 -> T14
[SHUTTLE 67] ion=112  T14 -> T15  route=T14->J7->J6->T15
    - SPLIT  (111388 -> 111508)  ion 112: T14 -> Seg18 (swap_cnt=1, swap_hops=4, ion_hops=0, i1=112, i2=49)
    - MOVE   (111508 -> 111522)  ion 112: Seg18 -> Seg19 via J7
    - MOVE   (111522 -> 111536)  ion 112: Seg19 -> Seg16 via J6
    - MERGE  (111536 -> 111616)  ion 112: Seg16 -> T15
[SHUTTLE 68] ion=50  T15 -> T14  route=T15->J6->J7->T14
    - SPLIT  (111656 -> 111776)  ion 50: T15 -> Seg16 (swap_cnt=1, swap_hops=2, ion_hops=0, i1=50, i2=112)
    - MOVE   (111776 -> 111790)  ion 50: Seg16 -> Seg19 via J6
    - MOVE   (111790 -> 111804)  ion 50: Seg19 -> Seg18 via J7
    - MERGE  (111804 -> 111884)  ion 50: Seg18 -> T14
[SHUTTLE 69] ion=49  T14 -> T15  route=T14->J7->J6->T15
    - SPLIT  (111924 -> 112044)  ion 49: T14 -> Seg18 (swap_cnt=1, swap_hops=1, ion_hops=0, i1=49, i2=50)
    - MOVE   (112044 -> 112058)  ion 49: Seg18 -> Seg19 via J7
    - MOVE   (112058 -> 112072)  ion 49: Seg19 -> Seg16 via J6
    - MERGE  (112072 -> 112152)  ion 49: Seg16 -> T15
[SHUTTLE 70] ion=112  T15 -> T14  route=T15->J6->J7->T14
    - SPLIT  (112192 -> 112312)  ion 112: T15 -> Seg16 (swap_cnt=1, swap_hops=1, ion_hops=0, i1=112, i2=49)
    - MOVE   (112312 -> 112326)  ion 112: Seg16 -> Seg19 via J6
    - MOVE   (112326 -> 112340)  ion 112: Seg19 -> Seg18 via J7
    - MERGE  (112340 -> 112420)  ion 112: Seg18 -> T14
[SHUTTLE 71] ion=50  T14 -> T15  route=T14->J7->J6->T15
    - SPLIT  (112460 -> 112580)  ion 50: T14 -> Seg18 (swap_cnt=1, swap_hops=1, ion_hops=0, i1=50, i2=112)
    - MOVE   (112580 -> 112594)  ion 50: Seg18 -> Seg19 via J7
    - MOVE   (112594 -> 112608)  ion 50: Seg19 -> Seg16 via J6
    - MERGE  (112608 -> 112688)  ion 50: Seg16 -> T15
[SHUTTLE 72] ion=49  T15 -> T14  route=T15->J6->J7->T14
    - SPLIT  (112728 -> 112848)  ion 49: T15 -> Seg16 (swap_cnt=1, swap_hops=1, ion_hops=0, i1=49, i2=50)
    - MOVE   (112848 -> 112862)  ion 49: Seg16 -> Seg19 via J6
    - MOVE   (112862 -> 112876)  ion 49: Seg19 -> Seg18 via J7
    - MERGE  (112876 -> 112956)  ion 49: Seg18 -> T14
[SHUTTLE 73] ion=113  T14 -> T15  route=T14->J7->J6->T15
    - SPLIT  (113036 -> 113156)  ion 113: T14 -> Seg18 (swap_cnt=1, swap_hops=3, ion_hops=0, i1=113, i2=49)
    - MOVE   (113156 -> 113170)  ion 113: Seg18 -> Seg19 via J7
    - MOVE   (113170 -> 113184)  ion 113: Seg19 -> Seg16 via J6
    - MERGE  (113184 -> 113264)  ion 113: Seg16 -> T15
[SHUTTLE 74] ion=113  T15 -> T14  route=T15->J6->J7->T14
    - SPLIT  (120184 -> 120264)  ion 113: T15 -> Seg16 (swap_cnt=0, swap_hops=0, ion_hops=0, i1=0, i2=0)
    - MOVE   (120264 -> 120278)  ion 113: Seg16 -> Seg19 via J6
    - MOVE   (120278 -> 120292)  ion 113: Seg19 -> Seg18 via J7
    - MERGE  (120292 -> 120372)  ion 113: Seg18 -> T14
[SHUTTLE 75] ion=112  T14 -> T15  route=T14->J7->J6->T15
    - SPLIT  (120412 -> 120532)  ion 112: T14 -> Seg18 (swap_cnt=1, swap_hops=2, ion_hops=0, i1=112, i2=113)
    - MOVE   (120532 -> 120546)  ion 112: Seg18 -> Seg19 via J7
    - MOVE   (120546 -> 120560)  ion 112: Seg19 -> Seg16 via J6
    - MERGE  (120560 -> 120640)  ion 112: Seg16 -> T15
[SHUTTLE 76] ion=50  T15 -> T14  route=T15->J6->J7->T14
    - SPLIT  (120680 -> 120800)  ion 50: T15 -> Seg16 (swap_cnt=1, swap_hops=1, ion_hops=0, i1=50, i2=112)
    - MOVE   (120800 -> 120814)  ion 50: Seg16 -> Seg19 via J6
    - MOVE   (120814 -> 120828)  ion 50: Seg19 -> Seg18 via J7
    - MERGE  (120828 -> 120908)  ion 50: Seg18 -> T14
[SHUTTLE 77] ion=49  T14 -> T15  route=T14->J7->J6->T15
    - SPLIT  (120948 -> 121068)  ion 49: T14 -> Seg18 (swap_cnt=1, swap_hops=2, ion_hops=0, i1=49, i2=50)
    - MOVE   (121068 -> 121082)  ion 49: Seg18 -> Seg19 via J7
    - MOVE   (121082 -> 121096)  ion 49: Seg19 -> Seg16 via J6
    - MERGE  (121096 -> 121176)  ion 49: Seg16 -> T15
[SHUTTLE 78] ion=112  T15 -> T14  route=T15->J6->J7->T14
    - SPLIT  (121216 -> 121336)  ion 112: T15 -> Seg16 (swap_cnt=1, swap_hops=1, ion_hops=0, i1=112, i2=49)
    - MOVE   (121336 -> 121350)  ion 112: Seg16 -> Seg19 via J6
    - MOVE   (121350 -> 121364)  ion 112: Seg19 -> Seg18 via J7
    - MERGE  (121364 -> 121444)  ion 112: Seg18 -> T14
[SHUTTLE 79] ion=50  T14 -> T15  route=T14->J7->J6->T15
    - SPLIT  (121484 -> 121604)  ion 50: T14 -> Seg18 (swap_cnt=1, swap_hops=1, ion_hops=0, i1=50, i2=112)
    - MOVE   (121604 -> 121618)  ion 50: Seg18 -> Seg19 via J7
    - MOVE   (121618 -> 121632)  ion 50: Seg19 -> Seg16 via J6
    - MERGE  (121632 -> 121712)  ion 50: Seg16 -> T15
[SHUTTLE 80] ion=49  T15 -> T14  route=T15->J6->J7->T14
    - SPLIT  (121752 -> 121872)  ion 49: T15 -> Seg16 (swap_cnt=1, swap_hops=1, ion_hops=0, i1=49, i2=50)
    - MOVE   (121872 -> 121886)  ion 49: Seg16 -> Seg19 via J6
    - MOVE   (121886 -> 121900)  ion 49: Seg19 -> Seg18 via J7
    - MERGE  (121900 -> 121980)  ion 49: Seg18 -> T14
[SHUTTLE 81] ion=49  T14 -> T15  route=T14->J7->J6->T15
    - SPLIT  (122620 -> 122700)  ion 49: T14 -> Seg18 (swap_cnt=0, swap_hops=0, ion_hops=0, i1=0, i2=0)
    - MOVE   (122700 -> 122714)  ion 49: Seg18 -> Seg19 via J7
    - MOVE   (122714 -> 122728)  ion 49: Seg19 -> Seg16 via J6
    - MERGE  (122728 -> 122808)  ion 49: Seg16 -> T15
[SHUTTLE 82] ion=54  T15 -> T14  route=T15->J6->J7->T14
    - SPLIT  (126608 -> 126728)  ion 54: T15 -> Seg16 (swap_cnt=1, swap_hops=3, ion_hops=0, i1=54, i2=49)
    - MOVE   (126728 -> 126742)  ion 54: Seg16 -> Seg19 via J6
    - MOVE   (126742 -> 126756)  ion 54: Seg19 -> Seg18 via J7
    - MERGE  (126756 -> 126836)  ion 54: Seg18 -> T14
[SHUTTLE 83] ion=104  T14 -> T15  route=T14->J7->J6->T15
    - SPLIT  (126876 -> 126996)  ion 104: T14 -> Seg18 (swap_cnt=1, swap_hops=5, ion_hops=0, i1=104, i2=54)
    - MOVE   (126996 -> 127010)  ion 104: Seg18 -> Seg19 via J7
    - MOVE   (127010 -> 127024)  ion 104: Seg19 -> Seg16 via J6
    - MERGE  (127024 -> 127104)  ion 104: Seg16 -> T15
[SHUTTLE 84] ion=55  T15 -> T14  route=T15->J6->J7->T14
    - SPLIT  (127144 -> 127264)  ion 55: T15 -> Seg16 (swap_cnt=1, swap_hops=4, ion_hops=0, i1=55, i2=104)
    - MOVE   (127264 -> 127278)  ion 55: Seg16 -> Seg19 via J6
    - MOVE   (127278 -> 127292)  ion 55: Seg19 -> Seg18 via J7
    - MERGE  (127292 -> 127372)  ion 55: Seg18 -> T14
[SHUTTLE 85] ion=54  T14 -> T15  route=T14->J7->J6->T15
    - SPLIT  (127412 -> 127532)  ion 54: T14 -> Seg18 (swap_cnt=1, swap_hops=1, ion_hops=0, i1=54, i2=55)
    - MOVE   (127532 -> 127546)  ion 54: Seg18 -> Seg19 via J7
    - MOVE   (127546 -> 127560)  ion 54: Seg19 -> Seg16 via J6
    - MERGE  (127560 -> 127640)  ion 54: Seg16 -> T15
[SHUTTLE 86] ion=104  T15 -> T14  route=T15->J6->J7->T14
    - SPLIT  (127680 -> 127800)  ion 104: T15 -> Seg16 (swap_cnt=1, swap_hops=1, ion_hops=0, i1=104, i2=54)
    - MOVE   (127800 -> 127814)  ion 104: Seg16 -> Seg19 via J6
    - MOVE   (127814 -> 127828)  ion 104: Seg19 -> Seg18 via J7
    - MERGE  (127828 -> 127908)  ion 104: Seg18 -> T14
[SHUTTLE 87] ion=55  T14 -> T15  route=T14->J7->J6->T15
    - SPLIT  (127948 -> 128068)  ion 55: T14 -> Seg18 (swap_cnt=1, swap_hops=1, ion_hops=0, i1=55, i2=104)
    - MOVE   (128068 -> 128082)  ion 55: Seg18 -> Seg19 via J7
    - MOVE   (128082 -> 128096)  ion 55: Seg19 -> Seg16 via J6
    - MERGE  (128096 -> 128176)  ion 55: Seg16 -> T15
[SHUTTLE 88] ion=54  T15 -> T14  route=T15->J6->J7->T14
    - SPLIT  (128216 -> 128336)  ion 54: T15 -> Seg16 (swap_cnt=1, swap_hops=1, ion_hops=0, i1=54, i2=55)
    - MOVE   (128336 -> 128350)  ion 54: Seg16 -> Seg19 via J6
    - MOVE   (128350 -> 128364)  ion 54: Seg19 -> Seg18 via J7
    - MERGE  (128364 -> 128444)  ion 54: Seg18 -> T14
[SHUTTLE 89] ion=106  T14 -> T15  route=T14->J7->J6->T15
    - SPLIT  (129804 -> 129924)  ion 106: T14 -> Seg18 (swap_cnt=1, swap_hops=5, ion_hops=0, i1=106, i2=54)
    - MOVE   (129924 -> 129938)  ion 106: Seg18 -> Seg19 via J7
    - MOVE   (129938 -> 129952)  ion 106: Seg19 -> Seg16 via J6
    - MERGE  (129952 -> 130032)  ion 106: Seg16 -> T15
[SHUTTLE 90] ion=58  T6 -> T7  route=T6->J3->J2->T7
    - SPLIT  (132032 -> 132152)  ion 58: T6 -> Seg8 (swap_cnt=1, swap_hops=13, ion_hops=0, i1=58, i2=46)
    - MOVE   (132152 -> 132166)  ion 58: Seg8 -> Seg9 via J3
    - MOVE   (132166 -> 132180)  ion 58: Seg9 -> Seg6 via J2
    - MERGE  (132180 -> 132260)  ion 58: Seg6 -> T7
[SHUTTLE 91] ion=58  T7 -> T6  route=T7->J2->J3->T6
    - SPLIT  (134060 -> 134140)  ion 58: T7 -> Seg6 (swap_cnt=0, swap_hops=0, ion_hops=0, i1=0, i2=0)
    - MOVE   (134140 -> 134154)  ion 58: Seg6 -> Seg9 via J2
    - MOVE   (134154 -> 134168)  ion 58: Seg9 -> Seg8 via J3
    - MERGE  (134168 -> 134248)  ion 58: Seg8 -> T6
[SHUTTLE 92] ion=55  T15 -> T14  route=T15->J6->J7->T14
    - SPLIT  (136728 -> 136848)  ion 55: T15 -> Seg16 (swap_cnt=1, swap_hops=1, ion_hops=0, i1=55, i2=106)
    - MOVE   (136848 -> 136862)  ion 55: Seg16 -> Seg19 via J6
    - MOVE   (136862 -> 136876)  ion 55: Seg19 -> Seg18 via J7
    - MERGE  (136876 -> 136956)  ion 55: Seg18 -> T14
[SHUTTLE 93] ion=112  T14 -> T15  route=T14->J7->J6->T15
    - SPLIT  (141316 -> 141436)  ion 112: T14 -> Seg18 (swap_cnt=1, swap_hops=3, ion_hops=0, i1=112, i2=55)
    - MOVE   (141436 -> 141450)  ion 112: Seg18 -> Seg19 via J7
    - MOVE   (141450 -> 141464)  ion 112: Seg19 -> Seg16 via J6
    - MERGE  (141464 -> 141544)  ion 112: Seg16 -> T15
[SHUTTLE 94] ion=63  T6 -> T7  route=T6->J3->J2->T7
    - SPLIT  (144184 -> 144304)  ion 63: T6 -> Seg8 (swap_cnt=1, swap_hops=15, ion_hops=0, i1=63, i2=58)
    - MOVE   (144304 -> 144318)  ion 63: Seg8 -> Seg9 via J3
    - MOVE   (144318 -> 144332)  ion 63: Seg9 -> Seg6 via J2
    - MERGE  (144332 -> 144412)  ion 63: Seg6 -> T7
[SHUTTLE 95] ion=115  T2 -> T3  route=T2->J1->J0->T3
    - SPLIT  (145492 -> 145572)  ion 115: T2 -> Seg3 (swap_cnt=0, swap_hops=0, ion_hops=0, i1=0, i2=0)
    - MOVE   (145572 -> 145586)  ion 115: Seg3 -> Seg4 via J1
    - MOVE   (145586 -> 145600)  ion 115: Seg4 -> Seg1 via J0
    - MERGE  (145600 -> 145680)  ion 115: Seg1 -> T3
[SHUTTLE 96] ion=115  T3 -> T2  route=T3->J0->J1->T2
    - SPLIT  (147880 -> 147960)  ion 115: T3 -> Seg1 (swap_cnt=0, swap_hops=0, ion_hops=0, i1=0, i2=0)
    - MOVE   (147960 -> 147974)  ion 115: Seg1 -> Seg4 via J0
    - MOVE   (147974 -> 147988)  ion 115: Seg4 -> Seg3 via J1
    - MERGE  (147988 -> 148068)  ion 115: Seg3 -> T2
[SHUTTLE 97] ion=63  T7 -> T6  route=T7->J2->J3->T6
    - SPLIT  (149028 -> 149108)  ion 63: T7 -> Seg6 (swap_cnt=0, swap_hops=0, ion_hops=0, i1=0, i2=0)
    - MOVE   (149108 -> 149122)  ion 63: Seg6 -> Seg9 via J2
    - MOVE   (149122 -> 149136)  ion 63: Seg9 -> Seg8 via J3
    - MERGE  (149136 -> 149216)  ion 63: Seg8 -> T6
[SHUTTLE 98] ion=70  T10 -> T11  route=T10->J5->J4->T11
    - SPLIT  (160416 -> 160536)  ion 70: T10 -> Seg13 (swap_cnt=1, swap_hops=9, ion_hops=0, i1=70, i2=103)
    - MOVE   (160536 -> 160550)  ion 70: Seg13 -> Seg14 via J5
    - MOVE   (160550 -> 160564)  ion 70: Seg14 -> Seg11 via J4
    - MERGE  (160564 -> 160644)  ion 70: Seg11 -> T11
[SHUTTLE 99] ion=70  T11 -> T10  route=T11->J4->J5->T10
    - SPLIT  (162644 -> 162724)  ion 70: T11 -> Seg11 (swap_cnt=0, swap_hops=0, ion_hops=0, i1=0, i2=0)
    - MOVE   (162724 -> 162738)  ion 70: Seg11 -> Seg14 via J4
    - MOVE   (162738 -> 162752)  ion 70: Seg14 -> Seg13 via J5
    - MERGE  (162752 -> 162832)  ion 70: Seg13 -> T10
[SHUTTLE 100] ion=111  T6 -> T7  route=T6->J3->J2->T7
    - SPLIT  (169152 -> 169272)  ion 111: T6 -> Seg8 (swap_cnt=1, swap_hops=4, ion_hops=0, i1=111, i2=63)
    - MOVE   (169272 -> 169286)  ion 111: Seg8 -> Seg9 via J3
    - MOVE   (169286 -> 169300)  ion 111: Seg9 -> Seg6 via J2
    - MERGE  (169300 -> 169380)  ion 111: Seg6 -> T7
[SHUTTLE 101] ion=74  T15 -> T14  route=T15->J6->J7->T14
    - SPLIT  (170660 -> 170780)  ion 74: T15 -> Seg16 (swap_cnt=1, swap_hops=10, ion_hops=0, i1=74, i2=112)
    - MOVE   (170780 -> 170794)  ion 74: Seg16 -> Seg19 via J6
    - MOVE   (170794 -> 170808)  ion 74: Seg19 -> Seg18 via J7
    - MERGE  (170808 -> 170888)  ion 74: Seg18 -> T14
[SHUTTLE 102] ion=115  T2 -> T3  route=T2->J1->J0->T3
    - SPLIT  (173328 -> 173408)  ion 115: T2 -> Seg3 (swap_cnt=0, swap_hops=0, ion_hops=0, i1=0, i2=0)
    - MOVE   (173408 -> 173422)  ion 115: Seg3 -> Seg4 via J1
    - MOVE   (173422 -> 173436)  ion 115: Seg4 -> Seg1 via J0
    - MERGE  (173436 -> 173516)  ion 115: Seg1 -> T3
[SHUTTLE 103] ion=115  T3 -> T2  route=T3->J0->J1->T2
    - SPLIT  (175716 -> 175796)  ion 115: T3 -> Seg1 (swap_cnt=0, swap_hops=0, ion_hops=0, i1=0, i2=0)
    - MOVE   (175796 -> 175810)  ion 115: Seg1 -> Seg4 via J0
    - MOVE   (175810 -> 175824)  ion 115: Seg4 -> Seg3 via J1
    - MERGE  (175824 -> 175904)  ion 115: Seg3 -> T2
[SHUTTLE 104] ion=74  T14 -> T15  route=T14->J7->J6->T15
    - SPLIT  (177584 -> 177664)  ion 74: T14 -> Seg18 (swap_cnt=0, swap_hops=0, ion_hops=0, i1=0, i2=0)
    - MOVE   (177664 -> 177678)  ion 74: Seg18 -> Seg19 via J7
    - MOVE   (177678 -> 177692)  ion 74: Seg19 -> Seg16 via J6
    - MERGE  (177692 -> 177772)  ion 74: Seg16 -> T15
[SHUTTLE 105] ion=82  T10 -> T11  route=T10->J5->J4->T11
    - SPLIT  (187612 -> 187732)  ion 82: T10 -> Seg13 (swap_cnt=1, swap_hops=14, ion_hops=0, i1=82, i2=70)
    - MOVE   (187732 -> 187746)  ion 82: Seg13 -> Seg14 via J5
    - MOVE   (187746 -> 187760)  ion 82: Seg14 -> Seg11 via J4
    - MERGE  (187760 -> 187840)  ion 82: Seg11 -> T11
[SHUTTLE 106] ion=82  T11 -> T10  route=T11->J4->J5->T10
    - SPLIT  (189840 -> 189920)  ion 82: T11 -> Seg11 (swap_cnt=0, swap_hops=0, ion_hops=0, i1=0, i2=0)
    - MOVE   (189920 -> 189934)  ion 82: Seg11 -> Seg14 via J4
    - MOVE   (189934 -> 189948)  ion 82: Seg14 -> Seg13 via J5
    - MERGE  (189948 -> 190028)  ion 82: Seg13 -> T10
[SHUTTLE 107] ion=90  T10 -> T11  route=T10->J5->J4->T11
    - SPLIT  (209948 -> 210068)  ion 90: T10 -> Seg13 (swap_cnt=1, swap_hops=15, ion_hops=0, i1=90, i2=82)
    - MOVE   (210068 -> 210082)  ion 90: Seg13 -> Seg14 via J5
    - MOVE   (210082 -> 210096)  ion 90: Seg14 -> Seg11 via J4
    - MERGE  (210096 -> 210176)  ion 90: Seg11 -> T11
[SHUTTLE 108] ion=90  T11 -> T10  route=T11->J4->J5->T10
    - SPLIT  (221536 -> 221616)  ion 90: T11 -> Seg11 (swap_cnt=0, swap_hops=0, ion_hops=0, i1=0, i2=0)
    - MOVE   (221616 -> 221630)  ion 90: Seg11 -> Seg14 via J4
    - MOVE   (221630 -> 221644)  ion 90: Seg14 -> Seg13 via J5
    - MERGE  (221644 -> 221724)  ion 90: Seg13 -> T10
[SHUTTLE 109] ion=98  T15 -> T14  route=T15->J6->J7->T14
    - SPLIT  (225404 -> 225524)  ion 98: T15 -> Seg16 (swap_cnt=1, swap_hops=13, ion_hops=0, i1=98, i2=74)
    - MOVE   (225524 -> 225538)  ion 98: Seg16 -> Seg19 via J6
    - MOVE   (225538 -> 225552)  ion 98: Seg19 -> Seg18 via J7
    - MERGE  (225552 -> 225632)  ion 98: Seg18 -> T14
[SHUTTLE 110] ion=115  T2 -> T3  route=T2->J1->J0->T3
    - SPLIT  (228072 -> 228152)  ion 115: T2 -> Seg3 (swap_cnt=0, swap_hops=0, ion_hops=0, i1=0, i2=0)
    - MOVE   (228152 -> 228166)  ion 115: Seg3 -> Seg4 via J1
    - MOVE   (228166 -> 228180)  ion 115: Seg4 -> Seg1 via J0
    - MERGE  (228180 -> 228260)  ion 115: Seg1 -> T3
[SHUTTLE 111] ion=98  T14 -> T15  route=T14->J7->J6->T15
    - SPLIT  (232020 -> 232100)  ion 98: T14 -> Seg18 (swap_cnt=0, swap_hops=0, ion_hops=0, i1=0, i2=0)
    - MOVE   (232100 -> 232114)  ion 98: Seg18 -> Seg19 via J7
    - MOVE   (232114 -> 232128)  ion 98: Seg19 -> Seg16 via J6
    - MERGE  (232128 -> 232208)  ion 98: Seg16 -> T15
SplitSWAP: 90
SchedulerFiredShuttle: 112
ReportedTotalShuttle: 112
----------------
SUMMARY|program=programs\SQRT117|machine=EML2Z|version=V7|mapper=SABRELarge|scale=LARGE|total_shuttle=112|execution_time_us=234218.0|fidelity=6.46991812641139e-08|trap_capacity=16|lookahead_k=8|swap_threshold=4|num_optical_zones=2|max_qubits_per_qccd=32|enable_swap_insert=1|num_modules=4|remote_gate_count=911|compile_time_s=7.400113|logical_shuttle_count=112|physical_shuttle_leg_count=112|split_count=112|merge_count=112|move_count=212|local_1q_count=2191|local_2q_count=688|operation_local_2q_count=6|optical_local_2q_count=682|storage_local_2q_count=0|remote_2q_count=911|fiber_gate_count=911|regular_fiber_gate_count=911|swap_insert_gate_count=0|swap_insert_logical_count=0|local_1q_time=10955.0|local_2q_time=27520.0|operation_local_2q_time=240.0|optical_local_2q_time=27280.0|storage_local_2q_time=0.0|fiber_gate_time=182200.0|swap_insert_time=0.0|split_time_total=12560.0|move_time_total=2968.0|merge_time_total=8960.0|shuttle_time_total=24488.0|gate_mult=1.1937607565359448e-07|regular_gate_mult=1.1937607565359448e-07|swap_insert_gate_mult=1.0|operation_local_2q_mult=0.9990628661346527|optical_local_2q_mult=0.001408707677073383|shuttle_mult=0.5419777866702368
