========== Gate Set Summary ==========
cx: 255
h: 1
======================================
Simulation
Program:           programs\GHZ256.qasm
Machine:           EML2Z
Model:             MUSS_Params
Program Qubits:    256
Ions/Region(arg):  16
Effective Cap:     16
Mapper:            SABRE
Reorder:           Naive
SerialTrap:        1
SerialComm:        1
SerialAll:         1
GateType:          FM
SwapType:          PaperSwapDirect
Scheduler Family:  MUSS
Scheduler Version: V7
Analyzer Mode:     PAPER
Arch Scale:        LARGE
Large.Env.K:       8
Large.Env.T:       4
Large.Env.MaxQCCD: 32
Large.Env.OptZone: 2
Large.Env.SWAP:    True
#Traps=32 #Junctions=16 #Segments=40
TrapCapacity(default)=16
#FiberLinks=112 #QCCDs=8
Parse object map:
{1: [0, 1], 2: [1, 2], 3: [2, 3], 4: [3, 4], 5: [4, 5], 6: [5, 6], 7: [6, 7], 8: [7, 8], 9: [8, 9], 10: [9, 10], 11: [10, 11], 12: [11, 12], 13: [12, 13], 14: [13, 14], 15: [14, 15], 16: [15, 16], 17: [16, 17], 18: [17, 18], 19: [18, 19], 20: [19, 20], 21: [20, 21], 22: [21, 22], 23: [22, 23], 24: [23, 24], 25: [24, 25], 26: [25, 26], 27: [26, 27], 28: [27, 28], 29: [28, 29], 30: [29, 30], 31: [30, 31], 32: [31, 32], 33: [32, 33], 34: [33, 34], 35: [34, 35], 36: [35, 36], 37: [36, 37], 38: [37, 38], 39: [38, 39], 40: [39, 40], 41: [40, 41], 42: [41, 42], 43: [42, 43], 44: [43, 44], 45: [44, 45], 46: [45, 46], 47: [46, 47], 48: [47, 48], 49: [48, 49], 50: [49, 50], 51: [50, 51], 52: [51, 52], 53: [52, 53], 54: [53, 54], 55: [54, 55], 56: [55, 56], 57: [56, 57], 58: [57, 58], 59: [58, 59], 60: [59, 60], 61: [60, 61], 62: [61, 62], 63: [62, 63], 64: [63, 64], 65: [64, 65], 66: [65, 66], 67: [66, 67], 68: [67, 68], 69: [68, 69], 70: [69, 70], 71: [70, 71], 72: [71, 72], 73: [72, 73], 74: [73, 74], 75: [74, 75], 76: [75, 76], 77: [76, 77], 78: [77, 78], 79: [78, 79], 80: [79, 80], 81: [80, 81], 82: [81, 82], 83: [82, 83], 84: [83, 84], 85: [84, 85], 86: [85, 86], 87: [86, 87], 88: [87, 88], 89: [88, 89], 90: [89, 90], 91: [90, 91], 92: [91, 92], 93: [92, 93], 94: [93, 94], 95: [94, 95], 96: [95, 96], 97: [96, 97], 98: [97, 98], 99: [98, 99], 100: [99, 100], 101: [100, 101], 102: [101, 102], 103: [102, 103], 104: [103, 104], 105: [104, 105], 106: [105, 106], 107: [106, 107], 108: [107, 108], 109: [108, 109], 110: [109, 110], 111: [110, 111], 112: [111, 112], 113: [112, 113], 114: [113, 114], 115: [114, 115], 116: [115, 116], 117: [116, 117], 118: [117, 118], 119: [118, 119], 120: [119, 120], 121: [120, 121], 122: [121, 122], 123: [122, 123], 124: [123, 124], 125: [124, 125], 126: [125, 126], 127: [126, 127], 128: [127, 128], 129: [128, 129], 130: [129, 130], 131: [130, 131], 132: [131, 132], 133: [132, 133], 134: [133, 134], 135: [134, 135], 136: [135, 136], 137: [136, 137], 138: [137, 138], 139: [138, 139], 140: [139, 140], 141: [140, 141], 142: [141, 142], 143: [142, 143], 144: [143, 144], 145: [144, 145], 146: [145, 146], 147: [146, 147], 148: [147, 148], 149: [148, 149], 150: [149, 150], 151: [150, 151], 152: [151, 152], 153: [152, 153], 154: [153, 154], 155: [154, 155], 156: [155, 156], 157: [156, 157], 158: [157, 158], 159: [158, 159], 160: [159, 160], 161: [160, 161], 162: [161, 162], 163: [162, 163], 164: [163, 164], 165: [164, 165], 166: [165, 166], 167: [166, 167], 168: [167, 168], 169: [168, 169], 170: [169, 170], 171: [170, 171], 172: [171, 172], 173: [172, 173], 174: [173, 174], 175: [174, 175], 176: [175, 176], 177: [176, 177], 178: [177, 178], 179: [178, 179], 180: [179, 180], 181: [180, 181], 182: [181, 182], 183: [182, 183], 184: [183, 184], 185: [184, 185], 186: [185, 186], 187: [186, 187], 188: [187, 188], 189: [188, 189], 190: [189, 190], 191: [190, 191], 192: [191, 192], 193: [192, 193], 194: [193, 194], 195: [194, 195], 196: [195, 196], 197: [196, 197], 198: [197, 198], 199: [198, 199], 200: [199, 200], 201: [200, 201], 202: [201, 202], 203: [202, 203], 204: [203, 204], 205: [204, 205], 206: [205, 206], 207: [206, 207], 208: [207, 208], 209: [208, 209], 210: [209, 210], 211: [210, 211], 212: [211, 212], 213: [212, 213], 214: [213, 214], 215: [214, 215], 216: [215, 216], 217: [216, 217], 218: [217, 218], 219: [218, 219], 220: [219, 220], 221: [220, 221], 222: [221, 222], 223: [222, 223], 224: [223, 224], 225: [224, 225], 226: [225, 226], 227: [226, 227], 228: [227, 228], 229: [228, 229], 230: [229, 230], 231: [230, 231], 232: [231, 232], 233: [232, 233], 234: [233, 234], 235: [234, 235], 236: [235, 236], 237: [236, 237], 238: [237, 238], 239: [238, 239], 240: [239, 240], 241: [240, 241], 242: [241, 242], 243: [242, 243], 244: [243, 244], 245: [244, 245], 246: [245, 246], 247: [246, 247], 248: [247, 248], 249: [248, 249], 250: [249, 250], 251: [250, 251], 252: [251, 252], 253: [252, 253], 254: [253, 254], 255: [254, 255]}
Parse object graph:
DiGraph with 256 nodes and 255 edges
Using QubitMapSABRELarge mapper (large-scale module-aware / zone-aware version)
Raw mapping:
{'layout': {223: 2, 225: 2, 226: 2, 227: 2, 228: 2, 229: 2, 230: 2, 231: 2, 232: 2, 233: 2, 234: 2, 235: 2, 236: 2, 237: 2, 238: 2, 239: 2, 240: 3, 241: 3, 242: 3, 243: 3, 244: 3, 245: 3, 246: 3, 247: 3, 248: 3, 249: 3, 250: 3, 251: 3, 252: 3, 253: 3, 254: 3, 255: 3, 1: 6, 2: 6, 3: 6, 4: 6, 5: 6, 6: 6, 7: 6, 8: 6, 9: 6, 10: 6, 11: 6, 12: 6, 13: 6, 14: 6, 15: 6, 16: 6, 17: 7, 18: 7, 19: 7, 20: 7, 21: 7, 22: 7, 23: 7, 24: 7, 25: 7, 26: 7, 27: 7, 28: 7, 29: 7, 30: 7, 31: 7, 0: 7, 32: 10, 33: 10, 34: 10, 35: 10, 36: 10, 37: 10, 38: 10, 39: 10, 40: 10, 41: 10, 42: 10, 43: 10, 44: 10, 45: 10, 46: 10, 47: 10, 48: 11, 49: 11, 50: 11, 51: 11, 52: 11, 53: 11, 54: 11, 55: 11, 56: 11, 57: 11, 58: 11, 59: 11, 60: 11, 61: 11, 93: 11, 125: 11, 62: 14, 63: 14, 64: 14, 65: 14, 66: 14, 67: 14, 68: 14, 69: 14, 70: 14, 71: 14, 72: 14, 73: 14, 74: 14, 75: 14, 76: 14, 77: 14, 78: 15, 79: 15, 80: 15, 81: 15, 82: 15, 83: 15, 84: 15, 85: 15, 86: 15, 87: 15, 88: 15, 89: 15, 90: 15, 91: 15, 92: 15, 157: 15, 94: 18, 95: 18, 96: 18, 97: 18, 98: 18, 99: 18, 100: 18, 101: 18, 102: 18, 103: 18, 104: 18, 105: 18, 106: 18, 107: 18, 108: 18, 109: 18, 110: 19, 111: 19, 112: 19, 113: 19, 114: 19, 115: 19, 116: 19, 117: 19, 118: 19, 119: 19, 120: 19, 121: 19, 122: 19, 123: 19, 124: 19, 189: 19, 126: 22, 127: 22, 128: 22, 129: 22, 130: 22, 131: 22, 132: 22, 133: 22, 134: 22, 135: 22, 136: 22, 137: 22, 138: 22, 139: 22, 140: 22, 141: 22, 142: 23, 143: 23, 144: 23, 145: 23, 146: 23, 147: 23, 148: 23, 149: 23, 150: 23, 151: 23, 152: 23, 153: 23, 154: 23, 155: 23, 156: 23, 221: 23, 158: 26, 159: 26, 160: 26, 161: 26, 162: 26, 163: 26, 164: 26, 165: 26, 166: 26, 167: 26, 168: 26, 169: 26, 170: 26, 171: 26, 172: 26, 173: 26, 174: 27, 175: 27, 176: 27, 177: 27, 178: 27, 179: 27, 180: 27, 181: 27, 182: 27, 183: 27, 184: 27, 185: 27, 186: 27, 187: 27, 188: 27, 222: 27, 190: 30, 191: 30, 192: 30, 193: 30, 194: 30, 195: 30, 196: 30, 197: 30, 198: 30, 199: 30, 200: 30, 201: 30, 202: 30, 203: 30, 204: 30, 205: 30, 206: 31, 207: 31, 208: 31, 209: 31, 210: 31, 211: 31, 212: 31, 213: 31, 214: 31, 215: 31, 216: 31, 217: 31, 218: 31, 219: 31, 220: 31, 224: 31}, 'trap_to_qubits': {0: [], 1: [], 2: [223, 225, 226, 227, 228, 229, 230, 231, 232, 233, 234, 235, 236, 237, 238, 239], 3: [240, 241, 242, 243, 244, 245, 246, 247, 248, 249, 250, 251, 252, 253, 254, 255], 4: [], 5: [], 6: [1, 2, 3, 4, 5, 6, 7, 8, 9, 10, 11, 12, 13, 14, 15, 16], 7: [17, 18, 19, 20, 21, 22, 23, 24, 25, 26, 27, 28, 29, 30, 31, 0], 8: [], 9: [], 10: [32, 33, 34, 35, 36, 37, 38, 39, 40, 41, 42, 43, 44, 45, 46, 47], 11: [48, 49, 50, 51, 52, 53, 54, 55, 56, 57, 58, 59, 60, 61, 93, 125], 12: [], 13: [], 14: [62, 63, 64, 65, 66, 67, 68, 69, 70, 71, 72, 73, 74, 75, 76, 77], 15: [78, 79, 80, 81, 82, 83, 84, 85, 86, 87, 88, 89, 90, 91, 92, 157], 16: [], 17: [], 18: [94, 95, 96, 97, 98, 99, 100, 101, 102, 103, 104, 105, 106, 107, 108, 109], 19: [110, 111, 112, 113, 114, 115, 116, 117, 118, 119, 120, 121, 122, 123, 124, 189], 20: [], 21: [], 22: [126, 127, 128, 129, 130, 131, 132, 133, 134, 135, 136, 137, 138, 139, 140, 141], 23: [142, 143, 144, 145, 146, 147, 148, 149, 150, 151, 152, 153, 154, 155, 156, 221], 24: [], 25: [], 26: [158, 159, 160, 161, 162, 163, 164, 165, 166, 167, 168, 169, 170, 171, 172, 173], 27: [174, 175, 176, 177, 178, 179, 180, 181, 182, 183, 184, 185, 186, 187, 188, 222], 28: [], 29: [], 30: [190, 191, 192, 193, 194, 195, 196, 197, 198, 199, 200, 201, 202, 203, 204, 205], 31: [206, 207, 208, 209, 210, 211, 212, 213, 214, 215, 216, 217, 218, 219, 220, 224]}}
Initial layout policy: mapping_bundle(layout + trap_to_qubits_from_mapper)
Note: reorder_choice='Naive' is ignored because mapper already provides ordered trap layout
Use mapper-provided ordered trap layout for mapper 'SABRE'
Initial qubit layout:
{0: [], 1: [], 2: [223, 225, 226, 227, 228, 229, 230, 231, 232, 233, 234, 235, 236, 237, 238, 239], 3: [240, 241, 242, 243, 244, 245, 246, 247, 248, 249, 250, 251, 252, 253, 254, 255], 4: [], 5: [], 6: [1, 2, 3, 4, 5, 6, 7, 8, 9, 10, 11, 12, 13, 14, 15, 16], 7: [17, 18, 19, 20, 21, 22, 23, 24, 25, 26, 27, 28, 29, 30, 31, 0], 8: [], 9: [], 10: [32, 33, 34, 35, 36, 37, 38, 39, 40, 41, 42, 43, 44, 45, 46, 47], 11: [48, 49, 50, 51, 52, 53, 54, 55, 56, 57, 58, 59, 60, 61, 93, 125], 12: [], 13: [], 14: [62, 63, 64, 65, 66, 67, 68, 69, 70, 71, 72, 73, 74, 75, 76, 77], 15: [78, 79, 80, 81, 82, 83, 84, 85, 86, 87, 88, 89, 90, 91, 92, 157], 16: [], 17: [], 18: [94, 95, 96, 97, 98, 99, 100, 101, 102, 103, 104, 105, 106, 107, 108, 109], 19: [110, 111, 112, 113, 114, 115, 116, 117, 118, 119, 120, 121, 122, 123, 124, 189], 20: [], 21: [], 22: [126, 127, 128, 129, 130, 131, 132, 133, 134, 135, 136, 137, 138, 139, 140, 141], 23: [142, 143, 144, 145, 146, 147, 148, 149, 150, 151, 152, 153, 154, 155, 156, 221], 24: [], 25: [], 26: [158, 159, 160, 161, 162, 163, 164, 165, 166, 167, 168, 169, 170, 171, 172, 173], 27: [174, 175, 176, 177, 178, 179, 180, 181, 182, 183, 184, 185, 186, 187, 188, 222], 28: [], 29: [], 30: [190, 191, 192, 193, 194, 195, 196, 197, 198, 199, 200, 201, 202, 203, 204, 205], 31: [206, 207, 208, 209, 210, 211, 212, 213, 214, 215, 216, 217, 218, 219, 220, 224]}
Using MUSS Scheduler (V7) with SABRE Mapping
Using muss_schedule7.py large-scale version
Scheduler object construction time: 0.000729s
Scheduler run time: 0.034800s
Analyzer shuttle mode: aggregate (detected shuttle_id annotations)
Using analyzer_v7.py (paper-faithful analyzer for MUSS V7)
AnalyzerV7 parameter wiring: alpha_bg=0.0, T1=600000000.0, k_heating=0.001, epsilon_2q=3.90625e-05, split_merge=80.0, ion_swap=40.0, fiber_latency=200.0, fiber_fidelity=0.99, strict_paper_mainline=True
AnalyzerV7 mode: paper-faithful V7
Program Finish Time: 17814.0 us
OPCOUNTS Gate: 256 Split: 25 Move: 41 Merge: 25

Two-qubit gate chain statistics
Mean: 15.56078431372549 Max: 16.0
Fidelity: 0.07371830015365555

Paper-facing shuttle summary
  logical_shuttle_count      = 25
  physical_shuttle_leg_count = 25
  split_count                = 25
  move_count                 = 41
  merge_count                = 25

V7 gate summary
  local_1q_count             = 1
  local_2q_count             = 240
  operation_local_2q_count   = 8
  optical_local_2q_count     = 232
  storage_local_2q_count     = 0
  remote_2q_count            = 15
  fiber_gate_count           = 15
  regular_fiber_gate_count   = 15
  swap_insert_gate_count     = 0
  swap_insert_logical_count  = 0

Zone gate summary
  zone_gate_count[storage] = 0
  zone_gate_count[operation] = 9
  zone_gate_count[optical] = 247
  zone_gate_count[unknown] = 0
  zone_2q_count[storage]   = 0
  zone_2q_count[operation]   = 8
  zone_2q_count[optical]   = 247
  zone_2q_count[unknown]   = 0

Time breakdown (paper-facing)
  local_1q_time        = 5.0 us
  local_2q_time        = 9600.0 us
  operation_local_2q_time = 320.0 us
  optical_local_2q_time   = 9280.0 us
  storage_local_2q_time   = 0.0 us
  fiber_gate_time      = 3000.0 us
  swap_insert_time     = 0.0 us
  split_time_total     = 2640.0 us
  move_time_total      = 574.0 us
  merge_time_total     = 2000.0 us
  shuttle_time_total   = 5214.0 us
[DBG SUMMARY] gates=256  gate_mult=0.083427  avg_gate_nbar=0.0000
[DBG SUMMARY] logical_shuttles=25  shuttle_mult=0.883626  min_shuttle=0.9942
[DBG SUMMARY] worst_B: Trap 0 -> 1.000000 (heat_state=0.000000, alpha_bg=0.0, strict_paper_mainline=True)
Analyzer time: 0.001694s

========== ANALYSIS RESULT ==========
{'fidelity': 0.07371830015365555, 'total_shuttle': 25, 'logical_shuttle_count': 25, 'physical_shuttle_leg_count': 25, 'split_count': 25, 'merge_count': 25, 'move_count': 41, 'time': 17814.0, 'local_1q_count': 1, 'local_2q_count': 240, 'operation_local_2q_count': 8, 'optical_local_2q_count': 232, 'storage_local_2q_count': 0, 'remote_2q_count': 15, 'fiber_gate_count': 15, 'regular_fiber_gate_count': 15, 'swap_insert_gate_count': 0, 'swap_insert_logical_count': 0, 'swap_insert_gate_remainder': 0, 'zone_gate_counts': {'storage': 0, 'operation': 9, 'optical': 247, 'unknown': 0}, 'zone_2q_counts': {'storage': 0, 'operation': 8, 'optical': 247, 'unknown': 0}, 'local_1q_time': 5.0, 'local_2q_time': 9600.0, 'operation_local_2q_time': 320.0, 'optical_local_2q_time': 9280.0, 'storage_local_2q_time': 0.0, 'fiber_gate_time': 3000.0, 'swap_insert_time': 0.0, 'split_time_total': 2640.0, 'move_time_total': 574.0, 'merge_time_total': 2000.0, 'shuttle_time_total': 5214.0, 'gate_mult': 0.08342701856429814, 'regular_gate_mult': 0.08342701856429814, 'swap_insert_gate_mult': 1.0, 'operation_local_2q_mult': 0.9987506833801689, 'optical_local_2q_mult': 0.09713262969004913, 'shuttle_mult': 0.8836262091379902}

========== SHUTTLE TRACE ==========
[SHUTTLE 0] ion=0  T7 -> T5  route=T7->J2->J3->T5
    - SPLIT  (0 -> 120)  ion 0: T7 -> Seg6 (swap_cnt=1, swap_hops=15, ion_hops=0, i1=0, i2=17)
    - MOVE   (120 -> 134)  ion 0: Seg6 -> Seg9 via J2
    - MOVE   (134 -> 148)  ion 0: Seg9 -> Seg7 via J3
    - MERGE  (148 -> 228)  ion 0: Seg7 -> T5
[SHUTTLE 1] ion=1  T6 -> T5  route=T6->J3->T5
    - SPLIT  (228 -> 308)  ion 1: T6 -> Seg8 (swap_cnt=0, swap_hops=0, ion_hops=0, i1=0, i2=0)
    - MOVE   (308 -> 322)  ion 1: Seg8 -> Seg7 via J3
    - MERGE  (322 -> 402)  ion 1: Seg7 -> T5
[SHUTTLE 2] ion=1  T5 -> T6  route=T5->J3->T6
    - SPLIT  (442 -> 522)  ion 1: T5 -> Seg7 (swap_cnt=0, swap_hops=0, ion_hops=0, i1=0, i2=0)
    - MOVE   (522 -> 536)  ion 1: Seg7 -> Seg8 via J3
    - MERGE  (536 -> 616)  ion 1: Seg8 -> T6
[SHUTTLE 3] ion=16  T6 -> T7  route=T6->J3->J2->T7
    - SPLIT  (1216 -> 1336)  ion 16: T6 -> Seg8 (swap_cnt=1, swap_hops=15, ion_hops=0, i1=16, i2=1)
    - MOVE   (1336 -> 1350)  ion 16: Seg8 -> Seg9 via J3
    - MOVE   (1350 -> 1364)  ion 16: Seg9 -> Seg6 via J2
    - MERGE  (1364 -> 1444)  ion 16: Seg6 -> T7
[SHUTTLE 4] ion=48  T11 -> T9  route=T11->J4->J5->T9
    - SPLIT  (2844 -> 2924)  ion 48: T11 -> Seg11 (swap_cnt=0, swap_hops=0, ion_hops=0, i1=0, i2=0)
    - MOVE   (2924 -> 2938)  ion 48: Seg11 -> Seg14 via J4
    - MOVE   (2938 -> 2952)  ion 48: Seg14 -> Seg12 via J5
    - MERGE  (2952 -> 3032)  ion 48: Seg12 -> T9
[SHUTTLE 5] ion=47  T10 -> T9  route=T10->J5->T9
    - SPLIT  (3032 -> 3152)  ion 47: T10 -> Seg13 (swap_cnt=1, swap_hops=15, ion_hops=0, i1=47, i2=32)
    - MOVE   (3152 -> 3166)  ion 47: Seg13 -> Seg12 via J5
    - MERGE  (3166 -> 3246)  ion 47: Seg12 -> T9
[SHUTTLE 6] ion=48  T9 -> T11  route=T9->J5->J4->T11
    - SPLIT  (3286 -> 3406)  ion 48: T9 -> Seg12 (swap_cnt=1, swap_hops=1, ion_hops=0, i1=48, i2=47)
    - MOVE   (3406 -> 3420)  ion 48: Seg12 -> Seg14 via J5
    - MOVE   (3420 -> 3434)  ion 48: Seg14 -> Seg11 via J4
    - MERGE  (3434 -> 3514)  ion 48: Seg11 -> T11
[SHUTTLE 7] ion=78  T15 -> T13  route=T15->J6->J7->T13
    - SPLIT  (4834 -> 4914)  ion 78: T15 -> Seg16 (swap_cnt=0, swap_hops=0, ion_hops=0, i1=0, i2=0)
    - MOVE   (4914 -> 4928)  ion 78: Seg16 -> Seg19 via J6
    - MOVE   (4928 -> 4942)  ion 78: Seg19 -> Seg17 via J7
    - MERGE  (4942 -> 5022)  ion 78: Seg17 -> T13
[SHUTTLE 8] ion=77  T14 -> T13  route=T14->J7->T13
    - SPLIT  (5022 -> 5142)  ion 77: T14 -> Seg18 (swap_cnt=1, swap_hops=15, ion_hops=0, i1=77, i2=62)
    - MOVE   (5142 -> 5156)  ion 77: Seg18 -> Seg17 via J7
    - MERGE  (5156 -> 5236)  ion 77: Seg17 -> T13
[SHUTTLE 9] ion=78  T13 -> T15  route=T13->J7->J6->T15
    - SPLIT  (5276 -> 5396)  ion 78: T13 -> Seg17 (swap_cnt=1, swap_hops=1, ion_hops=0, i1=78, i2=77)
    - MOVE   (5396 -> 5410)  ion 78: Seg17 -> Seg19 via J7
    - MOVE   (5410 -> 5424)  ion 78: Seg19 -> Seg16 via J6
    - MERGE  (5424 -> 5504)  ion 78: Seg16 -> T15
[SHUTTLE 10] ion=110  T19 -> T17  route=T19->J8->J9->T17
    - SPLIT  (7064 -> 7144)  ion 110: T19 -> Seg21 (swap_cnt=0, swap_hops=0, ion_hops=0, i1=0, i2=0)
    - MOVE   (7144 -> 7158)  ion 110: Seg21 -> Seg24 via J8
    - MOVE   (7158 -> 7172)  ion 110: Seg24 -> Seg22 via J9
    - MERGE  (7172 -> 7252)  ion 110: Seg22 -> T17
[SHUTTLE 11] ion=109  T18 -> T17  route=T18->J9->T17
    - SPLIT  (7252 -> 7372)  ion 109: T18 -> Seg23 (swap_cnt=1, swap_hops=15, ion_hops=0, i1=109, i2=94)
    - MOVE   (7372 -> 7386)  ion 109: Seg23 -> Seg22 via J9
    - MERGE  (7386 -> 7466)  ion 109: Seg22 -> T17
[SHUTTLE 12] ion=110  T17 -> T19  route=T17->J9->J8->T19
    - SPLIT  (7506 -> 7626)  ion 110: T17 -> Seg22 (swap_cnt=1, swap_hops=1, ion_hops=0, i1=110, i2=109)
    - MOVE   (7626 -> 7640)  ion 110: Seg22 -> Seg24 via J9
    - MOVE   (7640 -> 7654)  ion 110: Seg24 -> Seg21 via J8
    - MERGE  (7654 -> 7734)  ion 110: Seg21 -> T19
[SHUTTLE 13] ion=142  T23 -> T21  route=T23->J10->J11->T21
    - SPLIT  (9294 -> 9374)  ion 142: T23 -> Seg26 (swap_cnt=0, swap_hops=0, ion_hops=0, i1=0, i2=0)
    - MOVE   (9374 -> 9388)  ion 142: Seg26 -> Seg29 via J10
    - MOVE   (9388 -> 9402)  ion 142: Seg29 -> Seg27 via J11
    - MERGE  (9402 -> 9482)  ion 142: Seg27 -> T21
[SHUTTLE 14] ion=141  T22 -> T21  route=T22->J11->T21
    - SPLIT  (9482 -> 9602)  ion 141: T22 -> Seg28 (swap_cnt=1, swap_hops=15, ion_hops=0, i1=141, i2=126)
    - MOVE   (9602 -> 9616)  ion 141: Seg28 -> Seg27 via J11
    - MERGE  (9616 -> 9696)  ion 141: Seg27 -> T21
[SHUTTLE 15] ion=142  T21 -> T23  route=T21->J11->J10->T23
    - SPLIT  (9736 -> 9856)  ion 142: T21 -> Seg27 (swap_cnt=1, swap_hops=1, ion_hops=0, i1=142, i2=141)
    - MOVE   (9856 -> 9870)  ion 142: Seg27 -> Seg29 via J11
    - MOVE   (9870 -> 9884)  ion 142: Seg29 -> Seg26 via J10
    - MERGE  (9884 -> 9964)  ion 142: Seg26 -> T23
[SHUTTLE 16] ion=174  T27 -> T25  route=T27->J12->J13->T25
    - SPLIT  (11524 -> 11604)  ion 174: T27 -> Seg31 (swap_cnt=0, swap_hops=0, ion_hops=0, i1=0, i2=0)
    - MOVE   (11604 -> 11618)  ion 174: Seg31 -> Seg34 via J12
    - MOVE   (11618 -> 11632)  ion 174: Seg34 -> Seg32 via J13
    - MERGE  (11632 -> 11712)  ion 174: Seg32 -> T25
[SHUTTLE 17] ion=173  T26 -> T25  route=T26->J13->T25
    - SPLIT  (11712 -> 11832)  ion 173: T26 -> Seg33 (swap_cnt=1, swap_hops=15, ion_hops=0, i1=173, i2=158)
    - MOVE   (11832 -> 11846)  ion 173: Seg33 -> Seg32 via J13
    - MERGE  (11846 -> 11926)  ion 173: Seg32 -> T25
[SHUTTLE 18] ion=174  T25 -> T27  route=T25->J13->J12->T27
    - SPLIT  (11966 -> 12086)  ion 174: T25 -> Seg32 (swap_cnt=1, swap_hops=1, ion_hops=0, i1=174, i2=173)
    - MOVE   (12086 -> 12100)  ion 174: Seg32 -> Seg34 via J13
    - MOVE   (12100 -> 12114)  ion 174: Seg34 -> Seg31 via J12
    - MERGE  (12114 -> 12194)  ion 174: Seg31 -> T27
[SHUTTLE 19] ion=206  T31 -> T29  route=T31->J14->J15->T29
    - SPLIT  (13754 -> 13834)  ion 206: T31 -> Seg36 (swap_cnt=0, swap_hops=0, ion_hops=0, i1=0, i2=0)
    - MOVE   (13834 -> 13848)  ion 206: Seg36 -> Seg39 via J14
    - MOVE   (13848 -> 13862)  ion 206: Seg39 -> Seg37 via J15
    - MERGE  (13862 -> 13942)  ion 206: Seg37 -> T29
[SHUTTLE 20] ion=205  T30 -> T29  route=T30->J15->T29
    - SPLIT  (13942 -> 14062)  ion 205: T30 -> Seg38 (swap_cnt=1, swap_hops=15, ion_hops=0, i1=205, i2=190)
    - MOVE   (14062 -> 14076)  ion 205: Seg38 -> Seg37 via J15
    - MERGE  (14076 -> 14156)  ion 205: Seg37 -> T29
[SHUTTLE 21] ion=206  T29 -> T31  route=T29->J15->J14->T31
    - SPLIT  (14196 -> 14316)  ion 206: T29 -> Seg37 (swap_cnt=1, swap_hops=1, ion_hops=0, i1=206, i2=205)
    - MOVE   (14316 -> 14330)  ion 206: Seg37 -> Seg39 via J15
    - MOVE   (14330 -> 14344)  ion 206: Seg39 -> Seg36 via J14
    - MERGE  (14344 -> 14424)  ion 206: Seg36 -> T31
[SHUTTLE 22] ion=240  T3 -> T1  route=T3->J0->J1->T1
    - SPLIT  (16544 -> 16624)  ion 240: T3 -> Seg1 (swap_cnt=0, swap_hops=0, ion_hops=0, i1=0, i2=0)
    - MOVE   (16624 -> 16638)  ion 240: Seg1 -> Seg4 via J0
    - MOVE   (16638 -> 16652)  ion 240: Seg4 -> Seg2 via J1
    - MERGE  (16652 -> 16732)  ion 240: Seg2 -> T1
[SHUTTLE 23] ion=239  T2 -> T1  route=T2->J1->T1
    - SPLIT  (16732 -> 16852)  ion 239: T2 -> Seg3 (swap_cnt=1, swap_hops=15, ion_hops=0, i1=239, i2=223)
    - MOVE   (16852 -> 16866)  ion 239: Seg3 -> Seg2 via J1
    - MERGE  (16866 -> 16946)  ion 239: Seg2 -> T1
[SHUTTLE 24] ion=240  T1 -> T3  route=T1->J1->J0->T3
    - SPLIT  (16986 -> 17106)  ion 240: T1 -> Seg2 (swap_cnt=1, swap_hops=1, ion_hops=0, i1=240, i2=239)
    - MOVE   (17106 -> 17120)  ion 240: Seg2 -> Seg4 via J1
    - MOVE   (17120 -> 17134)  ion 240: Seg4 -> Seg1 via J0
    - MERGE  (17134 -> 17214)  ion 240: Seg1 -> T3
SplitSWAP: 16
SchedulerFiredShuttle: 25
ReportedTotalShuttle: 25
----------------
SUMMARY|program=programs\GHZ256|machine=EML2Z|version=V7|mapper=SABRELarge|scale=LARGE|total_shuttle=25|execution_time_us=17814.0|fidelity=0.07371830015365555|trap_capacity=16|lookahead_k=8|swap_threshold=4|num_optical_zones=2|max_qubits_per_qccd=32|enable_swap_insert=1|num_modules=8|remote_gate_count=15|compile_time_s=0.037223|logical_shuttle_count=25|physical_shuttle_leg_count=25|split_count=25|merge_count=25|move_count=41|local_1q_count=1|local_2q_count=240|operation_local_2q_count=8|optical_local_2q_count=232|storage_local_2q_count=0|remote_2q_count=15|fiber_gate_count=15|regular_fiber_gate_count=15|swap_insert_gate_count=0|swap_insert_logical_count=0|local_1q_time=5.0|local_2q_time=9600.0|operation_local_2q_time=320.0|optical_local_2q_time=9280.0|storage_local_2q_time=0.0|fiber_gate_time=3000.0|swap_insert_time=0.0|split_time_total=2640.0|move_time_total=574.0|merge_time_total=2000.0|shuttle_time_total=5214.0|gate_mult=0.08342701856429814|regular_gate_mult=0.08342701856429814|swap_insert_gate_mult=1.0|operation_local_2q_mult=0.9987506833801689|optical_local_2q_mult=0.09713262969004913|shuttle_mult=0.8836262091379902
